
 Log information for the data set datasetJLG5v5nv1out0_3.dat >>

 alpha = 0.05 sepVal = 0.01

 Number of clusters >> 5

 cluster sizes >>
50 50 50 50 50

 Number of data points >> 250

 Number of dimensions >> 6

 Number of noisy dimensions >> 1

 noisy variables >>
3

 Number of outliers >> 0

 initial eigenvalues for each cluster >> 
 (rows correspond to clusters)
7.932 2.617 3.111 8.902 2.614
6.352 6.611 7.879 7.652 6.013
6.334 3.388 3.831 1.921 1.043
3.41 5.584 5.301 4.206 8.044
6.944 6.393 1.547 8.831 4.937

 Mean vectors and covariance matrices before rotation --- 1th cluster >>

 mean vector (mu'=Q*mu)>>
-5.467 0 0 0 0 0.918

 covariance matrix (Sigma'=Q*Sigma*t(Q))>>

6.235 1.893 1.817 -0.562 1.375 0
1.893 4.21 1.224 0.163 0.851 0
1.817 1.224 4.886 0.148 0.889 0
-0.562 0.163 0.148 10.245 0.118 0
1.375 0.851 0.889 0.118 3.653 0
0 0 0 0 0 14.681

 Mean vectors and covariance matrices before rotation --- 2th cluster >>

 mean vector (mu'=Q*mu)>>
5.467 0 0 0 0 0.918

 covariance matrix (Sigma'=Q*Sigma*t(Q))>>

6.448 -0.051 -0.603 -0.215 0.348 0
-0.051 6.581 -0.173 -0.064 0.033 0
-0.603 -0.173 7.437 -0.173 -0.326 0
-0.215 -0.064 -0.173 7.584 -0.11 0
0.348 0.033 -0.326 -0.11 6.457 0
0 0 0 0 0 14.681

 Mean vectors and covariance matrices before rotation --- 3th cluster >>

 mean vector (mu'=Q*mu)>>
0 9.47 0 0 0 0.918

 covariance matrix (Sigma'=Q*Sigma*t(Q))>>

5.929 0.586 -0.008 0.91 0.089 0
0.586 10.553 0.191 1.957 0.154 0
-0.008 0.191 6.808 0.086 0.007 0
0.91 1.957 0.086 4.173 0.058 0
0.089 0.154 0.007 0.058 1.856 0
0 0 0 0 0 14.681

 Mean vectors and covariance matrices before rotation --- 4th cluster >>

 mean vector (mu'=Q*mu)>>
0 3.157 8.928 0 0 0.918

 covariance matrix (Sigma'=Q*Sigma*t(Q))>>

8.747 0.414 0.665 0.48 -1.575 0
0.414 7.13 -0.515 -0.028 -1.679 0
0.665 -0.515 6.889 0.007 -1.673 0
0.48 -0.028 0.007 5.857 -0.375 0
-1.575 -1.679 -1.673 -0.375 8.044 0
0 0 0 0 0 14.681

 Mean vectors and covariance matrices before rotation --- 5th cluster >>

 mean vector (mu'=Q*mu)>>
0 3.157 2.232 8.645 0 0.918

 covariance matrix (Sigma'=Q*Sigma*t(Q))>>

7.2 0.295 0.23 -1.17 1.16 0
0.295 6.549 0.077 -0.24 0.442 0
0.23 0.077 1.562 0.082 0.127 0
-1.17 -0.24 0.082 7.504 0.09 0
1.16 0.442 0.127 0.09 5.838 0
0 0 0 0 0 14.681

 Final eigenvalues for each cluster >> 
 (rows correspond to clusters)
14.681 10.335 9.209 3.612 3.038 3.035
14.681 7.879 7.652 6.611 6.352 6.013
14.681 11.244 6.8 6.014 3.409 1.852
14.681 11.111 7.714 7.322 5.81 4.71
14.681 8.831 6.944 6.393 4.937 1.547

 *************************************************

 ********************* rotation ******************

 *************************************************


 The orthogonal matrix Q >>
0.783 0.317 0.212 0.442 0.216
0.317 -0.943 0.038 0.079 0.039
0.212 0.038 -0.975 0.052 0.026
0.442 0.079 0.052 -0.891 0.054
0.216 0.039 0.026 0.054 -0.974

 Mean vectors and covariance matrices after rotation --- 1th cluster >>

 mean vector (mu'=Q*mu)>>
-1.182 -1.736 0.918 -1.158 -4.279 -2.415

 covariance matrix (Sigma'=Q*Sigma*t(Q))>>

3.137 0.127 0 0.232 -0.603 -0.447
0.127 3.198 0 0.293 -0.728 -0.598
0 0 14.681 0 0 0
0.232 0.293 0 4.094 -1.365 -0.714
-0.603 -0.728 0 -1.365 8.711 -0.57
-0.447 -0.598 0 -0.714 -0.57 10.089

 Mean vectors and covariance matrices after rotation --- 2th cluster >>

 mean vector (mu'=Q*mu)>>
1.182 1.736 0.918 1.158 4.279 2.415

 covariance matrix (Sigma'=Q*Sigma*t(Q))>>

6.325 -0.056 0 -0.264 -0.199 -0.255
-0.056 6.605 0 0.021 0.009 -0.063
0 0 14.681 0 0 0
-0.264 0.021 0 7.685 0.433 0.075
-0.199 0.009 0 0.433 6.352 -0.317
-0.255 -0.063 0 0.075 -0.317 7.54

 Mean vectors and covariance matrices after rotation --- 3th cluster >>

 mean vector (mu'=Q*mu)>>
0.365 -8.934 0.918 0.357 3.006 0.745

 covariance matrix (Sigma'=Q*Sigma*t(Q))>>

2.053 -0.091 0 0.09 0.996 0.119
-0.091 9.411 0 -0.21 -2.482 0.957
0 0 14.681 0 0 0
0.09 -0.21 0 6.782 -0.025 -0.078
0.996 -2.482 0 -0.025 7.473 -0.056
0.119 0.957 0 -0.078 -0.056 3.6

 Mean vectors and covariance matrices after rotation --- 4th cluster >>

 mean vector (mu'=Q*mu)>>
0.351 -2.641 0.918 -8.585 2.893 0.717

 covariance matrix (Sigma'=Q*Sigma*t(Q))>>

9.005 -0.952 0 -1.242 2.316 0.656
-0.952 7.196 0 -0.55 0.495 0.089
0 0 14.681 0 0 0
-1.242 -0.55 0 6.813 0.276 -0.025
2.316 0.495 0 0.276 7.597 0.74
0.656 0.089 0 -0.025 0.74 6.057

 Mean vectors and covariance matrices after rotation --- 5th cluster >>

 mean vector (mu'=Q*mu)>>
0.642 -2.214 0.918 -1.603 5.294 -7.333

 covariance matrix (Sigma'=Q*Sigma*t(Q))>>

5.347 0.035 0 -0.034 -0.892 -0.181
0.035 6.411 0 0.147 -0.136 0.002
0 0 14.681 0 0 0
-0.034 0.147 0 1.717 0.855 0.47
-0.892 -0.136 0 0.855 6.731 0.674
-0.181 0.002 0 0.47 0.674 8.448

 Final eigenvalues for each cluster >> 
 (rows correspond to clusters)
14.681 10.335 9.209 3.612 3.038 3.035
14.681 7.879 7.652 6.611 6.352 6.013
14.681 11.244 6.8 6.014 3.409 1.852
14.681 11.111 7.714 7.322 5.81 4.71
14.681 8.831 6.944 6.393 4.937 1.547

 theoretical Separation index matrix >>

-1 0.066 0.01 0.013 0.015
0.066 -1 0.01 0.031 0.01
0.01 0.01 -1 0.01 0.08
0.013 0.031 0.01 -1 0.098
0.015 0.01 0.08 0.098 -1

 theoretical projection directions >>

**** cluster 1 and 2
0.355 0.451 0 0.283 0.677 0.364

**** cluster 1 and 3
0.368 -0.667 0 0.282 0.481 0.33

**** cluster 1 and 4
0.011 -0.112 0 -0.824 0.515 0.207

**** cluster 1 and 5
0.397 -0.014 0 -0.075 0.849 -0.342

**** cluster 2 and 3
-0.124 -0.939 0 -0.079 -0.279 -0.139

**** cluster 2 and 4
-0.175 -0.439 0 -0.869 -0.03 -0.145

**** cluster 2 and 5
-0.089 -0.407 0 -0.366 0.152 -0.818

**** cluster 3 and 4
-0.068 0.481 0 -0.867 0.086 -0.066

**** cluster 3 and 5
0.03 0.522 0 -0.206 0.305 -0.769

**** cluster 4 and 5
0.092 0.052 0 0.835 0.124 -0.525

 empirical Separation index matrix (alpha= 0.05 )>>

-1 0.03 -0.019 0.086 0.016
0.03 -1 0.131 0.053 0.082
-0.019 0.131 -1 0.026 0.104
0.086 0.053 0.026 -1 0.02
0.016 0.082 0.104 0.02 -1

 empirical projection directions >>

**** cluster 1 and 2
-0.235 -0.287 0.064 -0.921 -0.081 -0.055

**** cluster 1 and 3
-0.12 -0.527 -0.038 -0.078 0.203 -0.812

**** cluster 1 and 4
-0.448 -0.478 0.048 -0.174 -0.672 -0.293

**** cluster 1 and 5
-0.058 -0.903 0.027 0.155 -0.376 -0.122

**** cluster 2 and 3
0.01 -0.018 -0.001 0.83 0.217 -0.514

**** cluster 2 and 4
0.044 -0.009 0.047 0.781 -0.6 -0.16

**** cluster 2 and 5
0.007 -0.493 0.081 0.851 -0.044 0.157

**** cluster 3 and 4
-0.262 -0.114 -0.018 0.096 -0.908 0.289

**** cluster 3 and 5
0.051 -0.589 0.016 0.181 -0.374 0.691

**** cluster 4 and 5
0.37 -0.589 0.067 0.42 0.425 0.393
