
 Log information for the data set datasetJLG2v2nv3out0_3.dat >>

 alpha = 0.05 sepVal = 0.01

 Number of clusters >> 2

 cluster sizes >>
50 50

 Number of data points >> 100

 Number of dimensions >> 5

 Number of noisy dimensions >> 3

 noisy variables >>
1 3 4

 Number of outliers >> 0

 initial eigenvalues for each cluster >> 
 (rows correspond to clusters)
8.249 7.949
6.659 2.403

 Mean vectors and covariance matrices before rotation --- 1th cluster >>

 mean vector (mu'=Q*mu)>>
-5.138 0 0 0 0

 covariance matrix (Sigma'=Q*Sigma*t(Q))>>

7.958 0.051 0 0 0
0.051 8.24 0 0 0
0 0 30.318 0.276 4.166
0 0 0.276 31.507 1.715
0 0 4.166 1.715 24.315

 Mean vectors and covariance matrices before rotation --- 2th cluster >>

 mean vector (mu'=Q*mu)>>
5.138 0 0 0 0

 covariance matrix (Sigma'=Q*Sigma*t(Q))>>

5.704 1.776 0 0 0
1.776 3.358 0 0 0
0 0 30.318 0.276 4.166
0 0 0.276 31.507 1.715
0 0 4.166 1.715 24.315

 Final eigenvalues for each cluster >> 
 (rows correspond to clusters)
33.164 31.001 21.973 8.249 7.949
33.164 31.001 21.973 6.659 2.403

 *************************************************

 ********************* rotation ******************

 *************************************************


 The orthogonal matrix Q >>
0.208 0.978
0.978 -0.208

 Mean vectors and covariance matrices after rotation --- 1th cluster >>

 mean vector (mu'=Q*mu)>>
0 -5.026 0 0 -1.067

 covariance matrix (Sigma'=Q*Sigma*t(Q))>>

24.315 0 1.715 4.166 0
0 7.949 0 0 -0.011
1.715 0 31.507 0.276 0
4.166 0 0.276 30.318 0
0 -0.011 0 0 8.249

 Mean vectors and covariance matrices after rotation --- 2th cluster >>

 mean vector (mu'=Q*mu)>>
0 5.026 0 0 1.067

 covariance matrix (Sigma'=Q*Sigma*t(Q))>>

24.315 0 1.715 4.166 0
0 4.881 0 0 2.099
1.715 0 31.507 0.276 0
4.166 0 0.276 30.318 0
0 2.099 0 0 4.181

 Final eigenvalues for each cluster >> 
 (rows correspond to clusters)
33.164 31.001 21.973 8.249 7.949
33.164 31.001 21.973 6.659 2.403

 theoretical Separation index matrix >>

-1 0.01
0.01 -1

 theoretical projection directions >>

**** cluster 1 and 2
0 1 0 0 0.028

 empirical Separation index matrix (alpha= 0.05 )>>

-1 0.068
0.068 -1

 empirical projection directions >>

**** cluster 1 and 2
-0.078 0.991 -0.041 0.04 0.093
