
 Log information for the data set datasetJLG3v5nv10out0_3.dat >>

 alpha = 0.05 sepVal = 0.01

 Number of clusters >> 3

 cluster sizes >>
50 50 50

 Number of data points >> 150

 Number of dimensions >> 15

 Number of noisy dimensions >> 10

 noisy variables >>
1 3 4 5 9 10 11 13 14 15

 Number of outliers >> 0

 initial eigenvalues for each cluster >> 
 (rows correspond to clusters)
1.95 6.606 4.948 6.905 8.764
1.018 9.62 7.303 3.622 1.49
9.153 9.901 6.082 1.573 5.741

 Mean vectors and covariance matrices before rotation --- 1th cluster >>

 mean vector (mu'=Q*mu)>>
-5.819 0 0 0 0 0.24 1.094 0.388 0.668 0.583 0.526 2.938 0.094 0.563 1.987

 covariance matrix (Sigma'=Q*Sigma*t(Q))>>

10.447 -0.727 -0.224 -1.073 -3.928 0 0 0 0 0 0 0 0 0 0
-0.727 11.367 -0.876 -0.535 -1.338 0 0 0 0 0 0 0 0 0 0
-0.224 -0.876 7.129 -1.183 -3.163 0 0 0 0 0 0 0 0 0 0
-1.073 -0.535 -1.183 11.592 -1.76 0 0 0 0 0 0 0 0 0 0
-3.928 -1.338 -3.163 -1.76 11.442 0 0 0 0 0 0 0 0 0 0
0 0 0 0 0 17.493 -3.397 2.973 -2.473 0.044 -0.059 2.97 -0.437 -3.613 3.328
0 0 0 0 0 -3.397 24.948 -1.403 -4.309 -0.494 -0.126 -0.769 -0.559 -3.559 -1.123
0 0 0 0 0 2.973 -1.403 9.3 -1.329 -0.052 -0.035 0.804 -0.208 -1.577 0.866
0 0 0 0 0 -2.473 -4.309 -1.329 14.358 -0.653 -0.179 -0.481 -0.829 -5.43 -0.888
0 0 0 0 0 0.044 -0.494 -0.052 -0.653 15.936 -0.019 0.028 -0.09 -0.606 -0.002
0 0 0 0 0 -0.059 -0.126 -0.035 -0.179 -0.019 19.717 -0.011 -0.024 -0.158 -0.022
0 0 0 0 0 2.97 -0.769 0.804 -0.481 0.028 -0.011 6.212 -0.092 -0.797 0.884
0 0 0 0 0 -0.437 -0.559 -0.208 -0.829 -0.09 -0.024 -0.092 22.346 -0.711 -0.151
0 0 0 0 0 -3.613 -3.559 -1.577 -5.43 -0.606 -0.158 -0.797 -0.711 20.364 -1.214
0 0 0 0 0 3.328 -1.123 0.866 -0.888 -0.002 -0.022 0.884 -0.151 -1.214 7.826

 Mean vectors and covariance matrices before rotation --- 2th cluster >>

 mean vector (mu'=Q*mu)>>
5.819 0 0 0 0 0.24 1.094 0.388 0.668 0.583 0.526 2.938 0.094 0.563 1.987

 covariance matrix (Sigma'=Q*Sigma*t(Q))>>

4.028 -0.441 -2.99 -0.077 0.537 0 0 0 0 0 0 0 0 0 0
-0.441 9.579 -0.357 -0.039 -0.113 0 0 0 0 0 0 0 0 0 0
-2.99 -0.357 4.271 -0.306 -0.792 0 0 0 0 0 0 0 0 0 0
-0.077 -0.039 -0.306 3.6 -0.03 0 0 0 0 0 0 0 0 0 0
0.537 -0.113 -0.792 -0.03 1.575 0 0 0 0 0 0 0 0 0 0
0 0 0 0 0 17.493 -3.397 2.973 -2.473 0.044 -0.059 2.97 -0.437 -3.613 3.328
0 0 0 0 0 -3.397 24.948 -1.403 -4.309 -0.494 -0.126 -0.769 -0.559 -3.559 -1.123
0 0 0 0 0 2.973 -1.403 9.3 -1.329 -0.052 -0.035 0.804 -0.208 -1.577 0.866
0 0 0 0 0 -2.473 -4.309 -1.329 14.358 -0.653 -0.179 -0.481 -0.829 -5.43 -0.888
0 0 0 0 0 0.044 -0.494 -0.052 -0.653 15.936 -0.019 0.028 -0.09 -0.606 -0.002
0 0 0 0 0 -0.059 -0.126 -0.035 -0.179 -0.019 19.717 -0.011 -0.024 -0.158 -0.022
0 0 0 0 0 2.97 -0.769 0.804 -0.481 0.028 -0.011 6.212 -0.092 -0.797 0.884
0 0 0 0 0 -0.437 -0.559 -0.208 -0.829 -0.09 -0.024 -0.092 22.346 -0.711 -0.151
0 0 0 0 0 -3.613 -3.559 -1.577 -5.43 -0.606 -0.158 -0.797 -0.711 20.364 -1.214
0 0 0 0 0 3.328 -1.123 0.866 -0.888 -0.002 -0.022 0.884 -0.151 -1.214 7.826

 Mean vectors and covariance matrices before rotation --- 3th cluster >>

 mean vector (mu'=Q*mu)>>
0 10.078 0 0 0 0.24 1.094 0.388 0.668 0.583 0.526 2.938 0.094 0.563 1.987

 covariance matrix (Sigma'=Q*Sigma*t(Q))>>

6.547 -1.279 0.601 2.56 0.605 0 0 0 0 0 0 0 0 0 0
-1.279 9.325 0.081 0.779 0.11 0 0 0 0 0 0 0 0 0 0
0.601 0.081 6.831 1.388 0.635 0 0 0 0 0 0 0 0 0 0
2.56 0.779 1.388 3.471 1.133 0 0 0 0 0 0 0 0 0 0
0.605 0.11 0.635 1.133 6.276 0 0 0 0 0 0 0 0 0 0
0 0 0 0 0 17.493 -3.397 2.973 -2.473 0.044 -0.059 2.97 -0.437 -3.613 3.328
0 0 0 0 0 -3.397 24.948 -1.403 -4.309 -0.494 -0.126 -0.769 -0.559 -3.559 -1.123
0 0 0 0 0 2.973 -1.403 9.3 -1.329 -0.052 -0.035 0.804 -0.208 -1.577 0.866
0 0 0 0 0 -2.473 -4.309 -1.329 14.358 -0.653 -0.179 -0.481 -0.829 -5.43 -0.888
0 0 0 0 0 0.044 -0.494 -0.052 -0.653 15.936 -0.019 0.028 -0.09 -0.606 -0.002
0 0 0 0 0 -0.059 -0.126 -0.035 -0.179 -0.019 19.717 -0.011 -0.024 -0.158 -0.022
0 0 0 0 0 2.97 -0.769 0.804 -0.481 0.028 -0.011 6.212 -0.092 -0.797 0.884
0 0 0 0 0 -0.437 -0.559 -0.208 -0.829 -0.09 -0.024 -0.092 22.346 -0.711 -0.151
0 0 0 0 0 -3.613 -3.559 -1.577 -5.43 -0.606 -0.158 -0.797 -0.711 20.364 -1.214
0 0 0 0 0 3.328 -1.123 0.866 -0.888 -0.002 -0.022 0.884 -0.151 -1.214 7.826

 Final eigenvalues for each cluster >> 
 (rows correspond to clusters)
27.699 24.929 22.455 20.581 19.722 15.997 15.615 12.302 11.77 8.815 8.58 6.844 6.262 5.431 3.475
27.699 24.929 22.455 20.581 19.722 15.997 9.62 8.58 7.303 6.844 6.262 5.431 3.622 1.49 1.018
27.699 24.929 22.455 20.581 19.722 15.997 9.901 9.153 8.58 6.844 6.262 6.082 5.741 5.431 1.573

 *************************************************

 ********************* rotation ******************

 *************************************************


 The orthogonal matrix Q >>
0.769 0.414 0.259 0.259 0.32
0.414 -0.903 0.061 0.061 0.075
0.259 0.061 -0.962 0.038 0.047
0.259 0.061 0.038 -0.962 0.047
0.32 0.075 0.047 0.047 -0.942

 Mean vectors and covariance matrices after rotation --- 1th cluster >>

 mean vector (mu'=Q*mu)>>
0.563 -1.508 1.094 0.668 0.094 -4.477 -1.505 -1.863 0.24 0.388 0.583 -2.408 1.987 0.526 2.938

 covariance matrix (Sigma'=Q*Sigma*t(Q))>>

20.364 0 -3.559 -5.43 -0.711 0 0 0 -3.613 -1.577 -0.606 0 -1.214 -0.158 -0.797
0 12.204 0 0 0 0.693 -0.536 -0.251 0 0 0 0.062 0 0 0
-3.559 0 24.948 -4.309 -0.559 0 0 0 -3.397 -1.403 -0.494 0 -1.123 -0.126 -0.769
-5.43 0 -4.309 14.358 -0.829 0 0 0 -2.473 -1.329 -0.653 0 -0.888 -0.179 -0.481
-0.711 0 -0.559 -0.829 22.346 0 0 0 -0.437 -0.208 -0.09 0 -0.151 -0.024 -0.092
0 0.693 0 0 0 6.014 1.788 3.387 0 0 0 -0.508 0 0 0
0 -0.536 0 0 0 1.788 7.812 -1.612 0 0 0 -0.222 0 0 0
0 -0.251 0 0 0 3.387 -1.612 14.235 0 0 0 0.601 0 0 0
-3.613 0 -3.397 -2.473 -0.437 0 0 0 17.493 2.973 0.044 0 3.328 -0.059 2.97
-1.577 0 -1.403 -1.329 -0.208 0 0 0 2.973 9.3 -0.052 0 0.866 -0.035 0.804
-0.606 0 -0.494 -0.653 -0.09 0 0 0 0.044 -0.052 15.936 0 -0.002 -0.019 0.028
0 0.062 0 0 0 -0.508 -0.222 0.601 0 0 0 11.712 0 0 0
-1.214 0 -1.123 -0.888 -0.151 0 0 0 3.328 0.866 -0.002 0 7.826 -0.022 0.884
-0.158 0 -0.126 -0.179 -0.024 0 0 0 -0.059 -0.035 -0.019 0 -0.022 19.717 -0.011
-0.797 0 -0.769 -0.481 -0.092 0 0 0 2.97 0.804 0.028 0 0.884 -0.011 6.212

 Mean vectors and covariance matrices after rotation --- 2th cluster >>

 mean vector (mu'=Q*mu)>>
0.563 1.508 1.094 0.668 0.094 4.477 1.505 1.863 0.24 0.388 0.583 2.408 1.987 0.526 2.938

 covariance matrix (Sigma'=Q*Sigma*t(Q))>>

20.364 0 -3.559 -5.43 -0.711 0 0 0 -3.613 -1.577 -0.606 0 -1.214 -0.158 -0.797
0 3.65 0 0 0 0.034 0.529 -0.018 0 0 0 -0.243 0 0 0
-3.559 0 24.948 -4.309 -0.559 0 0 0 -3.397 -1.403 -0.494 0 -1.123 -0.126 -0.769
-5.43 0 -4.309 14.358 -0.829 0 0 0 -2.473 -1.329 -0.653 0 -0.888 -0.179 -0.481
-0.711 0 -0.559 -0.829 22.346 0 0 0 -0.437 -0.208 -0.09 0 -0.151 -0.024 -0.092
0 0.034 0 0 0 3.186 2.478 0.333 0 0 0 -2.204 0 0 0
0 0.529 0 0 0 2.478 5.888 0.19 0 0 0 0.693 0 0 0
0 -0.018 0 0 0 0.333 0.19 1.529 0 0 0 -0.444 0 0 0
-3.613 0 -3.397 -2.473 -0.437 0 0 0 17.493 2.973 0.044 0 3.328 -0.059 2.97
-1.577 0 -1.403 -1.329 -0.208 0 0 0 2.973 9.3 -0.052 0 0.866 -0.035 0.804
-0.606 0 -0.494 -0.653 -0.09 0 0 0 0.044 -0.052 15.936 0 -0.002 -0.019 0.028
0 -0.243 0 0 0 -2.204 0.693 -0.444 0 0 0 8.8 0 0 0
-1.214 0 -1.123 -0.888 -0.151 0 0 0 3.328 0.866 -0.002 0 7.826 -0.022 0.884
-0.158 0 -0.126 -0.179 -0.024 0 0 0 -0.059 -0.035 -0.019 0 -0.022 19.717 -0.011
-0.797 0 -0.769 -0.481 -0.092 0 0 0 2.97 0.804 0.028 0 0.884 -0.011 6.212

 Mean vectors and covariance matrices after rotation --- 3th cluster >>

 mean vector (mu'=Q*mu)>>
0.563 0.611 1.094 0.668 0.094 4.171 0.61 0.755 0.24 0.388 0.583 -9.102 1.987 0.526 2.938

 covariance matrix (Sigma'=Q*Sigma*t(Q))>>

20.364 0 -3.559 -5.43 -0.711 0 0 0 -3.613 -1.577 -0.606 0 -1.214 -0.158 -0.797
0 2.129 0 0 0 -1.898 0.493 0.121 0 0 0 -0.122 0 0 0
-3.559 0 24.948 -4.309 -0.559 0 0 0 -3.397 -1.403 -0.494 0 -1.123 -0.126 -0.769
-5.43 0 -4.309 14.358 -0.829 0 0 0 -2.473 -1.329 -0.653 0 -0.888 -0.179 -0.481
-0.711 0 -0.559 -0.829 22.346 0 0 0 -0.437 -0.208 -0.09 0 -0.151 -0.024 -0.092
0 -1.898 0 0 0 8.244 -0.813 -0.487 0 0 0 0.087 0 0 0
0 0.493 0 0 0 -0.813 6.381 0.174 0 0 0 -0.109 0 0 0
0 0.121 0 0 0 -0.487 0.174 5.825 0 0 0 0.03 0 0 0
-3.613 0 -3.397 -2.473 -0.437 0 0 0 17.493 2.973 0.044 0 3.328 -0.059 2.97
-1.577 0 -1.403 -1.329 -0.208 0 0 0 2.973 9.3 -0.052 0 0.866 -0.035 0.804
-0.606 0 -0.494 -0.653 -0.09 0 0 0 0.044 -0.052 15.936 0 -0.002 -0.019 0.028
0 -0.122 0 0 0 0.087 -0.109 0.03 0 0 0 9.871 0 0 0
-1.214 0 -1.123 -0.888 -0.151 0 0 0 3.328 0.866 -0.002 0 7.826 -0.022 0.884
-0.158 0 -0.126 -0.179 -0.024 0 0 0 -0.059 -0.035 -0.019 0 -0.022 19.717 -0.011
-0.797 0 -0.769 -0.481 -0.092 0 0 0 2.97 0.804 0.028 0 0.884 -0.011 6.212

 Final eigenvalues for each cluster >> 
 (rows correspond to clusters)
27.699 24.929 22.455 20.581 19.722 15.997 15.615 12.302 11.77 8.815 8.58 6.844 6.262 5.431 3.475
27.699 24.929 22.455 20.581 19.722 15.997 9.62 8.58 7.303 6.844 6.262 5.431 3.622 1.49 1.018
27.699 24.929 22.455 20.581 19.722 15.997 9.901 9.153 8.58 6.844 6.262 6.082 5.741 5.431 1.573

 theoretical Separation index matrix >>

-1 0.136 0.01
0.136 -1 0.01
0.01 0.01 -1

 theoretical projection directions >>

**** cluster 1 and 2
0 0.123 0 0 0 0.92 -0.191 -0.018 0 0 0 0.32 0 0 0

**** cluster 1 and 3
0 0.306 0 0 0 0.831 0.165 0.104 0 0 0 -0.422 0 0 0

**** cluster 2 and 3
0 -0.334 0 0 0 -0.276 0.03 -0.264 0 0 0 -0.861 0 0 0

 empirical Separation index matrix (alpha= 0.05 )>>

-1 0.059 0.189
0.059 -1 0.086
0.189 0.086 -1

 empirical projection directions >>

**** cluster 1 and 2
0.115 -0.549 -0.056 -0.073 -0.002 -0.122 -0.095 -0.277 -0.014 0.099 0.078 -0.737 0.037 0.028 -0.121

**** cluster 1 and 3
-0.019 -0.148 -0.02 -0.093 -0.051 -0.928 0.193 0.057 0.009 -0.037 0.012 -0.244 0.039 -0.009 0.032

**** cluster 2 and 3
0.041 -0.369 0.079 0.191 0.074 -0.774 0.03 -0.17 0.052 -0.038 -0.049 0.401 0.015 -0.069 0.111
