
 Log information for the data set datasetJHG2v5nv10out0_3.dat >>

 alpha = 0.05 sepVal = 0.34

 Number of clusters >> 2

 cluster sizes >>
50 50

 Number of data points >> 100

 Number of dimensions >> 15

 Number of noisy dimensions >> 10

 noisy variables >>
1 2 3 5 6 7 9 11 14 15

 Number of outliers >> 0

 initial eigenvalues for each cluster >> 
 (rows correspond to clusters)
2.967 4.463 9.731 9.249 8.036
8.408 2.18 3.918 1.383 3.103

 Mean vectors and covariance matrices before rotation --- 1th cluster >>

 mean vector (mu'=Q*mu)>>
-8.81 0 0 0 0 0 0 0 0 0 0 0 0 0 0

 covariance matrix (Sigma'=Q*Sigma*t(Q))>>

8.249 0.747 -1.079 -0.262 -0.302 0 0 0 0 0 0 0 0 0 0
0.747 4.546 -0.386 -0.105 -0.31 0 0 0 0 0 0 0 0 0 0
-1.079 -0.386 7.612 -0.633 -2.62 0 0 0 0 0 0 0 0 0 0
-0.262 -0.105 -0.633 9.06 -0.772 0 0 0 0 0 0 0 0 0 0
-0.302 -0.31 -2.62 -0.772 4.979 0 0 0 0 0 0 0 0 0 0
0 0 0 0 0 34.38 -4.957 11.175 -2.119 -5.545 -7.88 0.733 -3.855 1.729 -0.82
0 0 0 0 0 -4.957 42.659 -2.04 -1.865 -6.058 -4.814 -3.263 -5.128 -5.099 -3.29
0 0 0 0 0 11.175 -2.04 17.751 -0.935 -2.332 -3.678 0.698 -1.534 1.398 -0.115
0 0 0 0 0 -2.119 -1.865 -0.935 56.167 -1.91 -1.44 -1.112 -1.636 -1.751 -1.086
0 0 0 0 0 -5.545 -6.058 -2.332 -1.91 44.128 -4.886 -3.421 -5.286 -5.357 -3.421
0 0 0 0 0 -7.88 -4.814 -3.678 -1.44 -4.886 76.266 -3.212 -4.267 -5.11 -2.995
0 0 0 0 0 0.733 -3.263 0.698 -1.112 -3.421 -3.212 30.493 -2.777 -1.973 -1.547
0 0 0 0 0 -3.855 -5.128 -1.534 -1.636 -5.286 -4.267 -2.777 42.017 -4.329 -2.83
0 0 0 0 0 1.729 -5.099 1.398 -1.751 -5.357 -5.11 -1.973 -4.329 27.731 -2.371
0 0 0 0 0 -0.82 -3.29 -0.115 -1.086 -3.421 -2.995 -1.547 -2.83 -2.371 35.885

 Mean vectors and covariance matrices before rotation --- 2th cluster >>

 mean vector (mu'=Q*mu)>>
8.81 0 0 0 0 0 0 0 0 0 0 0 0 0 0

 covariance matrix (Sigma'=Q*Sigma*t(Q))>>

2.942 1.05 0.12 1.579 0.451 0 0 0 0 0 0 0 0 0 0
1.05 3.87 1.051 2.003 1.181 0 0 0 0 0 0 0 0 0 0
0.12 1.051 4.525 1.274 0.71 0 0 0 0 0 0 0 0 0 0
1.579 2.003 1.274 3.738 1.415 0 0 0 0 0 0 0 0 0 0
0.451 1.181 0.71 1.415 3.915 0 0 0 0 0 0 0 0 0 0
0 0 0 0 0 34.38 -4.957 11.175 -2.119 -5.545 -7.88 0.733 -3.855 1.729 -0.82
0 0 0 0 0 -4.957 42.659 -2.04 -1.865 -6.058 -4.814 -3.263 -5.128 -5.099 -3.29
0 0 0 0 0 11.175 -2.04 17.751 -0.935 -2.332 -3.678 0.698 -1.534 1.398 -0.115
0 0 0 0 0 -2.119 -1.865 -0.935 56.167 -1.91 -1.44 -1.112 -1.636 -1.751 -1.086
0 0 0 0 0 -5.545 -6.058 -2.332 -1.91 44.128 -4.886 -3.421 -5.286 -5.357 -3.421
0 0 0 0 0 -7.88 -4.814 -3.678 -1.44 -4.886 76.266 -3.212 -4.267 -5.11 -2.995
0 0 0 0 0 0.733 -3.263 0.698 -1.112 -3.421 -3.212 30.493 -2.777 -1.973 -1.547
0 0 0 0 0 -3.855 -5.128 -1.534 -1.636 -5.286 -4.267 -2.777 42.017 -4.329 -2.83
0 0 0 0 0 1.729 -5.099 1.398 -1.751 -5.357 -5.11 -1.973 -4.329 27.731 -2.371
0 0 0 0 0 -0.82 -3.29 -0.115 -1.086 -3.421 -2.995 -1.547 -2.83 -2.371 35.885

 Final eigenvalues for each cluster >> 
 (rows correspond to clusters)
79.608 56.746 50.355 48.544 46.476 37.568 31.808 30.67 14.018 11.683 9.731 9.249 8.036 4.463 2.967
79.608 56.746 50.355 48.544 46.476 37.568 31.808 30.67 14.018 11.683 8.408 3.918 3.103 2.18 1.383

 *************************************************

 ********************* rotation ******************

 *************************************************


 The orthogonal matrix Q >>
0.518 0.386 0.094 0.454 0.606
0.386 -0.902 0.024 0.115 0.154
0.094 0.024 -0.994 0.028 0.038
0.454 0.115 0.028 -0.864 0.181
0.606 0.154 0.038 0.181 -0.758

 Mean vectors and covariance matrices after rotation --- 1th cluster >>

 mean vector (mu'=Q*mu)>>
0 0 0 -3.401 0 0 0 -5.342 0 -3.998 0 -0.832 -4.564 0 0

 covariance matrix (Sigma'=Q*Sigma*t(Q))>>

42.659 -5.099 -6.058 0 -4.957 -1.865 -2.04 0 -3.29 0 -4.814 0 0 -5.128 -3.263
-5.099 27.731 -5.357 0 1.729 -1.751 1.398 0 -2.371 0 -5.11 0 0 -4.329 -1.973
-6.058 -5.357 44.128 0 -5.545 -1.91 -2.332 0 -3.421 0 -4.886 0 0 -5.286 -3.421
0 0 0 4.645 0 0 0 0.423 0 -0.007 0 0.55 0.598 0 0
-4.957 1.729 -5.545 0 34.38 -2.119 11.175 0 -0.82 0 -7.88 0 0 -3.855 0.733
-1.865 -1.751 -1.91 0 -2.119 56.167 -0.935 0 -1.086 0 -1.44 0 0 -1.636 -1.112
-2.04 1.398 -2.332 0 11.175 -0.935 17.751 0 -0.115 0 -3.678 0 0 -1.534 0.698
0 0 0 0.423 0 0 0 7.035 0 0.061 0 -1.009 1.732 0 0
-3.29 -2.371 -3.421 0 -0.82 -1.086 -0.115 0 35.885 0 -2.995 0 0 -2.83 -1.547
0 0 0 -0.007 0 0 0 0.061 0 9.155 0 0.462 -0.506 0 0
-4.814 -5.11 -4.886 0 -7.88 -1.44 -3.678 0 -2.995 0 76.266 0 0 -4.267 -3.212
0 0 0 0.55 0 0 0 -1.009 0 0.462 0 8.064 2.469 0 0
0 0 0 0.598 0 0 0 1.732 0 -0.506 0 2.469 5.547 0 0
-5.128 -4.329 -5.286 0 -3.855 -1.636 -1.534 0 -2.83 0 -4.267 0 0 42.017 -2.777
-3.263 -1.973 -3.421 0 0.733 -1.112 0.698 0 -1.547 0 -3.212 0 0 -2.777 30.493

 Mean vectors and covariance matrices after rotation --- 2th cluster >>

 mean vector (mu'=Q*mu)>>
0 0 0 3.401 0 0 0 5.342 0 3.998 0 0.832 4.564 0 0

 covariance matrix (Sigma'=Q*Sigma*t(Q))>>

42.659 -5.099 -6.058 0 -4.957 -1.865 -2.04 0 -3.29 0 -4.814 0 0 -5.128 -3.263
-5.099 27.731 -5.357 0 1.729 -1.751 1.398 0 -2.371 0 -5.11 0 0 -4.329 -1.973
-6.058 -5.357 44.128 0 -5.545 -1.91 -2.332 0 -3.421 0 -4.886 0 0 -5.286 -3.421
0 0 0 2.469 0 0 0 -0.172 0 0.308 0 0.493 -1.141 0 0
-4.957 1.729 -5.545 0 34.38 -2.119 11.175 0 -0.82 0 -7.88 0 0 -3.855 0.733
-1.865 -1.751 -1.91 0 -2.119 56.167 -0.935 0 -1.086 0 -1.44 0 0 -1.636 -1.112
-2.04 1.398 -2.332 0 11.175 -0.935 17.751 0 -0.115 0 -3.678 0 0 -1.534 0.698
0 0 0 -0.172 0 0 0 3.123 0 -0.251 0 0.041 0.344 0 0
-3.29 -2.371 -3.421 0 -0.82 -1.086 -0.115 0 35.885 0 -2.995 0 0 -2.83 -1.547
0 0 0 0.308 0 0 0 -0.251 0 1.689 0 0.607 -1.185 0 0
-4.814 -5.11 -4.886 0 -7.88 -1.44 -3.678 0 -2.995 0 76.266 0 0 -4.267 -3.212
0 0 0 0.493 0 0 0 0.041 0 0.607 0 4.335 -1.263 0 0
0 0 0 -1.141 0 0 0 0.344 0 -1.185 0 -1.263 7.375 0 0
-5.128 -4.329 -5.286 0 -3.855 -1.636 -1.534 0 -2.83 0 -4.267 0 0 42.017 -2.777
-3.263 -1.973 -3.421 0 0.733 -1.112 0.698 0 -1.547 0 -3.212 0 0 -2.777 30.493

 Final eigenvalues for each cluster >> 
 (rows correspond to clusters)
79.608 56.746 50.355 48.544 46.476 37.568 31.808 30.67 14.018 11.683 9.731 9.249 8.036 4.463 2.967
79.608 56.746 50.355 48.544 46.476 37.568 31.808 30.67 14.018 11.683 8.408 3.918 3.103 2.18 1.383

 theoretical Separation index matrix >>

-1 0.34
0.34 -1

 theoretical projection directions >>

**** cluster 1 and 2
0 0 0 0.542 0 0 0 0.524 0 0.532 0 -0.002 0.386 0 0

 empirical Separation index matrix (alpha= 0.05 )>>

-1 0.324
0.324 -1

 empirical projection directions >>

**** cluster 1 and 2
-0.019 -0.038 -0.032 0.672 0.016 -0.002 -0.031 0.504 0.008 0.474 0.055 -0.073 0.238 0.029 0.03
