
 Log information for the data set datasetJMG2v2nv0out0_1.dat >>

 alpha = 0.05 sepVal = 0.21

 Number of clusters >> 2

 cluster sizes >>
50 50

 Number of data points >> 100

 Number of dimensions >> 2

 Number of noisy dimensions >> 0

 noisy variables >>
0

 Number of outliers >> 0

 initial eigenvalues for each cluster >> 
 (rows correspond to clusters)
2.82 4.775
2.029 2.692

 Mean vectors and covariance matrices before rotation --- 1th cluster >>

 mean vector (mu'=Q*mu)>>
-5.606 0

 covariance matrix (Sigma'=Q*Sigma*t(Q))>>

4.77 -0.094
-0.094 2.824

 Mean vectors and covariance matrices before rotation --- 2th cluster >>

 mean vector (mu'=Q*mu)>>
5.606 0

 covariance matrix (Sigma'=Q*Sigma*t(Q))>>

2.439 -0.322
-0.322 2.282

 Final eigenvalues for each cluster >> 
 (rows correspond to clusters)
4.775 2.82
2.692 2.029

 *************************************************

 ********************* rotation ******************

 *************************************************


 The orthogonal matrix Q >>
0.524 0.852
0.852 -0.524

 Mean vectors and covariance matrices after rotation --- 1th cluster >>

 mean vector (mu'=Q*mu)>>
-2.935 -4.776

 covariance matrix (Sigma'=Q*Sigma*t(Q))>>

3.274 0.826
0.826 4.32

 Mean vectors and covariance matrices after rotation --- 2th cluster >>

 mean vector (mu'=Q*mu)>>
2.935 4.776

 covariance matrix (Sigma'=Q*Sigma*t(Q))>>

2.038 -0.075
-0.075 2.683

 Final eigenvalues for each cluster >> 
 (rows correspond to clusters)
4.775 2.82
2.692 2.029

 theoretical Separation index matrix >>

-1 0.21
0.21 -1

 theoretical projection directions >>

**** cluster 1 and 2
0.598 0.801

 empirical Separation index matrix (alpha= 0.05 )>>

-1 0.253
0.253 -1

 empirical projection directions >>

**** cluster 1 and 2
0.66 0.751
