
 Log information for the data set datasetJHG3v2nv1out0_1.dat >>

 alpha = 0.05 sepVal = 0.34

 Number of clusters >> 3

 cluster sizes >>
50 50 50

 Number of data points >> 150

 Number of dimensions >> 3

 Number of noisy dimensions >> 1

 noisy variables >>
3

 Number of outliers >> 0

 initial eigenvalues for each cluster >> 
 (rows correspond to clusters)
1.279 9.874
4.254 5.487
8.591 2.927

 Mean vectors and covariance matrices before rotation --- 1th cluster >>

 mean vector (mu'=Q*mu)>>
-8.89 0 0.99

 covariance matrix (Sigma'=Q*Sigma*t(Q))>>

7.475 -3.856 0
-3.856 3.678 0
0 0 58.79

 Mean vectors and covariance matrices before rotation --- 2th cluster >>

 mean vector (mu'=Q*mu)>>
8.89 0 0.99

 covariance matrix (Sigma'=Q*Sigma*t(Q))>>

4.275 -0.161 0
-0.161 5.465 0
0 0 58.79

 Mean vectors and covariance matrices before rotation --- 3th cluster >>

 mean vector (mu'=Q*mu)>>
0 15.397 0.99

 covariance matrix (Sigma'=Q*Sigma*t(Q))>>

6.624 3.593 0
3.593 8.456 0
0 0 58.79

 Final eigenvalues for each cluster >> 
 (rows correspond to clusters)
58.79 9.874 1.279
58.79 5.487 4.254
58.79 11.247 3.832

 *************************************************

 ********************* rotation ******************

 *************************************************


 The orthogonal matrix Q >>
0.638 0.77
0.77 -0.638

 Mean vectors and covariance matrices after rotation --- 1th cluster >>

 mean vector (mu'=Q*mu)>>
-5.672 -6.845 0.99

 covariance matrix (Sigma'=Q*Sigma*t(Q))>>

1.435 1.148 0
1.148 9.718 0
0 0 58.79

 Mean vectors and covariance matrices after rotation --- 2th cluster >>

 mean vector (mu'=Q*mu)>>
5.672 6.845 0.99

 covariance matrix (Sigma'=Q*Sigma*t(Q))>>

4.823 -0.615 0
-0.615 4.918 0
0 0 58.79

 Mean vectors and covariance matrices after rotation --- 3th cluster >>

 mean vector (mu'=Q*mu)>>
11.856 -9.823 0.99

 covariance matrix (Sigma'=Q*Sigma*t(Q))>>

11.24 -0.232 0
-0.232 3.839 0
0 0 58.79

 Final eigenvalues for each cluster >> 
 (rows correspond to clusters)
58.79 9.874 1.279
58.79 5.487 4.254
58.79 11.247 3.832

 theoretical Separation index matrix >>

-1 0.34 0.34
0.34 -1 0.35
0.34 0.35 -1

 theoretical projection directions >>

**** cluster 1 and 2
0.898 0.439 0

**** cluster 1 and 3
0.985 -0.173 0

**** cluster 2 and 3
0.147 -0.989 0

 empirical Separation index matrix (alpha= 0.05 )>>

-1 0.386 0.377
0.386 -1 0.346
0.377 0.346 -1

 empirical projection directions >>

**** cluster 1 and 2
0.995 -0.103 0.015

**** cluster 1 and 3
0.825 0.565 -0.03

**** cluster 2 and 3
-0.092 0.996 0.008
