
 Log information for the data set datasetJHG3v2nv3out0_1.dat >>

 alpha = 0.05 sepVal = 0.34

 Number of clusters >> 3

 cluster sizes >>
50 50 50

 Number of data points >> 150

 Number of dimensions >> 5

 Number of noisy dimensions >> 3

 noisy variables >>
1 2 5

 Number of outliers >> 0

 initial eigenvalues for each cluster >> 
 (rows correspond to clusters)
1.629 8.726
9.698 9.48
2.701 9.732

 Mean vectors and covariance matrices before rotation --- 1th cluster >>

 mean vector (mu'=Q*mu)>>
-12.012 0 0.905 6.322 5.832

 covariance matrix (Sigma'=Q*Sigma*t(Q))>>

8.702 -0.412 0 0 0
-0.412 1.653 0 0 0
0 0 103.448 -0.212 0.111
0 0 -0.212 103.506 -0.02
0 0 0.111 -0.02 103.147

 Mean vectors and covariance matrices before rotation --- 2th cluster >>

 mean vector (mu'=Q*mu)>>
12.012 0 0.905 6.322 5.832

 covariance matrix (Sigma'=Q*Sigma*t(Q))>>

9.54 0.097 0 0 0
0.097 9.639 0 0 0
0 0 103.448 -0.212 0.111
0 0 -0.212 103.506 -0.02
0 0 0.111 -0.02 103.147

 Mean vectors and covariance matrices before rotation --- 3th cluster >>

 mean vector (mu'=Q*mu)>>
0 20.805 0.905 6.322 5.832

 covariance matrix (Sigma'=Q*Sigma*t(Q))>>

3.02 -0.876 0 0 0
-0.876 10.408 0 0 0
0 0 103.448 -0.212 0.111
0 0 -0.212 103.506 -0.02
0 0 0.111 -0.02 103.147

 Final eigenvalues for each cluster >> 
 (rows correspond to clusters)
103.705 103.293 103.103 8.726 1.629
103.705 103.293 103.103 9.698 9.48
103.705 103.293 103.103 10.51 2.917

 *************************************************

 ********************* rotation ******************

 *************************************************


 The orthogonal matrix Q >>
0.431 0.902
0.902 -0.431

 Mean vectors and covariance matrices after rotation --- 1th cluster >>

 mean vector (mu'=Q*mu)>>
0.905 6.322 -10.836 -5.183 5.832

 covariance matrix (Sigma'=Q*Sigma*t(Q))>>

103.448 -0.212 0 0 0.111
-0.212 103.506 0 0 -0.02
0 0 7.711 2.485 0
0 0 2.485 2.644 0
0.111 -0.02 0 0 103.147

 Mean vectors and covariance matrices after rotation --- 2th cluster >>

 mean vector (mu'=Q*mu)>>
0.905 6.322 10.836 5.183 5.832

 covariance matrix (Sigma'=Q*Sigma*t(Q))>>

103.448 -0.212 0 0 0.111
-0.212 103.506 0 0 -0.02
0 0 9.483 0.023 0
0 0 0.023 9.696 0
0.111 -0.02 0 0 103.147

 Mean vectors and covariance matrices after rotation --- 3th cluster >>

 mean vector (mu'=Q*mu)>>
0.905 6.322 -8.977 18.768 5.832

 covariance matrix (Sigma'=Q*Sigma*t(Q))>>

103.448 -0.212 0 0 0.111
-0.212 103.506 0 0 -0.02
0 0 5.078 -3.426 0
0 0 -3.426 8.35 0
0.111 -0.02 0 0 103.147

 Final eigenvalues for each cluster >> 
 (rows correspond to clusters)
103.705 103.293 103.103 8.726 1.629
103.705 103.293 103.103 9.698 9.48
103.705 103.293 103.103 10.51 2.917

 theoretical Separation index matrix >>

-1 0.34 0.46
0.34 -1 0.34
0.46 0.34 -1

 theoretical projection directions >>

**** cluster 1 and 2
0 0 0.889 0.458 0

**** cluster 1 and 3
0 0 0.002 1 0

**** cluster 2 and 3
0 0 -0.927 0.375 0

 empirical Separation index matrix (alpha= 0.05 )>>

-1 0.511 0.366
0.511 -1 0.336
0.366 0.336 -1

 empirical projection directions >>

**** cluster 1 and 2
0.026 0.009 -0.026 -0.999 0.023

**** cluster 1 and 3
0.009 -0.009 0.826 -0.564 -0.015

**** cluster 2 and 3
-0.045 0.013 0.876 0.478 -0.047
