
 Log information for the data set datasetJLG3v5nv1out0_3.dat >>

 alpha = 0.05 sepVal = 0.01

 Number of clusters >> 3

 cluster sizes >>
50 50 50

 Number of data points >> 150

 Number of dimensions >> 6

 Number of noisy dimensions >> 1

 noisy variables >>
3

 Number of outliers >> 0

 initial eigenvalues for each cluster >> 
 (rows correspond to clusters)
3.561 4.538 8.342 7.427 5.037
8.712 4.145 5.387 6.276 2.121
8.365 9.096 2.617 3.566 7.688

 Mean vectors and covariance matrices before rotation --- 1th cluster >>

 mean vector (mu'=Q*mu)>>
-5.059 0 0 0 0 1.319

 covariance matrix (Sigma'=Q*Sigma*t(Q))>>

7.815 0.585 -1.13 -0.253 0.736 0
0.585 4.87 -0.389 -0.151 0.072 0
-1.13 -0.389 5.561 -1.749 -0.747 0
-0.253 -0.151 -1.749 6.945 -0.321 0
0.736 0.072 -0.747 -0.321 5.379 0
0 0 0 0 0 9.794

 Mean vectors and covariance matrices before rotation --- 2th cluster >>

 mean vector (mu'=Q*mu)>>
5.059 0 0 0 0 1.319

 covariance matrix (Sigma'=Q*Sigma*t(Q))>>

5.786 0.353 0.768 0.182 1.466 0
0.353 4.251 0.382 0.289 0.309 0
0.768 0.382 6.708 0.949 1.172 0
0.182 0.289 0.949 6.918 0.928 0
1.466 0.309 1.172 0.928 2.979 0
0 0 0 0 0 9.794

 Mean vectors and covariance matrices before rotation --- 3th cluster >>

 mean vector (mu'=Q*mu)>>
0 8.763 0 0 0 1.319

 covariance matrix (Sigma'=Q*Sigma*t(Q))>>

6.699 -1.372 2.698 0.062 -0.02 0
-1.372 8.127 1.162 0.025 -0.024 0
2.698 1.162 5.251 0.07 0.085 0
0.062 0.025 0.07 3.568 0.002 0
-0.02 -0.024 0.085 0.002 7.689 0
0 0 0 0 0 9.794

 Final eigenvalues for each cluster >> 
 (rows correspond to clusters)
9.794 8.823 7.855 5.327 4.8 3.766
9.794 8.712 6.276 5.387 4.145 2.121
9.794 9.096 8.365 7.688 3.566 2.617

 *************************************************

 ********************* rotation ******************

 *************************************************


 The orthogonal matrix Q >>
0.26 0.277 0.173 0.761 0.495
0.277 -0.939 0.038 0.167 0.109
0.173 0.038 -0.976 0.105 0.068
0.761 0.167 0.105 -0.54 0.299
0.495 0.109 0.068 0.299 -0.805

 Mean vectors and covariance matrices after rotation --- 1th cluster >>

 mean vector (mu'=Q*mu)>>
-2.507 -1.317 1.319 -0.877 -3.852 -1.402

 covariance matrix (Sigma'=Q*Sigma*t(Q))>>

5.574 0.544 0 0.659 0.18 0.131
0.544 5.577 0 2.206 -0.036 0.349
0 0 9.794 0 0 0
0.659 2.206 0 6.52 0.482 0.38
0.18 -0.036 0 0.482 8.024 0.051
0.131 0.349 0 0.38 0.051 4.874

 Mean vectors and covariance matrices after rotation --- 2th cluster >>

 mean vector (mu'=Q*mu)>>
2.507 1.317 1.319 0.877 3.852 1.402

 covariance matrix (Sigma'=Q*Sigma*t(Q))>>

2.461 1.169 0 0.193 0.303 0.157
1.169 7.63 0 -1.365 0.162 0.54
0 0 9.794 0 0 0
0.193 -1.365 0 6.087 -0.495 -0.117
0.303 0.162 0 -0.495 6.221 0.153
0.157 0.54 0 -0.117 0.153 4.244

 Mean vectors and covariance matrices after rotation --- 3th cluster >>

 mean vector (mu'=Q*mu)>>
0.954 2.428 1.319 0.334 1.467 -8.229

 covariance matrix (Sigma'=Q*Sigma*t(Q))>>

7.154 -0.953 0 -1.439 0.366 0.224
-0.953 5.408 0 -1.029 1.643 -0.503
0 0 9.794 0 0 0
-1.439 -1.029 0 4.251 -1.857 0.501
0.366 1.643 0 -1.857 5.95 1.069
0.224 -0.503 0 0.501 1.069 8.571

 Final eigenvalues for each cluster >> 
 (rows correspond to clusters)
9.794 8.823 7.855 5.327 4.8 3.766
9.794 8.712 6.276 5.387 4.145 2.121
9.794 9.096 8.365 7.688 3.566 2.617

 theoretical Separation index matrix >>

-1 0.01 0.016
0.01 -1 0.01
0.016 0.01 -1

 theoretical projection directions >>

**** cluster 1 and 2
0.689 0.112 0 0.119 0.629 0.321

**** cluster 1 and 3
0.356 0.32 0 0.252 0.495 -0.68

**** cluster 2 and 3
-0.178 0.134 0 -0.057 -0.172 -0.958

 empirical Separation index matrix (alpha= 0.05 )>>

-1 0.009 -0.008
0.009 -1 0.071
-0.008 0.071 -1

 empirical projection directions >>

**** cluster 1 and 2
-0.159 0.133 -0.054 -0.138 -0.134 -0.958

**** cluster 1 and 3
-0.855 -0.059 0.052 -0.094 -0.378 -0.332

**** cluster 2 and 3
-0.542 -0.352 0.05 -0.08 -0.402 0.642
