
 Log information for the data set datasetJLG3v2nv3out0_1.dat >>

 alpha = 0.05 sepVal = 0.01

 Number of clusters >> 3

 cluster sizes >>
50 50 50

 Number of data points >> 150

 Number of dimensions >> 5

 Number of noisy dimensions >> 3

 noisy variables >>
3 4 5

 Number of outliers >> 0

 initial eigenvalues for each cluster >> 
 (rows correspond to clusters)
7.546 6.681
5.184 5.534
2.034 3.429

 Mean vectors and covariance matrices before rotation --- 1th cluster >>

 mean vector (mu'=Q*mu)>>
-4.867 0 0.594 0.896 2.104

 covariance matrix (Sigma'=Q*Sigma*t(Q))>>

6.682 0.008 0 0 0
0.008 7.546 0 0 0
0 0 21.826 0.228 -0.087
0 0 0.228 21.539 0.052
0 0 -0.087 0.052 21.989

 Mean vectors and covariance matrices before rotation --- 2th cluster >>

 mean vector (mu'=Q*mu)>>
4.867 0 0.594 0.896 2.104

 covariance matrix (Sigma'=Q*Sigma*t(Q))>>

5.212 -0.096 0 0 0
-0.096 5.505 0 0 0
0 0 21.826 0.228 -0.087
0 0 0.228 21.539 0.052
0 0 -0.087 0.052 21.989

 Mean vectors and covariance matrices before rotation --- 3th cluster >>

 mean vector (mu'=Q*mu)>>
0 8.429 0.594 0.896 2.104

 covariance matrix (Sigma'=Q*Sigma*t(Q))>>

5.731 -1.346 0 0 0
-1.346 5.098 0 0 0
0 0 21.826 0.228 -0.087
0 0 0.228 21.539 0.052
0 0 -0.087 0.052 21.989

 Final eigenvalues for each cluster >> 
 (rows correspond to clusters)
22.033 21.921 21.4 7.546 6.681
22.033 21.921 21.4 5.534 5.184
22.033 21.921 21.4 6.797 4.032

 *************************************************

 ********************* rotation ******************

 *************************************************


 The orthogonal matrix Q >>
0.944 0.331
0.331 -0.944

 Mean vectors and covariance matrices after rotation --- 1th cluster >>

 mean vector (mu'=Q*mu)>>
-1.61 -4.593 0.896 2.104 0.594

 covariance matrix (Sigma'=Q*Sigma*t(Q))>>

7.446 -0.276 0 0 0
-0.276 6.781 0 0 0
0 0 21.539 0.052 0.228
0 0 0.052 21.989 -0.087
0 0 0.228 -0.087 21.826

 Mean vectors and covariance matrices after rotation --- 2th cluster >>

 mean vector (mu'=Q*mu)>>
1.61 4.593 0.896 2.104 0.594

 covariance matrix (Sigma'=Q*Sigma*t(Q))>>

5.533 -0.017 0 0 0
-0.017 5.184 0 0 0
0 0 21.539 0.052 0.228
0 0 0.052 21.989 -0.087
0 0 0.228 -0.087 21.826

 Mean vectors and covariance matrices after rotation --- 3th cluster >>

 mean vector (mu'=Q*mu)>>
-7.955 2.789 0.896 2.104 0.594

 covariance matrix (Sigma'=Q*Sigma*t(Q))>>

6.008 1.249 0 0 0
1.249 4.821 0 0 0
0 0 21.539 0.052 0.228
0 0 0.052 21.989 -0.087
0 0 0.228 -0.087 21.826

 Final eigenvalues for each cluster >> 
 (rows correspond to clusters)
22.033 21.921 21.4 7.546 6.681
22.033 21.921 21.4 5.534 5.184
22.033 21.921 21.4 6.797 4.032

 theoretical Separation index matrix >>

-1 0.01 0.025
0.01 -1 0.01
0.025 0.01 -1

 theoretical projection directions >>

**** cluster 1 and 2
0.324 0.946 0 0 0

**** cluster 1 and 3
-0.608 0.794 0 0 0

**** cluster 2 and 3
-0.995 -0.1 0 0 0

 empirical Separation index matrix (alpha= 0.05 )>>

-1 0.043 0.031
0.043 -1 0.014
0.031 0.014 -1

 empirical projection directions >>

**** cluster 1 and 2
-0.536 0.844 0.004 -0.025 -0.026

**** cluster 1 and 3
0.363 0.928 0.068 0.045 -0.037

**** cluster 2 and 3
0.973 0.213 0 0.067 -0.061
