
 Log information for the data set datasetJLG3v5nv10out0_1.dat >>

 alpha = 0.05 sepVal = 0.01

 Number of clusters >> 3

 cluster sizes >>
50 50 50

 Number of data points >> 150

 Number of dimensions >> 15

 Number of noisy dimensions >> 10

 noisy variables >>
1 2 3 4 6 7 8 9 10 14

 Number of outliers >> 0

 initial eigenvalues for each cluster >> 
 (rows correspond to clusters)
9.235 3.12 6.352 7.97 1.664
1.822 5.092 5.746 5.638 4.707
1.692 3.986 4.357 6.193 5.625

 Mean vectors and covariance matrices before rotation --- 1th cluster >>

 mean vector (mu'=Q*mu)>>
-4.22 0 0 0 0 1.643 0.367 2.15 0.788 0.201 1.721 1.269 1.371 0.336 0.206

 covariance matrix (Sigma'=Q*Sigma*t(Q))>>

5.204 1.105 -0.336 -1.37 2.303 0 0 0 0 0 0 0 0 0 0
1.105 4.653 0.856 0.771 2.087 0 0 0 0 0 0 0 0 0 0
-0.336 0.856 7.051 0.107 1.429 0 0 0 0 0 0 0 0 0 0
-1.37 0.771 0.107 8.122 1.407 0 0 0 0 0 0 0 0 0 0
2.303 2.087 1.429 1.407 4.898 0 0 0 0 0 0 0 0 0 0
0 0 0 0 0 7.912 -2.333 0.808 1.095 0.137 0.534 -1.07 -2.458 0.232 0.047
0 0 0 0 0 -2.333 12.815 -0.619 -0.532 -0.147 -0.518 -0.536 -1.157 -0.203 -0.486
0 0 0 0 0 0.808 -0.619 5.959 0.439 0.066 0.248 -0.289 -0.673 0.105 0.08
0 0 0 0 0 1.095 -0.532 0.439 5.412 0.084 0.317 -0.253 -0.598 0.132 0.135
0 0 0 0 0 0.137 -0.147 0.066 0.084 6.048 0.045 -0.068 -0.157 0.019 0.01
0 0 0 0 0 0.534 -0.518 0.248 0.317 0.045 6.09 -0.24 -0.556 0.073 0.044
0 0 0 0 0 -1.07 -0.536 -0.289 -0.253 -0.068 -0.24 14.694 -0.495 -0.094 -0.22
0 0 0 0 0 -2.458 -1.157 -0.673 -0.598 -0.157 -0.556 -0.495 14.868 -0.219 -0.499
0 0 0 0 0 0.232 -0.203 0.105 0.132 0.019 0.073 -0.094 -0.219 5.815 0.021
0 0 0 0 0 0.047 -0.486 0.08 0.135 0.01 0.044 -0.22 -0.499 0.021 7.256

 Mean vectors and covariance matrices before rotation --- 2th cluster >>

 mean vector (mu'=Q*mu)>>
4.22 0 0 0 0 1.643 0.367 2.15 0.788 0.201 1.721 1.269 1.371 0.336 0.206

 covariance matrix (Sigma'=Q*Sigma*t(Q))>>

4.893 -0.043 -0.221 -1.187 -0.326 0 0 0 0 0 0 0 0 0 0
-0.043 5.086 -0.02 -0.114 -0.063 0 0 0 0 0 0 0 0 0 0
-0.221 -0.02 5.674 -0.407 -0.231 0 0 0 0 0 0 0 0 0 0
-1.187 -0.114 -0.407 3.345 -1.295 0 0 0 0 0 0 0 0 0 0
-0.326 -0.063 -0.231 -1.295 4.008 0 0 0 0 0 0 0 0 0 0
0 0 0 0 0 7.912 -2.333 0.808 1.095 0.137 0.534 -1.07 -2.458 0.232 0.047
0 0 0 0 0 -2.333 12.815 -0.619 -0.532 -0.147 -0.518 -0.536 -1.157 -0.203 -0.486
0 0 0 0 0 0.808 -0.619 5.959 0.439 0.066 0.248 -0.289 -0.673 0.105 0.08
0 0 0 0 0 1.095 -0.532 0.439 5.412 0.084 0.317 -0.253 -0.598 0.132 0.135
0 0 0 0 0 0.137 -0.147 0.066 0.084 6.048 0.045 -0.068 -0.157 0.019 0.01
0 0 0 0 0 0.534 -0.518 0.248 0.317 0.045 6.09 -0.24 -0.556 0.073 0.044
0 0 0 0 0 -1.07 -0.536 -0.289 -0.253 -0.068 -0.24 14.694 -0.495 -0.094 -0.22
0 0 0 0 0 -2.458 -1.157 -0.673 -0.598 -0.157 -0.556 -0.495 14.868 -0.219 -0.499
0 0 0 0 0 0.232 -0.203 0.105 0.132 0.019 0.073 -0.094 -0.219 5.815 0.021
0 0 0 0 0 0.047 -0.486 0.08 0.135 0.01 0.044 -0.22 -0.499 0.021 7.256

 Mean vectors and covariance matrices before rotation --- 3th cluster >>

 mean vector (mu'=Q*mu)>>
0 7.309 0 0 0 1.643 0.367 2.15 0.788 0.201 1.721 1.269 1.371 0.336 0.206

 covariance matrix (Sigma'=Q*Sigma*t(Q))>>

5.117 0.163 -0.003 -1.368 -0.246 0 0 0 0 0 0 0 0 0 0
0.163 3.684 -0.286 -1.069 -0.24 0 0 0 0 0 0 0 0 0 0
-0.003 -0.286 4.093 -0.925 -0.21 0 0 0 0 0 0 0 0 0 0
-1.368 -1.069 -0.925 3.483 -0.641 0 0 0 0 0 0 0 0 0 0
-0.246 -0.24 -0.21 -0.641 5.475 0 0 0 0 0 0 0 0 0 0
0 0 0 0 0 7.912 -2.333 0.808 1.095 0.137 0.534 -1.07 -2.458 0.232 0.047
0 0 0 0 0 -2.333 12.815 -0.619 -0.532 -0.147 -0.518 -0.536 -1.157 -0.203 -0.486
0 0 0 0 0 0.808 -0.619 5.959 0.439 0.066 0.248 -0.289 -0.673 0.105 0.08
0 0 0 0 0 1.095 -0.532 0.439 5.412 0.084 0.317 -0.253 -0.598 0.132 0.135
0 0 0 0 0 0.137 -0.147 0.066 0.084 6.048 0.045 -0.068 -0.157 0.019 0.01
0 0 0 0 0 0.534 -0.518 0.248 0.317 0.045 6.09 -0.24 -0.556 0.073 0.044
0 0 0 0 0 -1.07 -0.536 -0.289 -0.253 -0.068 -0.24 14.694 -0.495 -0.094 -0.22
0 0 0 0 0 -2.458 -1.157 -0.673 -0.598 -0.157 -0.556 -0.495 14.868 -0.219 -0.499
0 0 0 0 0 0.232 -0.203 0.105 0.132 0.019 0.073 -0.094 -0.219 5.815 0.021
0 0 0 0 0 0.047 -0.486 0.08 0.135 0.01 0.044 -0.22 -0.499 0.021 7.256

 Final eigenvalues for each cluster >> 
 (rows correspond to clusters)
15.928 14.924 14.061 9.752 8.416 7.289 6.708 6.432 6.036 5.919 5.784 5.605 4.892 3.294 1.757
15.928 14.924 14.061 7.289 6.432 6.036 5.919 5.784 5.746 5.638 5.605 5.092 4.892 4.707 1.822
15.928 14.924 14.061 7.289 6.432 6.193 6.036 5.919 5.784 5.625 5.605 4.892 4.357 3.986 1.692

 *************************************************

 ********************* rotation ******************

 *************************************************


 The orthogonal matrix Q >>
0.557 0.548 0.228 0.52 0.259
0.548 -0.807 0.08 0.183 0.091
0.228 0.08 -0.967 0.076 0.038
0.52 0.183 0.076 -0.826 0.086
0.259 0.091 0.038 0.086 -0.957

 Mean vectors and covariance matrices after rotation --- 1th cluster >>

 mean vector (mu'=Q*mu)>>
0.336 1.643 1.269 0.788 -1.092 1.371 0.206 2.15 1.721 0.367 -0.962 -2.349 -2.196 0.201 -2.312

 covariance matrix (Sigma'=Q*Sigma*t(Q))>>

5.815 0.232 -0.094 0.132 0 -0.219 0.021 0.105 0.073 -0.203 0 0 0 0.019 0
0.232 7.912 -1.07 1.095 0 -2.458 0.047 0.808 0.534 -2.333 0 0 0 0.137 0
-0.094 -1.07 14.694 -0.253 0 -0.495 -0.22 -0.289 -0.24 -0.536 0 0 0 -0.068 0
0.132 1.095 -0.253 5.412 0 -0.598 0.135 0.439 0.317 -0.532 0 0 0 0.084 0
0 0 0 0 3.106 0 0 0 0 0 0.554 -2.842 -0.323 0 -0.124
-0.219 -2.458 -0.495 -0.598 0 14.868 -0.499 -0.673 -0.556 -1.157 0 0 0 -0.157 0
0.021 0.047 -0.22 0.135 0 -0.499 7.256 0.08 0.044 -0.486 0 0 0 0.01 0
0.105 0.808 -0.289 0.439 0 -0.673 0.08 5.959 0.248 -0.619 0 0 0 0.066 0
0.073 0.534 -0.24 0.317 0 -0.556 0.044 0.248 6.09 -0.518 0 0 0 0.045 0
-0.203 -2.333 -0.536 -0.532 0 -1.157 -0.486 -0.619 -0.518 12.815 0 0 0 -0.147 0
0 0 0 0 0.554 0 0 0 0 0 6.9 -0.632 0 0 0.398
0 0 0 0 -2.842 0 0 0 0 0 -0.632 8.181 -0.433 0 -0.256
0 0 0 0 -0.323 0 0 0 0 0 0 -0.433 8.415 0 0.295
0.019 0.137 -0.068 0.084 0 -0.157 0.01 0.066 0.045 -0.147 0 0 0 6.048 0
0 0 0 0 -0.124 0 0 0 0 0 0.398 -0.256 0.295 0 3.325

 Mean vectors and covariance matrices after rotation --- 2th cluster >>

 mean vector (mu'=Q*mu)>>
0.336 1.643 1.269 0.788 1.092 1.371 0.206 2.15 1.721 0.367 0.962 2.349 2.196 0.201 2.312

 covariance matrix (Sigma'=Q*Sigma*t(Q))>>

5.815 0.232 -0.094 0.132 0 -0.219 0.021 0.105 0.073 -0.203 0 0 0 0.019 0
0.232 7.912 -1.07 1.095 0 -2.458 0.047 0.808 0.534 -2.333 0 0 0 0.137 0
-0.094 -1.07 14.694 -0.253 0 -0.495 -0.22 -0.289 -0.24 -0.536 0 0 0 -0.068 0
0.132 1.095 -0.253 5.412 0 -0.598 0.135 0.439 0.317 -0.532 0 0 0 0.084 0
0 0 0 0 4.413 0 0 0 0 0 -0.019 0.743 -0.458 0 0.275
-0.219 -2.458 -0.495 -0.598 0 14.868 -0.499 -0.673 -0.556 -1.157 0 0 0 -0.157 0
0.021 0.047 -0.22 0.135 0 -0.499 7.256 0.08 0.044 -0.486 0 0 0 0.01 0
0.105 0.808 -0.289 0.439 0 -0.673 0.08 5.959 0.248 -0.619 0 0 0 0.066 0
0.073 0.534 -0.24 0.317 0 -0.556 0.044 0.248 6.09 -0.518 0 0 0 0.045 0
-0.203 -2.333 -0.536 -0.532 0 -1.157 -0.486 -0.619 -0.518 12.815 0 0 0 -0.147 0
0 0 0 0 -0.019 0 0 0 0 0 5.733 -0.151 0.039 0 -0.03
0 0 0 0 0.743 0 0 0 0 0 -0.151 3.089 1.094 0 -0.91
0 0 0 0 -0.458 0 0 0 0 0 0.039 1.094 5.072 0 0.611
0.019 0.137 -0.068 0.084 0 -0.157 0.01 0.066 0.045 -0.147 0 0 0 6.048 0
0 0 0 0 0.275 0 0 0 0 0 -0.03 -0.91 0.611 0 4.699

 Mean vectors and covariance matrices after rotation --- 3th cluster >>

 mean vector (mu'=Q*mu)>>
0.336 1.643 1.269 0.788 0.666 1.371 0.206 2.15 1.721 0.367 0.587 4.005 1.339 0.201 -5.899

 covariance matrix (Sigma'=Q*Sigma*t(Q))>>

5.815 0.232 -0.094 0.132 0 -0.219 0.021 0.105 0.073 -0.203 0 0 0 0.019 0
0.232 7.912 -1.07 1.095 0 -2.458 0.047 0.808 0.534 -2.333 0 0 0 0.137 0
-0.094 -1.07 14.694 -0.253 0 -0.495 -0.22 -0.289 -0.24 -0.536 0 0 0 -0.068 0
0.132 1.095 -0.253 5.412 0 -0.598 0.135 0.439 0.317 -0.532 0 0 0 0.084 0
0 0 0 0 5.626 0 0 0 0 0 -0.04 -0.027 0.049 0 -0.001
-0.219 -2.458 -0.495 -0.598 0 14.868 -0.499 -0.673 -0.556 -1.157 0 0 0 -0.157 0
0.021 0.047 -0.22 0.135 0 -0.499 7.256 0.08 0.044 -0.486 0 0 0 0.01 0
0.105 0.808 -0.289 0.439 0 -0.673 0.08 5.959 0.248 -0.619 0 0 0 0.066 0
0.073 0.534 -0.24 0.317 0 -0.556 0.044 0.248 6.09 -0.518 0 0 0 0.045 0
-0.203 -2.333 -0.536 -0.532 0 -1.157 -0.486 -0.619 -0.518 12.815 0 0 0 -0.147 0
0 0 0 0 -0.04 0 0 0 0 0 4.275 0.412 -0.243 0 0.003
0 0 0 0 -0.027 0 0 0 0 0 0.412 2.284 1.398 0 0.139
0 0 0 0 0.049 0 0 0 0 0 -0.243 1.398 5.649 0 0.23
0.019 0.137 -0.068 0.084 0 -0.157 0.01 0.066 0.045 -0.147 0 0 0 6.048 0
0 0 0 0 -0.001 0 0 0 0 0 0.003 0.139 0.23 0 4.019

 Final eigenvalues for each cluster >> 
 (rows correspond to clusters)
15.928 14.924 14.061 9.752 8.416 7.289 6.708 6.432 6.036 5.919 5.784 5.605 4.892 3.294 1.757
15.928 14.924 14.061 7.289 6.432 6.036 5.919 5.784 5.746 5.638 5.605 5.092 4.892 4.707 1.822
15.928 14.924 14.061 7.289 6.432 6.193 6.036 5.919 5.784 5.625 5.605 4.892 4.357 3.986 1.692

 theoretical Separation index matrix >>

-1 0.01 0.011
0.01 -1 0.01
0.011 0.01 -1

 theoretical projection directions >>

**** cluster 1 and 2
0 0 0 0 0.473 0 0 0 0 0 0.144 0.551 0.282 0 0.61

**** cluster 1 and 3
0 0 0 0 0.419 0 0 0 0 0 0.156 0.706 0.232 0 -0.497

**** cluster 2 and 3
0 0 0 0 -0.038 0 0 0 0 0 -0.051 0.24 -0.069 0 -0.966

 empirical Separation index matrix (alpha= 0.05 )>>

-1 0.109 0.031
0.109 -1 0.068
0.031 0.068 -1

 empirical projection directions >>

**** cluster 1 and 2
-0.127 0.028 0.004 -0.221 -0.076 -0.135 0.169 -0.068 -0.01 0.031 0.057 0.171 -0.106 0.18 -0.894

**** cluster 1 and 3
0.007 -0.071 0.076 0.012 -0.4 -0.09 -0.049 -0.114 -0.015 -0.149 -0.256 -0.443 -0.358 -0.025 -0.627

**** cluster 2 and 3
0.098 -0.178 -0.026 0.169 -0.436 0.031 -0.059 0.08 -0.049 -0.032 -0.126 -0.669 -0.198 -0.196 0.429
