
 Log information for the data set datasetJHG3v5nv10out0_3.dat >>

 alpha = 0.05 sepVal = 0.34

 Number of clusters >> 3

 cluster sizes >>
50 50 50

 Number of data points >> 150

 Number of dimensions >> 15

 Number of noisy dimensions >> 10

 noisy variables >>
2 3 6 8 9 10 11 13 14 15

 Number of outliers >> 0

 initial eigenvalues for each cluster >> 
 (rows correspond to clusters)
9.345 5.986 6.147 5.26 3.897
5.762 8.636 8.819 4.418 9.963
4.194 9.362 1.68 7.725 2.162

 Mean vectors and covariance matrices before rotation --- 1th cluster >>

 mean vector (mu'=Q*mu)>>
-11.58 0 0 0 0 5.446 0.195 3.041 2.493 5.737 3.063 5.352 2.48 5.795 1.163

 covariance matrix (Sigma'=Q*Sigma*t(Q))>>

11.569 1.169 0.285 2.9 0.717 0 0 0 0 0 0 0 0 0 0
1.169 10.544 0.181 1.447 0.291 0 0 0 0 0 0 0 0 0 0
0.285 0.181 10.152 0.374 0.076 0 0 0 0 0 0 0 0 0 0
2.9 1.447 0.374 11.579 0.577 0 0 0 0 0 0 0 0 0 0
0.717 0.291 0.076 0.577 6.516 0 0 0 0 0 0 0 0 0 0
0 0 0 0 0 38.787 -17.018 -1.461 10.847 -1.371 12.811 -2.756 2.384 -8.797 5.775
0 0 0 0 0 -17.018 74.44 -5.131 -1.179 -2.999 -0.447 -2.066 -0.462 -6.973 -1.546
0 0 0 0 0 -1.461 -5.131 44.383 5.294 0.164 6.002 -0.719 1.217 -2.195 3.061
0 0 0 0 0 10.847 -1.179 5.294 25.668 2.667 11.122 0.345 2.549 1.581 6.716
0 0 0 0 0 -1.371 -2.999 0.164 2.667 46.221 3.057 -0.444 0.606 -1.379 1.511
0 0 0 0 0 12.811 -0.447 6.002 11.122 3.057 22.168 0.528 2.732 2.221 7.223
0 0 0 0 0 -2.756 -2.066 -0.719 0.345 -0.444 0.528 67.411 0.05 -1.288 0.067
0 0 0 0 0 2.384 -0.462 1.217 2.549 0.606 2.732 0.05 19.801 0.272 1.628
0 0 0 0 0 -8.797 -6.973 -2.195 1.581 -1.379 2.221 -1.288 0.272 60.903 0.498
0 0 0 0 0 5.775 -1.546 3.061 6.716 1.511 7.223 0.067 1.628 0.498 25.99

 Mean vectors and covariance matrices before rotation --- 2th cluster >>

 mean vector (mu'=Q*mu)>>
11.58 0 0 0 0 5.446 0.195 3.041 2.493 5.737 3.063 5.352 2.48 5.795 1.163

 covariance matrix (Sigma'=Q*Sigma*t(Q))>>

6.742 -0.072 -1.59 1.028 -0.251 0 0 0 0 0 0 0 0 0 0
-0.072 8.633 -0.073 -0.01 -0.009 0 0 0 0 0 0 0 0 0 0
-1.59 -0.073 7.285 -0.239 -0.199 0 0 0 0 0 0 0 0 0 0
1.028 -0.01 -0.239 5 -0.053 0 0 0 0 0 0 0 0 0 0
-0.251 -0.009 -0.199 -0.053 9.938 0 0 0 0 0 0 0 0 0 0
0 0 0 0 0 38.787 -17.018 -1.461 10.847 -1.371 12.811 -2.756 2.384 -8.797 5.775
0 0 0 0 0 -17.018 74.44 -5.131 -1.179 -2.999 -0.447 -2.066 -0.462 -6.973 -1.546
0 0 0 0 0 -1.461 -5.131 44.383 5.294 0.164 6.002 -0.719 1.217 -2.195 3.061
0 0 0 0 0 10.847 -1.179 5.294 25.668 2.667 11.122 0.345 2.549 1.581 6.716
0 0 0 0 0 -1.371 -2.999 0.164 2.667 46.221 3.057 -0.444 0.606 -1.379 1.511
0 0 0 0 0 12.811 -0.447 6.002 11.122 3.057 22.168 0.528 2.732 2.221 7.223
0 0 0 0 0 -2.756 -2.066 -0.719 0.345 -0.444 0.528 67.411 0.05 -1.288 0.067
0 0 0 0 0 2.384 -0.462 1.217 2.549 0.606 2.732 0.05 19.801 0.272 1.628
0 0 0 0 0 -8.797 -6.973 -2.195 1.581 -1.379 2.221 -1.288 0.272 60.903 0.498
0 0 0 0 0 5.775 -1.546 3.061 6.716 1.511 7.223 0.067 1.628 0.498 25.99

 Mean vectors and covariance matrices before rotation --- 3th cluster >>

 mean vector (mu'=Q*mu)>>
0 20.057 0 0 0 5.446 0.195 3.041 2.493 5.737 3.063 5.352 2.48 5.795 1.163

 covariance matrix (Sigma'=Q*Sigma*t(Q))>>

3.986 -2.295 1.268 -0.661 1 0 0 0 0 0 0 0 0 0 0
-2.295 8.024 -0.442 -0.47 -0.512 0 0 0 0 0 0 0 0 0 0
1.268 -0.442 2.636 -0.076 0.852 0 0 0 0 0 0 0 0 0 0
-0.661 -0.47 -0.076 7.566 -0.107 0 0 0 0 0 0 0 0 0 0
1 -0.512 0.852 -0.107 2.913 0 0 0 0 0 0 0 0 0 0
0 0 0 0 0 38.787 -17.018 -1.461 10.847 -1.371 12.811 -2.756 2.384 -8.797 5.775
0 0 0 0 0 -17.018 74.44 -5.131 -1.179 -2.999 -0.447 -2.066 -0.462 -6.973 -1.546
0 0 0 0 0 -1.461 -5.131 44.383 5.294 0.164 6.002 -0.719 1.217 -2.195 3.061
0 0 0 0 0 10.847 -1.179 5.294 25.668 2.667 11.122 0.345 2.549 1.581 6.716
0 0 0 0 0 -1.371 -2.999 0.164 2.667 46.221 3.057 -0.444 0.606 -1.379 1.511
0 0 0 0 0 12.811 -0.447 6.002 11.122 3.057 22.168 0.528 2.732 2.221 7.223
0 0 0 0 0 -2.756 -2.066 -0.719 0.345 -0.444 0.528 67.411 0.05 -1.288 0.067
0 0 0 0 0 2.384 -0.462 1.217 2.549 0.606 2.732 0.05 19.801 0.272 1.628
0 0 0 0 0 -8.797 -6.973 -2.195 1.581 -1.379 2.221 -1.288 0.272 60.903 0.498
0 0 0 0 0 5.775 -1.546 3.061 6.716 1.511 7.223 0.067 1.628 0.498 25.99

 Final eigenvalues for each cluster >> 
 (rows correspond to clusters)
84.582 67.799 65.155 51.774 46.246 43.696 21.726 19.181 15.362 15.238 10.373 10.105 9.84 8.647 6.406
84.582 67.799 65.155 51.774 46.246 43.696 21.726 19.181 15.238 10.373 9.963 8.819 8.636 5.762 4.418
84.582 67.799 65.155 51.774 46.246 43.696 21.726 19.181 15.238 10.373 9.362 7.725 4.194 2.162 1.68

 *************************************************

 ********************* rotation ******************

 *************************************************


 The orthogonal matrix Q >>
0.037 0.611 0.759 0.045 0.219
0.611 -0.64 0.447 0.026 0.129
0.759 0.447 -0.445 0.033 0.16
0.045 0.026 0.033 -0.998 0.01
0.219 0.129 0.16 0.01 -0.954

 Mean vectors and covariance matrices after rotation --- 1th cluster >>

 mean vector (mu'=Q*mu)>>
-8.787 2.493 1.163 -2.536 -7.072 3.063 -0.427 5.446 5.795 2.48 3.041 -0.521 0.195 5.352 5.737

 covariance matrix (Sigma'=Q*Sigma*t(Q))>>

11.871 0 0 0.512 0.566 0 1.107 0 0 0 0 -2.699 0 0 0
0 25.668 6.716 0 0 11.122 0 10.847 1.581 2.549 5.294 0 -1.179 0.345 2.667
0 6.716 25.99 0 0 7.223 0 5.775 0.498 1.628 3.061 0 -1.546 0.067 1.511
0.512 0 0 6.625 0.354 0 0.873 0 0 0 0 -0.313 0 0 0
0.566 0 0 0.354 10.05 0 0.466 0 0 0 0 -1.086 0 0 0
0 11.122 7.223 0 0 22.168 0 12.811 2.221 2.732 6.002 0 -0.447 0.528 3.057
1.107 0 0 0.873 0.466 0 10.605 0 0 0 0 -1.39 0 0 0
0 10.847 5.775 0 0 12.811 0 38.787 -8.797 2.384 -1.461 0 -17.018 -2.756 -1.371
0 1.581 0.498 0 0 2.221 0 -8.797 60.903 0.272 -2.195 0 -6.973 -1.288 -1.379
0 2.549 1.628 0 0 2.732 0 2.384 0.272 19.801 1.217 0 -0.462 0.05 0.606
0 5.294 3.061 0 0 6.002 0 -1.461 -2.195 1.217 44.383 0 -5.131 -0.719 0.164
-2.699 0 0 -0.313 -1.086 0 -1.39 0 0 0 0 11.208 0 0 0
0 -1.179 -1.546 0 0 -0.447 0 -17.018 -6.973 -0.462 -5.131 0 74.44 -2.066 -2.999
0 0.345 0.067 0 0 0.528 0 -2.756 -1.288 0.05 -0.719 0 -2.066 67.411 -0.444
0 2.667 1.511 0 0 3.057 0 -1.371 -1.379 0.606 0.164 0 -2.999 -0.444 46.221

 Mean vectors and covariance matrices after rotation --- 2th cluster >>

 mean vector (mu'=Q*mu)>>
8.787 2.493 1.163 2.536 7.072 3.063 0.427 5.446 5.795 2.48 3.041 0.521 0.195 5.352 5.737

 covariance matrix (Sigma'=Q*Sigma*t(Q))>>

8.384 0 0 -0.369 -0.723 0 -0.503 0 0 0 0 -0.809 0 0 0
0 25.668 6.716 0 0 11.122 0 10.847 1.581 2.549 5.294 0 -1.179 0.345 2.667
0 6.716 25.99 0 0 7.223 0 5.775 0.498 1.628 3.061 0 -1.546 0.067 1.511
-0.369 0 0 9.749 -0.589 0 -0.603 0 0 0 0 -0.246 0 0 0
-0.723 0 0 -0.589 6.874 0 -1.294 0 0 0 0 -0.56 0 0 0
0 11.122 7.223 0 0 22.168 0 12.811 2.221 2.732 6.002 0 -0.447 0.528 3.057
-0.503 0 0 -0.603 -1.294 0 7.663 0 0 0 0 0.224 0 0 0
0 10.847 5.775 0 0 12.811 0 38.787 -8.797 2.384 -1.461 0 -17.018 -2.756 -1.371
0 1.581 0.498 0 0 2.221 0 -8.797 60.903 0.272 -2.195 0 -6.973 -1.288 -1.379
0 2.549 1.628 0 0 2.732 0 2.384 0.272 19.801 1.217 0 -0.462 0.05 0.606
0 5.294 3.061 0 0 6.002 0 -1.461 -2.195 1.217 44.383 0 -5.131 -0.719 0.164
-0.809 0 0 -0.246 -0.56 0 0.224 0 0 0 0 4.929 0 0 0
0 -1.179 -1.546 0 0 -0.447 0 -17.018 -6.973 -0.462 -5.131 0 74.44 -2.066 -2.999
0 0.345 0.067 0 0 0.528 0 -2.756 -1.288 0.05 -0.719 0 -2.066 67.411 -0.444
0 2.667 1.511 0 0 3.057 0 -1.371 -1.379 0.606 0.164 0 -2.999 -0.444 46.221

 Mean vectors and covariance matrices after rotation --- 3th cluster >>

 mean vector (mu'=Q*mu)>>
8.963 2.493 1.163 2.587 -12.843 3.063 12.248 5.446 5.795 2.48 3.041 0.531 0.195 5.352 5.737

 covariance matrix (Sigma'=Q*Sigma*t(Q))>>

2.267 0 0 -0.039 -0.339 0 1.152 0 0 0 0 0.564 0 0 0
0 25.668 6.716 0 0 11.122 0 10.847 1.581 2.549 5.294 0 -1.179 0.345 2.667
0 6.716 25.99 0 0 7.223 0 5.775 0.498 1.628 3.061 0 -1.546 0.067 1.511
-0.039 0 0 2.43 -1.114 0 -0.105 0 0 0 0 0.032 0 0 0
-0.339 0 0 -1.114 8.429 0 -1.843 0 0 0 0 0.069 0 0 0
0 11.122 7.223 0 0 22.168 0 12.811 2.221 2.732 6.002 0 -0.447 0.528 3.057
1.152 0 0 -0.105 -1.843 0 4.355 0 0 0 0 0.237 0 0 0
0 10.847 5.775 0 0 12.811 0 38.787 -8.797 2.384 -1.461 0 -17.018 -2.756 -1.371
0 1.581 0.498 0 0 2.221 0 -8.797 60.903 0.272 -2.195 0 -6.973 -1.288 -1.379
0 2.549 1.628 0 0 2.732 0 2.384 0.272 19.801 1.217 0 -0.462 0.05 0.606
0 5.294 3.061 0 0 6.002 0 -1.461 -2.195 1.217 44.383 0 -5.131 -0.719 0.164
0.564 0 0 0.032 0.069 0 0.237 0 0 0 0 7.643 0 0 0
0 -1.179 -1.546 0 0 -0.447 0 -17.018 -6.973 -0.462 -5.131 0 74.44 -2.066 -2.999
0 0.345 0.067 0 0 0.528 0 -2.756 -1.288 0.05 -0.719 0 -2.066 67.411 -0.444
0 2.667 1.511 0 0 3.057 0 -1.371 -1.379 0.606 0.164 0 -2.999 -0.444 46.221

 Final eigenvalues for each cluster >> 
 (rows correspond to clusters)
84.582 67.799 65.155 51.774 46.246 43.696 21.726 19.181 15.362 15.238 10.373 10.105 9.84 8.647 6.406
84.582 67.799 65.155 51.774 46.246 43.696 21.726 19.181 15.238 10.373 9.963 8.819 8.636 5.762 4.418
84.582 67.799 65.155 51.774 46.246 43.696 21.726 19.181 15.238 10.373 9.362 7.725 4.194 2.162 1.68

 theoretical Separation index matrix >>

-1 0.34 0.361
0.34 -1 0.34
0.361 0.34 -1

 theoretical projection directions >>

**** cluster 1 and 2
0.672 0 0 0.232 0.646 0 0.071 0 0 0 0 0.27 0 0 0

**** cluster 1 and 3
0.843 0 0 0.312 -0.124 0 0.405 0 0 0 0 0.111 0 0 0

**** cluster 2 and 3
-0.107 0 0 -0.092 -0.861 0 0.486 0 0 0 0 -0.056 0 0 0

 empirical Separation index matrix (alpha= 0.05 )>>

-1 0.372 0.366
0.372 -1 0.418
0.366 0.418 -1

 empirical projection directions >>

**** cluster 1 and 2
0.579 -0.032 0.048 0.118 0.727 0.017 0.071 -0.002 -0.075 -0.071 0.053 0.311 0.04 -0.04 -0.019

**** cluster 1 and 3
0.768 0.065 0.06 0.209 -0.098 -0.145 0.534 0.141 -0.003 -0.008 0.074 0.127 0.021 -0.024 -0.019

**** cluster 2 and 3
-0.141 -0.06 0.025 -0.19 -0.829 -0.028 0.464 0.104 0.021 0.044 0.027 -0.148 -0.001 -0.024 0.008
