
 Log information for the data set datasetJHG5v5nv0out0_1.dat >>

 alpha = 0.05 sepVal = 0.34

 Number of clusters >> 5

 cluster sizes >>
50 50 50 50 50

 Number of data points >> 250

 Number of dimensions >> 5

 Number of noisy dimensions >> 0

 noisy variables >>
0

 Number of outliers >> 0

 initial eigenvalues for each cluster >> 
 (rows correspond to clusters)
2.448 8.896 9.116 3.707 8.6
4.323 6.098 9.455 3.158 8.301
5.823 2.865 5.731 3.462 3.878
6.042 5.633 5.996 7.955 1.368
4.18 2.098 9.206 2.514 6.603

 Mean vectors and covariance matrices before rotation --- 1th cluster >>

 mean vector (mu'=Q*mu)>>
-10.477 0 0 0 0

 covariance matrix (Sigma'=Q*Sigma*t(Q))>>

7.707 -1.36 -2.854 0.448 -2.673
-1.36 12.2 -0.893 -0.552 -0.894
-2.854 -0.893 11.128 -1.146 -1.827
0.448 -0.552 -1.146 5.123 -1.101
-2.673 -0.894 -1.827 -1.101 10.388

 Mean vectors and covariance matrices before rotation --- 2th cluster >>

 mean vector (mu'=Q*mu)>>
10.477 0 0 0 0

 covariance matrix (Sigma'=Q*Sigma*t(Q))>>

6.536 -0.044 -1.97 1.469 -0.973
-0.044 5.936 -0.746 0.136 -0.43
-1.97 -0.746 7.41 -0.51 -1.306
1.469 0.136 -0.51 3.966 -0.189
-0.973 -0.43 -1.306 -0.189 7.486

 Mean vectors and covariance matrices before rotation --- 3th cluster >>

 mean vector (mu'=Q*mu)>>
0 18.146 0 0 0

 covariance matrix (Sigma'=Q*Sigma*t(Q))>>

3.94 0.971 -0.701 0.096 0.199
0.971 4.524 0.409 0.245 0.904
-0.701 0.409 5.471 0.042 0.096
0.096 0.245 0.042 3.497 0.127
0.199 0.904 0.096 0.127 4.327

 Mean vectors and covariance matrices before rotation --- 4th cluster >>

 mean vector (mu'=Q*mu)>>
0 6.049 17.109 0 0

 covariance matrix (Sigma'=Q*Sigma*t(Q))>>

3.8 -0.83 -1.192 -0.686 1.671
-0.83 5.341 -0.439 -0.28 0.885
-1.192 -0.439 5.363 -0.368 0.924
-0.686 -0.28 -0.368 7.79 0.059
1.671 0.885 0.924 0.059 4.701

 Mean vectors and covariance matrices before rotation --- 5th cluster >>

 mean vector (mu'=Q*mu)>>
0 6.049 4.277 16.565 0

 covariance matrix (Sigma'=Q*Sigma*t(Q))>>

5.945 1.536 -2.306 0.677 -0.327
1.536 4.155 -0.416 0.485 -0.019
-2.306 -0.416 13.232 -0.265 -0.163
0.677 0.485 -0.265 4.063 -0.02
-0.327 -0.019 -0.163 -0.02 10.008

 Final eigenvalues for each cluster >> 
 (rows correspond to clusters)
12.95 12.637 12.216 5.266 3.478
9.455 8.301 6.098 4.323 3.158
5.823 5.731 3.878 3.462 2.865
7.955 6.042 5.996 5.633 1.368
13.996 10.039 6.355 3.822 3.19

 *************************************************

 ********************* rotation ******************

 *************************************************


 The orthogonal matrix Q >>
0.521 0.178 0.116 0.048 0.825
0.178 -0.979 0.014 0.006 0.097
0.116 0.014 -0.991 0.004 0.063
0.048 0.006 0.004 -0.998 0.026
0.825 0.097 0.063 0.026 -0.552

 Mean vectors and covariance matrices after rotation --- 1th cluster >>

 mean vector (mu'=Q*mu)>>
-5.455 -0.505 -8.648 -1.864 -1.219

 covariance matrix (Sigma'=Q*Sigma*t(Q))>>

6.082 0.893 -2.776 0.265 2.475
0.893 5.153 -0.835 -0.442 -0.939
-2.776 -0.835 10.756 0.079 1.125
0.265 -0.442 0.079 12.602 -0.131
2.475 -0.939 1.125 -0.131 11.953

 Mean vectors and covariance matrices after rotation --- 2th cluster >>

 mean vector (mu'=Q*mu)>>
5.455 0.505 8.648 1.864 1.219

 covariance matrix (Sigma'=Q*Sigma*t(Q))>>

5.734 -0.506 -1.001 0.358 2.024
-0.506 3.841 -1.249 -0.079 -0.532
-1.001 -1.249 7.691 -0.164 0.893
0.358 -0.079 -0.164 6.041 -0.241
2.024 -0.532 0.893 -0.241 8.026

 Mean vectors and covariance matrices after rotation --- 3th cluster >>

 mean vector (mu'=Q*mu)>>
3.228 0.102 1.752 -17.769 0.247

 covariance matrix (Sigma'=Q*Sigma*t(Q))>>

4.828 -0.146 0.022 -1.281 0.12
-0.146 3.481 -0.025 0.142 0.048
0.022 -0.025 3.874 -0.395 0.492
-1.281 0.142 -0.395 3.985 0.325
0.12 0.048 0.492 0.325 5.591

 Mean vectors and covariance matrices after rotation --- 4th cluster >>

 mean vector (mu'=Q*mu)>>
3.066 0.097 1.664 -5.69 -16.874

 covariance matrix (Sigma'=Q*Sigma*t(Q))>>

6.012 0.312 -0.106 -0.125 0.022
0.312 7.851 0.507 -0.149 -0.259
-0.106 0.507 2.121 0.92 1.355
-0.125 -0.149 0.92 5.476 -0.263
0.022 -0.259 1.355 -0.263 5.535

 Mean vectors and covariance matrices after rotation --- 5th cluster >>

 mean vector (mu'=Q*mu)>>
2.372 -16.49 1.287 -5.771 -4.096

 covariance matrix (Sigma'=Q*Sigma*t(Q))>>

8.459 -0.229 -1.922 -0.174 0.748
-0.229 4.003 -0.605 0.316 -0.244
-1.922 -0.605 7.536 -1.294 1.269
-0.174 0.316 -1.294 3.72 -0.212
0.748 -0.244 1.269 -0.212 13.684

 Final eigenvalues for each cluster >> 
 (rows correspond to clusters)
12.95 12.637 12.216 5.266 3.478
9.455 8.301 6.098 4.323 3.158
5.823 5.731 3.878 3.462 2.865
7.955 6.042 5.996 5.633 1.368
13.996 10.039 6.355 3.822 3.19

 theoretical Separation index matrix >>

-1 0.382 0.34 0.427 0.411
0.382 -1 0.427 0.34 0.463
0.34 0.427 -1 0.407 0.474
0.427 0.34 0.407 -1 0.34
0.411 0.463 0.474 0.34 -1

 theoretical projection directions >>

**** cluster 1 and 2
0.72 0.158 0.653 0.081 -0.154

**** cluster 1 and 3
0.591 0.028 0.565 -0.571 -0.072

**** cluster 1 and 4
0.524 -0.071 0.617 -0.153 -0.562

**** cluster 1 and 5
0.438 -0.816 0.315 -0.101 -0.179

**** cluster 2 and 3
-0.232 -0.08 -0.345 -0.905 0.045

**** cluster 2 and 4
-0.007 -0.099 -0.241 -0.448 -0.855

**** cluster 2 and 5
-0.174 -0.872 -0.332 -0.308 -0.071

**** cluster 3 and 4
0.09 -0.022 0.174 0.621 -0.759

**** cluster 3 and 5
0.036 -0.793 0.052 0.599 -0.096

**** cluster 4 and 5
-0.074 -0.895 -0.161 0.023 0.41

 empirical Separation index matrix (alpha= 0.05 )>>

-1 0.445 0.441 0.498 0.36
0.445 -1 0.32 0.519 0.392
0.441 0.32 -1 0.394 0.434
0.498 0.519 0.394 -1 0.456
0.36 0.392 0.434 0.456 -1

 empirical projection directions >>

**** cluster 1 and 2
0.005 -0.775 0.086 0.606 -0.157

**** cluster 1 and 3
0.143 -0.046 0.18 0.673 -0.702

**** cluster 1 and 4
0.274 0.123 0.347 0.888 -0.029

**** cluster 1 and 5
-0.618 -0.04 -0.426 0.657 0.056

**** cluster 2 and 3
0.277 0.862 0.162 0.171 -0.353

**** cluster 2 and 4
0.323 0.814 0.274 0.381 0.113

**** cluster 2 and 5
-0.408 0.768 -0.391 0.085 0.288

**** cluster 3 and 4
0.328 0.188 0.123 0.312 0.863

**** cluster 3 and 5
-0.322 0.089 -0.745 0.045 0.575

**** cluster 4 and 5
-0.681 -0.141 -0.697 -0.176 -0.002
