
 Log information for the data set datasetJLG5v10nv3out0_2.dat >>

 alpha = 0.05 sepVal = 0.01

 Number of clusters >> 5

 cluster sizes >>
50 50 50 50 50

 Number of data points >> 250

 Number of dimensions >> 13

 Number of noisy dimensions >> 3

 noisy variables >>
2 5 8

 Number of outliers >> 0

 initial eigenvalues for each cluster >> 
 (rows correspond to clusters)
7.014 2.978 6.433 9.826 2.388 5.57 4.191 7.854 6.08 7.246
1.676 2.113 1.11 3.732 5.511 1.296 6.043 8.644 6.755 4.166
7.025 4.93 3.517 7.995 8.882 5.441 2.715 5.715 9.804 3.639
1.256 3.146 7.106 1.941 8.939 9.621 7.546 8.353 7.974 1.016
4.783 5.065 5.826 6.14 5.36 5.652 5.387 8.074 6.848 8.204

 Mean vectors and covariance matrices before rotation --- 1th cluster >>

 mean vector (mu'=Q*mu)>>
-5.119 0 0 0 0 0 0 0 0 0 1.41 1.474 2.283

 covariance matrix (Sigma'=Q*Sigma*t(Q))>>

4.442 0.9 -0.244 -0.055 1.096 -0.242 0.143 -0.14 -0.552 -0.996 0 0 0
0.9 4.371 0.152 -0.005 1.395 0.416 0.582 0.019 0.5 0.274 0 0 0
-0.244 0.152 6.413 -0.006 0.174 -0.01 0.038 -0.014 -0.04 -0.097 0 0 0
-0.055 -0.005 -0.006 9.825 -0.002 -0.01 -0.006 -0.003 -0.016 -0.02 0 0 0
1.096 1.395 0.174 -0.002 3.774 0.449 0.598 0.028 0.555 0.347 0 0 0
-0.242 0.416 -0.01 -0.01 0.449 5.612 0.136 -0.019 0.008 -0.108 0 0 0
0.143 0.582 0.038 -0.006 0.598 0.136 4.417 -0.004 0.144 0.028 0 0 0
-0.14 0.019 -0.014 -0.003 0.028 -0.019 -0.004 7.847 -0.036 -0.053 0 0 0
-0.552 0.5 -0.04 -0.016 0.555 0.008 0.144 -0.036 6.017 -0.227 0 0 0
-0.996 0.274 -0.097 -0.02 0.347 -0.108 0.028 -0.053 -0.227 6.864 0 0 0
0 0 0 0 0 0 0 0 0 0 8.823 0.479 -2.302
0 0 0 0 0 0 0 0 0 0 0.479 7.703 -0.642
0 0 0 0 0 0 0 0 0 0 -2.302 -0.642 12.811

 Mean vectors and covariance matrices before rotation --- 2th cluster >>

 mean vector (mu'=Q*mu)>>
5.119 0 0 0 0 0 0 0 0 0 1.41 1.474 2.283

 covariance matrix (Sigma'=Q*Sigma*t(Q))>>

11.775 1.983 2.513 0.355 -0.919 1.83 -0.969 -4.749 -2.629 0.009 0 0 0
1.983 5.546 0.665 0.028 -0.384 0.479 -0.372 -1.6 -0.949 -0.005 0 0 0
2.513 0.665 3.448 0.186 -0.129 0.58 -0.174 -1.101 -0.538 0.011 0 0 0
0.355 0.028 0.186 8.753 -0.517 0.121 -0.439 -1.448 -1.002 -0.022 0 0 0
-0.919 -0.384 -0.129 -0.517 12.182 -0.129 -0.818 -2.347 -1.772 -0.055 0 0 0
1.83 0.479 0.58 0.121 -0.129 3.528 -0.156 -0.893 -0.457 0.006 0 0 0
-0.969 -0.372 -0.174 -0.439 -0.818 -0.156 13.817 -1.823 -1.402 -0.046 0 0 0
-4.749 -1.6 -1.101 -1.448 -2.347 -0.893 -1.823 16.068 -3.789 -0.145 0 0 0
-2.629 -0.949 -0.538 -1.002 -1.772 -0.457 -1.402 -3.789 13.2 -0.103 0 0 0
0.009 -0.005 0.011 -0.022 -0.055 0.006 -0.046 -0.145 -0.103 9.972 0 0 0
0 0 0 0 0 0 0 0 0 0 8.823 0.479 -2.302
0 0 0 0 0 0 0 0 0 0 0.479 7.703 -0.642
0 0 0 0 0 0 0 0 0 0 -2.302 -0.642 12.811

 Mean vectors and covariance matrices before rotation --- 3th cluster >>

 mean vector (mu'=Q*mu)>>
0 8.866 0 0 0 0 0 0 0 0 1.41 1.474 2.283

 covariance matrix (Sigma'=Q*Sigma*t(Q))>>

6.592 0.355 1.108 -0.923 -0.352 0.043 0.889 -0.009 -1.875 0.911 0 0 0
0.355 6.288 0.802 -0.03 -0.044 0.148 0.558 0.349 -0.339 0.678 0 0 0
1.108 0.802 5.307 0.196 0.014 0.26 0.783 0.644 -0.111 0.997 0 0 0
-0.923 -0.03 0.196 8.986 -0.146 -0.039 0.191 -0.144 -0.74 0.154 0 0 0
-0.352 -0.044 0.014 -0.146 10.399 -0.024 0.029 -0.075 -0.239 0.008 0 0 0
0.043 0.148 0.26 -0.039 -0.024 6.443 0.185 0.097 -0.157 0.219 0 0 0
0.889 0.558 0.783 0.191 0.029 0.185 3.709 0.464 0.022 0.669 0 0 0
-0.009 0.349 0.644 -0.144 -0.075 0.097 0.464 6.936 -0.463 0.541 0 0 0
-1.875 -0.339 -0.111 -0.74 -0.239 -0.157 0.022 -0.463 10.392 -0.116 0 0 0
0.911 0.678 0.997 0.154 0.008 0.219 0.669 0.541 -0.116 5.131 0 0 0
0 0 0 0 0 0 0 0 0 0 8.823 0.479 -2.302
0 0 0 0 0 0 0 0 0 0 0.479 7.703 -0.642
0 0 0 0 0 0 0 0 0 0 -2.302 -0.642 12.811

 Mean vectors and covariance matrices before rotation --- 4th cluster >>

 mean vector (mu'=Q*mu)>>
0 2.955 8.359 0 0 0 0 0 0 0 1.41 1.474 2.283

 covariance matrix (Sigma'=Q*Sigma*t(Q))>>

7.343 0.65 -0.232 0.638 -1.102 -0.772 -1.942 -2.9 -0.178 0.332 0 0 0
0.65 3.949 -0.113 0.041 -0.45 -0.303 -0.895 -1.235 -0.079 0.042 0 0 0
-0.232 -0.113 9.117 -0.041 -0.116 -0.075 -0.254 -0.33 -0.022 -0.011 0 0 0
0.638 0.041 -0.041 2.564 -0.181 -0.125 -0.337 -0.485 -0.03 0.038 0 0 0
-1.102 -0.45 -0.116 -0.181 11.125 -0.249 -0.87 -1.113 -0.073 -0.056 0 0 0
-0.772 -0.303 -0.075 -0.125 -0.249 12.23 -0.564 -0.718 -0.047 -0.04 0 0 0
-1.942 -0.895 -0.254 -0.337 -0.87 -0.564 7.795 -2.484 -0.163 -0.097 0 0 0
-2.9 -1.235 -0.33 -0.485 -1.113 -0.718 -2.484 7.567 -0.209 -0.147 0 0 0
-0.178 -0.079 -0.022 -0.03 -0.073 -0.047 -0.163 -0.209 10.255 -0.009 0 0 0
0.332 0.042 -0.011 0.038 -0.056 -0.04 -0.097 -0.147 -0.009 1.327 0 0 0
0 0 0 0 0 0 0 0 0 0 8.823 0.479 -2.302
0 0 0 0 0 0 0 0 0 0 0.479 7.703 -0.642
0 0 0 0 0 0 0 0 0 0 -2.302 -0.642 12.811

 Mean vectors and covariance matrices before rotation --- 5th cluster >>

 mean vector (mu'=Q*mu)>>
0 2.955 2.09 8.094 0 0 0 0 0 0 1.41 1.474 2.283

 covariance matrix (Sigma'=Q*Sigma*t(Q))>>

5.843 0.057 -0.106 -0.09 0.074 -0.055 0.027 -1.063 -0.05 -0.296 0 0 0
0.057 5.067 -0.018 -0.012 -0.006 -0.014 -0.003 -0.105 -0.005 -0.029 0 0 0
-0.106 -0.018 5.723 -0.054 -0.103 -0.102 -0.047 -0.339 -0.02 -0.093 0 0 0
-0.09 -0.012 -0.054 6.112 -0.06 -0.055 -0.027 -0.158 -0.01 -0.043 0 0 0
0.074 -0.006 -0.103 -0.06 5.284 -0.095 -0.036 -0.453 -0.025 -0.125 0 0 0
-0.055 -0.014 -0.102 -0.055 -0.095 5.553 -0.043 -0.367 -0.021 -0.101 0 0 0
0.027 -0.003 -0.047 -0.027 -0.036 -0.043 5.37 -0.201 -0.011 -0.055 0 0 0
-1.063 -0.105 -0.339 -0.158 -0.453 -0.367 -0.201 7.387 -0.049 -0.186 0 0 0
-0.05 -0.005 -0.02 -0.01 -0.025 -0.021 -0.011 -0.049 6.845 -0.013 0 0 0
-0.296 -0.029 -0.093 -0.043 -0.125 -0.101 -0.055 -0.186 -0.013 8.154 0 0 0
0 0 0 0 0 0 0 0 0 0 8.823 0.479 -2.302
0 0 0 0 0 0 0 0 0 0 0.479 7.703 -0.642
0 0 0 0 0 0 0 0 0 0 -2.302 -0.642 12.811

 Final eigenvalues for each cluster >> 
 (rows correspond to clusters)
13.961 9.826 7.876 7.854 7.501 7.246 7.014 6.433 6.08 5.57 4.191 2.978 2.388
20.698 16.176 14.471 13.961 13.196 9.975 8.937 7.876 7.501 5.059 4.014 3.104 2.659
13.961 11.533 10.448 9.405 8.264 7.876 7.501 6.723 6.4 5.799 4.281 4.137 3.193
13.961 12.39 11.512 10.757 10.269 9.718 9.151 7.876 7.501 4.052 2.499 1.618 1.308
13.961 8.204 8.074 7.876 7.501 6.848 6.14 5.826 5.652 5.387 5.36 5.065 4.783

 *************************************************

 ********************* rotation ******************

 *************************************************


 The orthogonal matrix Q >>
0.283 0.132 0.36 0.498 0.042 0.534 0.295 0.19 0.098 0.323
0.132 -0.986 0.037 0.051 0.004 0.055 0.03 0.02 0.01 0.033
0.36 0.037 -0.899 0.14 0.012 0.15 0.083 0.054 0.027 0.091
0.498 0.051 0.14 -0.807 0.016 0.208 0.115 0.074 0.038 0.126
0.042 0.004 0.012 0.016 -0.999 0.017 0.01 0.006 0.003 0.011
0.534 0.055 0.15 0.208 0.017 -0.777 0.123 0.079 0.041 0.135
0.295 0.03 0.083 0.115 0.01 0.123 -0.932 0.044 0.023 0.074
0.19 0.02 0.054 0.074 0.006 0.079 0.044 -0.972 0.015 0.048
0.098 0.01 0.027 0.038 0.003 0.041 0.023 0.015 -0.993 0.025
0.323 0.033 0.091 0.126 0.011 0.135 0.074 0.048 0.025 -0.918

 Mean vectors and covariance matrices after rotation --- 1th cluster >>

 mean vector (mu'=Q*mu)>>
-1.844 1.474 -0.215 -0.501 2.283 -0.975 -2.736 1.41 -1.51 -1.656 -1.446 -2.55 -0.676

 covariance matrix (Sigma'=Q*Sigma*t(Q))>>

6.301 0 -0.448 0.106 0 -0.138 -0.121 0 -0.071 0.061 -0.128 -0.737 -0.352
0 7.703 0 0 -0.642 0 0 0.479 0 0 0 0 0
-0.448 0 3.63 0.407 0 -0.308 -0.467 0 0.087 -0.181 -1.056 -0.928 1.114
0.106 0 0.407 6.104 0 0.024 0.239 0 0.259 -0.026 0.106 0.029 0.428
0 -0.642 0 0 12.811 0 0 -2.302 0 0 0 0 0
-0.138 0 -0.308 0.024 0 7.748 -0.173 0 -0.114 -0.027 -0.307 -0.477 -0.271
-0.121 0 -0.467 0.239 0 -0.173 5.53 0 0.019 0.176 0.126 -1.018 -0.311
0 0.479 0 0 -2.302 0 0 8.823 0 0 0 0 0
-0.071 0 0.087 0.259 0 -0.114 0.019 0 4.313 0.141 0.173 -0.63 0.163
0.061 0 -0.181 -0.026 0 -0.027 0.176 0 0.141 7.238 0.028 -0.319 -0.084
-0.128 0 -1.056 0.106 0 -0.307 0.126 0 0.173 0.028 6.683 -1.948 -0.706
-0.737 0 -0.928 0.029 0 -0.477 -1.018 0 -0.63 -0.319 -1.948 8.017 -0.913
-0.352 0 1.114 0.428 0 -0.271 -0.311 0 0.163 -0.084 -0.706 -0.913 4.017

 Mean vectors and covariance matrices after rotation --- 2th cluster >>

 mean vector (mu'=Q*mu)>>
1.844 1.474 0.215 0.501 2.283 0.975 2.736 1.41 1.51 1.656 1.446 2.55 0.676

 covariance matrix (Sigma'=Q*Sigma*t(Q))>>

2.971 0 0.521 0.918 0 0.991 0.598 0 -0.026 -0.14 0.979 0.088 0.052
0 7.703 0 0 -0.642 0 0 0.479 0 0 0 0 0
0.521 0 12.34 -1.411 0 -1.731 0.919 0 -0.223 0.561 1.413 0.446 -0.197
0.918 0 -1.411 14.026 0 -2.383 1.9 0 -0.064 1.28 2.6 1.164 -0.534
0 -0.642 0 0 12.811 0 0 -2.302 0 0 0 0 0
0.991 0 -1.731 -2.383 0 18.412 2.593 0 0.173 1.88 2.783 1.74 -1.066
0.598 0 0.919 1.9 0 2.593 4.632 0 0.657 0.434 2.136 0.978 -0.164
0 0.479 0 0 -2.302 0 0 8.823 0 0 0 0 0
-0.026 0 -0.223 -0.064 0 0.173 0.657 0 14.377 0.314 -0.312 0.224 -0.677
-0.14 0 0.561 1.28 0 1.88 0.434 0 0.314 10.086 -0.382 0.273 -0.454
0.979 0 1.413 2.6 0 2.783 2.136 0 -0.312 -0.382 6.891 0.231 -0.139
0.088 0 0.446 1.164 0 1.74 0.978 0 0.224 0.273 0.231 9.393 -0.614
0.052 0 -0.197 -0.534 0 -1.066 -0.164 0 -0.677 -0.454 -0.139 -0.614 5.161

 Mean vectors and covariance matrices after rotation --- 3th cluster >>

 mean vector (mu'=Q*mu)>>
0.329 1.474 0.038 0.089 2.283 0.174 0.488 1.41 0.269 0.295 1.17 0.454 -8.746

 covariance matrix (Sigma'=Q*Sigma*t(Q))>>

4.373 0 0.084 0.544 0 0.28 -0.362 0 0.148 0.197 -0.354 -0.347 0.329
0 7.703 0 0 -0.642 0 0 0.479 0 0 0 0 0
0.084 0 10.428 -0.115 0 -0.023 0.167 0 0.101 0.074 0.111 0.036 -0.034
0.544 0 -0.115 10.816 0 -0.082 1.022 0 0.593 0.482 0.961 0.368 -0.134
0 -0.642 0 0 12.811 0 0 -2.302 0 0 0 0 0
0.28 0 -0.023 -0.082 0 6.813 -0.038 0 0.235 0.235 -0.318 -0.251 0.147
-0.362 0 0.167 1.022 0 -0.038 6.653 0 -0.131 -0.282 0.594 0.211 -0.273
0 0.479 0 0 -2.302 0 0 8.823 0 0 0 0 0
0.148 0 0.101 0.593 0 0.235 -0.131 0 3.296 0.131 0.154 -0.074 0.219
0.197 0 0.074 0.482 0 0.235 -0.282 0 0.131 4.447 -0.264 -0.28 0.268
-0.354 0 0.111 0.961 0 -0.318 0.594 0 0.154 -0.264 8.02 -0.281 -0.644
-0.347 0 0.036 0.368 0 -0.251 0.211 0 -0.074 -0.28 -0.281 9.269 -0.409
0.329 0 -0.034 -0.134 0 0.147 -0.273 0 0.219 0.268 -0.644 -0.409 6.067

 Mean vectors and covariance matrices after rotation --- 4th cluster >>

 mean vector (mu'=Q*mu)>>
-7.404 1.474 0.111 0.26 2.283 0.505 1.418 1.41 0.783 0.858 3.402 1.321 -2.605

 covariance matrix (Sigma'=Q*Sigma*t(Q))>>

8.697 0 0.422 -0.1 0 0.991 -0.977 0 0.438 0.085 -1.283 -0.064 -0.168
0 7.703 0 0 -0.642 0 0 0.479 0 0 0 0 0
0.422 0 11.256 0.077 0 -0.649 0.515 0 -0.31 0.481 0.863 0.627 -0.242
-0.1 0 0.077 10.244 0 0.168 -0.239 0 0.055 0.049 -0.336 0.013 -0.08
0 -0.642 0 0 12.811 0 0 -2.302 0 0 0 0 0
0.991 0 -0.649 0.168 0 9.081 1.094 0 -0.855 1.289 2.038 1.636 -0.699
-0.977 0 0.515 -0.239 0 1.094 10.482 0 0.235 -0.146 -3.318 -0.541 -0.487
0 0.479 0 0 -2.302 0 0 8.823 0 0 0 0 0
0.438 0 -0.31 0.055 0 -0.855 0.235 0 9.21 0.912 0.887 1.077 -0.561
0.085 0 0.481 0.049 0 1.289 -0.146 0 0.912 1.839 1.075 0.672 0.166
-1.283 0 0.863 -0.336 0 2.038 -3.318 0 0.887 1.075 5.195 1.176 0.618
-0.064 0 0.627 0.013 0 1.636 -0.541 0 1.077 0.672 1.176 3.306 0.17
-0.168 0 -0.242 -0.08 0 -0.699 -0.487 0 -0.561 0.166 0.618 0.17 3.965

 Mean vectors and covariance matrices after rotation --- 5th cluster >>

 mean vector (mu'=Q*mu)>>
-0.636 1.474 0.169 0.395 2.283 0.768 2.156 1.41 1.19 1.305 5.174 -6.084 -2.423

 covariance matrix (Sigma'=Q*Sigma*t(Q))>>

5.838 0 -0.05 -0.016 0 0.121 0.027 0 0.021 -0.141 0.035 -0.018 0.008
0 7.703 0 0 -0.642 0 0 0.479 0 0 0 0 0
-0.05 0 5.295 -0.013 0 -0.378 -0.021 0 0.005 -0.094 0.233 -0.001 0.011
-0.016 0 -0.013 6.839 0 0.062 -0.026 0 -0.014 -0.05 -0.106 -0.037 -0.008
0 -0.642 0 0 12.811 0 0 -2.302 0 0 0 0 0
0.121 0 -0.378 0.062 0 7.842 0.294 0 0.163 0.148 0.436 0.414 0.055
0.027 0 -0.021 -0.026 0 0.294 5.682 0 0.024 -0.209 0.007 -0.059 0.008
0 0.479 0 0 -2.302 0 0 8.823 0 0 0 0 0
0.021 0 0.005 -0.014 0 0.163 0.024 0 5.405 -0.118 0.051 -0.033 0.008
-0.141 0 -0.094 -0.05 0 0.148 -0.209 0 -0.118 7.976 -0.705 -0.219 -0.061
0.035 0 0.233 -0.106 0 0.436 0.007 0 0.051 -0.705 5.398 -0.329 0.051
-0.018 0 -0.001 -0.037 0 0.414 -0.059 0 -0.033 -0.219 -0.329 5.994 -0.021
0.008 0 0.011 -0.008 0 0.055 0.008 0 0.008 -0.061 0.051 -0.021 5.07

 Final eigenvalues for each cluster >> 
 (rows correspond to clusters)
13.961 9.826 7.876 7.854 7.501 7.246 7.014 6.433 6.08 5.57 4.191 2.978 2.388
20.698 16.176 14.471 13.961 13.196 9.975 8.937 7.876 7.501 5.059 4.014 3.104 2.659
13.961 11.533 10.448 9.405 8.264 7.876 7.501 6.723 6.4 5.799 4.281 4.137 3.193
13.961 12.39 11.512 10.757 10.269 9.718 9.151 7.876 7.501 4.052 2.499 1.618 1.308
13.961 8.204 8.074 7.876 7.501 6.848 6.14 5.826 5.652 5.387 5.36 5.065 4.783

 theoretical Separation index matrix >>

-1 0.014 0.051 0.01 0.01
0.014 -1 0.05 0.061 0.01
0.051 0.05 -1 0.036 0.01
0.01 0.061 0.036 -1 0.074
0.01 0.01 0.01 0.074 -1

 theoretical projection directions >>

**** cluster 1 and 2
0.451 0 0.012 -0.089 0 -0.011 0.566 0 0.201 0.224 0.251 0.444 0.341

**** cluster 1 and 3
0.243 0 0.128 -0.01 0 0.091 0.266 0 0.288 0.187 0.15 0.199 -0.815

**** cluster 1 and 4
-0.358 0 0.055 0.064 0 -0.006 0.44 0 0.126 0.241 0.572 0.467 -0.228

**** cluster 1 and 5
0.127 0 0.165 0.073 0 0.127 0.518 0 0.315 0.268 0.658 -0.142 -0.206

**** cluster 2 and 3
-0.171 0 0.005 0.015 0 -0.012 -0.22 0 -0.088 -0.109 -0.027 -0.16 -0.936

**** cluster 2 and 4
-0.894 0 0.03 0.026 0 0.036 -0.119 0 -0.024 -0.081 0.166 -0.113 -0.368

**** cluster 2 and 5
-0.38 0 -0.014 -0.005 0 0.006 -0.073 0 -0.02 -0.014 0.412 -0.711 -0.418

**** cluster 3 and 4
-0.688 0 0.023 0.022 0 0.083 0.049 0 0.085 0.035 0.098 0.046 0.704

**** cluster 3 and 5
-0.145 0 0.003 0.009 0 0.039 0.173 0 0.101 0.105 0.38 -0.512 0.721

**** cluster 4 and 5
0.454 0 0 0.02 0 0.024 0.11 0 0.048 0.073 0.323 -0.817 0.029

 empirical Separation index matrix (alpha= 0.05 )>>

-1 0.061 0.029 0.119 0.021
0.061 -1 0.086 0.084 0.052
0.029 0.086 -1 0.102 0.057
0.119 0.084 0.102 -1 0.03
0.021 0.052 0.057 0.03 -1

 empirical projection directions >>

**** cluster 1 and 2
-0.342 0.047 0.007 -0.017 -0.17 -0.006 -0.326 -0.094 -0.033 -0.138 -0.365 0.763 0.032

**** cluster 1 and 3
0.254 0.113 0.08 0.111 0.048 -0.027 -0.233 -0.147 -0.036 -0.259 -0.547 0.347 -0.581

**** cluster 1 and 4
-0.091 -0.075 -0.145 -0.003 -0.185 -0.075 -0.53 -0.138 -0.181 -0.268 -0.709 0.118 0.065

**** cluster 1 and 5
0.515 -0.011 -0.078 0.025 0.026 -0.011 -0.035 0.005 -0.055 0.076 -0.356 0.696 0.326

**** cluster 2 and 3
0.517 -0.079 0.11 0.068 -0.066 0.082 -0.053 -0.158 0.017 -0.374 -0.285 -0.009 -0.67

**** cluster 2 and 4
0.094 -0.131 -0.006 -0.179 -0.029 0.12 -0.442 0.022 -0.002 -0.107 -0.813 -0.236 0.055

**** cluster 2 and 5
0.871 -0.056 0.123 -0.043 0.022 0.098 0.19 0.004 -0.026 0.034 -0.253 -0.056 0.325

**** cluster 3 and 4
-0.167 -0.109 -0.072 -0.043 -0.062 -0.214 -0.155 0.172 -0.355 -0.013 -0.316 -0.194 0.766

**** cluster 3 and 5
0.116 0.062 -0.019 -0.24 0.119 -0.037 0.203 0.161 0.084 0.192 0.095 0.15 0.876

**** cluster 4 and 5
0.368 -0.031 -0.025 -0.092 0.151 -0.029 0.627 0.109 0.093 0.214 0.322 0.299 0.421
