
 Log information for the data set datasetJHG5v10nv0out0_1.dat >>

 alpha = 0.05 sepVal = 0.34

 Number of clusters >> 5

 cluster sizes >>
50 50 50 50 50

 Number of data points >> 250

 Number of dimensions >> 10

 Number of noisy dimensions >> 0

 noisy variables >>
0

 Number of outliers >> 0

 initial eigenvalues for each cluster >> 
 (rows correspond to clusters)
5.003 3.032 9.904 6.609 5.163 1.823 7.813 2.63 5.204 9.992
6.182 5.937 1.415 1.996 2.671 6.513 1.212 1.895 4.681 1.911
8.893 8.068 9.612 1.925 2.176 6.608 7.392 1.949 7.478 9.78
2.172 3.722 6.931 8.772 6.983 5.062 1.607 6.556 8.856 4.282
9.157 2.181 3.733 8.435 7.469 8.618 4.604 9.527 9.586 2.623

 Mean vectors and covariance matrices before rotation --- 1th cluster >>

 mean vector (mu'=Q*mu)>>
-10.662 0 0 0 0 0 0 0 0 0

 covariance matrix (Sigma'=Q*Sigma*t(Q))>>

6.068 1.21 -1.551 -0.107 0.226 1.311 -0.472 0.666 0.243 -1.738
1.21 3.833 -0.291 0.059 0.327 0.71 -0.002 0.391 0.369 -0.333
-1.551 -0.291 8.988 -0.247 -0.462 -0.094 -0.52 -0.113 -0.534 -1.202
-0.107 0.059 -0.247 6.685 -0.037 0.09 -0.097 0.038 -0.044 -0.275
0.226 0.327 -0.462 -0.037 5.3 0.361 -0.146 0.181 0.052 -0.517
1.311 0.71 -0.094 0.09 0.361 2.5 0.078 0.365 0.409 -0.113
-0.472 -0.002 -0.52 -0.097 -0.146 0.078 7.72 0.016 -0.171 -0.578
0.666 0.391 -0.113 0.038 0.181 0.365 0.016 2.877 0.205 -0.131
0.243 0.369 -0.534 -0.044 0.052 0.409 -0.171 0.205 5.347 -0.598
-1.738 -0.333 -1.202 -0.275 -0.517 -0.113 -0.578 -0.131 -0.598 8.831

 Mean vectors and covariance matrices before rotation --- 2th cluster >>

 mean vector (mu'=Q*mu)>>
10.662 0 0 0 0 0 0 0 0 0

 covariance matrix (Sigma'=Q*Sigma*t(Q))>>

4.449 -0.616 0.963 0.662 0.481 -0.098 1.41 1.753 -0.04 0.019
-0.616 7.257 0.232 0.162 0.122 -0.019 0.338 0.428 0.002 0.005
0.963 0.232 2.162 0.319 0.288 0.022 0.572 0.822 0.154 0.009
0.662 0.162 0.319 2.727 0.223 0.015 0.45 0.642 0.114 0.007
0.481 0.122 0.288 0.223 3.512 0.01 0.407 0.576 0.094 0.006
-0.098 -0.019 0.022 0.015 0.01 8.083 0.032 0.039 -0.003 0
1.41 0.338 0.572 0.45 0.407 0.032 2.31 1.16 0.221 0.012
1.753 0.428 0.822 0.642 0.576 0.039 1.16 4.011 0.298 0.018
-0.04 0.002 0.154 0.114 0.094 -0.003 0.221 0.298 5.84 0.003
0.019 0.005 0.009 0.007 0.006 0 0.012 0.018 0.003 2.373

 Mean vectors and covariance matrices before rotation --- 3th cluster >>

 mean vector (mu'=Q*mu)>>
0 18.467 0 0 0 0 0 0 0 0

 covariance matrix (Sigma'=Q*Sigma*t(Q))>>

7.081 -0.104 -0.577 1.157 1.72 0.365 0.079 1.271 0.052 -0.748
-0.104 8.083 -0.056 0.218 0.326 0.109 0.058 0.24 0.056 -0.076
-0.577 -0.056 9.452 0.206 0.303 0.022 -0.033 0.226 -0.04 -0.203
1.157 0.218 0.206 2.29 0.555 0.405 0.341 0.401 0.351 0.237
1.72 0.326 0.303 0.555 3.021 0.609 0.512 0.611 0.526 0.349
0.365 0.109 0.022 0.405 0.609 6.903 0.21 0.445 0.212 0.012
0.079 0.058 -0.033 0.341 0.512 0.21 7.528 0.375 0.134 -0.053
1.271 0.24 0.226 0.401 0.611 0.445 0.375 2.39 0.386 0.26
0.052 0.056 -0.04 0.351 0.526 0.212 0.134 0.386 7.61 -0.062
-0.748 -0.076 -0.203 0.237 0.349 0.012 -0.053 0.26 -0.062 9.524

 Mean vectors and covariance matrices before rotation --- 4th cluster >>

 mean vector (mu'=Q*mu)>>
0 6.156 17.411 0 0 0 0 0 0 0

 covariance matrix (Sigma'=Q*Sigma*t(Q))>>

5.729 0.726 -0.165 -1.539 -0.603 0.071 1.006 -0.388 -0.201 0.532
0.726 3.752 -0.131 -0.873 -0.47 -0.08 0.232 -0.361 -0.113 -0.066
-0.165 -0.131 6.859 -0.387 -0.256 -0.081 -0.025 -0.213 -0.05 -0.168
-1.539 -0.873 -0.387 6.803 -1.373 -0.477 -0.308 -1.161 -0.253 -1.054
-0.603 -0.47 -0.256 -1.373 6.072 -0.289 -0.092 -0.758 -0.177 -0.601
0.071 -0.08 -0.081 -0.477 -0.289 4.987 0.042 -0.233 -0.062 -0.129
1.006 0.232 -0.025 -0.308 -0.092 0.042 1.885 -0.046 -0.04 0.19
-0.388 -0.361 -0.213 -1.161 -0.758 -0.233 -0.046 5.929 -0.149 -0.473
-0.201 -0.113 -0.05 -0.253 -0.177 -0.062 -0.04 -0.149 8.823 -0.136
0.532 -0.066 -0.168 -1.054 -0.601 -0.129 0.19 -0.473 -0.136 4.104

 Mean vectors and covariance matrices before rotation --- 5th cluster >>

 mean vector (mu'=Q*mu)>>
0 6.156 4.353 16.858 0 0 0 0 0 0

 covariance matrix (Sigma'=Q*Sigma*t(Q))>>

7.272 1.354 1.457 -0.196 -0.029 -0.613 0.297 -0.233 -1.267 1.062
1.354 2.963 1.048 0.269 0.511 0.697 0.258 0.129 0.673 0.646
1.457 1.048 5.108 0.305 0.607 0.78 0.333 0.134 0.696 0.861
-0.196 0.269 0.305 8.424 0.033 -0.045 0.065 -0.027 -0.149 0.214
-0.029 0.511 0.607 0.033 7.605 0.062 0.136 -0.014 -0.085 0.41
-0.613 0.697 0.78 -0.045 0.062 8.456 0.165 -0.082 -0.447 0.551
0.297 0.258 0.333 0.065 0.136 0.165 4.683 0.026 0.136 0.211
-0.233 0.129 0.134 -0.027 -0.014 -0.082 0.026 9.499 -0.152 0.1
-1.267 0.673 0.696 -0.149 -0.085 -0.447 0.136 -0.152 8.767 0.523
1.062 0.646 0.861 0.214 0.41 0.551 0.211 0.1 0.523 3.156

 Final eigenvalues for each cluster >> 
 (rows correspond to clusters)
10.163 10.073 7.946 6.722 5.293 5.251 5.088 3.084 2.675 1.854
8.086 7.675 7.371 5.811 3.316 2.478 2.373 2.353 1.756 1.505
9.78 9.612 8.893 8.068 7.478 7.392 6.608 2.176 1.949 1.925
8.856 8.772 6.983 6.931 6.556 5.062 4.282 3.722 2.172 1.607
9.586 9.527 9.157 8.618 8.435 7.469 4.604 3.733 2.623 2.181

 *************************************************

 ********************* rotation ******************

 *************************************************


 The orthogonal matrix Q >>
0.417 0.175 0.416 0.285 0.175 0.091 0.327 0.306 0.357 0.417
0.175 -0.979 0.051 0.035 0.022 0.011 0.04 0.038 0.044 0.051
0.416 0.051 -0.878 0.084 0.051 0.027 0.096 0.09 0.105 0.122
0.285 0.035 0.084 -0.943 0.035 0.018 0.066 0.062 0.072 0.084
0.175 0.022 0.051 0.035 -0.978 0.011 0.04 0.038 0.044 0.051
0.091 0.011 0.027 0.018 0.011 -0.994 0.021 0.02 0.023 0.027
0.327 0.04 0.096 0.066 0.04 0.021 -0.925 0.071 0.082 0.096
0.306 0.038 0.09 0.062 0.038 0.02 0.071 -0.934 0.077 0.09
0.357 0.044 0.105 0.072 0.044 0.023 0.082 0.077 -0.91 0.105
0.417 0.051 0.122 0.084 0.051 0.027 0.096 0.09 0.105 -0.877

 Mean vectors and covariance matrices after rotation --- 1th cluster >>

 mean vector (mu'=Q*mu)>>
-0.971 -1.861 -3.488 -4.451 -3.809 -4.45 -1.863 -3.041 -4.432 -3.259

 covariance matrix (Sigma'=Q*Sigma*t(Q))>>

2.237 0.353 -0.373 -0.775 -0.114 -0.584 0.104 -0.328 -0.588 -0.103
0.353 3.427 -0.341 -0.519 -0.061 -0.568 0.114 -0.285 -0.573 -0.017
-0.373 -0.341 7.872 -0.298 -0.114 -0.013 -0.123 -0.054 -0.047 -0.012
-0.775 -0.519 -0.298 4.731 -0.039 0.094 0.067 -0.339 -0.113 0.095
-0.114 -0.061 -0.114 -0.039 5.289 -0.12 0.018 -0.092 -0.155 0.073
-0.584 -0.568 -0.013 0.094 -0.12 10.026 -0.289 0.105 -0.126 0.181
0.104 0.114 -0.123 0.067 0.018 -0.289 5.281 -0.064 -0.283 0.112
-0.328 -0.285 -0.054 -0.339 -0.092 0.105 -0.064 6.646 0.054 -0.069
-0.588 -0.573 -0.047 -0.113 -0.155 -0.126 -0.283 0.054 9.946 0.114
-0.103 -0.017 -0.012 0.095 0.073 0.181 0.112 -0.069 0.114 2.694

 Mean vectors and covariance matrices after rotation --- 2th cluster >>

 mean vector (mu'=Q*mu)>>
0.971 1.861 3.488 4.451 3.809 4.45 1.863 3.041 4.432 3.259

 covariance matrix (Sigma'=Q*Sigma*t(Q))>>

8.074 -0.01 -0.091 -0.109 -0.027 0.079 -0.048 -0.034 -0.023 -0.17
-0.01 7.325 0.196 -0.228 0.06 0.276 0.061 0.151 0.267 0.116
-0.091 0.196 1.538 -0.056 -0.224 -0.124 0.024 -0.012 -0.006 0.102
-0.109 -0.228 -0.056 6.239 0.083 1.823 -0.177 0.298 0.846 -1.075
-0.027 0.06 -0.224 0.083 5.788 0.362 -0.112 -0.044 0.028 -0.486
0.079 0.276 -0.124 1.823 0.362 3.281 -0.03 0.157 0.349 -0.54
-0.048 0.061 0.024 -0.177 -0.112 -0.03 3.323 0.001 0.016 0.038
-0.034 0.151 -0.012 0.298 -0.044 0.157 0.001 2.508 0.083 -0.083
-0.023 0.267 -0.006 0.846 0.028 0.349 0.016 0.083 1.94 -0.145
-0.17 0.116 0.102 -1.075 -0.486 -0.54 0.038 -0.083 -0.145 2.708

 Mean vectors and covariance matrices after rotation --- 3th cluster >>

 mean vector (mu'=Q*mu)>>
0.207 -18.07 0.744 3.223 0.812 0.949 0.397 0.648 0.945 0.695

 covariance matrix (Sigma'=Q*Sigma*t(Q))>>

6.78 -0.013 -0.03 -0.543 -0.048 -0.248 0.321 0.165 -0.249 0.183
-0.013 8.068 0.007 -0.073 0.006 -0.052 -0.008 0.116 -0.056 0.121
-0.03 0.007 7.385 -0.062 -0.01 -0.066 -0.14 0.109 -0.092 0.109
-0.543 -0.073 -0.062 8.547 -0.049 -0.193 -0.848 0.569 -0.223 0.567
-0.048 0.006 -0.01 -0.049 7.466 -0.061 -0.179 0.108 -0.089 0.107
-0.248 -0.052 -0.066 -0.193 -0.061 9.724 -0.391 0.089 -0.062 0.08
0.321 -0.008 -0.14 -0.848 -0.179 -0.391 2.366 -0.071 -0.459 -0.069
0.165 0.116 0.109 0.569 0.108 0.089 -0.071 1.993 0.018 0.069
-0.249 -0.056 -0.092 -0.223 -0.089 -0.062 -0.459 0.018 9.533 0.003
0.183 0.121 0.109 0.567 0.107 0.08 -0.069 0.069 0.003 2.018

 Mean vectors and covariance matrices after rotation --- 4th cluster >>

 mean vector (mu'=Q*mu)>>
0.534 -5.132 1.918 8.311 2.095 2.447 1.025 1.672 -14.973 1.792

 covariance matrix (Sigma'=Q*Sigma*t(Q))>>

5.022 -0.067 0.08 0.288 -0.044 -0.032 -0.136 -0.213 -0.012 -0.098
-0.067 3.675 0.115 0.312 -0.29 -0.124 -0.28 -0.534 -0.243 -0.283
0.08 0.115 1.712 0.433 -0.32 0.141 0.291 0.369 -0.175 0.146
0.288 0.312 0.433 4.014 -1.219 0.546 1.148 1.549 -0.592 0.608
-0.044 -0.29 -0.32 -1.219 8.419 -0.305 0.193 0.408 -0.329 -0.025
-0.032 -0.124 0.141 0.546 -0.305 4.261 -0.021 -0.04 -0.141 -0.068
-0.136 -0.28 0.291 1.148 0.193 -0.021 6.53 -0.598 0.267 -0.212
-0.213 -0.534 0.369 1.549 0.408 -0.04 -0.598 8.115 0.534 -0.22
-0.012 -0.243 -0.175 -0.592 -0.329 -0.141 0.267 0.534 6.756 0.095
-0.098 -0.283 0.146 0.608 -0.025 -0.068 -0.212 -0.22 0.095 6.438

 Mean vectors and covariance matrices after rotation --- 5th cluster >>

 mean vector (mu'=Q*mu)>>
0.494 -5.209 1.775 7.692 1.939 2.265 0.948 -15.31 -2.097 1.659

 covariance matrix (Sigma'=Q*Sigma*t(Q))>>

8.495 0.587 0.259 -0.265 -0.299 0.621 0.075 0.017 0.744 -0.022
0.587 2.398 -0.228 -0.862 0.228 -0.069 0.18 -0.192 0.133 -0.379
0.259 -0.228 4.85 0.807 0.478 0.244 0.092 0.139 -0.015 0.079
-0.265 -0.862 0.807 8.563 -0.018 0.933 -0.333 -0.062 -0.318 -0.202
-0.299 0.228 0.478 -0.018 9.314 0.763 -0.048 0.07 0.52 0.055
0.621 -0.069 0.244 0.933 0.763 2.968 0.257 0.151 0.189 0
0.075 0.18 0.092 -0.333 -0.048 0.257 7.51 -0.044 0.252 -0.11
0.017 -0.192 0.139 -0.062 0.07 0.151 -0.044 8.425 -0.089 -0.048
0.744 0.133 -0.015 -0.318 0.52 0.189 0.252 -0.089 3.955 -0.321
-0.022 -0.379 0.079 -0.202 0.055 0 -0.11 -0.048 -0.321 9.452

 Final eigenvalues for each cluster >> 
 (rows correspond to clusters)
10.163 10.073 7.946 6.722 5.293 5.251 5.088 3.084 2.675 1.854
8.086 7.675 7.371 5.811 3.316 2.478 2.373 2.353 1.756 1.505
9.78 9.612 8.893 8.068 7.478 7.392 6.608 2.176 1.949 1.925
8.856 8.772 6.983 6.931 6.556 5.062 4.282 3.722 2.172 1.607
9.586 9.527 9.157 8.618 8.435 7.469 4.604 3.733 2.623 2.181

 theoretical Separation index matrix >>

-1 0.436 0.38 0.38 0.34
0.436 -1 0.34 0.458 0.424
0.38 0.34 -1 0.34 0.411
0.38 0.458 0.34 -1 0.361
0.34 0.424 0.411 0.361 -1

 theoretical projection directions >>

**** cluster 1 and 2
0.159 0.158 0.348 0.34 0.308 0.238 0.192 0.287 0.301 0.593

**** cluster 1 and 3
0.185 -0.743 0.144 0.296 0.198 0.131 0.208 0.194 0.141 0.385

**** cluster 1 and 4
0.195 -0.196 0.286 0.738 0.295 0.222 0.056 0.112 -0.298 0.238

**** cluster 1 and 5
0.177 -0.248 0.232 0.572 0.254 0.265 0.159 -0.531 0.112 0.266

**** cluster 2 and 3
-0.038 -0.807 -0.183 -0.057 -0.154 -0.161 -0.205 -0.263 -0.187 -0.339

**** cluster 2 and 4
-0.018 -0.185 -0.21 0.211 -0.056 -0.131 -0.025 -0.035 -0.922 -0.065

**** cluster 2 and 5
0.016 -0.236 -0.124 0.146 -0.03 -0.123 -0.016 -0.8 -0.494 -0.083

**** cluster 3 and 4
0.015 0.738 0.041 0.189 0.065 0.071 0.062 0.092 -0.624 0.082

**** cluster 3 and 5
0.011 0.557 0.051 0.173 0.034 0.056 0.032 -0.8 -0.1 0.045

**** cluster 4 and 5
-0.05 -0.059 0.046 0.101 0.01 -0.029 -0.067 -0.64 0.753 -0.012

 empirical Separation index matrix (alpha= 0.05 )>>

-1 0.509 0.392 0.401 0.466
0.509 -1 0.395 0.262 0.385
0.392 0.395 -1 0.292 0.46
0.401 0.262 0.292 -1 0.47
0.466 0.385 0.46 0.47 -1

 empirical projection directions >>

**** cluster 1 and 2
0.128 -0.561 0.141 0.236 0.096 0.128 0.612 0.159 0.039 0.407

**** cluster 1 and 3
0.114 -0.577 0.302 0.412 0.305 0.081 0.27 -0.421 0.045 0.201

**** cluster 1 and 4
0.061 -0.251 0.612 0.531 0.269 0.134 0.124 0.08 -0.296 0.279

**** cluster 1 and 5
0.106 0.223 0.382 0.36 0.327 0.144 0.352 0.346 0.118 0.528

**** cluster 2 and 3
0.048 0.457 0.161 0.218 -0.146 0.118 -0.03 -0.819 -0.044 0.079

**** cluster 2 and 4
0.105 0.74 0.142 0.229 -0.059 0.068 -0.086 -0.028 -0.551 0.222

**** cluster 2 and 5
0.12 0.715 0.386 -0.012 0.118 0.099 -0.11 0.373 0.3 0.244

**** cluster 3 and 4
-0.017 0.071 0.082 -0.242 -0.114 0.115 0.062 0.526 -0.781 -0.107

**** cluster 3 and 5
0.012 0.363 0.143 -0.105 0.041 0.002 -0.058 0.689 0.587 0.107

**** cluster 4 and 5
-0.048 0.301 0.343 -0.062 0.15 0.045 -0.004 0.201 0.848 -0.029
