
 Log information for the data set datasetJLG3v2nv0out0_1.dat >>

 alpha = 0.05 sepVal = 0.01

 Number of clusters >> 3

 cluster sizes >>
50 50 50

 Number of data points >> 150

 Number of dimensions >> 2

 Number of noisy dimensions >> 0

 noisy variables >>
0

 Number of outliers >> 0

 initial eigenvalues for each cluster >> 
 (rows correspond to clusters)
2.507 3.254
1.281 8.505
7.335 5.983

 Mean vectors and covariance matrices before rotation --- 1th cluster >>

 mean vector (mu'=Q*mu)>>
-5.167 0

 covariance matrix (Sigma'=Q*Sigma*t(Q))>>

5.854 -0.482
-0.482 7.256

 Mean vectors and covariance matrices before rotation --- 2th cluster >>

 mean vector (mu'=Q*mu)>>
5.167 0

 covariance matrix (Sigma'=Q*Sigma*t(Q))>>

5.162 -3.602
-3.602 4.623

 Mean vectors and covariance matrices before rotation --- 3th cluster >>

 mean vector (mu'=Q*mu)>>
0 8.949

 covariance matrix (Sigma'=Q*Sigma*t(Q))>>

7.108 0.506
0.506 6.21

 Final eigenvalues for each cluster >> 
 (rows correspond to clusters)
7.406 5.705
8.505 1.281
7.335 5.983

 *************************************************

 ********************* rotation ******************

 *************************************************


 The orthogonal matrix Q >>
0.738 0.675
0.675 -0.738

 Mean vectors and covariance matrices after rotation --- 1th cluster >>

 mean vector (mu'=Q*mu)>>
-3.811 -3.489

 covariance matrix (Sigma'=Q*Sigma*t(Q))>>

6.014 -0.656
-0.656 7.097

 Mean vectors and covariance matrices after rotation --- 2th cluster >>

 mean vector (mu'=Q*mu)>>
3.811 3.489

 covariance matrix (Sigma'=Q*Sigma*t(Q))>>

1.329 0.586
0.586 8.457

 Mean vectors and covariance matrices after rotation --- 3th cluster >>

 mean vector (mu'=Q*mu)>>
6.043 -6.601

 covariance matrix (Sigma'=Q*Sigma*t(Q))>>

7.202 0.403
0.403 6.116

 Final eigenvalues for each cluster >> 
 (rows correspond to clusters)
7.406 5.705
8.505 1.281
7.335 5.983

 theoretical Separation index matrix >>

-1 0.1 0.01
0.1 -1 0.01
0.01 0.01 -1

 theoretical projection directions >>

**** cluster 1 and 2
0.94 0.341

**** cluster 1 and 3
0.959 -0.284

**** cluster 2 and 3
0.426 -0.905

 empirical Separation index matrix (alpha= 0.05 )>>

-1 0.038 0.045
0.038 -1 0.092
0.045 0.092 -1

 empirical projection directions >>

**** cluster 1 and 2
-0.93 0.367

**** cluster 1 and 3
-0.556 0.831

**** cluster 2 and 3
0.896 0.444
