
 Log information for the data set datasetJMG2v10nv10out0_2.dat >>

 alpha = 0.05 sepVal = 0.21

 Number of clusters >> 2

 cluster sizes >>
50 50

 Number of data points >> 100

 Number of dimensions >> 20

 Number of noisy dimensions >> 10

 noisy variables >>
1 2 7 11 12 13 14 16 19 20

 Number of outliers >> 0

 initial eigenvalues for each cluster >> 
 (rows correspond to clusters)
6.803 5.996 2.707 1.82 4.353 9.344 8.851 3.271 3.941 2.805
9.523 4.813 3.652 9.678 6.758 2.596 9.403 2.36 1.803 8.964

 Mean vectors and covariance matrices before rotation --- 1th cluster >>

 mean vector (mu'=Q*mu)>>
-6.341 0 0 0 0 0 0 0 0 0 0 0 0 0 0 0 0 0 0 0

 covariance matrix (Sigma'=Q*Sigma*t(Q))>>

3.867 -0.164 0.679 0.05 0.036 -0.273 -0.597 0.804 0.31 0.531 0 0 0 0 0 0 0 0 0 0
-0.164 5.99 0.085 0.006 0.014 -0.02 -0.042 0.114 0.061 0.068 0 0 0 0 0 0 0 0 0 0
0.679 0.085 3.301 0.034 0.188 -0.011 -0.007 0.913 0.633 0.483 0 0 0 0 0 0 0 0 0 0
0.05 0.006 0.034 1.822 0.011 0 0.001 0.053 0.038 0.028 0 0 0 0 0 0 0 0 0 0
0.036 0.014 0.188 0.011 4.404 -0.016 -0.031 0.278 0.181 0.152 0 0 0 0 0 0 0 0 0 0
-0.273 -0.02 -0.011 0 -0.016 9.326 -0.041 -0.033 -0.04 -0.01 0 0 0 0 0 0 0 0 0 0
-0.597 -0.042 -0.007 0.001 -0.031 -0.041 8.758 -0.048 -0.073 -0.009 0 0 0 0 0 0 0 0 0 0
0.804 0.114 0.913 0.053 0.278 -0.033 -0.048 4.657 0.945 0.74 0 0 0 0 0 0 0 0 0 0
0.31 0.061 0.633 0.038 0.181 -0.04 -0.073 0.945 4.569 0.512 0 0 0 0 0 0 0 0 0 0
0.531 0.068 0.483 0.028 0.152 -0.01 -0.009 0.74 0.512 3.197 0 0 0 0 0 0 0 0 0 0
0 0 0 0 0 0 0 0 0 0 26.741 1.39 8.389 -2.151 -1.627 0.151 -0.675 0.868 -0.216 -0.092
0 0 0 0 0 0 0 0 0 0 1.39 17.067 1.237 0.481 0.38 0.04 0.427 0.234 0.189 0.023
0 0 0 0 0 0 0 0 0 0 8.389 1.237 9.726 3.159 2.481 0.183 2.508 1.07 1.091 0.147
0 0 0 0 0 0 0 0 0 0 -2.151 0.481 3.159 30.243 -0.934 0.048 -0.528 0.272 -0.196 -0.053
0 0 0 0 0 0 0 0 0 0 -1.627 0.38 2.481 -0.934 30.634 0.038 -0.397 0.217 -0.146 -0.041
0 0 0 0 0 0 0 0 0 0 0.151 0.04 0.183 0.048 0.038 20.478 0.048 0.031 0.022 0.002
0 0 0 0 0 0 0 0 0 0 -0.675 0.427 2.508 -0.528 -0.397 0.048 29.164 0.275 -0.032 -0.022
0 0 0 0 0 0 0 0 0 0 0.868 0.234 1.07 0.272 0.217 0.031 0.275 20.818 0.124 0.013
0 0 0 0 0 0 0 0 0 0 -0.216 0.189 1.091 -0.196 -0.146 0.022 -0.032 0.124 28.858 -0.008
0 0 0 0 0 0 0 0 0 0 -0.092 0.023 0.147 -0.053 -0.041 0.002 -0.022 0.013 -0.008 31.174

 Mean vectors and covariance matrices before rotation --- 2th cluster >>

 mean vector (mu'=Q*mu)>>
6.341 0 0 0 0 0 0 0 0 0 0 0 0 0 0 0 0 0 0 0

 covariance matrix (Sigma'=Q*Sigma*t(Q))>>

6.749 0.094 0.358 -0.41 0.015 0.885 -0.893 2.382 1.373 -1.107 0 0 0 0 0 0 0 0 0 0
0.094 4.822 0.027 0.012 0.005 0.058 0.034 0.151 0.083 0.061 0 0 0 0 0 0 0 0 0 0
0.358 0.027 3.73 0.047 0.016 0.166 0.126 0.435 0.237 0.219 0 0 0 0 0 0 0 0 0 0
-0.41 0.012 0.047 9.617 0.001 0.118 -0.132 0.319 0.185 -0.167 0 0 0 0 0 0 0 0 0 0
0.015 0.005 0.016 0.001 6.761 0.036 0.006 0.096 0.053 0.017 0 0 0 0 0 0 0 0 0 0
0.885 0.058 0.166 0.118 0.036 2.944 0.308 0.911 0.494 0.523 0 0 0 0 0 0 0 0 0 0
-0.893 0.034 0.126 -0.132 0.006 0.308 9.116 0.829 0.477 -0.35 0 0 0 0 0 0 0 0 0 0
2.382 0.151 0.435 0.319 0.096 0.911 0.829 4.742 1.289 1.401 0 0 0 0 0 0 0 0 0 0
1.373 0.083 0.237 0.185 0.053 0.494 0.477 1.289 2.499 0.799 0 0 0 0 0 0 0 0 0 0
-1.107 0.061 0.219 -0.167 0.017 0.523 -0.35 1.401 0.799 8.568 0 0 0 0 0 0 0 0 0 0
0 0 0 0 0 0 0 0 0 0 26.741 1.39 8.389 -2.151 -1.627 0.151 -0.675 0.868 -0.216 -0.092
0 0 0 0 0 0 0 0 0 0 1.39 17.067 1.237 0.481 0.38 0.04 0.427 0.234 0.189 0.023
0 0 0 0 0 0 0 0 0 0 8.389 1.237 9.726 3.159 2.481 0.183 2.508 1.07 1.091 0.147
0 0 0 0 0 0 0 0 0 0 -2.151 0.481 3.159 30.243 -0.934 0.048 -0.528 0.272 -0.196 -0.053
0 0 0 0 0 0 0 0 0 0 -1.627 0.38 2.481 -0.934 30.634 0.038 -0.397 0.217 -0.146 -0.041
0 0 0 0 0 0 0 0 0 0 0.151 0.04 0.183 0.048 0.038 20.478 0.048 0.031 0.022 0.002
0 0 0 0 0 0 0 0 0 0 -0.675 0.427 2.508 -0.528 -0.397 0.048 29.164 0.275 -0.032 -0.022
0 0 0 0 0 0 0 0 0 0 0.868 0.234 1.07 0.272 0.217 0.031 0.275 20.818 0.124 0.013
0 0 0 0 0 0 0 0 0 0 -0.216 0.189 1.091 -0.196 -0.146 0.022 -0.032 0.124 28.858 -0.008
0 0 0 0 0 0 0 0 0 0 -0.092 0.023 0.147 -0.053 -0.041 0.002 -0.022 0.013 -0.008 31.174

 Final eigenvalues for each cluster >> 
 (rows correspond to clusters)
31.467 31.347 31.177 29.898 29.289 28.863 20.635 20.473 16.78 9.344 8.851 6.803 5.996 4.975 4.353 3.941 3.271 2.805 2.707 1.82
31.467 31.347 31.177 29.898 29.289 28.863 20.635 20.473 16.78 9.678 9.523 9.403 8.964 6.758 4.975 4.813 3.652 2.596 2.36 1.803

 *************************************************

 ********************* rotation ******************

 *************************************************


 The orthogonal matrix Q >>
0.09 0.449 0.258 0.488 0.239 0.062 0.159 0.22 0.412 0.426
0.449 -0.815 0.106 0.201 0.098 0.026 0.065 0.091 0.17 0.175
0.258 0.106 -0.939 0.116 0.057 0.015 0.038 0.052 0.098 0.101
0.488 0.201 0.116 -0.782 0.107 0.028 0.071 0.098 0.185 0.191
0.239 0.098 0.057 0.107 -0.947 0.014 0.035 0.048 0.091 0.093
0.062 0.026 0.015 0.028 0.014 -0.996 0.009 0.013 0.024 0.024
0.159 0.065 0.038 0.071 0.035 0.009 -0.977 0.032 0.06 0.062
0.22 0.091 0.052 0.098 0.048 0.013 0.032 -0.956 0.083 0.086
0.412 0.17 0.098 0.185 0.091 0.024 0.06 0.083 -0.844 0.161
0.426 0.175 0.101 0.191 0.093 0.024 0.062 0.086 0.161 -0.834

 Mean vectors and covariance matrices after rotation --- 1th cluster >>

 mean vector (mu'=Q*mu)>>
0 0 -3.093 -1.517 -2.615 -0.569 0 -0.396 -1.007 -2.7 0 0 0 0 -1.638 0 -2.845 -1.394 0 0

 covariance matrix (Sigma'=Q*Sigma*t(Q))>>

30.634 -0.041 0 0 0 0 0.217 0 0 0 -0.934 -0.397 0.38 2.481 0 -1.627 0 0 0.038 -0.146
-0.041 31.174 0 0 0 0 0.013 0 0 0 -0.053 -0.022 0.023 0.147 0 -0.092 0 0 0.002 -0.008
0 0 3.097 0.252 0.201 1.762 0 0.115 0.264 0.404 0 0 0 0 -0.109 0 0.422 -0.502 0 0
0 0 0.252 4.334 -0.064 0.017 0 -0.009 -0.027 0.001 0 0 0 0 -0.086 0 -0.135 -0.168 0 0
0 0 0.201 -0.064 3.934 -0.286 0 -0.06 -0.149 0.031 0 0 0 0 0.027 0 -0.428 0.063 0 0
0 0 1.762 0.017 -0.286 5.151 0 -0.161 -0.381 0.379 0 0 0 0 -0.245 0 -0.28 -0.95 0 0
0.217 0.013 0 0 0 0 20.818 0 0 0 0.272 0.275 0.234 1.07 0 0.868 0 0 0.031 0.124
0 0 0.115 -0.009 -0.06 -0.161 0 9.335 -0.023 -0.004 0 0 0 0 -0.054 0 -0.011 -0.126 0 0
0 0 0.264 -0.027 -0.149 -0.381 0 -0.023 8.793 -0.02 0 0 0 0 -0.134 0 -0.047 -0.298 0 0
0 0 0.404 0.001 0.031 0.379 0 -0.004 -0.02 2.882 0 0 0 0 -0.033 0 -0.247 -0.077 0 0
-0.934 -0.053 0 0 0 0 0.272 0 0 0 30.243 -0.528 0.481 3.159 0 -2.151 0 0 0.048 -0.196
-0.397 -0.022 0 0 0 0 0.275 0 0 0 -0.528 29.164 0.427 2.508 0 -0.675 0 0 0.048 -0.032
0.38 0.023 0 0 0 0 0.234 0 0 0 0.481 0.427 17.067 1.237 0 1.39 0 0 0.04 0.189
2.481 0.147 0 0 0 0 1.07 0 0 0 3.159 2.508 1.237 9.726 0 8.389 0 0 0.183 1.091
0 0 -0.109 -0.086 0.027 -0.245 0 -0.054 -0.134 -0.033 0 0 0 0 2.791 0 -0.448 0.249 0 0
-1.627 -0.092 0 0 0 0 0.868 0 0 0 -2.151 -0.675 1.39 8.389 0 26.741 0 0 0.151 -0.216
0 0 0.422 -0.135 -0.428 -0.28 0 -0.011 -0.047 -0.247 0 0 0 0 -0.448 0 5.676 -0.738 0 0
0 0 -0.502 -0.168 0.063 -0.95 0 -0.126 -0.298 -0.077 0 0 0 0 0.249 0 -0.738 3.897 0 0
0.038 0.002 0 0 0 0 0.031 0 0 0 0.048 0.048 0.04 0.183 0 0.151 0 0 20.478 0.022
-0.146 -0.008 0 0 0 0 0.124 0 0 0 -0.196 -0.032 0.189 1.091 0 -0.216 0 0 0.022 28.858

 Mean vectors and covariance matrices after rotation --- 2th cluster >>

 mean vector (mu'=Q*mu)>>
0 0 3.093 1.517 2.615 0.569 0 0.396 1.007 2.7 0 0 0 0 1.638 0 2.845 1.394 0 0

 covariance matrix (Sigma'=Q*Sigma*t(Q))>>

30.634 -0.041 0 0 0 0 0.217 0 0 0 -0.934 -0.397 0.38 2.481 0 -1.627 0 0 0.038 -0.146
-0.041 31.174 0 0 0 0 0.013 0 0 0 -0.053 -0.022 0.023 0.147 0 -0.092 0 0 0.002 -0.008
0 0 9.09 -0.067 -0.173 -0.768 0 -0.578 0.009 -0.309 0 0 0 0 0.028 0 0.24 -1.425 0 0
0 0 -0.067 6.821 0.039 0.266 0 -0.281 0.138 0.114 0 0 0 0 0.108 0 0.293 -0.673 0 0
0 0 -0.173 0.039 2.271 1.268 0 -0.084 0.625 0.756 0 0 0 0 0.267 0 0.357 -0.146 0 0
0 0 -0.768 0.266 1.268 7.784 0 -0.566 -0.31 -0.708 0 0 0 0 0.749 0 1.36 -1.145 0 0
0.217 0.013 0 0 0 0 20.818 0 0 0 0.272 0.275 0.234 1.07 0 0.868 0 0 0.031 0.124
0 0 -0.578 -0.281 -0.084 -0.566 0 2.774 0.122 -0.044 0 0 0 0 -0.17 0 -0.492 0.405 0 0
0 0 0.009 0.138 0.625 -0.31 0 0.122 9.264 -0.123 0 0 0 0 0.285 0 0.396 0.403 0 0
0 0 -0.309 0.114 0.756 -0.708 0 -0.044 -0.123 8.722 0 0 0 0 0.37 0 0.553 0.022 0 0
-0.934 -0.053 0 0 0 0 0.272 0 0 0 30.243 -0.528 0.481 3.159 0 -2.151 0 0 0.048 -0.196
-0.397 -0.022 0 0 0 0 0.275 0 0 0 -0.528 29.164 0.427 2.508 0 -0.675 0 0 0.048 -0.032
0.38 0.023 0 0 0 0 0.234 0 0 0 0.481 0.427 17.067 1.237 0 1.39 0 0 0.04 0.189
2.481 0.147 0 0 0 0 1.07 0 0 0 3.159 2.508 1.237 9.726 0 8.389 0 0 0.183 1.091
0 0 0.028 0.108 0.267 0.749 0 -0.17 0.285 0.37 0 0 0 0 3.858 0 0.387 -0.372 0 0
-1.627 -0.092 0 0 0 0 0.868 0 0 0 -2.151 -0.675 1.39 8.389 0 26.741 0 0 0.151 -0.216
0 0 0.24 0.293 0.357 1.36 0 -0.492 0.396 0.553 0 0 0 0 0.387 0 5.688 -1.131 0 0
0 0 -1.425 -0.673 -0.146 -1.145 0 0.405 0.403 0.022 0 0 0 0 -0.372 0 -1.131 3.277 0 0
0.038 0.002 0 0 0 0 0.031 0 0 0 0.048 0.048 0.04 0.183 0 0.151 0 0 20.478 0.022
-0.146 -0.008 0 0 0 0 0.124 0 0 0 -0.196 -0.032 0.189 1.091 0 -0.216 0 0 0.022 28.858

 Final eigenvalues for each cluster >> 
 (rows correspond to clusters)
31.467 31.347 31.177 29.898 29.289 28.863 20.635 20.473 16.78 9.344 8.851 6.803 5.996 4.975 4.353 3.941 3.271 2.805 2.707 1.82
31.467 31.347 31.177 29.898 29.289 28.863 20.635 20.473 16.78 9.678 9.523 9.403 8.964 6.758 4.975 4.813 3.652 2.596 2.36 1.803

 theoretical Separation index matrix >>

-1 0.21
0.21 -1

 theoretical projection directions >>

**** cluster 1 and 2
0 0 0.388 0.203 0.5 0.036 0 0.078 0.045 0.259 0 0 0 0 0.307 0 0.381 0.492 0 0

 empirical Separation index matrix (alpha= 0.05 )>>

-1 0.252
0.252 -1

 empirical projection directions >>

**** cluster 1 and 2
0.008 -0.016 0.284 0.199 0.419 0.206 -0.057 0.042 -0.088 0.177 -0.004 0.007 0.014 -0.021 0.337 0.02 0.433 0.56 -0.028 -0.014
