
 Log information for the data set datasetJLG5v2nv10out0_1.dat >>

 alpha = 0.05 sepVal = 0.01

 Number of clusters >> 5

 cluster sizes >>
50 50 50 50 50

 Number of data points >> 250

 Number of dimensions >> 12

 Number of noisy dimensions >> 10

 noisy variables >>
2 3 4 5 6 7 8 9 11 12

 Number of outliers >> 0

 initial eigenvalues for each cluster >> 
 (rows correspond to clusters)
7.265 6.886
5.357 5.106
4.262 8.185
6.577 6.553
9.742 1.788

 Mean vectors and covariance matrices before rotation --- 1th cluster >>

 mean vector (mu'=Q*mu)>>
-5.431 0 3.767 4.751 4.188 3.872 4.231 4.743 5.205 4.484 5.363 4.843

 covariance matrix (Sigma'=Q*Sigma*t(Q))>>

9.577 0.171 0 0 0 0 0 0 0 0 0 0
0.171 9.209 0 0 0 0 0 0 0 0 0 0
0 0 48.912 -2.152 0.757 1.53 4.723 6.155 -4.682 -4.646 -4.022 0.376
0 0 -2.152 48.725 -2.016 -1.214 -1.105 -1.224 -4.834 -5.193 -4.324 -0.336
0 0 0.757 -2.016 45.162 -0.301 0.072 0.175 -2.314 -2.446 -2.052 -0.088
0 0 1.53 -1.214 -0.301 41.592 0.391 0.552 -1.559 -1.626 -1.374 -0.018
0 0 4.723 -1.105 0.072 0.391 37.231 1.888 -1.932 -1.951 -1.675 0.093
0 0 6.155 -1.224 0.175 0.552 1.888 37.561 -2.283 -2.292 -1.973 0.133
0 0 -4.682 -4.834 -2.314 -1.559 -1.932 -2.283 58.415 -4.944 -4.093 -0.425
0 0 -4.646 -5.193 -2.446 -1.626 -1.951 -2.292 -4.944 55.802 -4.446 -0.444
0 0 -4.022 -4.324 -2.052 -1.374 -1.675 -1.973 -4.093 -4.446 58.325 -0.374
0 0 0.376 -0.336 -0.088 -0.018 0.093 0.133 -0.425 -0.444 -0.374 42.164

 Mean vectors and covariance matrices before rotation --- 2th cluster >>

 mean vector (mu'=Q*mu)>>
5.431 0 3.767 4.751 4.188 3.872 4.231 4.743 5.205 4.484 5.363 4.843

 covariance matrix (Sigma'=Q*Sigma*t(Q))>>

5.186 0.117 0 0 0 0 0 0 0 0 0 0
0.117 5.277 0 0 0 0 0 0 0 0 0 0
0 0 48.912 -2.152 0.757 1.53 4.723 6.155 -4.682 -4.646 -4.022 0.376
0 0 -2.152 48.725 -2.016 -1.214 -1.105 -1.224 -4.834 -5.193 -4.324 -0.336
0 0 0.757 -2.016 45.162 -0.301 0.072 0.175 -2.314 -2.446 -2.052 -0.088
0 0 1.53 -1.214 -0.301 41.592 0.391 0.552 -1.559 -1.626 -1.374 -0.018
0 0 4.723 -1.105 0.072 0.391 37.231 1.888 -1.932 -1.951 -1.675 0.093
0 0 6.155 -1.224 0.175 0.552 1.888 37.561 -2.283 -2.292 -1.973 0.133
0 0 -4.682 -4.834 -2.314 -1.559 -1.932 -2.283 58.415 -4.944 -4.093 -0.425
0 0 -4.646 -5.193 -2.446 -1.626 -1.951 -2.292 -4.944 55.802 -4.446 -0.444
0 0 -4.022 -4.324 -2.052 -1.374 -1.675 -1.973 -4.093 -4.446 58.325 -0.374
0 0 0.376 -0.336 -0.088 -0.018 0.093 0.133 -0.425 -0.444 -0.374 42.164

 Mean vectors and covariance matrices before rotation --- 3th cluster >>

 mean vector (mu'=Q*mu)>>
0 9.406 3.767 4.751 4.188 3.872 4.231 4.743 5.205 4.484 5.363 4.843

 covariance matrix (Sigma'=Q*Sigma*t(Q))>>

4.793 -1.343 0 0 0 0 0 0 0 0 0 0
-1.343 7.654 0 0 0 0 0 0 0 0 0 0
0 0 48.912 -2.152 0.757 1.53 4.723 6.155 -4.682 -4.646 -4.022 0.376
0 0 -2.152 48.725 -2.016 -1.214 -1.105 -1.224 -4.834 -5.193 -4.324 -0.336
0 0 0.757 -2.016 45.162 -0.301 0.072 0.175 -2.314 -2.446 -2.052 -0.088
0 0 1.53 -1.214 -0.301 41.592 0.391 0.552 -1.559 -1.626 -1.374 -0.018
0 0 4.723 -1.105 0.072 0.391 37.231 1.888 -1.932 -1.951 -1.675 0.093
0 0 6.155 -1.224 0.175 0.552 1.888 37.561 -2.283 -2.292 -1.973 0.133
0 0 -4.682 -4.834 -2.314 -1.559 -1.932 -2.283 58.415 -4.944 -4.093 -0.425
0 0 -4.646 -5.193 -2.446 -1.626 -1.951 -2.292 -4.944 55.802 -4.446 -0.444
0 0 -4.022 -4.324 -2.052 -1.374 -1.675 -1.973 -4.093 -4.446 58.325 -0.374
0 0 0.376 -0.336 -0.088 -0.018 0.093 0.133 -0.425 -0.444 -0.374 42.164

 Mean vectors and covariance matrices before rotation --- 4th cluster >>

 mean vector (mu'=Q*mu)>>
16.292 0 3.767 4.751 4.188 3.872 4.231 4.743 5.205 4.484 5.363 4.843

 covariance matrix (Sigma'=Q*Sigma*t(Q))>>

9.953 0.001 0 0 0 0 0 0 0 0 0 0
0.001 9.917 0 0 0 0 0 0 0 0 0 0
0 0 48.912 -2.152 0.757 1.53 4.723 6.155 -4.682 -4.646 -4.022 0.376
0 0 -2.152 48.725 -2.016 -1.214 -1.105 -1.224 -4.834 -5.193 -4.324 -0.336
0 0 0.757 -2.016 45.162 -0.301 0.072 0.175 -2.314 -2.446 -2.052 -0.088
0 0 1.53 -1.214 -0.301 41.592 0.391 0.552 -1.559 -1.626 -1.374 -0.018
0 0 4.723 -1.105 0.072 0.391 37.231 1.888 -1.932 -1.951 -1.675 0.093
0 0 6.155 -1.224 0.175 0.552 1.888 37.561 -2.283 -2.292 -1.973 0.133
0 0 -4.682 -4.834 -2.314 -1.559 -1.932 -2.283 58.415 -4.944 -4.093 -0.425
0 0 -4.646 -5.193 -2.446 -1.626 -1.951 -2.292 -4.944 55.802 -4.446 -0.444
0 0 -4.022 -4.324 -2.052 -1.374 -1.675 -1.973 -4.093 -4.446 58.325 -0.374
0 0 0.376 -0.336 -0.088 -0.018 0.093 0.133 -0.425 -0.444 -0.374 42.164

 Mean vectors and covariance matrices before rotation --- 5th cluster >>

 mean vector (mu'=Q*mu)>>
10.861 9.406 3.767 4.751 4.188 3.872 4.231 4.743 5.205 4.484 5.363 4.843

 covariance matrix (Sigma'=Q*Sigma*t(Q))>>

4.03 3.579 0 0 0 0 0 0 0 0 0 0
3.579 7.499 0 0 0 0 0 0 0 0 0 0
0 0 48.912 -2.152 0.757 1.53 4.723 6.155 -4.682 -4.646 -4.022 0.376
0 0 -2.152 48.725 -2.016 -1.214 -1.105 -1.224 -4.834 -5.193 -4.324 -0.336
0 0 0.757 -2.016 45.162 -0.301 0.072 0.175 -2.314 -2.446 -2.052 -0.088
0 0 1.53 -1.214 -0.301 41.592 0.391 0.552 -1.559 -1.626 -1.374 -0.018
0 0 4.723 -1.105 0.072 0.391 37.231 1.888 -1.932 -1.951 -1.675 0.093
0 0 6.155 -1.224 0.175 0.552 1.888 37.561 -2.283 -2.292 -1.973 0.133
0 0 -4.682 -4.834 -2.314 -1.559 -1.932 -2.283 58.415 -4.944 -4.093 -0.425
0 0 -4.646 -5.193 -2.446 -1.626 -1.951 -2.292 -4.944 55.802 -4.446 -0.444
0 0 -4.022 -4.324 -2.052 -1.374 -1.675 -1.973 -4.093 -4.446 58.325 -0.374
0 0 0.376 -0.336 -0.088 -0.018 0.093 0.133 -0.425 -0.444 -0.374 42.164

 Final eigenvalues for each cluster >> 
 (rows correspond to clusters)
62.963 62.007 61.168 53.464 45.846 42.17 41.635 35.796 35.086 33.753 9.644 9.142
62.963 62.007 61.168 53.464 45.846 42.17 41.635 35.796 35.086 33.753 5.357 5.106
62.963 62.007 61.168 53.464 45.846 42.17 41.635 35.796 35.086 33.753 8.185 4.262
62.963 62.007 61.168 53.464 45.846 42.17 41.635 35.796 35.086 33.753 9.953 9.917
62.963 62.007 61.168 53.464 45.846 42.17 41.635 35.796 35.086 33.753 9.742 1.788

 *************************************************

 ********************* rotation ******************

 *************************************************


 The orthogonal matrix Q >>
0.988 0.152
0.152 -0.988

 Mean vectors and covariance matrices after rotation --- 1th cluster >>

 mean vector (mu'=Q*mu)>>
-0.823 4.484 5.205 4.743 4.843 3.872 3.767 5.363 4.188 -5.368 4.751 4.231

 covariance matrix (Sigma'=Q*Sigma*t(Q))>>

9.166 0 0 0 0 0 0 0 0 -0.108 0 0
0 55.802 -4.944 -2.292 -0.444 -1.626 -4.646 -4.446 -2.446 0 -5.193 -1.951
0 -4.944 58.415 -2.283 -0.425 -1.559 -4.682 -4.093 -2.314 0 -4.834 -1.932
0 -2.292 -2.283 37.561 0.133 0.552 6.155 -1.973 0.175 0 -1.224 1.888
0 -0.444 -0.425 0.133 42.164 -0.018 0.376 -0.374 -0.088 0 -0.336 0.093
0 -1.626 -1.559 0.552 -0.018 41.592 1.53 -1.374 -0.301 0 -1.214 0.391
0 -4.646 -4.682 6.155 0.376 1.53 48.912 -4.022 0.757 0 -2.152 4.723
0 -4.446 -4.093 -1.973 -0.374 -1.374 -4.022 58.325 -2.052 0 -4.324 -1.675
0 -2.446 -2.314 0.175 -0.088 -0.301 0.757 -2.052 45.162 0 -2.016 0.072
-0.108 0 0 0 0 0 0 0 0 9.62 0 0
0 -5.193 -4.834 -1.224 -0.336 -1.214 -2.152 -4.324 -2.016 0 48.725 -1.105
0 -1.951 -1.932 1.888 0.093 0.391 4.723 -1.675 0.072 0 -1.105 37.231

 Mean vectors and covariance matrices after rotation --- 2th cluster >>

 mean vector (mu'=Q*mu)>>
0.823 4.484 5.205 4.743 4.843 3.872 3.767 5.363 4.188 5.368 4.751 4.231

 covariance matrix (Sigma'=Q*Sigma*t(Q))>>

5.24 0 0 0 0 0 0 0 0 -0.125 0 0
0 55.802 -4.944 -2.292 -0.444 -1.626 -4.646 -4.446 -2.446 0 -5.193 -1.951
0 -4.944 58.415 -2.283 -0.425 -1.559 -4.682 -4.093 -2.314 0 -4.834 -1.932
0 -2.292 -2.283 37.561 0.133 0.552 6.155 -1.973 0.175 0 -1.224 1.888
0 -0.444 -0.425 0.133 42.164 -0.018 0.376 -0.374 -0.088 0 -0.336 0.093
0 -1.626 -1.559 0.552 -0.018 41.592 1.53 -1.374 -0.301 0 -1.214 0.391
0 -4.646 -4.682 6.155 0.376 1.53 48.912 -4.022 0.757 0 -2.152 4.723
0 -4.446 -4.093 -1.973 -0.374 -1.374 -4.022 58.325 -2.052 0 -4.324 -1.675
0 -2.446 -2.314 0.175 -0.088 -0.301 0.757 -2.052 45.162 0 -2.016 0.072
-0.125 0 0 0 0 0 0 0 0 5.223 0 0
0 -5.193 -4.834 -1.224 -0.336 -1.214 -2.152 -4.324 -2.016 0 48.725 -1.105
0 -1.951 -1.932 1.888 0.093 0.391 4.723 -1.675 0.072 0 -1.105 37.231

 Mean vectors and covariance matrices after rotation --- 3th cluster >>

 mean vector (mu'=Q*mu)>>
-9.297 4.484 5.205 4.743 4.843 3.872 3.767 5.363 4.188 1.426 4.751 4.231

 covariance matrix (Sigma'=Q*Sigma*t(Q))>>

7.991 0 0 0 0 0 0 0 0 0.853 0 0
0 55.802 -4.944 -2.292 -0.444 -1.626 -4.646 -4.446 -2.446 0 -5.193 -1.951
0 -4.944 58.415 -2.283 -0.425 -1.559 -4.682 -4.093 -2.314 0 -4.834 -1.932
0 -2.292 -2.283 37.561 0.133 0.552 6.155 -1.973 0.175 0 -1.224 1.888
0 -0.444 -0.425 0.133 42.164 -0.018 0.376 -0.374 -0.088 0 -0.336 0.093
0 -1.626 -1.559 0.552 -0.018 41.592 1.53 -1.374 -0.301 0 -1.214 0.391
0 -4.646 -4.682 6.155 0.376 1.53 48.912 -4.022 0.757 0 -2.152 4.723
0 -4.446 -4.093 -1.973 -0.374 -1.374 -4.022 58.325 -2.052 0 -4.324 -1.675
0 -2.446 -2.314 0.175 -0.088 -0.301 0.757 -2.052 45.162 0 -2.016 0.072
0.853 0 0 0 0 0 0 0 0 4.457 0 0
0 -5.193 -4.834 -1.224 -0.336 -1.214 -2.152 -4.324 -2.016 0 48.725 -1.105
0 -1.951 -1.932 1.888 0.093 0.391 4.723 -1.675 0.072 0 -1.105 37.231

 Mean vectors and covariance matrices after rotation --- 4th cluster >>

 mean vector (mu'=Q*mu)>>
2.47 4.484 5.205 4.743 4.843 3.872 3.767 5.363 4.188 16.104 4.751 4.231

 covariance matrix (Sigma'=Q*Sigma*t(Q))>>

9.918 0 0 0 0 0 0 0 0 0.004 0 0
0 55.802 -4.944 -2.292 -0.444 -1.626 -4.646 -4.446 -2.446 0 -5.193 -1.951
0 -4.944 58.415 -2.283 -0.425 -1.559 -4.682 -4.093 -2.314 0 -4.834 -1.932
0 -2.292 -2.283 37.561 0.133 0.552 6.155 -1.973 0.175 0 -1.224 1.888
0 -0.444 -0.425 0.133 42.164 -0.018 0.376 -0.374 -0.088 0 -0.336 0.093
0 -1.626 -1.559 0.552 -0.018 41.592 1.53 -1.374 -0.301 0 -1.214 0.391
0 -4.646 -4.682 6.155 0.376 1.53 48.912 -4.022 0.757 0 -2.152 4.723
0 -4.446 -4.093 -1.973 -0.374 -1.374 -4.022 58.325 -2.052 0 -4.324 -1.675
0 -2.446 -2.314 0.175 -0.088 -0.301 0.757 -2.052 45.162 0 -2.016 0.072
0.004 0 0 0 0 0 0 0 0 9.953 0 0
0 -5.193 -4.834 -1.224 -0.336 -1.214 -2.152 -4.324 -2.016 0 48.725 -1.105
0 -1.951 -1.932 1.888 0.093 0.391 4.723 -1.675 0.072 0 -1.105 37.231

 Mean vectors and covariance matrices after rotation --- 5th cluster >>

 mean vector (mu'=Q*mu)>>
-7.651 4.484 5.205 4.743 4.843 3.872 3.767 5.363 4.188 12.162 4.751 4.231

 covariance matrix (Sigma'=Q*Sigma*t(Q))>>

6.347 0 0 0 0 0 0 0 0 -3.934 0 0
0 55.802 -4.944 -2.292 -0.444 -1.626 -4.646 -4.446 -2.446 0 -5.193 -1.951
0 -4.944 58.415 -2.283 -0.425 -1.559 -4.682 -4.093 -2.314 0 -4.834 -1.932
0 -2.292 -2.283 37.561 0.133 0.552 6.155 -1.973 0.175 0 -1.224 1.888
0 -0.444 -0.425 0.133 42.164 -0.018 0.376 -0.374 -0.088 0 -0.336 0.093
0 -1.626 -1.559 0.552 -0.018 41.592 1.53 -1.374 -0.301 0 -1.214 0.391
0 -4.646 -4.682 6.155 0.376 1.53 48.912 -4.022 0.757 0 -2.152 4.723
0 -4.446 -4.093 -1.973 -0.374 -1.374 -4.022 58.325 -2.052 0 -4.324 -1.675
0 -2.446 -2.314 0.175 -0.088 -0.301 0.757 -2.052 45.162 0 -2.016 0.072
-3.934 0 0 0 0 0 0 0 0 5.182 0 0
0 -5.193 -4.834 -1.224 -0.336 -1.214 -2.152 -4.324 -2.016 0 48.725 -1.105
0 -1.951 -1.932 1.888 0.093 0.391 4.723 -1.675 0.072 0 -1.105 37.231

 Final eigenvalues for each cluster >> 
 (rows correspond to clusters)
62.963 62.007 61.168 53.464 45.846 42.17 41.635 35.796 35.086 33.753 9.644 9.142
62.963 62.007 61.168 53.464 45.846 42.17 41.635 35.796 35.086 33.753 5.357 5.106
62.963 62.007 61.168 53.464 45.846 42.17 41.635 35.796 35.086 33.753 8.185 4.262
62.963 62.007 61.168 53.464 45.846 42.17 41.635 35.796 35.086 33.753 9.953 9.917
62.963 62.007 61.168 53.464 45.846 42.17 41.635 35.796 35.086 33.753 9.742 1.788

 theoretical Separation index matrix >>

-1 0.016 0.01 0.279 0.25
0.016 -1 0.041 0.01 0.01
0.01 0.041 -1 0.256 0.152
0.279 0.01 0.256 -1 0.072
0.25 0.01 0.152 0.072 -1

 theoretical projection directions >>

**** cluster 1 and 2
0.171 0 0 0 0 0 0 0 0 0.985 0 0

**** cluster 1 and 3
-0.696 0 0 0 0 0 0 0 0 0.718 0 0

**** cluster 1 and 4
0.161 0 0 0 0 0 0 0 0 0.987 0 0

**** cluster 1 and 5
-0.076 0 0 0 0 0 0 0 0 0.997 0 0

**** cluster 2 and 3
-0.907 0 0 0 0 0 0 0 0 -0.421 0 0

**** cluster 2 and 4
0.161 0 0 0 0 0 0 0 0 0.987 0 0

**** cluster 2 and 5
-0.802 0 0 0 0 0 0 0 0 0.597 0 0

**** cluster 3 and 4
0.511 0 0 0 0 0 0 0 0 0.859 0 0

**** cluster 3 and 5
0.344 0 0 0 0 0 0 0 0 0.939 0 0

**** cluster 4 and 5
-0.811 0 0 0 0 0 0 0 0 -0.585 0 0

 empirical Separation index matrix (alpha= 0.05 )>>

-1 0.276 0.334 0.048 0.044
0.276 -1 0.169 0.062 0.218
0.334 0.169 -1 0.029 0.327
0.048 0.062 0.029 -1 0.053
0.044 0.218 0.327 0.053 -1

 empirical projection directions >>

**** cluster 1 and 2
-0.09 0.013 0.039 0.029 0.016 -0.002 -0.023 0.025 0.02 0.993 -0.001 0.04

**** cluster 1 and 3
0.284 0.099 0.118 0.092 -0.094 0.046 0.048 -0.005 0.021 0.932 0.065 -0.01

**** cluster 1 and 4
0.185 0.071 0.018 0.035 -0.055 0.051 -0.041 -0.025 -0.03 0.969 0.081 0.063

**** cluster 1 and 5
-0.705 -0.051 0.021 -0.075 -0.014 0.077 -0.01 -0.001 -0.061 0.696 0.008 0.015

**** cluster 2 and 3
0.816 0.009 0.05 0.012 -0.081 0.028 0.055 0.033 0.073 0.56 0.031 -0.011

**** cluster 2 and 4
0.83 0.035 -0.03 0.031 -0.092 0.073 -0.039 -0.04 0.021 -0.538 0.019 0.008

**** cluster 2 and 5
-0.247 -0.019 -0.019 -0.029 0.015 0.004 0.014 -0.012 -0.069 -0.963 0.05 0.04

**** cluster 3 and 4
-0.288 -0.013 -0.029 0.063 0.013 0.024 -0.083 -0.031 -0.036 -0.949 -0.035 0.009

**** cluster 3 and 5
-0.474 -0.065 -0.041 -0.044 0.113 0.019 -0.064 -0.017 -0.07 -0.861 0.004 0.06

**** cluster 4 and 5
-0.877 -0.094 0.031 -0.031 0.08 0.005 0.022 0.034 -0.045 -0.458 -0.007 -0.011
