
 Log information for the data set datasetJMG5v5nv10out0_1.dat >>

 alpha = 0.05 sepVal = 0.21

 Number of clusters >> 5

 cluster sizes >>
50 50 50 50 50

 Number of data points >> 250

 Number of dimensions >> 15

 Number of noisy dimensions >> 10

 noisy variables >>
2 4 5 6 7 8 9 12 13 15

 Number of outliers >> 0

 initial eigenvalues for each cluster >> 
 (rows correspond to clusters)
8.864 7.731 2.369 7.067 8.396
1.905 7.251 6.319 1.072 8.841
6.94 5.756 6.781 6.555 2.117
4.81 9.583 4.43 7.469 3.511
1.959 6.794 1.184 3.211 8.953

 Mean vectors and covariance matrices before rotation --- 1th cluster >>

 mean vector (mu'=Q*mu)>>
-7.742 0 0 0 0 0.11 3.21 4.14 0.112 0.006 3.83 2.632 0.235 0.983 4.129

 covariance matrix (Sigma'=Q*Sigma*t(Q))>>

6.774 -0.183 2.312 0.145 -0.255 0 0 0 0 0 0 0 0 0 0
-0.183 7.932 1.162 0.248 0.017 0 0 0 0 0 0 0 0 0 0
2.312 1.162 4.036 0.879 0.456 0 0 0 0 0 0 0 0 0 0
0.145 0.248 0.879 7.312 0.06 0 0 0 0 0 0 0 0 0 0
-0.255 0.017 0.456 0.06 8.372 0 0 0 0 0 0 0 0 0 0
0 0 0 0 0 23.422 -4.669 -1.189 3.13 0.765 1.191 -1.097 2.205 0.985 1.228
0 0 0 0 0 -4.669 25.469 -3.842 -2.3 -0.743 -1.01 -3.077 -2.711 -0.056 -0.562
0 0 0 0 0 -1.189 -3.842 24.33 -0.687 -0.254 -0.326 -1.615 -1.006 0.103 -0.107
0 0 0 0 0 3.13 -2.3 -0.687 17.625 0.288 0.456 -0.612 0.805 0.415 0.493
0 0 0 0 0 0.765 -0.743 -0.254 0.288 17.564 0.106 -0.22 0.17 0.111 0.124
0 0 0 0 0 1.191 -1.01 -0.326 0.456 0.106 17.148 -0.285 0.286 0.165 0.19
0 0 0 0 0 -1.097 -3.077 -1.615 -0.612 -0.22 -0.285 25.594 -0.858 0.069 -0.106
0 0 0 0 0 2.205 -2.711 -1.006 0.805 0.17 0.286 -0.858 18.757 0.352 0.366
0 0 0 0 0 0.985 -0.056 0.103 0.415 0.111 0.165 0.069 0.352 8.291 0.144
0 0 0 0 0 1.228 -0.562 -0.107 0.493 0.124 0.19 -0.106 0.366 0.144 14.634

 Mean vectors and covariance matrices before rotation --- 2th cluster >>

 mean vector (mu'=Q*mu)>>
7.742 0 0 0 0 0.11 3.21 4.14 0.112 0.006 3.83 2.632 0.235 0.983 4.129

 covariance matrix (Sigma'=Q*Sigma*t(Q))>>

4.774 -2.825 -0.982 1.544 -0.067 0 0 0 0 0 0 0 0 0 0
-2.825 5.649 -1.183 -0.863 -0.056 0 0 0 0 0 0 0 0 0 0
-0.982 -1.183 6.944 -0.274 -0.024 0 0 0 0 0 0 0 0 0 0
1.544 -0.863 -0.274 2.077 -0.022 0 0 0 0 0 0 0 0 0 0
-0.067 -0.056 -0.024 -0.022 10.387 0 0 0 0 0 0 0 0 0 0
0 0 0 0 0 23.422 -4.669 -1.189 3.13 0.765 1.191 -1.097 2.205 0.985 1.228
0 0 0 0 0 -4.669 25.469 -3.842 -2.3 -0.743 -1.01 -3.077 -2.711 -0.056 -0.562
0 0 0 0 0 -1.189 -3.842 24.33 -0.687 -0.254 -0.326 -1.615 -1.006 0.103 -0.107
0 0 0 0 0 3.13 -2.3 -0.687 17.625 0.288 0.456 -0.612 0.805 0.415 0.493
0 0 0 0 0 0.765 -0.743 -0.254 0.288 17.564 0.106 -0.22 0.17 0.111 0.124
0 0 0 0 0 1.191 -1.01 -0.326 0.456 0.106 17.148 -0.285 0.286 0.165 0.19
0 0 0 0 0 -1.097 -3.077 -1.615 -0.612 -0.22 -0.285 25.594 -0.858 0.069 -0.106
0 0 0 0 0 2.205 -2.711 -1.006 0.805 0.17 0.286 -0.858 18.757 0.352 0.366
0 0 0 0 0 0.985 -0.056 0.103 0.415 0.111 0.165 0.069 0.352 8.291 0.144
0 0 0 0 0 1.228 -0.562 -0.107 0.493 0.124 0.19 -0.106 0.366 0.144 14.634

 Mean vectors and covariance matrices before rotation --- 3th cluster >>

 mean vector (mu'=Q*mu)>>
0 13.409 0 0 0 0.11 3.21 4.14 0.112 0.006 3.83 2.632 0.235 0.983 4.129

 covariance matrix (Sigma'=Q*Sigma*t(Q))>>

6.566 0.269 -0.016 0.105 0.103 0 0 0 0 0 0 0 0 0 0
0.269 5.88 0.036 0.22 0.026 0 0 0 0 0 0 0 0 0 0
-0.016 0.036 6.782 0.027 0.012 0 0 0 0 0 0 0 0 0 0
0.105 0.22 0.027 6.801 0.065 0 0 0 0 0 0 0 0 0 0
0.103 0.026 0.012 0.065 2.121 0 0 0 0 0 0 0 0 0 0
0 0 0 0 0 23.422 -4.669 -1.189 3.13 0.765 1.191 -1.097 2.205 0.985 1.228
0 0 0 0 0 -4.669 25.469 -3.842 -2.3 -0.743 -1.01 -3.077 -2.711 -0.056 -0.562
0 0 0 0 0 -1.189 -3.842 24.33 -0.687 -0.254 -0.326 -1.615 -1.006 0.103 -0.107
0 0 0 0 0 3.13 -2.3 -0.687 17.625 0.288 0.456 -0.612 0.805 0.415 0.493
0 0 0 0 0 0.765 -0.743 -0.254 0.288 17.564 0.106 -0.22 0.17 0.111 0.124
0 0 0 0 0 1.191 -1.01 -0.326 0.456 0.106 17.148 -0.285 0.286 0.165 0.19
0 0 0 0 0 -1.097 -3.077 -1.615 -0.612 -0.22 -0.285 25.594 -0.858 0.069 -0.106
0 0 0 0 0 2.205 -2.711 -1.006 0.805 0.17 0.286 -0.858 18.757 0.352 0.366
0 0 0 0 0 0.985 -0.056 0.103 0.415 0.111 0.165 0.069 0.352 8.291 0.144
0 0 0 0 0 1.228 -0.562 -0.107 0.493 0.124 0.19 -0.106 0.366 0.144 14.634

 Mean vectors and covariance matrices before rotation --- 4th cluster >>

 mean vector (mu'=Q*mu)>>
0 4.47 12.643 0 0 0.11 3.21 4.14 0.112 0.006 3.83 2.632 0.235 0.983 4.129

 covariance matrix (Sigma'=Q*Sigma*t(Q))>>

6.199 -0.883 0.555 -1.38 0.823 0 0 0 0 0 0 0 0 0 0
-0.883 10.382 -0.306 -0.602 -0.174 0 0 0 0 0 0 0 0 0 0
0.555 -0.306 5.214 -0.431 0.378 0 0 0 0 0 0 0 0 0 0
-1.38 -0.602 -0.431 6.982 -0.151 0 0 0 0 0 0 0 0 0 0
0.823 -0.174 0.378 -0.151 4.294 0 0 0 0 0 0 0 0 0 0
0 0 0 0 0 23.422 -4.669 -1.189 3.13 0.765 1.191 -1.097 2.205 0.985 1.228
0 0 0 0 0 -4.669 25.469 -3.842 -2.3 -0.743 -1.01 -3.077 -2.711 -0.056 -0.562
0 0 0 0 0 -1.189 -3.842 24.33 -0.687 -0.254 -0.326 -1.615 -1.006 0.103 -0.107
0 0 0 0 0 3.13 -2.3 -0.687 17.625 0.288 0.456 -0.612 0.805 0.415 0.493
0 0 0 0 0 0.765 -0.743 -0.254 0.288 17.564 0.106 -0.22 0.17 0.111 0.124
0 0 0 0 0 1.191 -1.01 -0.326 0.456 0.106 17.148 -0.285 0.286 0.165 0.19
0 0 0 0 0 -1.097 -3.077 -1.615 -0.612 -0.22 -0.285 25.594 -0.858 0.069 -0.106
0 0 0 0 0 2.205 -2.711 -1.006 0.805 0.17 0.286 -0.858 18.757 0.352 0.366
0 0 0 0 0 0.985 -0.056 0.103 0.415 0.111 0.165 0.069 0.352 8.291 0.144
0 0 0 0 0 1.228 -0.562 -0.107 0.493 0.124 0.19 -0.106 0.366 0.144 14.634

 Mean vectors and covariance matrices before rotation --- 5th cluster >>

 mean vector (mu'=Q*mu)>>
0 4.47 3.161 12.241 0 0.11 3.21 4.14 0.112 0.006 3.83 2.632 0.235 0.983 4.129

 covariance matrix (Sigma'=Q*Sigma*t(Q))>>

8.808 -0.374 0.002 1.001 -4.503 0 0 0 0 0 0 0 0 0 0
-0.374 9.744 0 -0.184 -0.811 0 0 0 0 0 0 0 0 0 0
0.002 0 1.717 0 -0.001 0 0 0 0 0 0 0 0 0 0
1.001 -0.184 0 4.708 -1.786 0 0 0 0 0 0 0 0 0 0
-4.503 -0.811 -0.001 -1.786 7.061 0 0 0 0 0 0 0 0 0 0
0 0 0 0 0 23.422 -4.669 -1.189 3.13 0.765 1.191 -1.097 2.205 0.985 1.228
0 0 0 0 0 -4.669 25.469 -3.842 -2.3 -0.743 -1.01 -3.077 -2.711 -0.056 -0.562
0 0 0 0 0 -1.189 -3.842 24.33 -0.687 -0.254 -0.326 -1.615 -1.006 0.103 -0.107
0 0 0 0 0 3.13 -2.3 -0.687 17.625 0.288 0.456 -0.612 0.805 0.415 0.493
0 0 0 0 0 0.765 -0.743 -0.254 0.288 17.564 0.106 -0.22 0.17 0.111 0.124
0 0 0 0 0 1.191 -1.01 -0.326 0.456 0.106 17.148 -0.285 0.286 0.165 0.19
0 0 0 0 0 -1.097 -3.077 -1.615 -0.612 -0.22 -0.285 25.594 -0.858 0.069 -0.106
0 0 0 0 0 2.205 -2.711 -1.006 0.805 0.17 0.286 -0.858 18.757 0.352 0.366
0 0 0 0 0 0.985 -0.056 0.103 0.415 0.111 0.165 0.069 0.352 8.291 0.144
0 0 0 0 0 1.228 -0.562 -0.107 0.493 0.124 0.19 -0.106 0.366 0.144 14.634

 Final eigenvalues for each cluster >> 
 (rows correspond to clusters)
32.219 26.901 26.324 18.352 17.499 16.979 16.409 15.508 14.447 8.864 8.396 8.197 7.731 7.067 2.369
32.219 26.901 26.324 18.352 17.499 16.979 16.409 15.508 14.447 10.388 8.521 8.197 7.425 2.238 1.259
32.219 26.901 26.324 18.352 17.499 16.979 16.409 15.508 14.447 8.197 6.94 6.781 6.555 5.756 2.117
32.219 26.901 26.324 18.352 17.499 16.979 16.409 15.508 14.447 10.634 8.288 8.197 5.337 4.916 3.895
32.219 26.901 26.324 18.352 17.499 16.979 16.409 15.508 14.447 12.978 9.849 8.197 4.655 2.84 1.717

 *************************************************

 ********************* rotation ******************

 *************************************************


 The orthogonal matrix Q >>
0.502 0.315 0.607 0.419 0.324
0.315 -0.934 0.127 0.088 0.068
0.607 0.127 -0.755 0.169 0.131
0.419 0.088 0.169 -0.883 0.091
0.324 0.068 0.131 0.091 -0.93

 Mean vectors and covariance matrices after rotation --- 1th cluster >>

 mean vector (mu'=Q*mu)>>
-3.247 0.11 -3.884 0.983 0.006 0.112 2.632 3.83 0.235 -2.51 -4.697 3.21 4.129 -2.439 4.14

 covariance matrix (Sigma'=Q*Sigma*t(Q))>>

7.063 0 -0.042 0 0 0 0 0 0 -0.024 0.2 0 0 0.034 0
0 23.422 0 0.985 0.765 3.13 -1.097 1.191 2.205 0 0 -4.669 1.228 0 -1.189
-0.042 0 8.627 0 0 0 0 0 0 -0.012 0.902 0 0 -0.421 0
0 0.985 0 8.291 0.111 0.415 0.069 0.165 0.352 0 0 -0.056 0.144 0 0.103
0 0.765 0 0.111 17.564 0.288 -0.22 0.106 0.17 0 0 -0.743 0.124 0 -0.254
0 3.13 0 0.415 0.288 17.625 -0.612 0.456 0.805 0 0 -2.3 0.493 0 -0.687
0 -1.097 0 0.069 -0.22 -0.612 25.594 -0.285 -0.858 0 0 -3.077 -0.106 0 -1.615
0 1.191 0 0.165 0.106 0.456 -0.285 17.148 0.286 0 0 -1.01 0.19 0 -0.326
0 2.205 0 0.352 0.17 0.805 -0.858 0.286 18.757 0 0 -2.711 0.366 0 -1.006
-0.024 0 -0.012 0 0 0 0 0 0 8.391 0.089 0 0 -0.067 0
0.2 0 0.902 0 0 0 0 0 0 0.089 2.594 0 0 0.613 0
0 -4.669 0 -0.056 -0.743 -2.3 -3.077 -1.01 -2.711 0 0 25.469 -0.562 0 -3.842
0 1.228 0 0.144 0.124 0.493 -0.106 0.19 0.366 0 0 -0.562 14.634 0 -0.107
0.034 0 -0.421 0 0 0 0 0 0 -0.067 0.613 0 0 7.751 0
0 -1.189 0 0.103 -0.254 -0.687 -1.615 -0.326 -1.006 0 0 -3.842 -0.107 0 24.33

 Mean vectors and covariance matrices after rotation --- 2th cluster >>

 mean vector (mu'=Q*mu)>>
3.247 0.11 3.884 0.983 0.006 0.112 2.632 3.83 0.235 2.51 4.697 3.21 4.129 2.439 4.14

 covariance matrix (Sigma'=Q*Sigma*t(Q))>>

1.474 0 0.364 0 0 0 0 0 0 -0.797 -0.665 0 0 0.253 0
0 23.422 0 0.985 0.765 3.13 -1.097 1.191 2.205 0 0 -4.669 1.228 0 -1.189
0.364 0 4.065 0 0 0 0 0 0 -2.084 -0.962 0 0 1.91 0
0 0.985 0 8.291 0.111 0.415 0.069 0.165 0.352 0 0 -0.056 0.144 0 0.103
0 0.765 0 0.111 17.564 0.288 -0.22 0.106 0.17 0 0 -0.743 0.124 0 -0.254
0 3.13 0 0.415 0.288 17.625 -0.612 0.456 0.805 0 0 -2.3 0.493 0 -0.687
0 -1.097 0 0.069 -0.22 -0.612 25.594 -0.285 -0.858 0 0 -3.077 -0.106 0 -1.615
0 1.191 0 0.165 0.106 0.456 -0.285 17.148 0.286 0 0 -1.01 0.19 0 -0.326
0 2.205 0 0.352 0.17 0.805 -0.858 0.286 18.757 0 0 -2.711 0.366 0 -1.006
-0.797 0 -2.084 0 0 0 0 0 0 9.55 -0.772 0 0 0.575 0
-0.665 0 -0.962 0 0 0 0 0 0 -0.772 7.075 0 0 0.795 0
0 -4.669 0 -0.056 -0.743 -2.3 -3.077 -1.01 -2.711 0 0 25.469 -0.562 0 -3.842
0 1.228 0 0.144 0.124 0.493 -0.106 0.19 0.366 0 0 -0.562 14.634 0 -0.107
0.253 0 1.91 0 0 0 0 0 0 0.575 0.795 0 0 7.668 0
0 -1.189 0 0.103 -0.254 -0.687 -1.615 -0.326 -1.006 0 0 -3.842 -0.107 0 24.33

 Mean vectors and covariance matrices after rotation --- 3th cluster >>

 mean vector (mu'=Q*mu)>>
1.18 0.11 4.225 0.983 0.006 0.112 2.632 3.83 0.235 0.912 1.707 3.21 4.129 -12.523 4.14

 covariance matrix (Sigma'=Q*Sigma*t(Q))>>

6.611 0 -0.257 0 0 0 0 0 0 0.343 -0.139 0 0 0.067 0
0 23.422 0 0.985 0.765 3.13 -1.097 1.191 2.205 0 0 -4.669 1.228 0 -1.189
-0.257 0 6.418 0 0 0 0 0 0 1.347 -0.148 0 0 -0.041 0
0 0.985 0 8.291 0.111 0.415 0.069 0.165 0.352 0 0 -0.056 0.144 0 0.103
0 0.765 0 0.111 17.564 0.288 -0.22 0.106 0.17 0 0 -0.743 0.124 0 -0.254
0 3.13 0 0.415 0.288 17.625 -0.612 0.456 0.805 0 0 -2.3 0.493 0 -0.687
0 -1.097 0 0.069 -0.22 -0.612 25.594 -0.285 -0.858 0 0 -3.077 -0.106 0 -1.615
0 1.191 0 0.165 0.106 0.456 -0.285 17.148 0.286 0 0 -1.01 0.19 0 -0.326
0 2.205 0 0.352 0.17 0.805 -0.858 0.286 18.757 0 0 -2.711 0.366 0 -1.006
0.343 0 1.347 0 0 0 0 0 0 2.665 0.499 0 0 0.227 0
-0.139 0 -0.148 0 0 0 0 0 0 0.499 6.7 0 0 -0.105 0
0 -4.669 0 -0.056 -0.743 -2.3 -3.077 -1.01 -2.711 0 0 25.469 -0.562 0 -3.842
0 1.228 0 0.144 0.124 0.493 -0.106 0.19 0.366 0 0 -0.562 14.634 0 -0.107
0.067 0 -0.041 0 0 0 0 0 0 0.227 -0.105 0 0 5.757 0
0 -1.189 0 0.103 -0.254 -0.687 -1.615 -0.326 -1.006 0 0 -3.842 -0.107 0 24.33

 Mean vectors and covariance matrices after rotation --- 4th cluster >>

 mean vector (mu'=Q*mu)>>
2.535 0.11 9.079 0.983 0.006 0.112 2.632 3.83 0.235 1.96 -8.974 3.21 4.129 -2.565 4.14

 covariance matrix (Sigma'=Q*Sigma*t(Q))>>

8.142 0 0.602 0 0 0 0 0 0 0.058 0.319 0 0 -0.061 0
0 23.422 0 0.985 0.765 3.13 -1.097 1.191 2.205 0 0 -4.669 1.228 0 -1.189
0.602 0 5.511 0 0 0 0 0 0 -0.11 0.094 0 0 -0.578 0
0 0.985 0 8.291 0.111 0.415 0.069 0.165 0.352 0 0 -0.056 0.144 0 0.103
0 0.765 0 0.111 17.564 0.288 -0.22 0.106 0.17 0 0 -0.743 0.124 0 -0.254
0 3.13 0 0.415 0.288 17.625 -0.612 0.456 0.805 0 0 -2.3 0.493 0 -0.687
0 -1.097 0 0.069 -0.22 -0.612 25.594 -0.285 -0.858 0 0 -3.077 -0.106 0 -1.615
0 1.191 0 0.165 0.106 0.456 -0.285 17.148 0.286 0 0 -1.01 0.19 0 -0.326
0 2.205 0 0.352 0.17 0.805 -0.858 0.286 18.757 0 0 -2.711 0.366 0 -1.006
0.058 0 -0.11 0 0 0 0 0 0 3.923 -0.038 0 0 -0.273 0
0.319 0 0.094 0 0 0 0 0 0 -0.038 4.954 0 0 -0.221 0
0 -4.669 0 -0.056 -0.743 -2.3 -3.077 -1.01 -2.711 0 0 25.469 -0.562 0 -3.842
0 1.228 0 0.144 0.124 0.493 -0.106 0.19 0.366 0 0 -0.562 14.634 0 -0.107
-0.061 0 -0.578 0 0 0 0 0 0 -0.273 -0.221 0 0 10.541 0
0 -1.189 0 0.103 -0.254 -0.687 -1.615 -0.326 -1.006 0 0 -3.842 -0.107 0 24.33

 Mean vectors and covariance matrices after rotation --- 5th cluster >>

 mean vector (mu'=Q*mu)>>
-9.879 0.11 8.459 0.983 0.006 0.112 2.632 3.83 0.235 1.826 0.257 3.21 4.129 -2.695 4.14

 covariance matrix (Sigma'=Q*Sigma*t(Q))>>

4.592 0 0.056 0 0 0 0 0 0 0.267 0.689 0 0 -0.281 0
0 23.422 0 0.985 0.765 3.13 -1.097 1.191 2.205 0 0 -4.669 1.228 0 -1.189
0.056 0 3.525 0 0 0 0 0 0 2.44 1.7 0 0 -1.118 0
0 0.985 0 8.291 0.111 0.415 0.069 0.165 0.352 0 0 -0.056 0.144 0 0.103
0 0.765 0 0.111 17.564 0.288 -0.22 0.106 0.17 0 0 -0.743 0.124 0 -0.254
0 3.13 0 0.415 0.288 17.625 -0.612 0.456 0.805 0 0 -2.3 0.493 0 -0.687
0 -1.097 0 0.069 -0.22 -0.612 25.594 -0.285 -0.858 0 0 -3.077 -0.106 0 -1.615
0 1.191 0 0.165 0.106 0.456 -0.285 17.148 0.286 0 0 -1.01 0.19 0 -0.326
0 2.205 0 0.352 0.17 0.805 -0.858 0.286 18.757 0 0 -2.711 0.366 0 -1.006
0.267 0 2.44 0 0 0 0 0 0 10.306 3.632 0 0 0.724 0
0.689 0 1.7 0 0 0 0 0 0 3.632 3.951 0 0 0.503 0
0 -4.669 0 -0.056 -0.743 -2.3 -3.077 -1.01 -2.711 0 0 25.469 -0.562 0 -3.842
0 1.228 0 0.144 0.124 0.493 -0.106 0.19 0.366 0 0 -0.562 14.634 0 -0.107
-0.281 0 -1.118 0 0 0 0 0 0 0.724 0.503 0 0 9.665 0
0 -1.189 0 0.103 -0.254 -0.687 -1.615 -0.326 -1.006 0 0 -3.842 -0.107 0 24.33

 Final eigenvalues for each cluster >> 
 (rows correspond to clusters)
32.219 26.901 26.324 18.352 17.499 16.979 16.409 15.508 14.447 8.864 8.396 8.197 7.731 7.067 2.369
32.219 26.901 26.324 18.352 17.499 16.979 16.409 15.508 14.447 10.388 8.521 8.197 7.425 2.238 1.259
32.219 26.901 26.324 18.352 17.499 16.979 16.409 15.508 14.447 8.197 6.94 6.781 6.555 5.756 2.117
32.219 26.901 26.324 18.352 17.499 16.979 16.409 15.508 14.447 10.634 8.288 8.197 5.337 4.916 3.895
32.219 26.901 26.324 18.352 17.499 16.979 16.409 15.508 14.447 12.978 9.849 8.197 4.655 2.84 1.717

 theoretical Separation index matrix >>

-1 0.272 0.21 0.227 0.21
0.272 -1 0.21 0.224 0.383
0.21 0.21 -1 0.21 0.23
0.227 0.224 0.21 -1 0.3
0.21 0.383 0.23 0.3 -1

 theoretical projection directions >>

**** cluster 1 and 2
0.586 0 0.449 0 0 0 0 0 0 0.286 0.609 0 0 0.054 0

**** cluster 1 and 3
0.279 0 0.395 0 0 0 0 0 0 0.184 0.568 0 0 -0.64 0

**** cluster 1 and 4
0.28 0 0.732 0 0 0 0 0 0 0.288 -0.548 0 0 0.052 0

**** cluster 1 and 5
-0.502 0 0.796 0 0 0 0 0 0 -0.002 0.337 0 0 0.033 0

**** cluster 2 and 3
-0.191 0 0.172 0 0 0 0 0 0 -0.051 -0.136 0 0 -0.955 0

**** cluster 2 and 4
-0.116 0 0.388 0 0 0 0 0 0 -0.026 -0.888 0 0 -0.216 0

**** cluster 2 and 5
-0.937 0 0.296 0 0 0 0 0 0 -0.018 -0.145 0 0 -0.118 0

**** cluster 3 and 4
0.075 0 0.354 0 0 0 0 0 0 0.121 -0.767 0 0 0.515 0

**** cluster 3 and 5
-0.739 0 0.415 0 0 0 0 0 0 -0.026 -0.14 0 0 0.511 0

**** cluster 4 and 5
-0.607 0 -0.137 0 0 0 0 0 0 -0.177 0.762 0 0 -0.038 0

 empirical Separation index matrix (alpha= 0.05 )>>

-1 0.271 0.353 0.337 0.325
0.271 -1 0.394 0.394 0.259
0.353 0.394 -1 0.237 0.306
0.337 0.394 0.237 -1 0.277
0.325 0.259 0.306 0.277 -1

 empirical projection directions >>

**** cluster 1 and 2
-0.4 0.025 0.838 0.136 -0.007 0.068 -0.008 -0.081 -0.016 -0.133 0.273 0.109 -0.061 -0.003 -0.012

**** cluster 1 and 3
0.341 0.017 0.714 0.064 0.064 0.008 -0.037 -0.049 0.039 0.263 -0.535 0.047 -0.036 -0.038 -0.008

**** cluster 1 and 4
0.638 0.004 0.467 0.066 0.008 0 -0.032 0.024 0.055 0.275 0.53 0.036 -0.065 -0.069 -0.009

**** cluster 1 and 5
0.199 0.02 0.53 0 -0.103 0.024 -0.045 -0.03 -0.105 0.103 0.614 0.058 0.029 -0.509 -0.051

**** cluster 2 and 3
0.518 -0.03 0.411 0.105 -0.023 0.01 -0.031 0.01 0.028 0.168 -0.715 -0.013 -0.011 0.086 0.02

**** cluster 2 and 4
0.933 -0.092 -0.237 0.018 -0.023 0.047 -0.101 0.032 0.05 0.074 0.112 -0.061 0.119 0.096 0.063

**** cluster 2 and 5
0.637 -0.059 -0.52 -0.016 -0.054 0.015 -0.033 0.074 -0.013 0.121 0.031 -0.082 0.007 -0.534 0.045

**** cluster 3 and 4
0.088 0.032 -0.423 -0.237 0.033 0.011 -0.088 -0.045 0.024 -0.065 0.828 -0.099 -0.073 0.197 0.024

**** cluster 3 and 5
-0.198 -0.02 -0.424 -0.107 -0.014 0.012 -0.029 0.01 0.03 -0.106 0.76 -0.033 0.003 -0.42 -0.01

**** cluster 4 and 5
-0.107 -0.069 0.239 0.002 -0.105 -0.025 -0.029 -0.095 -0.088 -0.128 -0.009 -0.047 0.004 -0.932 -0.098
