
 Log information for the data set datasetJHG2v2nv10out0_1.dat >>

 alpha = 0.05 sepVal = 0.34

 Number of clusters >> 2

 cluster sizes >>
50 50

 Number of data points >> 100

 Number of dimensions >> 12

 Number of noisy dimensions >> 10

 noisy variables >>
1 2 3 5 6 7 8 9 11 12

 Number of outliers >> 0

 initial eigenvalues for each cluster >> 
 (rows correspond to clusters)
7.327 6.652
2.045 6.594

 Mean vectors and covariance matrices before rotation --- 1th cluster >>

 mean vector (mu'=Q*mu)>>
-10.265 0 0 0 0 0 0 0 0 0 0 0

 covariance matrix (Sigma'=Q*Sigma*t(Q))>>

6.838 0.302 0 0 0 0 0 0 0 0 0 0
0.302 7.141 0 0 0 0 0 0 0 0 0 0
0 0 36.726 -24.623 8.43 9.523 7.033 11.944 -2.633 13.006 9.957 -1.439
0 0 -24.623 83.009 1.785 2.135 0.354 2.546 -1.78 2.738 1.041 -0.792
0 0 8.43 1.785 13.913 5.518 6.781 7.215 1.105 7.93 8.406 0.203
0 0 9.523 2.135 5.518 12.175 7.342 7.777 1.225 8.549 9.091 0.232
0 0 7.033 0.354 6.781 7.342 33.852 9.563 1.139 10.502 10.853 0.139
0 0 11.944 2.546 7.215 7.777 9.563 18.691 1.562 11.178 11.852 0.288
0 0 -2.633 -1.78 1.105 1.225 1.139 1.562 66.602 1.707 1.509 -0.096
0 0 13.006 2.738 7.93 8.549 10.502 11.178 1.707 21.302 13.02 0.313
0 0 9.957 1.041 8.406 9.091 10.853 11.852 1.509 13.02 35.232 0.212
0 0 -1.439 -0.792 0.203 0.232 0.139 0.288 -0.096 0.313 0.212 85.33

 Mean vectors and covariance matrices before rotation --- 2th cluster >>

 mean vector (mu'=Q*mu)>>
10.265 0 0 0 0 0 0 0 0 0 0 0

 covariance matrix (Sigma'=Q*Sigma*t(Q))>>

6.489 -0.684 0 0 0 0 0 0 0 0 0 0
-0.684 2.15 0 0 0 0 0 0 0 0 0 0
0 0 36.726 -24.623 8.43 9.523 7.033 11.944 -2.633 13.006 9.957 -1.439
0 0 -24.623 83.009 1.785 2.135 0.354 2.546 -1.78 2.738 1.041 -0.792
0 0 8.43 1.785 13.913 5.518 6.781 7.215 1.105 7.93 8.406 0.203
0 0 9.523 2.135 5.518 12.175 7.342 7.777 1.225 8.549 9.091 0.232
0 0 7.033 0.354 6.781 7.342 33.852 9.563 1.139 10.502 10.853 0.139
0 0 11.944 2.546 7.215 7.777 9.563 18.691 1.562 11.178 11.852 0.288
0 0 -2.633 -1.78 1.105 1.225 1.139 1.562 66.602 1.707 1.509 -0.096
0 0 13.006 2.738 7.93 8.549 10.502 11.178 1.707 21.302 13.02 0.313
0 0 9.957 1.041 8.406 9.091 10.853 11.852 1.509 13.02 35.232 0.212
0 0 -1.439 -0.792 0.203 0.232 0.139 0.288 -0.096 0.313 0.212 85.33

 Final eigenvalues for each cluster >> 
 (rows correspond to clusters)
95.788 85.378 79.528 66.713 25.17 21.695 9.015 8.794 8.522 7.327 6.652 6.23
95.788 85.378 79.528 66.713 25.17 21.695 9.015 8.794 8.522 6.594 6.23 2.045

 *************************************************

 ********************* rotation ******************

 *************************************************


 The orthogonal matrix Q >>
1 0.003
0.003 -1

 Mean vectors and covariance matrices after rotation --- 1th cluster >>

 mean vector (mu'=Q*mu)>>
0 0 0 -0.031 0 0 0 0 0 -10.265 0 0

 covariance matrix (Sigma'=Q*Sigma*t(Q))>>

21.302 1.707 0.313 0 10.502 13.02 8.549 13.006 2.738 0 7.93 11.178
1.707 66.602 -0.096 0 1.139 1.509 1.225 -2.633 -1.78 0 1.105 1.562
0.313 -0.096 85.33 0 0.139 0.212 0.232 -1.439 -0.792 0 0.203 0.288
0 0 0 7.139 0 0 0 0 0 -0.303 0 0
10.502 1.139 0.139 0 33.852 10.853 7.342 7.033 0.354 0 6.781 9.563
13.02 1.509 0.212 0 10.853 35.232 9.091 9.957 1.041 0 8.406 11.852
8.549 1.225 0.232 0 7.342 9.091 12.175 9.523 2.135 0 5.518 7.777
13.006 -2.633 -1.439 0 7.033 9.957 9.523 36.726 -24.623 0 8.43 11.944
2.738 -1.78 -0.792 0 0.354 1.041 2.135 -24.623 83.009 0 1.785 2.546
0 0 0 -0.303 0 0 0 0 0 6.84 0 0
7.93 1.105 0.203 0 6.781 8.406 5.518 8.43 1.785 0 13.913 7.215
11.178 1.562 0.288 0 9.563 11.852 7.777 11.944 2.546 0 7.215 18.691

 Mean vectors and covariance matrices after rotation --- 2th cluster >>

 mean vector (mu'=Q*mu)>>
0 0 0 0.031 0 0 0 0 0 10.265 0 0

 covariance matrix (Sigma'=Q*Sigma*t(Q))>>

21.302 1.707 0.313 0 10.502 13.02 8.549 13.006 2.738 0 7.93 11.178
1.707 66.602 -0.096 0 1.139 1.509 1.225 -2.633 -1.78 0 1.105 1.562
0.313 -0.096 85.33 0 0.139 0.212 0.232 -1.439 -0.792 0 0.203 0.288
0 0 0 2.154 0 0 0 0 0 0.697 0 0
10.502 1.139 0.139 0 33.852 10.853 7.342 7.033 0.354 0 6.781 9.563
13.02 1.509 0.212 0 10.853 35.232 9.091 9.957 1.041 0 8.406 11.852
8.549 1.225 0.232 0 7.342 9.091 12.175 9.523 2.135 0 5.518 7.777
13.006 -2.633 -1.439 0 7.033 9.957 9.523 36.726 -24.623 0 8.43 11.944
2.738 -1.78 -0.792 0 0.354 1.041 2.135 -24.623 83.009 0 1.785 2.546
0 0 0 0.697 0 0 0 0 0 6.484 0 0
7.93 1.105 0.203 0 6.781 8.406 5.518 8.43 1.785 0 13.913 7.215
11.178 1.562 0.288 0 9.563 11.852 7.777 11.944 2.546 0 7.215 18.691

 Final eigenvalues for each cluster >> 
 (rows correspond to clusters)
95.788 85.378 79.528 66.713 25.17 21.695 9.015 8.794 8.522 7.327 6.652 6.23
95.788 85.378 79.528 66.713 25.17 21.695 9.015 8.794 8.522 6.594 6.23 2.045

 theoretical Separation index matrix >>

-1 0.34
0.34 -1

 theoretical projection directions >>

**** cluster 1 and 2
0 0 0 -0.04 0 0 0 0 0 0.999 0 0

 empirical Separation index matrix (alpha= 0.05 )>>

-1 0.396
0.396 -1

 empirical projection directions >>

**** cluster 1 and 2
-0.058 0.012 -0.007 0.018 0.027 0.007 0.167 -0.091 -0.012 -0.977 0.058 -0.044
