
 Log information for the data set datasetJHG5v2nv1out0_1.dat >>

 alpha = 0.05 sepVal = 0.34

 Number of clusters >> 5

 cluster sizes >>
50 50 50 50 50

 Number of data points >> 250

 Number of dimensions >> 3

 Number of noisy dimensions >> 1

 noisy variables >>
1

 Number of outliers >> 0

 initial eigenvalues for each cluster >> 
 (rows correspond to clusters)
7.409 2.824
2.437 2.098
4.917 7.631
9.541 7.634
6.639 6.575

 Mean vectors and covariance matrices before rotation --- 1th cluster >>

 mean vector (mu'=Q*mu)>>
-10.791 0 8.897

 covariance matrix (Sigma'=Q*Sigma*t(Q))>>

4.212 0.342 0
0.342 10.986 0
0 0 131.104

 Mean vectors and covariance matrices before rotation --- 2th cluster >>

 mean vector (mu'=Q*mu)>>
10.791 0 8.897

 covariance matrix (Sigma'=Q*Sigma*t(Q))>>

6.795 0.281 0
0.281 6.021 0
0 0 131.104

 Mean vectors and covariance matrices before rotation --- 3th cluster >>

 mean vector (mu'=Q*mu)>>
0 18.691 8.897

 covariance matrix (Sigma'=Q*Sigma*t(Q))>>

7.627 -0.105 0
-0.105 4.921 0
0 0 131.104

 Mean vectors and covariance matrices before rotation --- 4th cluster >>

 mean vector (mu'=Q*mu)>>
32.373 0 8.897

 covariance matrix (Sigma'=Q*Sigma*t(Q))>>

8.006 0.755 0
0.755 9.169 0
0 0 131.104

 Mean vectors and covariance matrices before rotation --- 5th cluster >>

 mean vector (mu'=Q*mu)>>
21.582 18.691 8.897

 covariance matrix (Sigma'=Q*Sigma*t(Q))>>

6.616 0.03 0
0.03 6.597 0
0 0 131.104

 Final eigenvalues for each cluster >> 
 (rows correspond to clusters)
131.104 11.003 4.195
131.104 6.886 5.93
131.104 7.631 4.917
131.104 9.541 7.634
131.104 6.639 6.575

 *************************************************

 ********************* rotation ******************

 *************************************************


 The orthogonal matrix Q >>
0.774 0.633
0.633 -0.774

 Mean vectors and covariance matrices after rotation --- 1th cluster >>

 mean vector (mu'=Q*mu)>>
8.897 -6.828 -8.356

 covariance matrix (Sigma'=Q*Sigma*t(Q))>>

131.104 0 0
0 7.939 -3.387
0 -3.387 7.259

 Mean vectors and covariance matrices after rotation --- 2th cluster >>

 mean vector (mu'=Q*mu)>>
8.897 6.828 8.356

 covariance matrix (Sigma'=Q*Sigma*t(Q))>>

131.104 0 0
0 6.056 0.324
0 0.324 6.76

 Mean vectors and covariance matrices after rotation --- 3th cluster >>

 mean vector (mu'=Q*mu)>>
8.897 -14.474 11.826

 covariance matrix (Sigma'=Q*Sigma*t(Q))>>

131.104 0 0
0 6.107 1.347
0 1.347 6.441

 Mean vectors and covariance matrices after rotation --- 4th cluster >>

 mean vector (mu'=Q*mu)>>
8.897 20.483 25.069

 covariance matrix (Sigma'=Q*Sigma*t(Q))>>

131.104 0 0
0 7.963 -0.72
0 -0.72 9.212

 Mean vectors and covariance matrices after rotation --- 5th cluster >>

 mean vector (mu'=Q*mu)>>
8.897 -0.818 28.539

 covariance matrix (Sigma'=Q*Sigma*t(Q))>>

131.104 0 0
0 6.575 0.003
0 0.003 6.638

 Final eigenvalues for each cluster >> 
 (rows correspond to clusters)
131.104 11.003 4.195
131.104 6.886 5.93
131.104 7.631 4.917
131.104 9.541 7.634
131.104 6.639 6.575

 theoretical Separation index matrix >>

-1 0.406 0.34 0.638 0.589
0.406 -1 0.393 0.34 0.366
0.34 0.393 -1 0.558 0.347
0.638 0.34 0.558 -1 0.34
0.589 0.366 0.347 0.34 -1

 theoretical projection directions >>

**** cluster 1 and 2
0 0.66 0.751

**** cluster 1 and 3
0 -0.265 0.964

**** cluster 1 and 4
0 0.671 0.741

**** cluster 1 and 5
0 0.361 0.933

**** cluster 2 and 3
0 -0.965 0.263

**** cluster 2 and 4
0 0.683 0.73

**** cluster 2 and 5
0 -0.39 0.921

**** cluster 3 and 4
0 0.957 0.289

**** cluster 3 and 5
0 0.628 0.778

**** cluster 4 and 5
0 -0.994 0.107

 empirical Separation index matrix (alpha= 0.05 )>>

-1 0.592 0.344 0.332 0.399
0.592 -1 0.309 0.608 0.418
0.344 0.309 -1 0.537 0.407
0.332 0.608 0.537 -1 0.308
0.399 0.418 0.407 0.308 -1

 empirical projection directions >>

**** cluster 1 and 2
0.013 -0.346 -0.938

**** cluster 1 and 3
0 -0.491 -0.871

**** cluster 1 and 4
0.024 0.935 -0.355

**** cluster 1 and 5
0.01 0.331 -0.943

**** cluster 2 and 3
-0.024 -0.191 0.981

**** cluster 2 and 4
0.004 0.633 0.774

**** cluster 2 and 5
0.011 0.647 0.762

**** cluster 3 and 4
0.04 0.993 0.113

**** cluster 3 and 5
0.028 0.947 -0.321

**** cluster 4 and 5
-0.009 -0.631 -0.776
