
 Log information for the data set datasetJLG5v10nv10out0_1.dat >>

 alpha = 0.05 sepVal = 0.01

 Number of clusters >> 5

 cluster sizes >>
50 50 50 50 50

 Number of data points >> 250

 Number of dimensions >> 20

 Number of noisy dimensions >> 10

 noisy variables >>
2 3 4 6 8 9 12 13 14 15

 Number of outliers >> 0

 initial eigenvalues for each cluster >> 
 (rows correspond to clusters)
4.97 5.723 8.08 3.442 9.103 9.193 5.887 8.476 7.364 3.358
2.595 4.148 3.81 3.283 9.49 6.773 8.166 3.797 2.988 9.899
7.179 6.379 2.975 9.097 2.343 2.03 5.017 6.775 7.041 5.668
8.348 4.257 8.757 8.415 7.363 4.733 7.824 1.757 5.557 9.746
7.135 6.929 5.818 6.821 3.205 1.71 3.537 5.541 9.837 1.941

 Mean vectors and covariance matrices before rotation --- 1th cluster >>

 mean vector (mu'=Q*mu)>>
-5.441 0 0 0 0 0 0 0 0 0 0.58 1.124 1.963 3.115 2.311 1.504 0.128 0.626 2.44 1.73

 covariance matrix (Sigma'=Q*Sigma*t(Q))>>

7.834 0.359 -0.484 0.699 -0.424 -0.928 0.349 -0.643 -0.009 0.56 0 0 0 0 0 0 0 0 0 0
0.359 5.855 -0.173 0.11 -0.116 -0.25 0.028 -0.199 -0.009 0.088 0 0 0 0 0 0 0 0 0 0
-0.484 -0.173 7.331 0.048 -0.461 -0.982 -0.209 -0.905 -0.063 0.043 0 0 0 0 0 0 0 0 0 0
0.699 0.11 0.048 3.648 -0.013 -0.034 0.114 0.016 0.009 0.116 0 0 0 0 0 0 0 0 0 0
-0.424 -0.116 -0.461 -0.013 9.029 -0.488 -0.135 -0.462 -0.034 -0.008 0 0 0 0 0 0 0 0 0 0
-0.928 -0.25 -0.982 -0.034 -0.488 8.316 -0.291 -0.981 -0.073 -0.022 0 0 0 0 0 0 0 0 0 0
0.349 0.028 -0.209 0.114 -0.135 -0.291 6.01 -0.236 -0.011 0.092 0 0 0 0 0 0 0 0 0 0
-0.643 -0.199 -0.905 0.016 -0.462 -0.981 -0.236 7.707 -0.065 0.017 0 0 0 0 0 0 0 0 0 0
-0.009 -0.009 -0.063 0.009 -0.034 -0.073 -0.011 -0.065 7.486 0.007 0 0 0 0 0 0 0 0 0 0
0.56 0.088 0.043 0.116 -0.008 -0.022 0.092 0.017 0.007 3.509 0 0 0 0 0 0 0 0 0 0
0 0 0 0 0 0 0 0 0 0 11.657 0.347 0.378 -2.48 -0.093 0.602 0.213 -0.39 1.099 -0.948
0 0 0 0 0 0 0 0 0 0 0.347 7.926 -0.005 -0.274 -0.028 0.012 -0.008 -0.05 0.045 -0.128
0 0 0 0 0 0 0 0 0 0 0.378 -0.005 10.046 -1.374 -0.27 -0.319 -0.264 -0.303 -0.309 -0.802
0 0 0 0 0 0 0 0 0 0 -2.48 -0.274 -1.374 15.611 -0.762 -1.431 -0.974 -0.646 -1.771 -1.769
0 0 0 0 0 0 0 0 0 0 -0.093 -0.028 -0.27 -0.762 11.741 -0.261 -0.196 -0.18 -0.29 -0.481
0 0 0 0 0 0 0 0 0 0 0.602 0.012 -0.319 -1.431 -0.261 9.665 -0.241 -0.308 -0.24 -0.811
0 0 0 0 0 0 0 0 0 0 0.213 -0.008 -0.264 -0.974 -0.196 -0.241 10.395 -0.217 -0.241 -0.575
0 0 0 0 0 0 0 0 0 0 -0.39 -0.05 -0.303 -0.646 -0.18 -0.308 -0.217 14.328 -0.368 -0.444
0 0 0 0 0 0 0 0 0 0 1.099 0.045 -0.309 -1.771 -0.29 -0.24 -0.241 -0.368 9.21 -0.962
0 0 0 0 0 0 0 0 0 0 -0.948 -0.128 -0.802 -1.769 -0.481 -0.811 -0.575 -0.444 -0.962 12.858

 Mean vectors and covariance matrices before rotation --- 2th cluster >>

 mean vector (mu'=Q*mu)>>
5.441 0 0 0 0 0 0 0 0 0 0.58 1.124 1.963 3.115 2.311 1.504 0.128 0.626 2.44 1.73

 covariance matrix (Sigma'=Q*Sigma*t(Q))>>

7.988 -0.146 0.07 0.459 -0.343 -2.142 -2.083 0.009 0.776 -1.526 0 0 0 0 0 0 0 0 0 0
-0.146 7.21 -0.231 -0.174 -0.118 -0.887 -0.763 -0.025 -0.136 -0.515 0 0 0 0 0 0 0 0 0 0
0.07 -0.231 6.752 -0.099 -0.102 -0.744 -0.652 -0.017 -0.056 -0.447 0 0 0 0 0 0 0 0 0 0
0.459 -0.174 -0.099 5.947 -0.112 -0.771 -0.701 -0.011 0.06 -0.493 0 0 0 0 0 0 0 0 0 0
-0.343 -0.118 -0.102 -0.112 17.198 -0.183 -0.137 -0.011 -0.123 -0.082 0 0 0 0 0 0 0 0 0 0
-2.142 -0.887 -0.744 -0.771 -0.183 10.672 -1.263 -0.082 -0.817 -0.792 0 0 0 0 0 0 0 0 0 0
-2.083 -0.763 -0.652 -0.701 -0.137 -1.263 13.852 -0.072 -0.763 -0.588 0 0 0 0 0 0 0 0 0 0
0.009 -0.025 -0.017 -0.011 -0.011 -0.082 -0.072 6.886 -0.006 -0.049 0 0 0 0 0 0 0 0 0 0
0.776 -0.136 -0.056 0.06 -0.123 -0.817 -0.763 -0.006 5.572 -0.545 0 0 0 0 0 0 0 0 0 0
-1.526 -0.515 -0.447 -0.493 -0.082 -0.792 -0.588 -0.049 -0.545 17.607 0 0 0 0 0 0 0 0 0 0
0 0 0 0 0 0 0 0 0 0 11.657 0.347 0.378 -2.48 -0.093 0.602 0.213 -0.39 1.099 -0.948
0 0 0 0 0 0 0 0 0 0 0.347 7.926 -0.005 -0.274 -0.028 0.012 -0.008 -0.05 0.045 -0.128
0 0 0 0 0 0 0 0 0 0 0.378 -0.005 10.046 -1.374 -0.27 -0.319 -0.264 -0.303 -0.309 -0.802
0 0 0 0 0 0 0 0 0 0 -2.48 -0.274 -1.374 15.611 -0.762 -1.431 -0.974 -0.646 -1.771 -1.769
0 0 0 0 0 0 0 0 0 0 -0.093 -0.028 -0.27 -0.762 11.741 -0.261 -0.196 -0.18 -0.29 -0.481
0 0 0 0 0 0 0 0 0 0 0.602 0.012 -0.319 -1.431 -0.261 9.665 -0.241 -0.308 -0.24 -0.811
0 0 0 0 0 0 0 0 0 0 0.213 -0.008 -0.264 -0.974 -0.196 -0.241 10.395 -0.217 -0.241 -0.575
0 0 0 0 0 0 0 0 0 0 -0.39 -0.05 -0.303 -0.646 -0.18 -0.308 -0.217 14.328 -0.368 -0.444
0 0 0 0 0 0 0 0 0 0 1.099 0.045 -0.309 -1.771 -0.29 -0.24 -0.241 -0.368 9.21 -0.962
0 0 0 0 0 0 0 0 0 0 -0.948 -0.128 -0.802 -1.769 -0.481 -0.811 -0.575 -0.444 -0.962 12.858

 Mean vectors and covariance matrices before rotation --- 3th cluster >>

 mean vector (mu'=Q*mu)>>
0 9.423 0 0 0 0 0 0 0 0 0.58 1.124 1.963 3.115 2.311 1.504 0.128 0.626 2.44 1.73

 covariance matrix (Sigma'=Q*Sigma*t(Q))>>

6.379 -0.103 0.204 -0.95 0.577 0.058 0.721 -0.033 -0.413 0.176 0 0 0 0 0 0 0 0 0 0
-0.103 6.793 0.104 -0.283 0.286 0.028 0.503 0.004 -0.017 0.191 0 0 0 0 0 0 0 0 0 0
0.204 0.104 3.145 0.023 0.07 0.007 0.195 0.011 0.089 0.098 0 0 0 0 0 0 0 0 0 0
-0.95 -0.283 0.023 9.08 0.083 0.009 -0.144 -0.039 -0.377 -0.151 0 0 0 0 0 0 0 0 0 0
0.577 0.286 0.07 0.083 2.634 0.017 0.516 0.03 0.249 0.263 0 0 0 0 0 0 0 0 0 0
0.058 0.028 0.007 0.009 0.017 2.13 0.05 0.003 0.025 0.026 0 0 0 0 0 0 0 0 0 0
0.721 0.503 0.195 -0.144 0.516 0.05 6.451 0.046 0.337 0.549 0 0 0 0 0 0 0 0 0 0
-0.033 0.004 0.011 -0.039 0.03 0.003 0.046 7.1 -0.011 0.015 0 0 0 0 0 0 0 0 0 0
-0.413 -0.017 0.089 -0.377 0.249 0.025 0.337 -0.011 7.234 0.094 0 0 0 0 0 0 0 0 0 0
0.176 0.191 0.098 -0.151 0.263 0.026 0.549 0.015 0.094 6.178 0 0 0 0 0 0 0 0 0 0
0 0 0 0 0 0 0 0 0 0 11.657 0.347 0.378 -2.48 -0.093 0.602 0.213 -0.39 1.099 -0.948
0 0 0 0 0 0 0 0 0 0 0.347 7.926 -0.005 -0.274 -0.028 0.012 -0.008 -0.05 0.045 -0.128
0 0 0 0 0 0 0 0 0 0 0.378 -0.005 10.046 -1.374 -0.27 -0.319 -0.264 -0.303 -0.309 -0.802
0 0 0 0 0 0 0 0 0 0 -2.48 -0.274 -1.374 15.611 -0.762 -1.431 -0.974 -0.646 -1.771 -1.769
0 0 0 0 0 0 0 0 0 0 -0.093 -0.028 -0.27 -0.762 11.741 -0.261 -0.196 -0.18 -0.29 -0.481
0 0 0 0 0 0 0 0 0 0 0.602 0.012 -0.319 -1.431 -0.261 9.665 -0.241 -0.308 -0.24 -0.811
0 0 0 0 0 0 0 0 0 0 0.213 -0.008 -0.264 -0.974 -0.196 -0.241 10.395 -0.217 -0.241 -0.575
0 0 0 0 0 0 0 0 0 0 -0.39 -0.05 -0.303 -0.646 -0.18 -0.308 -0.217 14.328 -0.368 -0.444
0 0 0 0 0 0 0 0 0 0 1.099 0.045 -0.309 -1.771 -0.29 -0.24 -0.241 -0.368 9.21 -0.962
0 0 0 0 0 0 0 0 0 0 -0.948 -0.128 -0.802 -1.769 -0.481 -0.811 -0.575 -0.444 -0.962 12.858

 Mean vectors and covariance matrices before rotation --- 4th cluster >>

 mean vector (mu'=Q*mu)>>
0 3.141 8.884 0 0 0 0 0 0 0 0.58 1.124 1.963 3.115 2.311 1.504 0.128 0.626 2.44 1.73

 covariance matrix (Sigma'=Q*Sigma*t(Q))>>

6.223 1.318 -0.551 -0.894 -0.213 0.038 -0.096 0.003 0.499 -0.383 0 0 0 0 0 0 0 0 0 0
1.318 6.093 0.229 0.519 0.414 0.062 0.103 0.003 1.294 0.052 0 0 0 0 0 0 0 0 0 0
-0.551 0.229 8.619 -0.23 -0.067 0.006 -0.027 0.001 0.061 -0.091 0 0 0 0 0 0 0 0 0 0
-0.894 0.519 -0.23 8.04 -0.094 0.015 -0.041 0.001 0.188 -0.158 0 0 0 0 0 0 0 0 0 0
-0.213 0.414 -0.067 -0.094 7.371 0.013 -0.005 0.001 0.22 -0.058 0 0 0 0 0 0 0 0 0 0
0.038 0.062 0.006 0.015 0.013 4.735 0.003 0 0.042 0.001 0 0 0 0 0 0 0 0 0 0
-0.096 0.103 -0.027 -0.041 -0.005 0.003 7.82 0 0.049 -0.02 0 0 0 0 0 0 0 0 0 0
0.003 0.003 0.001 0.001 0.001 0 0 1.757 0.002 0 0 0 0 0 0 0 0 0 0 0
0.499 1.294 0.061 0.188 0.22 0.042 0.049 0.002 6.409 -0.022 0 0 0 0 0 0 0 0 0 0
-0.383 0.052 -0.091 -0.158 -0.058 0.001 -0.02 0 -0.022 9.69 0 0 0 0 0 0 0 0 0 0
0 0 0 0 0 0 0 0 0 0 11.657 0.347 0.378 -2.48 -0.093 0.602 0.213 -0.39 1.099 -0.948
0 0 0 0 0 0 0 0 0 0 0.347 7.926 -0.005 -0.274 -0.028 0.012 -0.008 -0.05 0.045 -0.128
0 0 0 0 0 0 0 0 0 0 0.378 -0.005 10.046 -1.374 -0.27 -0.319 -0.264 -0.303 -0.309 -0.802
0 0 0 0 0 0 0 0 0 0 -2.48 -0.274 -1.374 15.611 -0.762 -1.431 -0.974 -0.646 -1.771 -1.769
0 0 0 0 0 0 0 0 0 0 -0.093 -0.028 -0.27 -0.762 11.741 -0.261 -0.196 -0.18 -0.29 -0.481
0 0 0 0 0 0 0 0 0 0 0.602 0.012 -0.319 -1.431 -0.261 9.665 -0.241 -0.308 -0.24 -0.811
0 0 0 0 0 0 0 0 0 0 0.213 -0.008 -0.264 -0.974 -0.196 -0.241 10.395 -0.217 -0.241 -0.575
0 0 0 0 0 0 0 0 0 0 -0.39 -0.05 -0.303 -0.646 -0.18 -0.308 -0.217 14.328 -0.368 -0.444
0 0 0 0 0 0 0 0 0 0 1.099 0.045 -0.309 -1.771 -0.29 -0.24 -0.241 -0.368 9.21 -0.962
0 0 0 0 0 0 0 0 0 0 -0.948 -0.128 -0.802 -1.769 -0.481 -0.811 -0.575 -0.444 -0.962 12.858

 Mean vectors and covariance matrices before rotation --- 5th cluster >>

 mean vector (mu'=Q*mu)>>
0 3.141 2.221 8.602 0 0 0 0 0 0 0.58 1.124 1.963 3.115 2.311 1.504 0.128 0.626 2.44 1.73

 covariance matrix (Sigma'=Q*Sigma*t(Q))>>

4.33 -0.744 -0.049 -0.275 1.128 0.615 0.068 -0.011 -0.531 1.579 0 0 0 0 0 0 0 0 0 0
-0.744 6.734 -0.01 -0.071 0.369 0.193 0.023 -0.002 -0.15 0.497 0 0 0 0 0 0 0 0 0 0
-0.049 -0.01 5.82 -0.003 0.097 0.044 0.006 0.001 -0.02 0.114 0 0 0 0 0 0 0 0 0 0
-0.275 -0.071 -0.003 6.795 0.152 0.078 0.009 0 -0.058 0.201 0 0 0 0 0 0 0 0 0 0
1.128 0.369 0.097 0.152 4.628 0.549 0.097 0.038 -0.036 1.463 0 0 0 0 0 0 0 0 0 0
0.615 0.193 0.044 0.078 0.549 1.913 0.038 0.017 0.01 0.544 0 0 0 0 0 0 0 0 0 0
0.068 0.023 0.006 0.009 0.097 0.038 3.544 0.003 -0.004 0.101 0 0 0 0 0 0 0 0 0 0
-0.011 -0.002 0.001 0 0.038 0.017 0.003 5.542 -0.007 0.044 0 0 0 0 0 0 0 0 0 0
-0.531 -0.15 -0.02 -0.058 -0.036 0.01 -0.004 -0.007 9.77 0.02 0 0 0 0 0 0 0 0 0 0
1.579 0.497 0.114 0.201 1.463 0.544 0.101 0.044 0.02 3.398 0 0 0 0 0 0 0 0 0 0
0 0 0 0 0 0 0 0 0 0 11.657 0.347 0.378 -2.48 -0.093 0.602 0.213 -0.39 1.099 -0.948
0 0 0 0 0 0 0 0 0 0 0.347 7.926 -0.005 -0.274 -0.028 0.012 -0.008 -0.05 0.045 -0.128
0 0 0 0 0 0 0 0 0 0 0.378 -0.005 10.046 -1.374 -0.27 -0.319 -0.264 -0.303 -0.309 -0.802
0 0 0 0 0 0 0 0 0 0 -2.48 -0.274 -1.374 15.611 -0.762 -1.431 -0.974 -0.646 -1.771 -1.769
0 0 0 0 0 0 0 0 0 0 -0.093 -0.028 -0.27 -0.762 11.741 -0.261 -0.196 -0.18 -0.29 -0.481
0 0 0 0 0 0 0 0 0 0 0.602 0.012 -0.319 -1.431 -0.261 9.665 -0.241 -0.308 -0.24 -0.811
0 0 0 0 0 0 0 0 0 0 0.213 -0.008 -0.264 -0.974 -0.196 -0.241 10.395 -0.217 -0.241 -0.575
0 0 0 0 0 0 0 0 0 0 -0.39 -0.05 -0.303 -0.646 -0.18 -0.308 -0.217 14.328 -0.368 -0.444
0 0 0 0 0 0 0 0 0 0 1.099 0.045 -0.309 -1.771 -0.29 -0.24 -0.241 -0.368 9.21 -0.962
0 0 0 0 0 0 0 0 0 0 -0.948 -0.128 -0.802 -1.769 -0.481 -0.811 -0.575 -0.444 -0.962 12.858

 Final eigenvalues for each cluster >> 
 (rows correspond to clusters)
18.004 14.492 14.061 11.919 10.592 10.4 9.939 9.368 9.351 9.259 8.622 8.219 7.904 7.49 6.759 5.988 5.821 5.056 3.502 3.416
18.004 17.958 17.217 14.814 14.492 14.061 12.287 11.919 10.592 10.4 9.939 9.368 7.904 7.525 6.912 6.888 6.759 5.956 5.42 4.708
18.004 14.492 14.061 11.919 10.592 10.4 9.939 9.534 9.368 7.904 7.524 7.379 7.101 6.759 6.686 5.94 5.258 3.118 2.456 2.128
18.004 14.492 14.061 11.919 10.592 10.4 9.939 9.746 9.368 8.757 8.415 8.348 7.904 7.824 7.363 6.759 5.557 4.733 4.257 1.757
18.004 14.492 14.061 11.919 10.592 10.4 9.939 9.837 9.368 7.904 7.135 6.929 6.821 6.759 5.818 5.541 3.537 3.205 1.941 1.71

 *************************************************

 ********************* rotation ******************

 *************************************************


 The orthogonal matrix Q >>
0.148 0.148 0.439 0.017 0.491 0.438 0.035 0.374 0.157 0.405
0.148 -0.981 0.056 0.002 0.063 0.056 0.004 0.048 0.02 0.052
0.439 0.056 -0.832 0.007 0.188 0.167 0.013 0.143 0.06 0.155
0.017 0.002 0.007 -1 0.007 0.007 0.001 0.006 0.002 0.006
0.491 0.063 0.188 0.007 -0.79 0.187 0.015 0.16 0.067 0.173
0.438 0.056 0.167 0.007 0.187 -0.833 0.013 0.143 0.06 0.155
0.035 0.004 0.013 0.001 0.015 0.013 -0.999 0.011 0.005 0.012
0.374 0.048 0.143 0.006 0.16 0.143 0.011 -0.878 0.051 0.132
0.157 0.02 0.06 0.002 0.067 0.06 0.005 0.051 -0.979 0.055
0.405 0.052 0.155 0.006 0.173 0.155 0.012 0.132 0.055 -0.857

 Mean vectors and covariance matrices after rotation --- 1th cluster >>

 mean vector (mu'=Q*mu)>>
-0.806 2.44 3.115 1.124 -0.188 1.504 -2.386 0.58 1.73 -0.852 -2.206 0.626 0.128 2.311 1.963 -2.671 -2.037 -0.804 -0.094 -2.386

 covariance matrix (Sigma'=Q*Sigma*t(Q))>>

5.406 0 0 0 0.247 0 -0.188 0 0 -0.281 0.512 0 0 0 0 -1.27 0.196 0.108 -0.154 0.094
0 9.21 -1.771 0.045 0 -0.24 0 1.099 -0.962 0 0 -0.368 -0.241 -0.29 -0.309 0 0 0 0 0
0 -1.771 15.611 -0.274 0 -1.431 0 -2.48 -1.769 0 0 -0.646 -0.974 -0.762 -1.374 0 0 0 0 0
0 0.045 -0.274 7.926 0 0.012 0 0.347 -0.128 0 0 -0.05 -0.008 -0.028 -0.005 0 0 0 0 0
0.247 0 0 0 6.006 0 -0.279 0 0 -0.023 0.08 0 0 0 0 -0.172 -0.22 0.017 0.088 -0.202
0 -0.24 -1.431 0.012 0 9.665 0 0.602 -0.811 0 0 -0.308 -0.241 -0.261 -0.319 0 0 0 0 0
-0.188 0 0 0 -0.279 0 9.236 0 0 0.051 0.549 0 0 0 0 -0.097 -0.117 -0.132 -0.334 -0.125
0 1.099 -2.48 0.347 0 0.602 0 11.657 -0.948 0 0 -0.39 0.213 -0.093 0.378 0 0 0 0 0
0 -0.962 -1.769 -0.128 0 -0.811 0 -0.948 12.858 0 0 -0.444 -0.575 -0.481 -0.802 0 0 0 0 0
-0.281 0 0 0 -0.023 0 0.051 0 0 7.457 0.022 0 0 0 0 -0.124 0.069 -0.035 -0.106 0.039
0.512 0 0 0 0.08 0 0.549 0 0 0.022 3.778 0 0 0 0 0.039 0.578 0.104 -0.172 0.556
0 -0.368 -0.646 -0.05 0 -0.308 0 -0.39 -0.444 0 0 14.328 -0.217 -0.18 -0.303 0 0 0 0 0
0 -0.241 -0.974 -0.008 0 -0.241 0 0.213 -0.575 0 0 -0.217 10.395 -0.196 -0.264 0 0 0 0 0
0 -0.29 -0.762 -0.028 0 -0.261 0 -0.093 -0.481 0 0 -0.18 -0.196 11.741 -0.27 0 0 0 0 0
0 -0.309 -1.374 -0.005 0 -0.319 0 0.378 -0.802 0 0 -0.303 -0.264 -0.27 10.046 0 0 0 0 0
-1.27 0 0 0 -0.172 0 -0.097 0 0 -0.124 0.039 0 0 0 0 8.75 -0.04 -0.198 -0.375 -0.141
0.196 0 0 0 -0.22 0 -0.117 0 0 0.069 0.578 0 0 0 0 -0.04 8.512 -0.071 -0.238 -0.094
0.108 0 0 0 0.017 0 -0.132 0 0 -0.035 0.104 0 0 0 0 -0.198 -0.071 5.831 0.001 -0.076
-0.154 0 0 0 0.088 0 -0.334 0 0 -0.106 -0.172 0 0 0 0 -0.375 -0.238 0.001 3.623 -0.255
0.094 0 0 0 -0.202 0 -0.125 0 0 0.039 0.556 0 0 0 0 -0.141 -0.094 -0.076 -0.255 8.126

 Mean vectors and covariance matrices after rotation --- 2th cluster >>

 mean vector (mu'=Q*mu)>>
0.806 2.44 3.115 1.124 0.188 1.504 2.386 0.58 1.73 0.852 2.206 0.626 0.128 2.311 1.963 2.671 2.037 0.804 0.094 2.386

 covariance matrix (Sigma'=Q*Sigma*t(Q))>>

9.857 0 0 0 1.53 0 0.306 0 0 1.004 -2.806 0 0 0 0 -4.174 0.557 0.981 0.651 1.244
0 9.21 -1.771 0.045 0 -0.24 0 1.099 -0.962 0 0 -0.368 -0.241 -0.29 -0.309 0 0 0 0 0
0 -1.771 15.611 -0.274 0 -1.431 0 -2.48 -1.769 0 0 -0.646 -0.974 -0.762 -1.374 0 0 0 0 0
0 0.045 -0.274 7.926 0 0.012 0 0.347 -0.128 0 0 -0.05 -0.008 -0.028 -0.005 0 0 0 0 0
1.53 0 0 0 14.068 0 0.168 0 0 -0.271 0.629 0 0 0 0 1.269 1.104 -0.271 -0.642 0.741
0 -0.24 -1.431 0.012 0 9.665 0 0.602 -0.811 0 0 -0.308 -0.241 -0.261 -0.319 0 0 0 0 0
0.306 0 0 0 0.168 0 12.269 0 0 -0.494 -0.669 0 0 0 0 -0.905 0.693 -0.234 -0.671 0.367
0 1.099 -2.48 0.347 0 0.602 0 11.657 -0.948 0 0 -0.39 0.213 -0.093 0.378 0 0 0 0 0
0 -0.962 -1.769 -0.128 0 -0.811 0 -0.948 12.858 0 0 -0.444 -0.575 -0.481 -0.802 0 0 0 0 0
1.004 0 0 0 -0.271 0 -0.494 0 0 5.599 -0.729 0 0 0 0 -0.657 0.06 0.014 0.086 0.095
-2.806 0 0 0 0.629 0 -0.669 0 0 -0.729 16.469 0 0 0 0 -2.265 -0.488 -0.367 -0.455 -0.774
0 -0.368 -0.646 -0.05 0 -0.308 0 -0.39 -0.444 0 0 14.328 -0.217 -0.18 -0.303 0 0 0 0 0
0 -0.241 -0.974 -0.008 0 -0.241 0 0.213 -0.575 0 0 -0.217 10.395 -0.196 -0.264 0 0 0 0 0
0 -0.29 -0.762 -0.028 0 -0.261 0 -0.093 -0.481 0 0 -0.18 -0.196 11.741 -0.27 0 0 0 0 0
0 -0.309 -1.374 -0.005 0 -0.319 0 0.378 -0.802 0 0 -0.303 -0.264 -0.27 10.046 0 0 0 0 0
-4.174 0 0 0 1.269 0 -0.905 0 0 -0.657 -2.265 0 0 0 0 13.579 -1.287 -0.232 -0.099 -1.368
0.557 0 0 0 1.104 0 0.693 0 0 0.06 -0.488 0 0 0 0 -1.287 7.045 0.334 0.051 0.342
0.981 0 0 0 -0.271 0 -0.234 0 0 0.014 -0.367 0 0 0 0 -0.232 0.334 7.47 -0.136 0.259
0.651 0 0 0 -0.642 0 -0.671 0 0 0.086 -0.455 0 0 0 0 -0.099 0.051 -0.136 5.952 -0.019
1.244 0 0 0 0.741 0 0.367 0 0 0.095 -0.774 0 0 0 0 -1.368 0.342 0.259 -0.019 7.376

 Mean vectors and covariance matrices after rotation --- 3th cluster >>

 mean vector (mu'=Q*mu)>>
1.392 2.44 3.115 1.124 0.042 1.504 0.532 0.58 1.73 0.19 0.492 0.626 0.128 2.311 1.963 0.595 0.454 -9.244 0.021 0.532

 covariance matrix (Sigma'=Q*Sigma*t(Q))>>

4.652 0 0 0 -0.875 0 1.309 0 0 -0.465 -0.667 0 0 0 0 0.923 -0.73 -0.506 0.201 0.758
0 9.21 -1.771 0.045 0 -0.24 0 1.099 -0.962 0 0 -0.368 -0.241 -0.29 -0.309 0 0 0 0 0
0 -1.771 15.611 -0.274 0 -1.431 0 -2.48 -1.769 0 0 -0.646 -0.974 -0.762 -1.374 0 0 0 0 0
0 0.045 -0.274 7.926 0 0.012 0 0.347 -0.128 0 0 -0.05 -0.008 -0.028 -0.005 0 0 0 0 0
-0.875 0 0 0 6.357 0 -0.502 0 0 0.125 -0.022 0 0 0 0 -0.134 -0.478 0.292 -0.132 -0.378
0 -0.24 -1.431 0.012 0 9.665 0 0.602 -0.811 0 0 -0.308 -0.241 -0.261 -0.319 0 0 0 0 0
1.309 0 0 0 -0.502 0 3.337 0 0 0.266 0.379 0 0 0 0 0.966 0.36 0.121 0.477 0.948
0 1.099 -2.48 0.347 0 0.602 0 11.657 -0.948 0 0 -0.39 0.213 -0.093 0.378 0 0 0 0 0
0 -0.962 -1.769 -0.128 0 -0.811 0 -0.948 12.858 0 0 -0.444 -0.575 -0.481 -0.802 0 0 0 0 0
-0.465 0 0 0 0.125 0 0.266 0 0 7.252 0.044 0 0 0 0 0.375 -0.046 -0.048 -0.218 0.234
-0.667 0 0 0 -0.022 0 0.379 0 0 0.044 5.798 0 0 0 0 0.286 -0.307 0.019 0.252 0.205
0 -0.368 -0.646 -0.05 0 -0.308 0 -0.39 -0.444 0 0 14.328 -0.217 -0.18 -0.303 0 0 0 0 0
0 -0.241 -0.974 -0.008 0 -0.241 0 0.213 -0.575 0 0 -0.217 10.395 -0.196 -0.264 0 0 0 0 0
0 -0.29 -0.762 -0.028 0 -0.261 0 -0.093 -0.481 0 0 -0.18 -0.196 11.741 -0.27 0 0 0 0 0
0 -0.309 -1.374 -0.005 0 -0.319 0 0.378 -0.802 0 0 -0.303 -0.264 -0.27 10.046 0 0 0 0 0
0.923 0 0 0 -0.134 0 0.966 0 0 0.375 0.286 0 0 0 0 3.246 0.086 0.253 0.591 0.721
-0.73 0 0 0 -0.478 0 0.36 0 0 -0.046 -0.307 0 0 0 0 0.086 6.83 -0.144 0.334 0.141
-0.506 0 0 0 0.292 0 0.121 0 0 -0.048 0.019 0 0 0 0 0.253 -0.144 6.718 -0.138 0.107
0.201 0 0 0 -0.132 0 0.477 0 0 -0.218 0.252 0 0 0 0 0.591 0.334 -0.138 9.115 0.481
0.758 0 0 0 -0.378 0 0.948 0 0 0.234 0.205 0 0 0 0 0.721 0.141 0.107 0.481 3.821

 Mean vectors and covariance matrices after rotation --- 4th cluster >>

 mean vector (mu'=Q*mu)>>
4.36 2.44 3.115 1.124 0.131 1.504 1.665 0.58 1.73 0.595 1.54 0.626 0.128 2.311 1.963 1.865 1.422 -2.58 0.066 -7.219

 covariance matrix (Sigma'=Q*Sigma*t(Q))>>

6.685 0 0 0 -0.035 0 0.71 0 0 -0.413 -1.2 0 0 0 0 -0.479 1.746 -0.714 0.204 -0.852
0 9.21 -1.771 0.045 0 -0.24 0 1.099 -0.962 0 0 -0.368 -0.241 -0.29 -0.309 0 0 0 0 0
0 -1.771 15.611 -0.274 0 -1.431 0 -2.48 -1.769 0 0 -0.646 -0.974 -0.762 -1.374 0 0 0 0 0
0 0.045 -0.274 7.926 0 0.012 0 0.347 -0.128 0 0 -0.05 -0.008 -0.028 -0.005 0 0 0 0 0
-0.035 0 0 0 7.824 0 0.041 0 0 0.028 -0.028 0 0 0 0 0.007 0.068 0.048 -0.007 -0.018
0 -0.24 -1.431 0.012 0 9.665 0 0.602 -0.811 0 0 -0.308 -0.241 -0.261 -0.319 0 0 0 0 0
0.71 0 0 0 0.041 0 5.181 0 0 -0.238 -0.136 0 0 0 0 0.123 0.827 -0.65 0.441 0.081
0 1.099 -2.48 0.347 0 0.602 0 11.657 -0.948 0 0 -0.39 0.213 -0.093 0.378 0 0 0 0 0
0 -0.962 -1.769 -0.128 0 -0.811 0 -0.948 12.858 0 0 -0.444 -0.575 -0.481 -0.802 0 0 0 0 0
-0.413 0 0 0 0.028 0 -0.238 0 0 6.151 -0.478 0 0 0 0 -0.233 -0.078 0.891 0.323 -0.352
-1.2 0 0 0 -0.028 0 -0.136 0 0 -0.478 9.056 0 0 0 0 -0.571 0.296 -0.792 0.215 -0.572
0 -0.368 -0.646 -0.05 0 -0.308 0 -0.39 -0.444 0 0 14.328 -0.217 -0.18 -0.303 0 0 0 0 0
0 -0.241 -0.974 -0.008 0 -0.241 0 0.213 -0.575 0 0 -0.217 10.395 -0.196 -0.264 0 0 0 0 0
0 -0.29 -0.762 -0.028 0 -0.261 0 -0.093 -0.481 0 0 -0.18 -0.196 11.741 -0.27 0 0 0 0 0
0 -0.309 -1.374 -0.005 0 -0.319 0 0.378 -0.802 0 0 -0.303 -0.264 -0.27 10.046 0 0 0 0 0
-0.479 0 0 0 0.007 0 0.123 0 0 -0.233 -0.571 0 0 0 0 7.059 0.595 -0.515 0.369 -0.373
1.746 0 0 0 0.068 0 0.827 0 0 -0.078 0.296 0 0 0 0 0.595 2.844 -0.455 0.383 0.51
-0.714 0 0 0 0.048 0 -0.65 0 0 0.891 -0.792 0 0 0 0 -0.515 -0.455 5.562 0.629 -0.609
0.204 0 0 0 -0.007 0 0.441 0 0 0.323 0.215 0 0 0 0 0.369 0.383 0.629 8.073 0.182
-0.852 0 0 0 -0.018 0 0.081 0 0 -0.352 -0.572 0 0 0 0 -0.373 0.51 -0.609 0.182 8.322

 Mean vectors and covariance matrices after rotation --- 5th cluster >>

 mean vector (mu'=Q*mu)>>
1.587 2.44 3.115 1.124 0.048 1.504 0.606 0.58 1.73 0.216 0.56 0.626 0.128 2.311 1.963 0.679 0.517 -2.937 -8.578 -1.615

 covariance matrix (Sigma'=Q*Sigma*t(Q))>>

6.078 0 0 0 -0.005 0 1.562 0 0 -0.326 0.093 0 0 0 0 0.02 0.479 -0.299 -0.127 0.387
0 9.21 -1.771 0.045 0 -0.24 0 1.099 -0.962 0 0 -0.368 -0.241 -0.29 -0.309 0 0 0 0 0
0 -1.771 15.611 -0.274 0 -1.431 0 -2.48 -1.769 0 0 -0.646 -0.974 -0.762 -1.374 0 0 0 0 0
0 0.045 -0.274 7.926 0 0.012 0 0.347 -0.128 0 0 -0.05 -0.008 -0.028 -0.005 0 0 0 0 0
-0.005 0 0 0 3.538 0 0.019 0 0 -0.015 0.012 0 0 0 0 0.01 -0.024 0.02 0.012 -0.029
0 -0.24 -1.431 0.012 0 9.665 0 0.602 -0.811 0 0 -0.308 -0.241 -0.261 -0.319 0 0 0 0 0
1.562 0 0 0 0.019 0 2.381 0 0 0.127 0.076 0 0 0 0 0.245 0.295 0.399 0.139 0.317
0 1.099 -2.48 0.347 0 0.602 0 11.657 -0.948 0 0 -0.39 0.213 -0.093 0.378 0 0 0 0 0
0 -0.962 -1.769 -0.128 0 -0.811 0 -0.948 12.858 0 0 -0.444 -0.575 -0.481 -0.802 0 0 0 0 0
-0.326 0 0 0 -0.015 0 0.127 0 0 9.793 -0.194 0 0 0 0 -0.201 0.05 -0.094 -0.038 0.027
0.093 0 0 0 0.012 0 0.076 0 0 -0.194 2.131 0 0 0 0 0.172 -0.469 0.384 0.222 -0.535
0 -0.368 -0.646 -0.05 0 -0.308 0 -0.39 -0.444 0 0 14.328 -0.217 -0.18 -0.303 0 0 0 0 0
0 -0.241 -0.974 -0.008 0 -0.241 0 0.213 -0.575 0 0 -0.217 10.395 -0.196 -0.264 0 0 0 0 0
0 -0.29 -0.762 -0.028 0 -0.261 0 -0.093 -0.481 0 0 -0.18 -0.196 11.741 -0.27 0 0 0 0 0
0 -0.309 -1.374 -0.005 0 -0.319 0 0.378 -0.802 0 0 -0.303 -0.264 -0.27 10.046 0 0 0 0 0
0.02 0 0 0 0.01 0 0.245 0 0 -0.201 0.172 0 0 0 0 3.36 -0.357 0.321 0.188 -0.425
0.479 0 0 0 -0.024 0 0.295 0 0 0.05 -0.469 0 0 0 0 -0.357 5.676 0.134 0.047 0.113
-0.299 0 0 0 0.02 0 0.399 0 0 -0.094 0.384 0 0 0 0 0.321 0.134 6.82 -0.049 0.13
-0.127 0 0 0 0.012 0 0.139 0 0 -0.038 0.222 0 0 0 0 0.188 0.047 -0.049 6.8 0.05
0.387 0 0 0 -0.029 0 0.317 0 0 0.027 -0.535 0 0 0 0 -0.425 0.113 0.13 0.05 5.898

 Final eigenvalues for each cluster >> 
 (rows correspond to clusters)
18.004 14.492 14.061 11.919 10.592 10.4 9.939 9.368 9.351 9.259 8.622 8.219 7.904 7.49 6.759 5.988 5.821 5.056 3.502 3.416
18.004 17.958 17.217 14.814 14.492 14.061 12.287 11.919 10.592 10.4 9.939 9.368 7.904 7.525 6.912 6.888 6.759 5.956 5.42 4.708
18.004 14.492 14.061 11.919 10.592 10.4 9.939 9.534 9.368 7.904 7.524 7.379 7.101 6.759 6.686 5.94 5.258 3.118 2.456 2.128
18.004 14.492 14.061 11.919 10.592 10.4 9.939 9.746 9.368 8.757 8.415 8.348 7.904 7.824 7.363 6.759 5.557 4.733 4.257 1.757
18.004 14.492 14.061 11.919 10.592 10.4 9.939 9.837 9.368 7.904 7.135 6.929 6.821 6.759 5.818 5.541 3.537 3.205 1.941 1.71

 theoretical Separation index matrix >>

-1 0.01 0.042 0.017 0.087
0.01 -1 0.019 0.01 0.05
0.042 0.019 -1 0.074 0.01
0.017 0.01 0.074 -1 0.01
0.087 0.05 0.01 0.01 -1

 theoretical projection directions >>

**** cluster 1 and 2
0.307 0 0 0 -0.063 0 0.314 0 0 0.21 0.396 0 0 0 0 0.51 0.355 0.154 0.111 0.425

**** cluster 1 and 3
0.223 0 0 0 0.092 0 0.198 0 0 0.075 0.295 0 0 0 0 0.3 0.184 -0.795 -0.011 0.232

**** cluster 1 and 4
0.574 0 0 0 0.027 0 0.311 0 0 0.193 0.403 0 0 0 0 0.426 0.231 -0.127 0.013 -0.348

**** cluster 1 and 5
0.156 0 0 0 0.04 0 0.194 0 0 0.064 0.43 0 0 0 0 0.275 0.16 -0.189 -0.78 0.046

**** cluster 2 and 3
0.052 0 0 0 0.008 0 -0.146 0 0 -0.08 -0.139 0 0 0 0 -0.185 -0.143 -0.927 -0.014 -0.188

**** cluster 2 and 4
0.293 0 0 0 0.013 0 -0.072 0 0 -0.052 -0.067 0 0 0 0 -0.09 -0.08 -0.392 0.006 -0.856

**** cluster 2 and 5
0.089 0 0 0 -0.006 0 -0.167 0 0 -0.072 -0.162 0 0 0 0 -0.191 -0.137 -0.3 -0.803 -0.376

**** cluster 3 and 4
0.328 0 0 0 0.004 0 0.144 0 0 0.022 0.129 0 0 0 0 0.134 0.127 0.575 -0.013 -0.7

**** cluster 3 and 5
0.091 0 0 0 -0.027 0 0.037 0 0 0.004 0.014 0 0 0 0 0.037 0.034 0.623 -0.717 -0.29

**** cluster 4 and 5
-0.262 0 0 0 -0.008 0 -0.069 0 0 -0.026 -0.067 0 0 0 0 -0.084 -0.068 -0.011 -0.787 0.538

 empirical Separation index matrix (alpha= 0.05 )>>

-1 0.082 0.107 0.143 0.086
0.082 -1 0.161 0.133 0.062
0.107 0.161 -1 -0.017 0.124
0.143 0.133 -0.017 -1 0.151
0.086 0.062 0.124 0.151 -1

 empirical projection directions >>

**** cluster 1 and 2
-0.311 0.021 -0.033 0.287 0.032 -0.067 -0.169 -0.122 0.022 -0.287 -0.281 0.001 -0.027 0.052 -0.046 -0.542 -0.395 -0.27 -0.06 -0.276

**** cluster 1 and 3
0.152 -0.007 -0.094 0.085 -0.224 -0.049 -0.029 -0.012 0.045 -0.178 -0.078 -0.044 0 0.027 0.086 -0.142 -0.052 -0.47 -0.763 -0.179

**** cluster 1 and 4
0.005 -0.054 -0.093 0.022 -0.122 -0.074 -0.074 -0.057 0.081 -0.1 -0.151 0.032 0.059 -0.046 0.114 -0.173 -0.213 -0.882 -0.129 -0.17

**** cluster 1 and 5
0.257 -0.07 0.158 0.181 0.035 -0.003 -0.023 -0.047 0.104 -0.126 0.044 0.037 0.188 -0.006 0.062 -0.256 0.101 -0.379 0.128 -0.75

**** cluster 2 and 3
0.114 0.08 -0.025 0.065 0.023 0.101 0.143 -0.03 -0.072 0.089 0.097 0.113 0.02 -0.047 0.038 0.356 0.265 -0.264 -0.774 0.197

**** cluster 2 and 4
0.286 0.021 -0.08 -0.013 0.182 -0.046 0.047 0.016 -0.136 0.212 0.316 0.155 0.008 -0.143 -0.008 0.239 0.17 -0.702 -0.123 0.268

**** cluster 2 and 5
0.482 0 0.106 -0.013 -0.11 0.11 0.102 0.056 -0.05 0.225 0.618 0.098 0.12 -0.133 0.057 0.38 0.191 -0.108 0.024 -0.215

**** cluster 3 and 4
-0.044 -0.022 0 -0.003 0.135 -0.108 -0.214 -0.124 -0.092 -0.059 0.121 0.02 0.022 -0.069 0.116 -0.075 -0.119 -0.709 0.58 0.041

**** cluster 3 and 5
0.133 -0.049 0.086 0.073 -0.057 -0.089 -0.095 0.014 0.009 -0.128 0.352 0.114 0.034 -0.015 0.047 -0.079 -0.043 0.09 0.639 -0.604

**** cluster 4 and 5
0.162 0.079 0.109 0.149 -0.258 0.074 0.116 0.149 0.031 0.034 0.18 0.112 0.04 0.051 -0.141 -0.146 0.154 0.561 0.134 -0.614
