
 Log information for the data set datasetJMG2v5nv10out0_3.dat >>

 alpha = 0.05 sepVal = 0.21

 Number of clusters >> 2

 cluster sizes >>
50 50

 Number of data points >> 100

 Number of dimensions >> 15

 Number of noisy dimensions >> 10

 noisy variables >>
2 4 5 6 7 8 9 10 11 14

 Number of outliers >> 0

 initial eigenvalues for each cluster >> 
 (rows correspond to clusters)
9.367 1.294 3.487 2.65 8.026
4.421 1.07 4.563 5.354 7.771

 Mean vectors and covariance matrices before rotation --- 1th cluster >>

 mean vector (mu'=Q*mu)>>
-5.958 0 0 0 0 0 0 0 0 0 0 0 0 0 0

 covariance matrix (Sigma'=Q*Sigma*t(Q))>>

6.08 2.58 1.656 0.59 -0.484 0 0 0 0 0 0 0 0 0 0
2.58 3.071 1.53 0.477 1.213 0 0 0 0 0 0 0 0 0 0
1.656 1.53 4.76 0.402 0.864 0 0 0 0 0 0 0 0 0 0
0.59 0.477 0.402 2.776 0.293 0 0 0 0 0 0 0 0 0 0
-0.484 1.213 0.864 0.293 8.137 0 0 0 0 0 0 0 0 0 0
0 0 0 0 0 16.719 1.687 -0.484 -2.708 0.086 -0.924 -2.318 -2.468 -0.709 3.036
0 0 0 0 0 1.687 16.137 -0.161 -1.247 0.304 -0.233 -0.481 -1.039 -0.141 2.506
0 0 0 0 0 -0.484 -0.161 24.05 -0.231 -0.056 -0.125 -0.338 -0.234 -0.105 -0.007
0 0 0 0 0 -2.708 -1.247 -0.231 31.885 -0.339 -0.545 -1.511 -0.882 -0.47 -0.61
0 0 0 0 0 0.086 0.304 -0.056 -0.339 16.207 -0.102 -0.248 -0.302 -0.075 0.461
0 0 0 0 0 -0.924 -0.233 -0.125 -0.545 -0.102 21.947 -0.73 -0.541 -0.226 0.113
0 0 0 0 0 -2.318 -0.481 -0.338 -1.511 -0.248 -0.73 19.592 -1.487 -0.603 0.456
0 0 0 0 0 -2.468 -1.039 -0.234 -0.882 -0.302 -0.541 -1.487 27.496 -0.462 -0.392
0 0 0 0 0 -0.709 -0.141 -0.105 -0.47 -0.075 -0.226 -0.603 -0.462 21.243 0.15
0 0 0 0 0 3.036 2.506 -0.007 -0.61 0.461 0.113 0.456 -0.392 0.15 12.557

 Mean vectors and covariance matrices before rotation --- 2th cluster >>

 mean vector (mu'=Q*mu)>>
5.958 0 0 0 0 0 0 0 0 0 0 0 0 0 0

 covariance matrix (Sigma'=Q*Sigma*t(Q))>>

4.5 0.732 -0.07 -0.259 -0.342 0 0 0 0 0 0 0 0 0 0
0.732 1.321 0.507 0.128 0.001 0 0 0 0 0 0 0 0 0 0
-0.07 0.507 4.42 -0.218 -0.258 0 0 0 0 0 0 0 0 0 0
-0.259 0.128 -0.218 5.224 -0.106 0 0 0 0 0 0 0 0 0 0
-0.342 0.001 -0.258 -0.106 7.713 0 0 0 0 0 0 0 0 0 0
0 0 0 0 0 16.719 1.687 -0.484 -2.708 0.086 -0.924 -2.318 -2.468 -0.709 3.036
0 0 0 0 0 1.687 16.137 -0.161 -1.247 0.304 -0.233 -0.481 -1.039 -0.141 2.506
0 0 0 0 0 -0.484 -0.161 24.05 -0.231 -0.056 -0.125 -0.338 -0.234 -0.105 -0.007
0 0 0 0 0 -2.708 -1.247 -0.231 31.885 -0.339 -0.545 -1.511 -0.882 -0.47 -0.61
0 0 0 0 0 0.086 0.304 -0.056 -0.339 16.207 -0.102 -0.248 -0.302 -0.075 0.461
0 0 0 0 0 -0.924 -0.233 -0.125 -0.545 -0.102 21.947 -0.73 -0.541 -0.226 0.113
0 0 0 0 0 -2.318 -0.481 -0.338 -1.511 -0.248 -0.73 19.592 -1.487 -0.603 0.456
0 0 0 0 0 -2.468 -1.039 -0.234 -0.882 -0.302 -0.541 -1.487 27.496 -0.462 -0.392
0 0 0 0 0 -0.709 -0.141 -0.105 -0.47 -0.075 -0.226 -0.603 -0.462 21.243 0.15
0 0 0 0 0 3.036 2.506 -0.007 -0.61 0.461 0.113 0.456 -0.392 0.15 12.557

 Final eigenvalues for each cluster >> 
 (rows correspond to clusters)
32.705 28.423 24.106 22.219 21.541 21.43 17.123 16.177 14.086 10.024 9.367 8.026 3.487 2.65 1.294
32.705 28.423 24.106 22.219 21.541 21.43 17.123 16.177 14.086 10.024 7.771 5.354 4.563 4.421 1.07

 *************************************************

 ********************* rotation ******************

 *************************************************


 The orthogonal matrix Q >>
0.156 0.712 0.604 0.305 0.104
0.712 -0.561 0.372 0.188 0.064
0.604 0.372 -0.685 0.159 0.054
0.305 0.188 0.159 -0.92 0.027
0.104 0.064 0.054 0.027 -0.991

 Mean vectors and covariance matrices after rotation --- 1th cluster >>

 mean vector (mu'=Q*mu)>>
-1.815 0 -0.621 0 0 0 0 0 0 0 0 -3.598 -0.929 0 -4.244

 covariance matrix (Sigma'=Q*Sigma*t(Q))>>

3.079 0 0.125 0 0 0 0 0 0 0 0 0.515 1.244 0 0.825
0 21.243 0 -0.105 -0.075 0.15 -0.141 -0.709 -0.47 -0.462 -0.603 0 0 -0.226 0
0.125 0 7.986 0 0 0 0 0 0 0 0 0.364 -1.291 0 0.697
0 -0.105 0 24.05 -0.056 -0.007 -0.161 -0.484 -0.231 -0.234 -0.338 0 0 -0.125 0
0 -0.075 0 -0.056 16.207 0.461 0.304 0.086 -0.339 -0.302 -0.248 0 0 -0.102 0
0 0.15 0 -0.007 0.461 12.557 2.506 3.036 -0.61 -0.392 0.456 0 0 0.113 0
0 -0.141 0 -0.161 0.304 2.506 16.137 1.687 -1.247 -1.039 -0.481 0 0 -0.233 0
0 -0.709 0 -0.484 0.086 3.036 1.687 16.719 -2.708 -2.468 -2.318 0 0 -0.924 0
0 -0.47 0 -0.231 -0.339 -0.61 -1.247 -2.708 31.885 -0.882 -1.511 0 0 -0.545 0
0 -0.462 0 -0.234 -0.302 -0.392 -1.039 -2.468 -0.882 27.496 -1.487 0 0 -0.541 0
0 -0.603 0 -0.338 -0.248 0.456 -0.481 -2.318 -1.511 -1.487 19.592 0 0 -0.73 0
0.515 0 0.364 0 0 0 0 0 0 0 0 4.018 1.106 0 1.084
1.244 0 -1.291 0 0 0 0 0 0 0 0 1.106 6.692 0 2.751
0 -0.226 0 -0.125 -0.102 0.113 -0.233 -0.924 -0.545 -0.541 -0.73 0 0 21.947 0
0.825 0 0.697 0 0 0 0 0 0 0 0 1.084 2.751 0 3.049

 Mean vectors and covariance matrices after rotation --- 2th cluster >>

 mean vector (mu'=Q*mu)>>
1.815 0 0.621 0 0 0 0 0 0 0 0 3.598 0.929 0 4.244

 covariance matrix (Sigma'=Q*Sigma*t(Q))>>

5.271 0 -0.037 0 0 0 0 0 0 0 0 -0.232 -0.31 0 0.439
0 21.243 0 -0.105 -0.075 0.15 -0.141 -0.709 -0.47 -0.462 -0.603 0 0 -0.226 0
-0.037 0 7.755 0 0 0 0 0 0 0 0 -0.156 -0.156 0 0.233
0 -0.105 0 24.05 -0.056 -0.007 -0.161 -0.484 -0.231 -0.234 -0.338 0 0 -0.125 0
0 -0.075 0 -0.056 16.207 0.461 0.304 0.086 -0.339 -0.302 -0.248 0 0 -0.102 0
0 0.15 0 -0.007 0.461 12.557 2.506 3.036 -0.61 -0.392 0.456 0 0 0.113 0
0 -0.141 0 -0.161 0.304 2.506 16.137 1.687 -1.247 -1.039 -0.481 0 0 -0.233 0
0 -0.709 0 -0.484 0.086 3.036 1.687 16.719 -2.708 -2.468 -2.318 0 0 -0.924 0
0 -0.47 0 -0.231 -0.339 -0.61 -1.247 -2.708 31.885 -0.882 -1.511 0 0 -0.545 0
0 -0.462 0 -0.234 -0.302 -0.392 -1.039 -2.468 -0.882 27.496 -1.487 0 0 -0.541 0
0 -0.603 0 -0.338 -0.248 0.456 -0.481 -2.318 -1.511 -1.487 19.592 0 0 -0.73 0
-0.232 0 -0.156 0 0 0 0 0 0 0 0 4.186 -0.569 0 0.877
-0.31 0 -0.156 0 0 0 0 0 0 0 0 -0.569 3.446 0 1.38
0 -0.226 0 -0.125 -0.102 0.113 -0.233 -0.924 -0.545 -0.541 -0.73 0 0 21.947 0
0.439 0 0.233 0 0 0 0 0 0 0 0 0.877 1.38 0 2.52

 Final eigenvalues for each cluster >> 
 (rows correspond to clusters)
32.705 28.423 24.106 22.219 21.541 21.43 17.123 16.177 14.086 10.024 9.367 8.026 3.487 2.65 1.294
32.705 28.423 24.106 22.219 21.541 21.43 17.123 16.177 14.086 10.024 7.771 5.354 4.563 4.421 1.07

 theoretical Separation index matrix >>

-1 0.21
0.21 -1

 theoretical projection directions >>

**** cluster 1 and 2
0.114 0 -0.047 0 0 0 0 0 0 0 0 0.255 -0.309 0 0.908

 empirical Separation index matrix (alpha= 0.05 )>>

-1 0.185
0.185 -1

 empirical projection directions >>

**** cluster 1 and 2
-0.186 0.032 0.136 -0.01 0.007 0.054 -0.057 0.009 0.035 0.057 0.052 -0.366 0.241 0.057 -0.858
