
 Log information for the data set datasetJMG2v10nv1out0_2.dat >>

 alpha = 0.05 sepVal = 0.21

 Number of clusters >> 2

 cluster sizes >>
50 50

 Number of data points >> 100

 Number of dimensions >> 11

 Number of noisy dimensions >> 1

 noisy variables >>
5

 Number of outliers >> 0

 initial eigenvalues for each cluster >> 
 (rows correspond to clusters)
9.976 2.231 1.928 3.582 2.885 4.848 2.747 4.051 1.821 1.831
5.64 5.762 3.446 5.639 9.662 5.914 6.781 8.032 2.152 9.175

 Mean vectors and covariance matrices before rotation --- 1th cluster >>

 mean vector (mu'=Q*mu)>>
-6.627 0 0 0 0 0 0 0 0 0 0

 covariance matrix (Sigma'=Q*Sigma*t(Q))>>

4.932 0.776 1.249 1.186 1.851 0.709 0.489 0.498 0.574 0.618 0
0.776 2.489 0.398 0.508 0.685 0.462 0.177 0.242 0.181 0.195 0
1.249 0.398 2.54 0.785 1.057 0.717 0.273 0.374 0.278 0.3 0
1.186 0.508 0.785 4.565 1.338 0.878 0.346 0.465 0.357 0.384 0
1.851 0.685 1.057 1.338 4.697 1.208 0.468 0.634 0.48 0.517 0
0.709 0.462 0.717 0.878 1.208 5.613 0.313 0.412 0.326 0.351 0
0.489 0.177 0.273 0.346 0.468 0.313 2.868 0.164 0.124 0.133 0
0.498 0.242 0.374 0.465 0.634 0.412 0.164 4.27 0.17 0.183 0
0.574 0.181 0.278 0.357 0.48 0.326 0.124 0.17 1.947 0.136 0
0.618 0.195 0.3 0.384 0.517 0.351 0.133 0.183 0.136 1.977 0
0 0 0 0 0 0 0 0 0 0 35.585

 Mean vectors and covariance matrices before rotation --- 2th cluster >>

 mean vector (mu'=Q*mu)>>
6.627 0 0 0 0 0 0 0 0 0 0

 covariance matrix (Sigma'=Q*Sigma*t(Q))>>

5.899 0 0.193 0.028 -0.093 -0.056 -0.25 -0.766 0.808 -0.338 0
0 5.762 0 0 0 0 0 0 0 0 0
0.193 0 3.464 0.021 -0.002 0.045 0.015 -0.001 0.062 -0.006 0
0.028 0 0.021 5.642 -0.01 -0.006 -0.027 -0.082 0.086 -0.036 0
-0.093 0 -0.002 -0.01 9.659 -0.026 -0.018 -0.03 -0.001 -0.01 0
-0.056 0 0.045 -0.006 -0.026 5.866 -0.084 -0.227 0.198 -0.097 0
-0.25 0 0.015 -0.027 -0.018 -0.084 6.702 -0.17 0.082 -0.066 0
-0.766 0 -0.001 -0.082 -0.03 -0.227 -0.17 7.717 0.055 -0.115 0
0.808 0 0.062 0.086 -0.001 0.198 0.082 0.055 2.357 0.001 0
-0.338 0 -0.006 -0.036 -0.01 -0.097 -0.066 -0.115 0.001 9.135 0
0 0 0 0 0 0 0 0 0 0 35.585

 Final eigenvalues for each cluster >> 
 (rows correspond to clusters)
35.585 9.976 4.848 4.051 3.582 2.885 2.747 2.231 1.928 1.831 1.821
35.585 9.662 9.175 8.032 6.781 5.914 5.762 5.64 5.639 3.446 2.152

 *************************************************

 ********************* rotation ******************

 *************************************************


 The orthogonal matrix Q >>
0.093 0.463 0.458 0.467 0.397 0.137 0.335 0.038 0.229 0.081
0.463 -0.804 0.194 0.198 0.168 0.058 0.142 0.016 0.097 0.034
0.458 0.194 -0.808 0.196 0.167 0.057 0.14 0.016 0.096 0.034
0.467 0.198 0.196 -0.8 0.17 0.058 0.143 0.016 0.098 0.035
0.397 0.168 0.167 0.17 -0.855 0.05 0.122 0.014 0.083 0.03
0.137 0.058 0.057 0.058 0.05 -0.983 0.042 0.005 0.029 0.01
0.335 0.142 0.14 0.143 0.122 0.042 -0.897 0.012 0.07 0.025
0.038 0.016 0.016 0.016 0.014 0.005 0.012 -0.999 0.008 0.003
0.229 0.097 0.096 0.098 0.083 0.029 0.07 0.008 -0.952 0.017
0.081 0.034 0.034 0.035 0.03 0.01 0.025 0.003 0.017 -0.994

 Mean vectors and covariance matrices after rotation --- 1th cluster >>

 mean vector (mu'=Q*mu)>>
-2.634 -1.516 -3.036 -0.252 0 -0.905 -3.096 -0.539 -0.614 -2.22 -3.066

 covariance matrix (Sigma'=Q*Sigma*t(Q))>>

2.881 0.017 0.023 0.073 0 0.147 -0.101 0.004 -0.263 -0.058 -0.015
0.017 2.016 0.354 -0.098 0 -0.084 0.213 -0.04 0.959 0.312 0.456
0.023 0.354 2.568 -0.173 0 -0.141 0.371 -0.075 1.722 0.559 0.823
0.073 -0.098 -0.173 4.179 0 0.177 -0.129 0.054 -0.772 -0.214 -0.277
0 0 0 0 35.585 0 0 0 0 0 0
0.147 -0.084 -0.141 0.177 0 5.099 -0.129 0.086 -1.218 -0.236 -0.286
-0.101 0.213 0.371 -0.129 0 -0.129 3.691 -0.077 0.612 0.314 0.494
0.004 -0.04 -0.075 0.054 0 0.086 -0.077 1.843 -0.204 -0.094 -0.114
-0.263 0.959 1.722 -0.772 0 -1.218 0.612 -0.204 7.03 1.47 2.201
-0.058 0.312 0.559 -0.214 0 -0.236 0.314 -0.094 1.47 3.272 0.756
-0.015 0.456 0.823 -0.277 0 -0.286 0.494 -0.114 2.201 0.756 3.32

 Mean vectors and covariance matrices after rotation --- 2th cluster >>

 mean vector (mu'=Q*mu)>>
2.634 1.516 3.036 0.252 0 0.905 3.096 0.539 0.614 2.22 3.066

 covariance matrix (Sigma'=Q*Sigma*t(Q))>>

8.681 -0.348 -0.235 0.253 0 -0.169 -0.542 -0.047 -1.442 -0.412 -0.533
-0.348 2.282 0.177 0.239 0 0.189 0.034 0.025 0.626 0.037 -0.055
-0.235 0.177 4.225 0.411 0 0.187 0.458 0.136 1.095 0.313 0.427
0.253 0.239 0.411 7.78 0 -0.112 0.31 -0.041 0.14 0.11 0.387
0 0 0 0 35.585 0 0 0 0 0 0
-0.169 0.189 0.187 -0.112 0 5.883 0.038 -0.07 0.011 -0.057 0.041
-0.542 0.034 0.458 0.31 0 0.038 5.742 0.048 0.139 0.03 0.093
-0.047 0.025 0.136 -0.041 0 -0.07 0.048 9.161 -0.163 -0.009 0.082
-1.442 0.626 1.095 0.14 0 0.011 0.139 -0.163 5.87 -0.206 0.094
-0.412 0.037 0.313 0.11 0 -0.057 0.03 -0.009 -0.206 6.732 0.051
-0.533 -0.055 0.427 0.387 0 0.041 0.093 0.082 0.094 0.051 5.847

 Final eigenvalues for each cluster >> 
 (rows correspond to clusters)
35.585 9.976 4.848 4.051 3.582 2.885 2.747 2.231 1.928 1.831 1.821
35.585 9.662 9.175 8.032 6.781 5.914 5.762 5.64 5.639 3.446 2.152

 theoretical Separation index matrix >>

-1 0.21
0.21 -1

 theoretical projection directions >>

**** cluster 1 and 2
0.372 0.418 0.514 -0.007 0 0.109 0.403 0.071 -0.17 0.244 0.393

 empirical Separation index matrix (alpha= 0.05 )>>

-1 0.26
0.26 -1

 empirical projection directions >>

**** cluster 1 and 2
0.426 0.098 0.354 -0.121 -0.009 0.237 0.334 0.031 -0.042 0.502 0.496
