
 Log information for the data set datasetJMG2v10nv0out0_1.dat >>

 alpha = 0.05 sepVal = 0.21

 Number of clusters >> 2

 cluster sizes >>
50 50

 Number of data points >> 100

 Number of dimensions >> 10

 Number of noisy dimensions >> 0

 noisy variables >>
0

 Number of outliers >> 0

 initial eigenvalues for each cluster >> 
 (rows correspond to clusters)
1.906 9.399 7.813 2.813 4.826 1.705 3.753 2.903 3.315 4.051
6.965 3.13 4.706 3.405 7.731 1.998 4.762 3.914 1.586 9.049

 Mean vectors and covariance matrices before rotation --- 1th cluster >>

 mean vector (mu'=Q*mu)>>
-5.392 0 0 0 0 0 0 0 0 0

 covariance matrix (Sigma'=Q*Sigma*t(Q))>>

3.821 -1.182 -1.42 0.016 -0.43 0.083 -0.28 0.116 -0.004 -0.31
-1.182 9.07 -0.469 -0.04 -0.301 -0.043 -0.498 -0.382 -0.028 -0.376
-1.42 -0.469 7.155 -0.05 -0.402 -0.051 -0.645 -0.481 -0.036 -0.491
0.016 -0.04 -0.05 2.813 -0.02 0.001 -0.021 -0.008 -0.001 -0.019
-0.43 -0.301 -0.402 -0.02 4.619 -0.014 -0.296 -0.192 -0.015 -0.234
0.083 -0.043 -0.051 0.001 -0.014 1.709 -0.007 0.008 0 -0.009
-0.28 -0.498 -0.645 -0.021 -0.296 -0.007 3.368 -0.214 -0.019 -0.314
0.116 -0.382 -0.481 -0.008 -0.192 0.008 -0.214 2.819 -0.009 -0.185
-0.004 -0.028 -0.036 -0.001 -0.015 0 -0.019 -0.009 3.314 -0.016
-0.31 -0.376 -0.491 -0.019 -0.234 -0.009 -0.314 -0.185 -0.016 3.798

 Mean vectors and covariance matrices before rotation --- 2th cluster >>

 mean vector (mu'=Q*mu)>>
5.392 0 0 0 0 0 0 0 0 0

 covariance matrix (Sigma'=Q*Sigma*t(Q))>>

3.921 0.195 -0.035 0.516 -0.873 1.434 -0.071 0.115 0.826 -1.267
0.195 3.214 0.074 0.263 0.019 0.413 0.114 0.098 0.218 -0.022
-0.035 0.074 4.759 0.225 -0.037 0.39 0.08 0.079 0.209 -0.091
0.516 0.263 0.225 4.227 0.035 1.308 0.348 0.304 0.691 -0.103
-0.873 0.019 -0.037 0.035 7.495 0.218 -0.062 -0.007 0.133 -0.324
1.434 0.413 0.39 1.308 0.218 3.968 0.606 0.497 1.027 0.055
-0.071 0.114 0.08 0.348 -0.062 0.606 4.885 0.122 0.326 -0.147
0.115 0.098 0.079 0.304 -0.007 0.497 0.122 4.024 0.264 -0.065
0.826 0.218 0.209 0.691 0.133 1.027 0.326 0.264 2.121 0.053
-1.267 -0.022 -0.091 -0.103 -0.324 0.055 -0.147 -0.065 0.053 8.632

 Final eigenvalues for each cluster >> 
 (rows correspond to clusters)
9.399 7.813 4.826 4.051 3.753 3.315 2.903 2.813 1.906 1.705
9.049 7.731 6.965 4.762 4.706 3.914 3.405 3.13 1.998 1.586

 *************************************************

 ********************* rotation ******************

 *************************************************


 The orthogonal matrix Q >>
0.042 0.167 0.345 0.022 0.365 0.442 0.367 0.06 0.42 0.456
0.167 -0.973 0.055 0.004 0.058 0.071 0.059 0.01 0.067 0.073
0.345 0.055 -0.886 0.007 0.121 0.146 0.121 0.02 0.139 0.151
0.022 0.004 0.007 -1 0.008 0.009 0.008 0.001 0.009 0.01
0.365 0.058 0.121 0.008 -0.872 0.155 0.129 0.021 0.147 0.16
0.442 0.071 0.146 0.009 0.155 -0.813 0.156 0.026 0.178 0.193
0.367 0.059 0.121 0.008 0.129 0.156 -0.871 0.021 0.148 0.16
0.06 0.01 0.02 0.001 0.021 0.026 0.021 -0.997 0.024 0.026
0.42 0.067 0.139 0.009 0.147 0.178 0.148 0.024 -0.831 0.184
0.456 0.073 0.151 0.01 0.16 0.193 0.16 0.026 0.184 -0.801

 Mean vectors and covariance matrices after rotation --- 1th cluster >>

 mean vector (mu'=Q*mu)>>
-0.9 -1.97 -2.456 -1.86 -2.382 -0.326 -0.228 -0.119 -2.264 -1.979

 covariance matrix (Sigma'=Q*Sigma*t(Q))>>

9.322 -0.019 -0.014 -0.118 0.326 -0.287 -0.477 -0.02 0.229 -0.142
-0.019 4.647 -0.179 -0.189 0.08 -0.08 -0.569 -0.012 -0.13 -0.11
-0.014 -0.179 3.892 -0.207 0.134 -0.042 -0.425 -0.008 -0.135 -0.061
-0.118 -0.189 -0.207 7.531 0.264 -0.345 -1.021 -0.032 0.07 -0.283
0.326 0.08 0.134 0.264 1.897 0.153 0.089 0.014 -0.068 0.28
-0.287 -0.08 -0.042 -0.345 0.153 2.855 0.4 0 0.096 -0.075
-0.477 -0.569 -0.425 -1.021 0.089 0.4 2.799 0.026 -0.583 0.031
-0.02 -0.012 -0.008 -0.032 0.014 0 0.026 2.814 -0.001 -0.004
0.229 -0.13 -0.135 0.07 -0.068 0.096 -0.583 -0.001 3.013 0.048
-0.142 -0.11 -0.061 -0.283 0.28 -0.075 0.031 -0.004 0.048 3.714

 Mean vectors and covariance matrices after rotation --- 2th cluster >>

 mean vector (mu'=Q*mu)>>
0.9 1.97 2.456 1.86 2.382 0.326 0.228 0.119 2.264 1.979

 covariance matrix (Sigma'=Q*Sigma*t(Q))>>

3.142 -0.047 -0.137 -0.015 -0.001 0.014 0.159 -0.001 0.067 0.002
-0.047 7.554 -0.319 -0.037 -0.443 -0.158 -0.368 -0.531 0.038 -0.103
-0.137 -0.319 8.55 -0.157 -0.854 -0.265 -0.838 -0.813 -0.146 -0.268
-0.015 -0.037 -0.157 4.705 -0.302 -0.073 0.28 -0.312 0.055 -0.015
-0.001 -0.443 -0.854 -0.302 2.282 0.193 -0.046 0.58 0.07 -0.179
0.014 -0.158 -0.265 -0.073 0.193 3.973 -0.26 0.201 0.063 -0.046
0.159 -0.368 -0.838 0.28 -0.046 -0.26 6.314 -1.077 0.938 0.15
-0.001 -0.531 -0.813 -0.312 0.58 0.201 -1.077 4.159 0.031 -0.226
0.067 0.038 -0.146 0.055 0.07 0.063 0.938 0.031 1.823 0.115
0.002 -0.103 -0.268 -0.015 -0.179 -0.046 0.15 -0.226 0.115 4.743

 Final eigenvalues for each cluster >> 
 (rows correspond to clusters)
9.399 7.813 4.826 4.051 3.753 3.315 2.903 2.813 1.906 1.705
9.049 7.731 6.965 4.762 4.706 3.914 3.405 3.13 1.998 1.586

 theoretical Separation index matrix >>

-1 0.21
0.21 -1

 theoretical projection directions >>

**** cluster 1 and 2
0.064 0.232 0.303 0.194 0.683 0.044 0.085 0.042 0.514 0.266

 empirical Separation index matrix (alpha= 0.05 )>>

-1 0.266
0.266 -1

 empirical projection directions >>

**** cluster 1 and 2
-0.068 -0.256 -0.361 -0.151 -0.612 0.025 -0.169 -0.294 -0.456 -0.28
