
 Log information for the data set datasetJLG3v2nv1out0_3.dat >>

 alpha = 0.05 sepVal = 0.01

 Number of clusters >> 3

 cluster sizes >>
50 50 50

 Number of data points >> 150

 Number of dimensions >> 3

 Number of noisy dimensions >> 1

 noisy variables >>
2

 Number of outliers >> 0

 initial eigenvalues for each cluster >> 
 (rows correspond to clusters)
4.377 7.774
3.593 7.143
2.051 3.789

 Mean vectors and covariance matrices before rotation --- 1th cluster >>

 mean vector (mu'=Q*mu)>>
-4.959 0 2.444

 covariance matrix (Sigma'=Q*Sigma*t(Q))>>

7.769 -0.127 0
-0.127 4.382 0
0 0 23.283

 Mean vectors and covariance matrices before rotation --- 2th cluster >>

 mean vector (mu'=Q*mu)>>
4.959 0 2.444

 covariance matrix (Sigma'=Q*Sigma*t(Q))>>

5.1 -1.754 0
-1.754 5.636 0
0 0 23.283

 Mean vectors and covariance matrices before rotation --- 3th cluster >>

 mean vector (mu'=Q*mu)>>
0 8.589 2.444

 covariance matrix (Sigma'=Q*Sigma*t(Q))>>

8.054 -0.6 0
-0.6 4.512 0
0 0 23.283

 Final eigenvalues for each cluster >> 
 (rows correspond to clusters)
23.283 7.774 4.377
23.283 7.143 3.593
23.283 8.153 4.413

 *************************************************

 ********************* rotation ******************

 *************************************************


 The orthogonal matrix Q >>
0.865 0.502
0.502 -0.865

 Mean vectors and covariance matrices after rotation --- 1th cluster >>

 mean vector (mu'=Q*mu)>>
-4.288 2.444 -2.49

 covariance matrix (Sigma'=Q*Sigma*t(Q))>>

6.805 0 1.534
0 23.283 0
1.534 0 5.347

 Mean vectors and covariance matrices after rotation --- 2th cluster >>

 mean vector (mu'=Q*mu)>>
4.288 2.444 2.49

 covariance matrix (Sigma'=Q*Sigma*t(Q))>>

3.711 0 0.637
0 23.283 0
0.637 0 7.024

 Mean vectors and covariance matrices after rotation --- 3th cluster >>

 mean vector (mu'=Q*mu)>>
4.312 2.444 -7.427

 covariance matrix (Sigma'=Q*Sigma*t(Q))>>

6.64 0 1.835
0 23.283 0
1.835 0 5.926

 Final eigenvalues for each cluster >> 
 (rows correspond to clusters)
23.283 7.774 4.377
23.283 7.143 3.593
23.283 8.153 4.413

 theoretical Separation index matrix >>

-1 0.01 0.074
0.01 -1 0.01
0.074 0.01 -1

 theoretical projection directions >>

**** cluster 1 and 2
0.948 0 0.317

**** cluster 1 and 3
0.766 0 -0.643

**** cluster 2 and 3
0.238 0 -0.971

 empirical Separation index matrix (alpha= 0.05 )>>

-1 0.071 0.007
0.071 -1 -0.022
0.007 -0.022 -1

 empirical projection directions >>

**** cluster 1 and 2
-0.79 0.027 0.612

**** cluster 1 and 3
-0.28 0.031 0.959

**** cluster 2 and 3
0.952 0.065 0.3
