
 Log information for the data set datasetJMG3v5nv0out0_2.dat >>

 alpha = 0.05 sepVal = 0.21

 Number of clusters >> 3

 cluster sizes >>
50 50 50

 Number of data points >> 150

 Number of dimensions >> 5

 Number of noisy dimensions >> 0

 noisy variables >>
0

 Number of outliers >> 0

 initial eigenvalues for each cluster >> 
 (rows correspond to clusters)
7.574 3.296 2.898 3.484 2.941
2.621 5.797 1.988 3.255 6.414
4.812 6.221 7.82 4.166 4.244

 Mean vectors and covariance matrices before rotation --- 1th cluster >>

 mean vector (mu'=Q*mu)>>
-7.143 0 0 0 0

 covariance matrix (Sigma'=Q*Sigma*t(Q))>>

6.043 1.279 1.874 1.275 0.81
1.279 5.285 1.248 0.988 0.545
1.874 1.248 5.476 1.315 0.722
1.275 0.988 1.315 5.633 0.574
0.81 0.545 0.722 0.574 4.194

 Mean vectors and covariance matrices before rotation --- 2th cluster >>

 mean vector (mu'=Q*mu)>>
7.143 0 0 0 0

 covariance matrix (Sigma'=Q*Sigma*t(Q))>>

4.372 -1.213 1.009 0.052 -1.029
-1.213 4.294 -0.312 -0.095 -1.079
1.009 -0.312 2.506 0.04 -0.297
0.052 -0.095 0.04 3.255 -0.076
-1.029 -1.079 -0.297 -0.076 5.647

 Mean vectors and covariance matrices before rotation --- 3th cluster >>

 mean vector (mu'=Q*mu)>>
0 12.372 0 0 0

 covariance matrix (Sigma'=Q*Sigma*t(Q))>>

4.605 -0.466 -0.068 0.346 0.13
-0.466 6.053 -0.019 -0.112 -0.054
-0.068 -0.019 7.818 -0.023 -0.01
0.346 -0.112 -0.023 4.488 0.133
0.13 -0.054 -0.01 0.133 4.298

 Final eigenvalues for each cluster >> 
 (rows correspond to clusters)
9.99 4.595 4.346 3.879 3.822
6.414 5.797 3.255 2.621 1.988
7.82 6.221 4.812 4.244 4.166

 *************************************************

 ********************* rotation ******************

 *************************************************


 The orthogonal matrix Q >>
0.354 0.595 0.21 0.388 0.571
0.595 -0.739 0.092 0.17 0.251
0.21 0.092 -0.967 0.06 0.089
0.388 0.17 0.06 -0.889 0.164
0.571 0.251 0.089 0.164 -0.759

 Mean vectors and covariance matrices after rotation --- 1th cluster >>

 mean vector (mu'=Q*mu)>>
-1.501 -4.247 -2.53 -2.772 -4.08

 covariance matrix (Sigma'=Q*Sigma*t(Q))>>

4.366 -0.447 -1.522 0.008 -0.687
-0.447 4.581 0.986 -0.042 0.487
-1.522 0.986 8.362 -0.214 1.939
0.008 -0.042 -0.214 4.589 -0.011
-0.687 0.487 1.939 -0.011 4.734

 Mean vectors and covariance matrices after rotation --- 2th cluster >>

 mean vector (mu'=Q*mu)>>
1.501 4.247 2.53 2.772 4.08

 covariance matrix (Sigma'=Q*Sigma*t(Q))>>

2.219 -0.471 -0.038 -0.238 -0.592
-0.471 5.689 0.029 0.325 -0.141
-0.038 0.029 2.794 -0.254 -0.75
-0.238 0.325 -0.254 3.21 0.066
-0.592 -0.141 -0.75 0.066 6.163

 Mean vectors and covariance matrices after rotation --- 3th cluster >>

 mean vector (mu'=Q*mu)>>
1.142 -9.142 7.356 2.108 3.103

 covariance matrix (Sigma'=Q*Sigma*t(Q))>>

7.652 -0.268 -0.571 -0.236 -0.23
-0.268 5.972 -0.462 -0.309 -0.076
-0.571 -0.462 5.042 0.02 0.261
-0.236 -0.309 0.02 4.265 -0.02
-0.23 -0.076 0.261 -0.02 4.331

 Final eigenvalues for each cluster >> 
 (rows correspond to clusters)
9.99 4.595 4.346 3.879 3.822
6.414 5.797 3.255 2.621 1.988
7.82 6.221 4.812 4.244 4.166

 theoretical Separation index matrix >>

-1 0.259 0.21
0.259 -1 0.21
0.21 0.21 -1

 theoretical projection directions >>

**** cluster 1 and 2
0.524 0.482 0.29 0.442 0.462

**** cluster 1 and 3
0.292 -0.372 0.554 0.435 0.53

**** cluster 2 and 3
-0.082 -0.894 0.429 -0.055 -0.076

 empirical Separation index matrix (alpha= 0.05 )>>

-1 0.213 0.313
0.213 -1 0.267
0.313 0.267 -1

 empirical projection directions >>

**** cluster 1 and 2
-0.059 -0.968 0.237 0.048 0.044

**** cluster 1 and 3
-0.626 -0.397 -0.462 -0.272 -0.403

**** cluster 2 and 3
-0.327 0.416 -0.621 -0.327 -0.477
