
 Log information for the data set datasetJMG5v2nv3out0_1.dat >>

 alpha = 0.05 sepVal = 0.21

 Number of clusters >> 5

 cluster sizes >>
50 50 50 50 50

 Number of data points >> 250

 Number of dimensions >> 5

 Number of noisy dimensions >> 3

 noisy variables >>
3 4 5

 Number of outliers >> 0

 initial eigenvalues for each cluster >> 
 (rows correspond to clusters)
1.453 6.317
8.063 9.608
2.578 2.363
9.664 8.325
8.774 1.188

 Mean vectors and covariance matrices before rotation --- 1th cluster >>

 mean vector (mu'=Q*mu)>>
-8.696 0 8.216 8.535 6.413

 covariance matrix (Sigma'=Q*Sigma*t(Q))>>

10.403 -8.001 0 0 0
-8.001 29.93 0 0 0
0 0 112.489 13.958 -15.929
0 0 13.958 93.953 -6.987
0 0 -15.929 -6.987 97.715

 Mean vectors and covariance matrices before rotation --- 2th cluster >>

 mean vector (mu'=Q*mu)>>
8.696 0 8.216 8.535 6.413

 covariance matrix (Sigma'=Q*Sigma*t(Q))>>

8.155 -0.364 0 0 0
-0.364 9.517 0 0 0
0 0 112.489 13.958 -15.929
0 0 13.958 93.953 -6.987
0 0 -15.929 -6.987 97.715

 Mean vectors and covariance matrices before rotation --- 3th cluster >>

 mean vector (mu'=Q*mu)>>
0 15.063 8.216 8.535 6.413

 covariance matrix (Sigma'=Q*Sigma*t(Q))>>

4.654 0.203 0 0 0
0.203 4.696 0 0 0
0 0 112.489 13.958 -15.929
0 0 13.958 93.953 -6.987
0 0 -15.929 -6.987 97.715

 Mean vectors and covariance matrices before rotation --- 4th cluster >>

 mean vector (mu'=Q*mu)>>
26.089 0 8.216 8.535 6.413

 covariance matrix (Sigma'=Q*Sigma*t(Q))>>

8.635 0.565 0 0 0
0.565 9.354 0 0 0
0 0 112.489 13.958 -15.929
0 0 13.958 93.953 -6.987
0 0 -15.929 -6.987 97.715

 Mean vectors and covariance matrices before rotation --- 5th cluster >>

 mean vector (mu'=Q*mu)>>
17.393 15.063 8.216 8.535 6.413

 covariance matrix (Sigma'=Q*Sigma*t(Q))>>

7.971 4.217 0 0 0
4.217 4.176 0 0 0
0 0 112.489 13.958 -15.929
0 0 13.958 93.953 -6.987
0 0 -15.929 -6.987 97.715

 Final eigenvalues for each cluster >> 
 (rows correspond to clusters)
129.461 88.846 85.85 32.789 7.544
129.461 88.846 85.85 9.608 8.063
129.461 88.846 85.85 4.879 4.471
129.461 88.846 85.85 9.664 8.325
129.461 88.846 85.85 10.698 1.448

 *************************************************

 ********************* rotation ******************

 *************************************************


 The orthogonal matrix Q >>
0.373 0.928
0.928 -0.373

 Mean vectors and covariance matrices after rotation --- 1th cluster >>

 mean vector (mu'=Q*mu)>>
-8.069 -3.243 6.413 8.535 8.216

 covariance matrix (Sigma'=Q*Sigma*t(Q))>>

18.656 -12.532 0 0 0
-12.532 21.677 0 0 0
0 0 97.715 -6.987 -15.929
0 0 -6.987 93.953 13.958
0 0 -15.929 13.958 112.489

 Mean vectors and covariance matrices after rotation --- 2th cluster >>

 mean vector (mu'=Q*mu)>>
8.069 3.243 6.413 8.535 8.216

 covariance matrix (Sigma'=Q*Sigma*t(Q))>>

8.596 -0.734 0 0 0
-0.734 9.075 0 0 0
0 0 97.715 -6.987 -15.929
0 0 -6.987 93.953 13.958
0 0 -15.929 13.958 112.489

 Mean vectors and covariance matrices after rotation --- 3th cluster >>

 mean vector (mu'=Q*mu)>>
-5.617 13.976 6.413 8.535 8.216

 covariance matrix (Sigma'=Q*Sigma*t(Q))>>

4.52 0.132 0 0 0
0.132 4.831 0 0 0
0 0 97.715 -6.987 -15.929
0 0 -6.987 93.953 13.958
0 0 -15.929 13.958 112.489

 Mean vectors and covariance matrices after rotation --- 4th cluster >>

 mean vector (mu'=Q*mu)>>
24.207 9.729 6.413 8.535 8.216

 covariance matrix (Sigma'=Q*Sigma*t(Q))>>

8.344 0.159 0 0 0
0.159 9.644 0 0 0
0 0 97.715 -6.987 -15.929
0 0 -6.987 93.953 13.958
0 0 -15.929 13.958 112.489

 Mean vectors and covariance matrices after rotation --- 5th cluster >>

 mean vector (mu'=Q*mu)>>
10.521 20.462 6.413 8.535 8.216

 covariance matrix (Sigma'=Q*Sigma*t(Q))>>

4.524 4.358 0 0 0
4.358 7.622 0 0 0
0 0 97.715 -6.987 -15.929
0 0 -6.987 93.953 13.958
0 0 -15.929 13.958 112.489

 Final eigenvalues for each cluster >> 
 (rows correspond to clusters)
129.461 88.846 85.85 32.789 7.544
129.461 88.846 85.85 9.608 8.063
129.461 88.846 85.85 4.879 4.471
129.461 88.846 85.85 9.664 8.325
129.461 88.846 85.85 10.698 1.448

 theoretical Separation index matrix >>

-1 0.21 0.21 0.499 0.436
0.21 -1 0.261 0.21 0.21
0.21 0.261 -1 0.509 0.321
0.499 0.21 0.509 -1 0.363
0.436 0.21 0.321 0.363 -1

 theoretical projection directions >>

**** cluster 1 and 2
0.83 0.557 0 0 0

**** cluster 1 and 3
0.522 0.853 0 0 0

**** cluster 1 and 4
0.841 0.541 0 0 0

**** cluster 1 and 5
0.724 0.689 0 0 0

**** cluster 2 and 3
-0.81 0.587 0 0 0

**** cluster 2 and 4
0.932 0.364 0 0 0

**** cluster 2 and 5
-0.143 0.99 0 0 0

**** cluster 3 and 4
0.989 -0.146 0 0 0

**** cluster 3 and 5
0.995 -0.099 0 0 0

**** cluster 4 and 5
-0.816 0.578 0 0 0

 empirical Separation index matrix (alpha= 0.05 )>>

-1 0.246 0.529 0.492 0.348
0.246 -1 0.243 0.365 0.211
0.529 0.243 -1 0.207 0.439
0.492 0.365 0.207 -1 0.298
0.348 0.211 0.439 0.298 -1

 empirical projection directions >>

**** cluster 1 and 2
-0.965 -0.255 0.011 0.008 0.067

**** cluster 1 and 3
-0.832 -0.554 0.025 0.004 0.01

**** cluster 1 and 4
-0.983 0.185 -0.007 0.011 0.011

**** cluster 1 and 5
-0.833 0.553 -0.015 -0.02 0.003

**** cluster 2 and 3
-0.871 -0.489 0.036 0.01 0.03

**** cluster 2 and 4
-0.826 0.561 0.001 0.039 -0.025

**** cluster 2 and 5
-0.456 0.888 -0.008 0.011 -0.059

**** cluster 3 and 4
0.495 0.865 -0.058 -0.057 -0.022

**** cluster 3 and 5
0.752 0.658 -0.034 0.014 -0.025

**** cluster 4 and 5
0.974 -0.226 0.01 0.011 -0.004
