
 Log information for the data set datasetJMG3v10nv0out0_1.dat >>

 alpha = 0.05 sepVal = 0.21

 Number of clusters >> 3

 cluster sizes >>
50 50 50

 Number of data points >> 150

 Number of dimensions >> 10

 Number of noisy dimensions >> 0

 noisy variables >>
0

 Number of outliers >> 0

 initial eigenvalues for each cluster >> 
 (rows correspond to clusters)
5.509 2.9 1.917 1.159 9.682 7.954 4.677 5.846 1.02 3.094
5.354 1.599 7.946 4.758 7.494 5.844 5.996 4.715 3.298 8.518
8.01 3.629 5.848 6.862 8.47 2.747 7.901 7.079 4.356 2.636

 Mean vectors and covariance matrices before rotation --- 1th cluster >>

 mean vector (mu'=Q*mu)>>
-5.945 0 0 0 0 0 0 0 0 0

 covariance matrix (Sigma'=Q*Sigma*t(Q))>>

3.91 0.019 0.961 0.517 -1.3 -0.737 -0.122 -1.093 1.528 0.038
0.019 2.901 0.032 0.015 -0.01 -0.004 0.006 0.007 0.042 0.002
0.961 0.032 2.967 0.472 -0.192 -0.024 0.239 0.449 1.36 0.074
0.517 0.015 0.472 1.368 -0.048 0.014 0.119 0.253 0.601 0.034
-1.3 -0.01 -0.192 -0.048 9.207 -0.32 -0.198 -0.764 -0.12 -0.027
-0.737 -0.004 -0.024 0.014 -0.32 7.748 -0.104 -0.444 0.051 -0.01
-0.122 0.006 0.239 0.119 -0.198 -0.104 4.685 -0.105 0.348 0.013
-1.093 0.007 0.449 0.253 -0.764 -0.444 -0.105 5.126 0.753 0.014
1.528 0.042 1.36 0.601 -0.12 0.051 0.348 0.753 2.748 0.099
0.038 0.002 0.074 0.034 -0.027 -0.01 0.013 0.014 0.099 3.099

 Mean vectors and covariance matrices before rotation --- 2th cluster >>

 mean vector (mu'=Q*mu)>>
5.945 0 0 0 0 0 0 0 0 0

 covariance matrix (Sigma'=Q*Sigma*t(Q))>>

5.74 1.605 -1.352 0.176 -0.172 -0.222 -0.286 0.139 0.653 -0.669
1.605 2.8 0.137 0.57 0.031 0.289 0.292 0.409 0.594 0.022
-1.352 0.137 8.166 -0.324 -0.115 -0.331 -0.369 -0.225 -0.084 -0.377
0.176 0.57 -0.324 5.523 -0.039 -0.01 -0.026 0.102 0.262 -0.167
-0.172 0.031 -0.115 -0.039 8.467 -0.043 -0.049 -0.027 -0.005 -0.053
-0.222 0.289 -0.331 -0.01 -0.043 6.537 -0.094 -0.004 0.1 -0.16
-0.286 0.292 -0.369 -0.026 -0.049 -0.094 6.676 -0.016 0.094 -0.177
0.139 0.409 -0.225 0.102 -0.027 -0.004 -0.016 5.412 0.19 -0.117
0.653 0.594 -0.084 0.262 -0.005 0.1 0.094 0.19 4.056 -0.061
-0.669 0.022 -0.377 -0.167 -0.053 -0.16 -0.177 -0.117 -0.061 9.473

 Mean vectors and covariance matrices before rotation --- 3th cluster >>

 mean vector (mu'=Q*mu)>>
0 10.296 0 0 0 0 0 0 0 0

 covariance matrix (Sigma'=Q*Sigma*t(Q))>>

5.865 1.07 0.064 -0.079 -0.802 0.836 -0.594 -0.04 0.941 1.144
1.07 4.388 0.148 0.208 0.259 0.507 0.331 0.066 0.809 0.683
0.064 0.148 5.871 0.026 0.004 0.104 0.022 0.008 0.15 0.14
-0.079 0.208 0.026 6.881 -0.048 0.151 -0.017 0.005 0.201 0.206
-0.802 0.259 0.004 -0.048 8.186 0.211 -0.226 -0.02 0.212 0.291
0.836 0.507 0.104 0.151 0.211 3.082 0.256 0.049 0.547 0.45
-0.594 0.331 0.022 -0.017 -0.226 0.256 7.737 -0.01 0.295 0.351
-0.04 0.066 0.008 0.005 -0.02 0.049 -0.01 7.079 0.063 0.066
0.941 0.809 0.15 0.201 0.212 0.547 0.295 0.063 5.207 0.738
1.144 0.683 0.14 0.206 0.291 0.45 0.351 0.066 0.738 3.241

 Final eigenvalues for each cluster >> 
 (rows correspond to clusters)
9.682 7.954 5.846 5.509 4.677 3.094 2.9 1.917 1.159 1.02
9.643 8.995 8.483 6.787 6.615 6.061 5.387 5.337 3.733 1.81
8.47 8.01 7.901 7.079 6.862 5.848 4.356 3.629 2.747 2.636

 *************************************************

 ********************* rotation ******************

 *************************************************


 The orthogonal matrix Q >>
0.378 0.412 0.431 0.353 0.239 0.071 0.091 0.335 0.432 0.09
0.412 -0.877 0.129 0.105 0.071 0.021 0.027 0.1 0.129 0.027
0.431 0.129 -0.865 0.11 0.075 0.022 0.028 0.105 0.135 0.028
0.353 0.105 0.11 -0.91 0.061 0.018 0.023 0.086 0.111 0.023
0.239 0.071 0.075 0.061 -0.959 0.012 0.016 0.058 0.075 0.016
0.071 0.021 0.022 0.018 0.012 -0.996 0.005 0.017 0.022 0.005
0.091 0.027 0.028 0.023 0.016 0.005 -0.994 0.022 0.028 0.006
0.335 0.1 0.105 0.086 0.058 0.017 0.022 -0.919 0.105 0.022
0.432 0.129 0.135 0.111 0.075 0.022 0.028 0.105 -0.864 0.028
0.09 0.027 0.028 0.023 0.016 0.005 0.006 0.022 0.028 -0.994

 Mean vectors and covariance matrices after rotation --- 1th cluster >>

 mean vector (mu'=Q*mu)>>
-2.563 -0.54 -1.419 -2.096 -0.537 -2.246 -0.425 -1.989 -2.451 -2.569

 covariance matrix (Sigma'=Q*Sigma*t(Q))>>

2.039 0.129 -0.084 0.061 -0.022 -0.353 0.218 0.392 -0.202 0.159
0.129 4.679 -0.129 0.102 0.01 -0.128 -0.039 -0.051 0.038 0.181
-0.084 -0.129 9.611 0.233 0.051 -0.04 -0.084 -0.313 0.455 -0.161
0.061 0.102 0.233 1.316 0.029 0.554 0.269 0.477 0.156 -0.032
-0.022 0.01 0.051 0.029 3.1 0.078 0.057 0.078 0.048 -0.054
-0.353 -0.128 -0.04 0.554 0.078 4.987 0.307 0.007 0.851 -0.655
0.218 -0.039 -0.084 0.269 0.057 0.307 7.853 -0.147 0.335 0.248
0.392 -0.051 -0.313 0.477 0.078 0.007 -0.147 5.596 0.46 0.486
-0.202 0.038 0.455 0.156 0.048 0.851 0.335 0.46 3.303 -0.451
0.159 0.181 -0.161 -0.032 -0.054 -0.655 0.248 0.486 -0.451 1.273

 Mean vectors and covariance matrices after rotation --- 2th cluster >>

 mean vector (mu'=Q*mu)>>
2.563 0.54 1.419 2.096 0.537 2.246 0.425 1.989 2.451 2.569

 covariance matrix (Sigma'=Q*Sigma*t(Q))>>

8.963 -0.162 0.028 -0.074 0 -0.011 -0.173 0.046 0.034 0.198
-0.162 6.727 0.003 0.058 -0.089 0.12 -0.054 0.072 0.307 0.193
0.028 0.003 8.382 -0.144 0.093 -0.381 -0.005 -0.108 -0.311 -0.147
-0.074 0.058 -0.144 5.399 0.056 -0.012 0.053 0.011 0.101 0.09
0 -0.089 0.093 0.056 9.596 0.283 -0.092 0.102 0.201 0.208
-0.011 0.12 -0.381 -0.012 0.283 6.168 0.085 0.07 0.121 0.344
-0.173 -0.054 -0.005 0.053 -0.092 0.085 6.567 0.061 0.297 0.173
0.046 0.072 -0.108 0.011 0.102 0.07 0.061 5.353 -0.003 0.06
0.034 0.307 -0.311 0.101 0.201 0.121 0.297 -0.003 1.874 -0.004
0.198 0.193 -0.147 0.09 0.208 0.344 0.173 0.06 -0.004 3.821

 Mean vectors and covariance matrices after rotation --- 3th cluster >>

 mean vector (mu'=Q*mu)>>
1.328 0.28 0.735 1.086 0.278 4.245 0.22 1.031 -9.026 1.331

 covariance matrix (Sigma'=Q*Sigma*t(Q))>>

6.009 0.19 0.235 0.062 -0.511 0.52 -0.37 0.046 -0.135 -0.161
0.19 7.801 -0.101 0.103 0.242 -0.057 0.18 0.105 0.404 0.368
0.235 -0.101 8.399 0.098 -0.038 -0.057 -0.025 0.121 0.25 0.195
0.062 0.103 0.098 6.847 -0.344 0.048 -0.248 -0.024 -0.097 -0.13
-0.511 0.242 -0.038 -0.344 2.962 -0.935 0.238 -0.454 -0.027 -0.01
0.52 -0.057 -0.057 0.048 -0.935 7.374 -0.674 0.095 0.182 -0.035
-0.37 0.18 -0.025 -0.248 0.238 -0.674 2.921 -0.33 -0.014 -0.002
0.046 0.105 0.121 -0.024 -0.454 0.095 -0.33 7.056 -0.219 -0.247
-0.135 0.404 0.25 -0.097 -0.027 0.182 -0.014 -0.219 3.722 0.097
-0.161 0.368 0.195 -0.13 -0.01 -0.035 -0.002 -0.247 0.097 4.447

 Final eigenvalues for each cluster >> 
 (rows correspond to clusters)
9.682 7.954 5.846 5.509 4.677 3.094 2.9 1.917 1.159 1.02
9.643 8.995 8.483 6.787 6.615 6.061 5.387 5.337 3.733 1.81
8.47 8.01 7.901 7.079 6.862 5.848 4.356 3.629 2.747 2.636

 theoretical Separation index matrix >>

-1 0.21 0.21
0.21 -1 0.291
0.21 0.291 -1

 theoretical projection directions >>

**** cluster 1 and 2
0.29 0.016 0.098 0.337 0.026 0.207 -0.024 0.116 0.523 0.68

**** cluster 1 and 3
0.284 0.036 0.099 0.232 0.177 0.423 0.055 0.14 -0.64 0.461

**** cluster 2 and 3
-0.041 0.042 -0.024 -0.035 0.008 0.093 0.025 -0.052 -0.989 -0.067

 empirical Separation index matrix (alpha= 0.05 )>>

-1 0.229 0.266
0.229 -1 0.247
0.266 0.247 -1

 empirical projection directions >>

**** cluster 1 and 2
-0.293 -0.052 -0.081 -0.468 -0.1 -0.265 0.017 -0.171 -0.325 -0.686

**** cluster 1 and 3
-0.041 0.061 0.063 -0.129 0.002 0.154 0.027 0.022 -0.972 -0.068

**** cluster 2 and 3
0.205 0.165 0.157 0.106 0.229 0.525 0.052 0.157 -0.664 0.313
