
 Log information for the data set datasetJMG2v2nv1out0_1.dat >>

 alpha = 0.05 sepVal = 0.21

 Number of clusters >> 2

 cluster sizes >>
50 50

 Number of data points >> 100

 Number of dimensions >> 3

 Number of noisy dimensions >> 1

 noisy variables >>
2

 Number of outliers >> 0

 initial eigenvalues for each cluster >> 
 (rows correspond to clusters)
7.12 8.706
9.382 6.762

 Mean vectors and covariance matrices before rotation --- 1th cluster >>

 mean vector (mu'=Q*mu)>>
-8.875 0 0

 covariance matrix (Sigma'=Q*Sigma*t(Q))>>

8.163 -0.752 0
-0.752 7.662 0
0 0 8.028

 Mean vectors and covariance matrices before rotation --- 2th cluster >>

 mean vector (mu'=Q*mu)>>
8.875 0 0

 covariance matrix (Sigma'=Q*Sigma*t(Q))>>

9.357 0.258 0
0.258 6.788 0
0 0 8.028

 Final eigenvalues for each cluster >> 
 (rows correspond to clusters)
8.706 8.028 7.12
9.382 8.028 6.762

 *************************************************

 ********************* rotation ******************

 *************************************************


 The orthogonal matrix Q >>
0.247 0.969
0.969 -0.247

 Mean vectors and covariance matrices after rotation --- 1th cluster >>

 mean vector (mu'=Q*mu)>>
-2.19 0 -8.6

 covariance matrix (Sigma'=Q*Sigma*t(Q))>>

7.333 0 -0.541
0 8.028 0
-0.541 0 8.493

 Mean vectors and covariance matrices after rotation --- 2th cluster >>

 mean vector (mu'=Q*mu)>>
2.19 0 8.6

 covariance matrix (Sigma'=Q*Sigma*t(Q))>>

7.067 0 0.841
0 8.028 0
0.841 0 9.077

 Final eigenvalues for each cluster >> 
 (rows correspond to clusters)
8.706 8.028 7.12
9.382 8.028 6.762

 theoretical Separation index matrix >>

-1 0.21
0.21 -1

 theoretical projection directions >>

**** cluster 1 and 2
0.282 0 0.959

 empirical Separation index matrix (alpha= 0.05 )>>

-1 0.225
0.225 -1

 empirical projection directions >>

**** cluster 1 and 2
-0.426 -0.01 -0.905
