
 Log information for the data set datasetJLG5v5nv1out0_1.dat >>

 alpha = 0.05 sepVal = 0.01

 Number of clusters >> 5

 cluster sizes >>
50 50 50 50 50

 Number of data points >> 250

 Number of dimensions >> 6

 Number of noisy dimensions >> 1

 noisy variables >>
5

 Number of outliers >> 0

 initial eigenvalues for each cluster >> 
 (rows correspond to clusters)
1.678 4.638 7.575 2.728 8.873
7.181 5.382 4.618 6.233 7.197
4.552 8.33 2.307 7.316 7.226
1.704 5.297 9.507 3.944 8.857
4.548 3.117 4.697 6.58 5.397

 Mean vectors and covariance matrices before rotation --- 1th cluster >>

 mean vector (mu'=Q*mu)>>
-5.138 0 0 0 0 0.56

 covariance matrix (Sigma'=Q*Sigma*t(Q))>>

7.852 0.536 -0.827 1.013 -2.779 0
0.536 5.051 -0.844 -0.036 -2.208 0
-0.827 -0.844 8.428 -0.299 -1.924 0
1.013 -0.036 -0.299 3.472 -0.877 0
-2.779 -2.208 -1.924 -0.877 6.236 0
0 0 0 0 0 11.738

 Mean vectors and covariance matrices before rotation --- 2th cluster >>

 mean vector (mu'=Q*mu)>>
5.138 0 0 0 0 0.56

 covariance matrix (Sigma'=Q*Sigma*t(Q))>>

6.161 0.316 0.981 0.128 -0.278 0
0.316 5.531 0.349 0.173 0.083 0
0.981 0.349 5.398 0.438 0.259 0
0.128 0.173 0.438 6.399 0.032 0
-0.278 0.083 0.259 0.032 7.121 0
0 0 0 0 0 11.738

 Mean vectors and covariance matrices before rotation --- 3th cluster >>

 mean vector (mu'=Q*mu)>>
0 8.899 0 0 0 0.56

 covariance matrix (Sigma'=Q*Sigma*t(Q))>>

6.851 -1.321 0.811 -0.687 -0.246 0
-1.321 6.867 0.003 -1.169 -0.444 0
0.811 0.003 2.494 0.088 0.037 0
-0.687 -1.169 0.088 6.421 -0.338 0
-0.246 -0.444 0.037 -0.338 7.098 0
0 0 0 0 0 11.738

 Mean vectors and covariance matrices before rotation --- 4th cluster >>

 mean vector (mu'=Q*mu)>>
0 2.966 8.39 0 0 0.56

 covariance matrix (Sigma'=Q*Sigma*t(Q))>>

5.27 -0.638 -3.014 -0.053 -0.932 0
-0.638 4.946 -1.308 -0.472 -0.425 0
-3.014 -1.308 7.609 -1.23 -0.771 0
-0.053 -0.472 -1.23 3.789 -0.394 0
-0.932 -0.425 -0.771 -0.394 8.993 0
0 0 0 0 0 11.738

 Mean vectors and covariance matrices before rotation --- 5th cluster >>

 mean vector (mu'=Q*mu)>>
0 2.966 2.097 8.123 0 0.56

 covariance matrix (Sigma'=Q*Sigma*t(Q))>>

6.718 0.217 0.217 -0.997 -0.17 0
0.217 3.88 0.054 -0.001 0.044 0
0.217 0.054 5.853 -0.294 -0.071 0
-0.997 -0.001 -0.294 7.252 -0.555 0
-0.17 0.044 -0.071 -0.555 6.429 0
0 0 0 0 0 11.738

 Final eigenvalues for each cluster >> 
 (rows correspond to clusters)
11.738 10.803 9.223 5.647 3.321 2.044
11.738 7.197 7.181 6.233 5.382 4.618
11.738 8.33 7.316 7.226 4.552 2.307
11.738 9.928 9.249 5.532 4.119 1.78
11.738 8.146 6.682 5.815 5.631 3.859

 *************************************************

 ********************* rotation ******************

 *************************************************


 The orthogonal matrix Q >>
0.682 0.253 0.226 0.558 0.33
0.253 -0.962 0.034 0.084 0.05
0.226 0.034 -0.97 0.075 0.044
0.558 0.084 0.075 -0.815 0.109
0.33 0.05 0.044 0.109 -0.935

 Mean vectors and covariance matrices after rotation --- 1th cluster >>

 mean vector (mu'=Q*mu)>>
-1.298 -1.695 -1.163 -3.503 0.56 -2.866

 covariance matrix (Sigma'=Q*Sigma*t(Q))>>

5.18 -1.181 -0.487 0.711 0 0.168
-1.181 8.698 -0.688 3.165 0 1.285
-0.487 -0.688 8.965 0.936 0 0.417
0.711 3.165 0.936 4.453 0 0.858
0 0 0 0 11.738 0
0.168 1.285 0.417 0.858 0 3.743

 Mean vectors and covariance matrices after rotation --- 2th cluster >>

 mean vector (mu'=Q*mu)>>
1.298 1.695 1.163 3.503 0.56 2.866

 covariance matrix (Sigma'=Q*Sigma*t(Q))>>

5.388 0.017 0.013 -0.105 0 -0.028
0.017 7.192 -0.071 -0.023 0 0.037
0.013 -0.071 4.911 -0.776 0 -0.2
-0.105 -0.023 -0.776 6.908 0 -0.032
0 0 0 0 11.738 0
-0.028 0.037 -0.2 -0.032 0 6.21

 Mean vectors and covariance matrices after rotation --- 3th cluster >>

 mean vector (mu'=Q*mu)>>
-8.561 0.441 0.303 2.248 0.56 0.746

 covariance matrix (Sigma'=Q*Sigma*t(Q))>>

7.708 0.156 0.285 1.352 0 -0.045
0.156 7.232 -0.042 -0.069 0 0.03
0.285 -0.042 2.324 0.065 0 0.053
1.352 -0.069 0.065 5.184 0 0.339
0 0 0 0 11.738 0
-0.045 0.03 0.053 0.339 0 7.285

 Mean vectors and covariance matrices after rotation --- 4th cluster >>

 mean vector (mu'=Q*mu)>>
-2.568 0.519 -8.033 2.649 0.56 0.878

 covariance matrix (Sigma'=Q*Sigma*t(Q))>>

5.394 -0.078 -0.284 0.665 0 0.118
-0.078 9.137 0.353 -0.81 0 -0.148
-0.284 0.353 9.085 2.302 0 0.675
0.665 -0.81 2.302 2.78 0 0.173
0 0 0 0 11.738 0
0.118 -0.148 0.675 0.173 0 4.212

 Mean vectors and covariance matrices after rotation --- 5th cluster >>

 mean vector (mu'=Q*mu)>>
-2.102 1.129 -1.323 5.755 0.56 -6.214

 covariance matrix (Sigma'=Q*Sigma*t(Q))>>

3.931 0.151 0.056 0.307 0 0.248
0.151 6.622 -0.032 0.218 0 -0.139
0.056 -0.032 5.817 0.011 0 -0.166
0.307 0.218 0.011 5.658 0 0.112
0 0 0 0 11.738 0
0.248 -0.139 -0.166 0.112 0 8.104

 Final eigenvalues for each cluster >> 
 (rows correspond to clusters)
11.738 10.803 9.223 5.647 3.321 2.044
11.738 7.197 7.181 6.233 5.382 4.618
11.738 8.33 7.316 7.226 4.552 2.307
11.738 9.928 9.249 5.532 4.119 1.78
11.738 8.146 6.682 5.815 5.631 3.859

 theoretical Separation index matrix >>

-1 0.01 0.069 0.143 0.079
0.01 -1 0.01 0.01 0.01
0.069 0.01 -1 0.051 0.012
0.143 0.01 0.051 -1 0.012
0.079 0.01 0.012 0.012 -1

 theoretical projection directions >>

**** cluster 1 and 2
0.282 0.113 0.21 0.675 0 0.639

**** cluster 1 and 3
-0.661 -0.09 0.021 0.7 0 0.255

**** cluster 1 and 4
-0.226 -0.028 -0.438 0.82 0 0.289

**** cluster 1 and 5
-0.18 -0.049 -0.075 0.919 0 -0.34

**** cluster 2 and 3
-0.965 -0.1 -0.122 -0.046 0 -0.206

**** cluster 2 and 4
-0.468 -0.081 -0.856 0.01 0 -0.202

**** cluster 2 and 5
-0.443 -0.058 -0.304 0.22 0 -0.812

**** cluster 3 and 4
0.437 0.02 -0.888 0.133 0 0.047

**** cluster 3 and 5
0.684 0.037 -0.281 0.329 0 -0.586

**** cluster 4 and 5
0.07 0.036 0.533 0.336 0 -0.773

 empirical Separation index matrix (alpha= 0.05 )>>

-1 0.004 -0.112 0.047 -0.03
0.004 -1 -0.018 0.103 0.005
-0.112 -0.018 -1 -0.018 -0.057
0.047 0.103 -0.018 -1 0.02
-0.03 0.005 -0.057 0.02 -1

 empirical projection directions >>

**** cluster 1 and 2
0.578 0.089 -0.033 -0.765 0.024 -0.265

**** cluster 1 and 3
0.898 0.268 0.211 0.253 0.006 0.119

**** cluster 1 and 4
0.22 0.159 -0.951 0.123 0.006 0.085

**** cluster 1 and 5
0.554 0.17 -0.42 0.375 -0.086 -0.583

**** cluster 2 and 3
0.098 -0.008 0.161 0.741 -0.145 0.627

**** cluster 2 and 4
-0.219 0.014 -0.458 0.764 0.053 0.395

**** cluster 2 and 5
-0.124 -0.068 -0.108 0.846 -0.114 -0.49

**** cluster 3 and 4
-0.428 -0.086 -0.872 -0.217 0.043 0.004

**** cluster 3 and 5
-0.25 0.06 -0.372 0.181 -0.043 -0.872

**** cluster 4 and 5
0.126 -0.044 0.402 0.398 -0.051 -0.812
