
 Log information for the data set datasetJLG5v10nv1out0_2.dat >>

 alpha = 0.05 sepVal = 0.01

 Number of clusters >> 5

 cluster sizes >>
50 50 50 50 50

 Number of data points >> 250

 Number of dimensions >> 11

 Number of noisy dimensions >> 1

 noisy variables >>
11

 Number of outliers >> 0

 initial eigenvalues for each cluster >> 
 (rows correspond to clusters)
1.001 3.779 8.599 8.075 6.533 3.209 8.524 2.02 6.945 9.455
2.129 7.824 7.147 2.583 8.428 3.123 2.808 6.292 1.153 2.515
5.906 4.026 4.806 7.748 8.039 6.706 4.203 1.665 9.005 8.09
4.897 7.637 9.993 1.847 8.703 4.592 2.275 3.684 2.122 6.619
4.696 8.431 3.591 6.531 6.556 1.115 9.187 1.77 1.082 8.144

 Mean vectors and covariance matrices before rotation --- 1th cluster >>

 mean vector (mu'=Q*mu)>>
-5.627 0 0 0 0 0 0 0 0 0 1.547

 covariance matrix (Sigma'=Q*Sigma*t(Q))>>

13.132 1.813 -2.48 -1.545 -0.413 1.418 -0.884 2.994 -0.414 -2.95 0
1.813 7.664 -1.91 -1.334 -0.836 -0.019 -0.69 0.321 -0.572 -1.996 0
-2.48 -1.91 14.105 -2.807 -2.149 -1.054 -1.393 -1.169 -1.378 -3.748 0
-1.545 -1.334 -2.807 14.79 -1.554 -0.727 -1.02 -0.776 -1 -2.758 0
-0.413 -0.836 -2.149 -1.554 12.495 -0.429 -0.78 -0.366 -0.736 -2.144 0
1.418 -0.019 -1.054 -0.727 -0.429 6.751 -0.38 0.301 -0.3 -1.119 0
-0.884 -0.69 -1.393 -1.02 -0.78 -0.38 17.27 -0.42 -0.501 -1.364 0
2.994 0.321 -1.169 -0.776 -0.366 0.301 -0.42 4.967 -0.279 -1.299 0
-0.414 -0.572 -1.378 -1 -0.736 -0.3 -0.501 -0.279 14.006 -1.369 0
-2.95 -1.996 -3.748 -2.758 -2.144 -1.119 -1.364 -1.299 -1.369 16.071 0
0 0 0 0 0 0 0 0 0 0 9.346

 Mean vectors and covariance matrices before rotation --- 2th cluster >>

 mean vector (mu'=Q*mu)>>
5.627 0 0 0 0 0 0 0 0 0 1.547

 covariance matrix (Sigma'=Q*Sigma*t(Q))>>

5.292 -1.595 -0.306 0.71 -1.498 0.103 0.097 -0.93 0.833 0.116 0
-1.595 6.42 -0.311 -0.508 -1.196 -0.12 -0.084 -1.229 -0.21 -0.078 0
-0.306 -0.311 7.078 -0.1 -0.266 -0.024 -0.017 -0.268 -0.036 -0.015 0
0.71 -0.508 -0.1 2.733 -0.469 0.019 0.019 -0.324 0.201 0.025 0
-1.498 -1.196 -0.266 -0.469 7.413 -0.109 -0.077 -1.06 -0.209 -0.073 0
0.103 -0.12 -0.024 0.019 -0.109 3.124 0.002 -0.083 0.034 0.003 0
0.097 -0.084 -0.017 0.019 -0.077 0.002 2.81 -0.055 0.029 0.003 0
-0.93 -1.229 -0.268 -0.324 -1.06 -0.083 -0.055 5.261 -0.083 -0.049 0
0.833 -0.21 -0.036 0.201 -0.209 0.034 0.029 -0.083 1.352 0.032 0
0.116 -0.078 -0.015 0.025 -0.073 0.003 0.003 -0.049 0.032 2.519 0
0 0 0 0 0 0 0 0 0 0 9.346

 Mean vectors and covariance matrices before rotation --- 3th cluster >>

 mean vector (mu'=Q*mu)>>
0 9.746 0 0 0 0 0 0 0 0 1.547

 covariance matrix (Sigma'=Q*Sigma*t(Q))>>

6.413 0.277 0.394 -0.38 -0.854 -0.037 0.756 1.76 -1.169 -0.506 0
0.277 4.075 0.087 0.012 0.008 0.014 0.141 0.244 -0.035 0.003 0
0.394 0.087 4.951 -0.019 -0.065 0.015 0.245 0.463 -0.147 -0.041 0
-0.38 0.012 -0.019 7.558 -0.386 -0.046 0.021 0.232 -0.43 -0.225 0
-0.854 0.008 -0.065 -0.386 7.26 -0.098 -0.002 0.388 -0.854 -0.454 0
-0.037 0.014 0.015 -0.046 -0.098 6.697 0.037 0.114 -0.119 -0.057 0
0.756 0.141 0.245 0.021 -0.002 0.037 4.601 0.702 -0.125 -0.006 0
1.76 0.244 0.463 0.232 0.388 0.114 0.702 2.705 0.21 0.219 0
-1.169 -0.035 -0.147 -0.43 -0.854 -0.119 -0.125 0.21 8.107 -0.497 0
-0.506 0.003 -0.041 -0.225 -0.454 -0.057 -0.006 0.219 -0.497 7.825 0
0 0 0 0 0 0 0 0 0 0 9.346

 Mean vectors and covariance matrices before rotation --- 4th cluster >>

 mean vector (mu'=Q*mu)>>
0 3.249 9.189 0 0 0 0 0 0 0 1.547

 covariance matrix (Sigma'=Q*Sigma*t(Q))>>

5.415 -0.92 -1.596 0.066 -0.621 0.28 1.072 0.124 0.809 -0.155 0
-0.92 7.15 -0.622 0.003 -0.275 -0.227 0.02 -0.024 0.024 -0.114 0
-1.596 -0.622 9.277 -0.007 -0.332 -0.423 -0.168 -0.062 -0.112 -0.157 0
0.066 0.003 -0.007 1.849 -0.001 0.02 0.027 0.005 0.02 0.002 0
-0.621 -0.275 -0.332 -0.001 8.552 -0.16 -0.036 -0.021 -0.021 -0.067 0
0.28 -0.227 -0.423 0.02 -0.16 4.709 0.335 0.042 0.251 -0.034 0
1.072 0.02 -0.168 0.027 -0.036 0.335 2.748 0.079 0.349 0.032 0
0.124 -0.024 -0.062 0.005 -0.021 0.042 0.079 3.695 0.058 -0.001 0
0.809 0.024 -0.112 0.02 -0.021 0.251 0.349 0.058 2.379 0.026 0
-0.155 -0.114 -0.157 0.002 -0.067 -0.034 0.032 -0.001 0.026 6.593 0
0 0 0 0 0 0 0 0 0 0 9.346

 Mean vectors and covariance matrices before rotation --- 5th cluster >>

 mean vector (mu'=Q*mu)>>
0 3.249 2.297 8.897 0 0 0 0 0 0 1.547

 covariance matrix (Sigma'=Q*Sigma*t(Q))>>

5.572 -0.684 0.068 -1.527 -0.195 1.878 -2.445 0.697 2.348 -2.196 0
-0.684 12.602 -0.085 -0.311 -0.04 -0.06 -0.355 -0.048 -0.072 -0.35 0
0.068 -0.085 5.476 -0.148 -0.019 0.433 -0.318 0.176 0.54 -0.268 0
-1.527 -0.311 -0.148 9.011 -0.106 0.198 -1.067 0.025 0.253 -1.018 0
-0.195 -0.04 -0.019 -0.106 9.868 0.024 -0.136 0.003 0.031 -0.129 0
1.878 -0.06 0.433 0.198 0.024 3.413 -0.323 0.759 2.152 -0.148 0
-2.445 -0.355 -0.318 -1.067 -0.136 -0.323 12.667 -0.216 -0.391 -1.177 0
0.697 -0.048 0.176 0.025 0.003 0.759 -0.216 2.996 0.943 -0.138 0
2.348 -0.072 0.54 0.253 0.031 2.152 -0.391 0.943 4.303 -0.175 0
-2.196 -0.35 -0.268 -1.018 -0.129 -0.148 -1.177 -0.138 -0.175 11.117 0
0 0 0 0 0 0 0 0 0 0 9.346

 Final eigenvalues for each cluster >> 
 (rows correspond to clusters)
19.719 17.934 17.777 16.841 14.484 13.625 9.346 7.881 6.692 4.212 2.087
9.346 8.428 7.824 7.147 6.292 3.123 2.808 2.583 2.515 2.129 1.153
9.346 9.005 8.09 8.039 7.748 6.706 5.906 4.806 4.203 4.026 1.665
9.993 9.346 8.703 7.637 6.619 4.897 4.592 3.684 2.275 2.122 1.847
13.847 12.708 12.274 9.881 9.844 9.346 7.078 5.413 2.668 1.68 1.631

 *************************************************

 ********************* rotation ******************

 *************************************************


 The orthogonal matrix Q >>
0.385 0.404 0.281 0.153 0.305 0.238 0.048 0.267 0.331 0.503
0.404 -0.882 0.082 0.045 0.089 0.069 0.014 0.078 0.096 0.147
0.281 0.082 -0.943 0.031 0.062 0.048 0.01 0.054 0.067 0.102
0.153 0.045 0.031 -0.983 0.034 0.026 0.005 0.03 0.037 0.056
0.305 0.089 0.062 0.034 -0.933 0.052 0.011 0.059 0.073 0.111
0.238 0.069 0.048 0.026 0.052 -0.959 0.008 0.046 0.057 0.086
0.048 0.014 0.01 0.005 0.011 0.008 -0.998 0.009 0.011 0.017
0.267 0.078 0.054 0.03 0.059 0.046 0.009 -0.949 0.064 0.097
0.331 0.096 0.067 0.037 0.073 0.057 0.011 0.064 -0.921 0.12
0.503 0.147 0.102 0.056 0.111 0.086 0.017 0.097 0.12 -0.817

 Mean vectors and covariance matrices after rotation --- 1th cluster >>

 mean vector (mu'=Q*mu)>>
-0.271 -0.863 -1.503 -1.718 -2.833 -2.169 -1.337 -1.86 -1.58 -2.273 1.547

 covariance matrix (Sigma'=Q*Sigma*t(Q))>>

17.476 -0.509 0.088 -0.044 -0.12 1.933 0.122 0.239 -0.551 0.186 0
-0.509 15.956 0.036 -0.131 -0.313 3.245 0.155 0.357 -0.97 0.238 0
0.088 0.036 4.26 -0.313 -1.04 0.331 -0.049 -0.541 -0.201 -0.149 0
-0.044 -0.131 -0.313 13.54 -0.224 1.012 -0.063 0.03 -0.137 -0.07 0
-0.12 -0.313 -1.04 -0.224 19.563 0.293 -0.362 0.108 -0.249 -0.473 0
1.933 3.245 0.331 1.012 0.293 4.547 0.497 -0.526 3.601 0.899 0
0.122 0.155 -0.049 -0.063 -0.362 0.497 6.688 -0.188 0.1 -0.015 0
0.239 0.357 -0.541 0.03 0.108 -0.526 -0.188 14.441 0.465 -0.226 0
-0.551 -0.97 -0.201 -0.137 -0.249 3.601 0.1 0.465 16.921 0.185 0
0.186 0.238 -0.149 -0.07 -0.473 0.899 -0.015 -0.226 0.185 7.861 0
0 0 0 0 0 0 0 0 0 0 9.346

 Mean vectors and covariance matrices after rotation --- 2th cluster >>

 mean vector (mu'=Q*mu)>>
0.271 0.863 1.503 1.718 2.833 2.169 1.337 1.86 1.58 2.273 1.547

 covariance matrix (Sigma'=Q*Sigma*t(Q))>>

2.808 -0.001 0.003 -0.016 0.006 0.014 -0.002 0.011 -0.032 -0.022 0
-0.001 2.628 -0.209 -0.356 -0.099 0.082 -0.056 0.056 -0.222 -0.417 0
0.003 -0.209 5.978 -0.272 0.711 0.664 0.249 0.305 0.064 -0.287 0
-0.016 -0.356 -0.272 8.276 0.734 0.152 0.24 0.194 0.079 -0.17 0
0.006 -0.099 0.711 0.734 2.836 0.045 0.101 0.031 -0.012 0.8 0
0.014 0.082 0.664 0.152 0.045 2.508 -0.073 0.212 -0.823 0.067 0
-0.002 -0.056 0.249 0.24 0.101 -0.073 3.146 -0.001 -0.052 0.253 0
0.011 0.056 0.305 0.194 0.031 0.212 -0.001 1.214 -0.151 0.199 0
-0.032 -0.222 0.064 0.079 -0.012 -0.823 -0.052 -0.151 6.983 0.04 0
-0.022 -0.417 -0.287 -0.17 0.8 0.067 0.253 0.199 0.04 7.625 0
0 0 0 0 0 0 0 0 0 0 9.346

 Mean vectors and covariance matrices after rotation --- 3th cluster >>

 mean vector (mu'=Q*mu)>>
0.137 0.436 0.759 0.868 1.431 3.937 0.675 0.939 0.798 -8.599 1.547

 covariance matrix (Sigma'=Q*Sigma*t(Q))>>

4.514 -0.097 0.384 -0.234 -0.46 -0.514 -0.181 -0.372 -0.022 -0.216 0
-0.097 7.693 0.109 -0.106 0.007 0.197 0.053 -0.113 0.069 0.224 0
0.384 0.109 1.866 0.16 -0.554 -0.476 -0.268 -0.013 -0.041 -0.331 0
-0.234 -0.106 0.16 7.837 0.042 0.386 0.116 -0.203 0.127 0.457 0
-0.46 0.007 -0.554 0.042 7.893 -0.524 -0.059 0.085 -0.141 0.142 0
-0.514 0.197 -0.476 0.386 -0.524 5.796 -0.137 0.296 0.003 0.493 0
-0.181 0.053 -0.268 0.116 -0.059 -0.137 6.681 0.134 -0.051 0.053 0
-0.372 -0.113 -0.013 -0.203 0.085 0.296 0.134 8.841 0.086 0.487 0
-0.022 0.069 -0.041 0.127 -0.141 0.003 -0.051 0.086 4.817 0.053 0
-0.216 0.224 -0.331 0.457 0.142 0.493 0.053 0.487 0.053 4.254 0
0 0 0 0 0 0 0 0 0 0 9.346

 Mean vectors and covariance matrices after rotation --- 4th cluster >>

 mean vector (mu'=Q*mu)>>
0.135 0.431 0.75 0.858 1.414 3.892 0.667 0.928 -8.4 -2.114 1.547

 covariance matrix (Sigma'=Q*Sigma*t(Q))>>

2.639 -0.135 -0.22 -0.382 -0.559 -0.507 0.058 -0.04 -0.433 -0.415 0
-0.135 1.926 0.085 0.076 0.065 0.393 0.058 0.059 0.235 0.182 0
-0.22 0.085 3.743 0.007 -0.067 0.212 0.024 0.011 0.262 0.146 0
-0.382 0.076 0.007 8.555 -0.192 -0.656 -0.204 -0.107 0.011 -0.12 0
-0.559 0.065 -0.067 -0.192 6.174 -0.8 -0.207 -0.257 0.29 -0.03 0
-0.507 0.393 0.212 -0.656 -0.8 5.042 0.046 0.366 -0.083 -0.28 0
0.058 0.058 0.024 -0.204 -0.207 0.046 4.639 0.135 -0.198 -0.167 0
-0.04 0.059 0.011 -0.107 -0.257 0.366 0.135 2.189 0.177 0.073 0
-0.433 0.235 0.262 0.011 0.29 -0.083 -0.198 0.177 9.905 -0.029 0
-0.415 0.182 0.146 -0.12 -0.03 -0.28 -0.167 0.073 -0.029 7.555 0
0 0 0 0 0 0 0 0 0 0 9.346

 Mean vectors and covariance matrices after rotation --- 5th cluster >>

 mean vector (mu'=Q*mu)>>
0.115 -8.529 0.64 0.732 1.207 3.322 0.57 0.793 -1.624 -2.28 1.547

 covariance matrix (Sigma'=Q*Sigma*t(Q))>>

12.971 -0.503 0.606 0.8 0.45 1.964 0.325 0.531 0.566 0.873 0
-0.503 9.521 0.405 0.316 -0.054 0.906 0.27 0.419 0.316 0.213 0
0.606 0.405 2.777 -0.271 -0.124 0.354 0.101 0.139 0.057 -0.47 0
0.8 0.316 -0.271 9.528 -0.157 -0.707 -0.749 -0.917 -0.179 -0.557 0
0.45 -0.054 -0.124 -0.157 11.948 -0.626 -1.01 -1.162 -0.043 -0.5 0
1.964 0.906 0.354 -0.707 -0.626 7.92 -0.83 -0.84 0.287 -1.67 0
0.325 0.27 0.101 -0.749 -1.01 -0.83 2.415 0.863 -0.159 -1.136 0
0.531 0.419 0.139 -0.917 -1.162 -0.84 0.863 2.649 -0.167 -1.4 0
0.566 0.316 0.057 -0.179 -0.043 0.287 -0.159 -0.167 5.468 -0.36 0
0.873 0.213 -0.47 -0.557 -0.5 -1.67 -1.136 -1.4 -0.36 11.828 0
0 0 0 0 0 0 0 0 0 0 9.346

 Final eigenvalues for each cluster >> 
 (rows correspond to clusters)
19.719 17.934 17.777 16.841 14.484 13.625 9.346 7.881 6.692 4.212 2.087
9.346 8.428 7.824 7.147 6.292 3.123 2.808 2.583 2.515 2.129 1.153
9.346 9.005 8.09 8.039 7.748 6.706 5.906 4.806 4.203 4.026 1.665
9.993 9.346 8.703 7.637 6.619 4.897 4.592 3.684 2.275 2.122 1.847
13.847 12.708 12.274 9.881 9.844 9.346 7.078 5.413 2.668 1.68 1.631

 theoretical Separation index matrix >>

-1 0.01 0.078 0.062 0.07
0.01 -1 0.093 0.01 0.086
0.078 0.093 -1 0.056 0.01
0.062 0.01 0.056 -1 0.089
0.07 0.086 0.01 0.089 -1

 theoretical projection directions >>

**** cluster 1 and 2
-0.021 0.051 0.314 0.171 0.346 0.624 0.332 0.356 0.124 0.327 0

**** cluster 1 and 3
-0.021 -0.023 0.419 0.094 0.184 0.638 0.148 0.139 0.02 -0.576 0

**** cluster 1 and 4
-0.055 -0.118 0.274 0.107 0.192 0.812 0.15 0.201 -0.371 -0.006 0

**** cluster 1 and 5
-0.118 -0.434 0.339 0.146 0.174 0.66 0.306 0.273 -0.118 0.114 0

**** cluster 2 and 3
-0.027 -0.057 -0.18 -0.039 -0.036 0.261 -0.032 -0.028 -0.043 -0.943 0

**** cluster 2 and 4
-0.129 -0.173 -0.083 -0.063 -0.144 0.219 -0.123 -0.36 -0.771 -0.368 0

**** cluster 2 and 5
-0.011 -0.865 -0.086 -0.075 -0.13 0.124 -0.102 -0.267 -0.24 -0.26 0

**** cluster 3 and 4
0.005 -0.006 0.053 -0.012 -0.004 -0.027 -0.009 -0.018 -0.751 0.657 0

**** cluster 3 and 5
-0.051 -0.73 0.162 0.002 0.002 0.053 0.068 0.027 -0.276 0.594 0

**** cluster 4 and 5
-0.042 -0.905 0.015 0.023 -0.007 0.05 0.047 0.044 0.413 0.028 0

 empirical Separation index matrix (alpha= 0.05 )>>

-1 0.094 0.081 0.195 0.133
0.094 -1 0.064 0.059 -0.013
0.081 0.064 -1 0.075 0.103
0.195 0.059 0.075 -1 0.037
0.133 -0.013 0.103 0.037 -1

 empirical projection directions >>

**** cluster 1 and 2
-0.016 0.512 -0.402 -0.199 -0.238 -0.541 -0.111 -0.373 0.041 -0.157 0.101

**** cluster 1 and 3
-0.228 0.771 -0.149 -0.055 -0.008 0.038 -0.027 -0.043 0.267 -0.439 -0.245

**** cluster 1 and 4
-0.035 0.873 0.014 -0.127 -0.048 -0.023 -0.173 -0.091 -0.386 -0.03 -0.172

**** cluster 1 and 5
-0.156 0.83 0.041 -0.099 0.07 -0.031 -0.026 0.402 0.238 0.22 -0.055

**** cluster 2 and 3
0.005 0.032 0.382 0.186 0.16 0.665 0.026 0.131 -0.049 -0.553 -0.155

**** cluster 2 and 4
0.055 -0.137 0.246 0.197 0.228 0.762 -0.126 0.295 -0.333 -0.043 -0.175

**** cluster 2 and 5
0.064 -0.044 0.349 0.229 0.327 0.454 0 0.601 0.147 0.318 -0.153

**** cluster 3 and 4
0.148 -0.08 0.153 0.011 -0.032 0.01 0.041 -0.118 -0.667 0.692 -0.091

**** cluster 3 and 5
0.352 0.038 -0.076 -0.037 0.045 -0.313 -0.091 0.048 0.065 0.857 0.138

**** cluster 4 and 5
0.316 0.176 0.061 -0.088 0.255 -0.231 0.167 -0.079 0.753 0.365 0.067
