
 Log information for the data set datasetJHG2v2nv3out0_2.dat >>

 alpha = 0.05 sepVal = 0.34

 Number of clusters >> 2

 cluster sizes >>
50 50

 Number of data points >> 100

 Number of dimensions >> 5

 Number of noisy dimensions >> 3

 noisy variables >>
2 4 5

 Number of outliers >> 0

 initial eigenvalues for each cluster >> 
 (rows correspond to clusters)
3.944 9.555
6.652 2.011

 Mean vectors and covariance matrices before rotation --- 1th cluster >>

 mean vector (mu'=Q*mu)>>
-10.004 0 0 0 0

 covariance matrix (Sigma'=Q*Sigma*t(Q))>>

6.608 -2.802 0 0 0
-2.802 6.891 0 0 0
0 0 23.145 -3.567 17.528
0 0 -3.567 69.884 0.443
0 0 17.528 0.443 49.183

 Mean vectors and covariance matrices before rotation --- 2th cluster >>

 mean vector (mu'=Q*mu)>>
10.004 0 0 0 0

 covariance matrix (Sigma'=Q*Sigma*t(Q))>>

6.514 0.79 0 0 0
0.79 2.15 0 0 0
0 0 23.145 -3.567 17.528
0 0 -3.567 69.884 0.443
0 0 17.528 0.443 49.183

 Final eigenvalues for each cluster >> 
 (rows correspond to clusters)
70.208 57.88 14.124 9.555 3.944
70.208 57.88 14.124 6.652 2.011

 *************************************************

 ********************* rotation ******************

 *************************************************


 The orthogonal matrix Q >>
0.252 0.968
0.968 -0.252

 Mean vectors and covariance matrices after rotation --- 1th cluster >>

 mean vector (mu'=Q*mu)>>
-2.521 0 -9.681 0 0

 covariance matrix (Sigma'=Q*Sigma*t(Q))>>

5.507 0 -2.515 0 0
0 69.884 0 0.443 -3.567
-2.515 0 7.992 0 0
0 0.443 0 49.183 17.528
0 -3.567 0 17.528 23.145

 Mean vectors and covariance matrices after rotation --- 2th cluster >>

 mean vector (mu'=Q*mu)>>
2.521 0 9.681 0 0

 covariance matrix (Sigma'=Q*Sigma*t(Q))>>

2.813 0 1.754 0 0
0 69.884 0 0.443 -3.567
1.754 0 5.851 0 0
0 0.443 0 49.183 17.528
0 -3.567 0 17.528 23.145

 Final eigenvalues for each cluster >> 
 (rows correspond to clusters)
70.208 57.88 14.124 9.555 3.944
70.208 57.88 14.124 6.652 2.011

 theoretical Separation index matrix >>

-1 0.34
0.34 -1

 theoretical projection directions >>

**** cluster 1 and 2
0.468 0 0.884 0 0

 empirical Separation index matrix (alpha= 0.05 )>>

-1 0.387
0.387 -1

 empirical projection directions >>

**** cluster 1 and 2
-0.383 -0.027 -0.921 0.034 -0.057
