
 Log information for the data set datasetJLG3v2nv3out0_3.dat >>

 alpha = 0.05 sepVal = 0.01

 Number of clusters >> 3

 cluster sizes >>
50 50 50

 Number of data points >> 150

 Number of dimensions >> 5

 Number of noisy dimensions >> 3

 noisy variables >>
1 3 5

 Number of outliers >> 0

 initial eigenvalues for each cluster >> 
 (rows correspond to clusters)
9.804 6.604
3.061 7.744
1.546 5.615

 Mean vectors and covariance matrices before rotation --- 1th cluster >>

 mean vector (mu'=Q*mu)>>
-5.07 0 2.218 2.313 2.809

 covariance matrix (Sigma'=Q*Sigma*t(Q))>>

10.229 1.808 0 0 0
1.808 12.934 0 0 0
0 0 23.777 0.606 -0.117
0 0 0.606 23.293 0.08
0 0 -0.117 0.08 24.332

 Mean vectors and covariance matrices before rotation --- 2th cluster >>

 mean vector (mu'=Q*mu)>>
5.07 0 2.218 2.313 2.809

 covariance matrix (Sigma'=Q*Sigma*t(Q))>>

3.387 -1.192 0 0 0
-1.192 7.418 0 0 0
0 0 23.777 0.606 -0.117
0 0 0.606 23.293 0.08
0 0 -0.117 0.08 24.332

 Mean vectors and covariance matrices before rotation --- 3th cluster >>

 mean vector (mu'=Q*mu)>>
0 8.782 2.218 2.313 2.809

 covariance matrix (Sigma'=Q*Sigma*t(Q))>>

3.122 -1.982 0 0 0
-1.982 4.038 0 0 0
0 0 23.777 0.606 -0.117
0 0 0.606 23.293 0.08
0 0 -0.117 0.08 24.332

 Final eigenvalues for each cluster >> 
 (rows correspond to clusters)
24.36 24.172 22.87 13.84 9.323
24.36 24.172 22.87 7.744 3.061
24.36 24.172 22.87 5.615 1.546

 *************************************************

 ********************* rotation ******************

 *************************************************


 The orthogonal matrix Q >>
0.881 0.473
0.473 -0.881

 Mean vectors and covariance matrices after rotation --- 1th cluster >>

 mean vector (mu'=Q*mu)>>
2.218 -2.399 2.809 -4.467 2.313

 covariance matrix (Sigma'=Q*Sigma*t(Q))>>

23.777 0 -0.117 0 0.606
0 10.821 0 -2.127 0
-0.117 0 24.332 0 0.08
0 -2.127 0 12.342 0
0.606 0 0.08 0 23.293

 Mean vectors and covariance matrices after rotation --- 2th cluster >>

 mean vector (mu'=Q*mu)>>
2.218 2.399 2.809 4.467 2.313

 covariance matrix (Sigma'=Q*Sigma*t(Q))>>

23.777 0 -0.117 0 0.606
0 7.51 0 -1.021 0
-0.117 0 24.332 0 0.08
0 -1.021 0 3.295 0
0.606 0 0.08 0 23.293

 Mean vectors and covariance matrices after rotation --- 3th cluster >>

 mean vector (mu'=Q*mu)>>
2.218 -7.737 2.809 4.154 2.313

 covariance matrix (Sigma'=Q*Sigma*t(Q))>>

23.777 0 -0.117 0 0.606
0 5.486 0 0.713 0
-0.117 0 24.332 0 0.08
0 0.713 0 1.675 0
0.606 0 0.08 0 23.293

 Final eigenvalues for each cluster >> 
 (rows correspond to clusters)
24.36 24.172 22.87 13.84 9.323
24.36 24.172 22.87 7.744 3.061
24.36 24.172 22.87 5.615 1.546

 theoretical Separation index matrix >>

-1 0.013 0.01
0.013 -1 0.01
0.01 0.01 -1

 theoretical projection directions >>

**** cluster 1 and 2
0 0.464 0 0.886 0

**** cluster 1 and 3
0 -0.37 0 0.929 0

**** cluster 2 and 3
0 -0.993 0 -0.121 0

 empirical Separation index matrix (alpha= 0.05 )>>

-1 -0.005 0.001
-0.005 -1 0.04
0.001 0.04 -1

 empirical projection directions >>

**** cluster 1 and 2
-0.025 -0.382 0.036 0.92 0.077

**** cluster 1 and 3
-0.091 0.55 0.036 0.828 -0.04

**** cluster 2 and 3
-0.133 0.988 -0.05 0.044 -0.039
