
 Log information for the data set datasetJHG3v5nv1out0_2.dat >>

 alpha = 0.05 sepVal = 0.34

 Number of clusters >> 3

 cluster sizes >>
50 50 50

 Number of data points >> 150

 Number of dimensions >> 6

 Number of noisy dimensions >> 1

 noisy variables >>
3

 Number of outliers >> 0

 initial eigenvalues for each cluster >> 
 (rows correspond to clusters)
5.477 1.43 2.521 3.979 6.073
8.448 2.669 3.799 4.996 4.212
9.642 6.701 9.418 3.804 4.925

 Mean vectors and covariance matrices before rotation --- 1th cluster >>

 mean vector (mu'=Q*mu)>>
-9.066 0 0 0 0 3.937

 covariance matrix (Sigma'=Q*Sigma*t(Q))>>

3.886 1.123 0.642 -0.024 -1.258 0
1.123 2.715 1.085 0.865 0.488 0
0.642 1.085 3.399 0.637 0.211 0
-0.024 0.865 0.637 4.324 -0.182 0
-1.258 0.488 0.211 -0.182 5.155 0
0 0 0 0 0 38.259

 Mean vectors and covariance matrices before rotation --- 2th cluster >>

 mean vector (mu'=Q*mu)>>
9.066 0 0 0 0 3.937

 covariance matrix (Sigma'=Q*Sigma*t(Q))>>

6.289 2.218 1.516 0.51 0.375 0
2.218 5.821 2.07 1.415 0.608 0
1.516 2.07 6.978 1.244 0.546 0
0.51 1.415 1.244 7.495 0.356 0
0.375 0.608 0.546 0.356 5.814 0
0 0 0 0 0 38.259

 Mean vectors and covariance matrices before rotation --- 3th cluster >>

 mean vector (mu'=Q*mu)>>
0 15.702 0 0 0 3.937

 covariance matrix (Sigma'=Q*Sigma*t(Q))>>

7.825 0.334 -0.922 0.451 1.829 0
0.334 6.879 0.231 0.135 0.624 0
-0.922 0.231 8.966 0.284 1.173 0
0.451 0.135 0.284 3.891 0.419 0
1.829 0.624 1.173 0.419 6.928 0
0 0 0 0 0 38.259

 Final eigenvalues for each cluster >> 
 (rows correspond to clusters)
38.259 6.073 5.477 3.979 2.521 1.43
38.259 11.345 6.709 5.656 5.101 3.585
38.259 9.642 9.418 6.701 4.925 3.804

 *************************************************

 ********************* rotation ******************

 *************************************************


 The orthogonal matrix Q >>
0.109 0.23 0.56 0.748 0.249
0.23 -0.953 0.116 0.155 0.051
0.56 0.116 -0.718 0.378 0.126
0.748 0.155 0.378 -0.495 0.168
0.249 0.051 0.126 0.168 -0.944

 Mean vectors and covariance matrices after rotation --- 1th cluster >>

 mean vector (mu'=Q*mu)>>
-0.992 -2.256 3.937 -2.081 -5.075 -6.784

 covariance matrix (Sigma'=Q*Sigma*t(Q))>>

5.215 0.09 0 -0.896 0.239 0.254
0.09 5.693 0 0.253 0.651 0.589
0 0 38.259 0 0 0
-0.896 0.253 0 1.823 -0.157 -0.625
0.239 0.651 0 -0.157 2.654 0.053
0.254 0.589 0 -0.625 0.053 4.095

 Mean vectors and covariance matrices after rotation --- 2th cluster >>

 mean vector (mu'=Q*mu)>>
0.992 2.256 3.937 2.081 5.075 6.784

 covariance matrix (Sigma'=Q*Sigma*t(Q))>>

9.941 0.596 0 -1.369 0.674 1.632
0.596 5.729 0 -0.321 0.055 0.205
0 0 38.259 0 0 0
-1.369 -0.321 0 4.18 -0.295 -1.282
0.674 0.055 0 -0.295 5.199 -0.001
1.632 0.205 0 -1.282 -0.001 7.347

 Mean vectors and covariance matrices after rotation --- 3th cluster >>

 mean vector (mu'=Q*mu)>>
3.604 0.809 3.937 -14.957 1.819 2.431

 covariance matrix (Sigma'=Q*Sigma*t(Q))>>

6.849 -1.23 0 -0.334 -1.409 2.18
-1.23 5.605 0 -0.113 -0.37 -1.108
0 0 38.259 0 0 0
-0.334 -0.113 0 6.645 -0.105 0.179
-1.409 -0.37 0 -0.105 8.722 1.16
2.18 -1.108 0 0.179 1.16 6.668

 Final eigenvalues for each cluster >> 
 (rows correspond to clusters)
38.259 6.073 5.477 3.979 2.521 1.43
38.259 11.345 6.709 5.656 5.101 3.585
38.259 9.642 9.418 6.701 4.925 3.804

 theoretical Separation index matrix >>

-1 0.386 0.34
0.386 -1 0.34
0.34 0.34 -1

 theoretical projection directions >>

**** cluster 1 and 2
0.035 0.077 0 0.553 0.58 0.592

**** cluster 1 and 3
0.075 0.158 0 -0.857 0.297 0.383

**** cluster 2 and 3
0.033 -0.128 0 -0.944 -0.147 -0.265

 empirical Separation index matrix (alpha= 0.05 )>>

-1 0.402 0.361
0.402 -1 0.364
0.361 0.364 -1

 empirical projection directions >>

**** cluster 1 and 2
0.013 0.412 0.02 -0.823 0.221 0.323

**** cluster 1 and 3
-0.081 0.161 0.003 0.488 0.57 0.636

**** cluster 2 and 3
0.042 0.087 -0.03 0.969 0.119 0.193
