
 Log information for the data set datasetJMG5v2nv1out0_3.dat >>

 alpha = 0.05 sepVal = 0.21

 Number of clusters >> 5

 cluster sizes >>
50 50 50 50 50

 Number of data points >> 250

 Number of dimensions >> 3

 Number of noisy dimensions >> 1

 noisy variables >>
1

 Number of outliers >> 0

 initial eigenvalues for each cluster >> 
 (rows correspond to clusters)
3.696 3.416
1.926 9.418
4.219 2.506
1.565 4.846
5.436 3.558

 Mean vectors and covariance matrices before rotation --- 1th cluster >>

 mean vector (mu'=Q*mu)>>
-6.891 0 5.754

 covariance matrix (Sigma'=Q*Sigma*t(Q))>>

6.992 0.25 0
0.25 6.782 0
0 0 91.68

 Mean vectors and covariance matrices before rotation --- 2th cluster >>

 mean vector (mu'=Q*mu)>>
6.891 0 5.754

 covariance matrix (Sigma'=Q*Sigma*t(Q))>>

4.887 -3.663 0
-3.663 6.457 0
0 0 91.68

 Mean vectors and covariance matrices before rotation --- 3th cluster >>

 mean vector (mu'=Q*mu)>>
0 11.936 5.754

 covariance matrix (Sigma'=Q*Sigma*t(Q))>>

3.942 0.63 0
0.63 2.782 0
0 0 91.68

 Mean vectors and covariance matrices before rotation --- 4th cluster >>

 mean vector (mu'=Q*mu)>>
20.673 0 5.754

 covariance matrix (Sigma'=Q*Sigma*t(Q))>>

8.141 -0.356 0
-0.356 2.659 0
0 0 91.68

 Mean vectors and covariance matrices before rotation --- 5th cluster >>

 mean vector (mu'=Q*mu)>>
13.782 11.936 5.754

 covariance matrix (Sigma'=Q*Sigma*t(Q))>>

7.291 1.551 0
1.551 7.677 0
0 0 91.68

 Final eigenvalues for each cluster >> 
 (rows correspond to clusters)
91.68 7.158 6.616
91.68 9.418 1.926
91.68 4.219 2.506
91.68 8.164 2.636
91.68 9.047 5.922

 *************************************************

 ********************* rotation ******************

 *************************************************


 The orthogonal matrix Q >>
0.624 0.781
0.781 -0.624

 Mean vectors and covariance matrices after rotation --- 1th cluster >>

 mean vector (mu'=Q*mu)>>
5.754 -5.385 -4.3

 covariance matrix (Sigma'=Q*Sigma*t(Q))>>

91.68 0 0
0 6.666 0.158
0 0.158 7.108

 Mean vectors and covariance matrices after rotation --- 2th cluster >>

 mean vector (mu'=Q*mu)>>
5.754 5.385 4.3

 covariance matrix (Sigma'=Q*Sigma*t(Q))>>

91.68 0 0
0 9.07 -1.576
0 -1.576 2.274

 Mean vectors and covariance matrices after rotation --- 3th cluster >>

 mean vector (mu'=Q*mu)>>
5.754 -7.447 9.328

 covariance matrix (Sigma'=Q*Sigma*t(Q))>>

91.68 0 0
0 2.876 0.705
0 0.705 3.849

 Mean vectors and covariance matrices after rotation --- 4th cluster >>

 mean vector (mu'=Q*mu)>>
5.754 16.156 12.899

 covariance matrix (Sigma'=Q*Sigma*t(Q))>>

91.68 0 0
0 6.354 2.594
0 2.594 4.447

 Mean vectors and covariance matrices after rotation --- 5th cluster >>

 mean vector (mu'=Q*mu)>>
5.754 3.323 17.927

 covariance matrix (Sigma'=Q*Sigma*t(Q))>>

91.68 0 0
0 5.929 0.155
0 0.155 9.039

 Final eigenvalues for each cluster >> 
 (rows correspond to clusters)
91.68 7.158 6.616
91.68 9.418 1.926
91.68 4.219 2.506
91.68 8.164 2.636
91.68 9.047 5.922

 theoretical Separation index matrix >>

-1 0.21 0.217 0.438 0.369
0.21 -1 0.21 0.21 0.213
0.217 0.21 -1 0.49 0.21
0.438 0.21 0.49 -1 0.217
0.369 0.213 0.21 0.217 -1

 theoretical projection directions >>

**** cluster 1 and 2
0 0.55 0.835

**** cluster 1 and 3
0 -0.27 0.963

**** cluster 1 and 4
0 0.776 0.631

**** cluster 1 and 5
0 0.431 0.902

**** cluster 2 and 3
0 -0.866 0.5

**** cluster 2 and 4
0 0.432 0.902

**** cluster 2 and 5
0 0.042 0.999

**** cluster 3 and 4
0 0.977 -0.211

**** cluster 3 and 5
0 0.893 0.45

**** cluster 4 and 5
0 -0.871 0.492

 empirical Separation index matrix (alpha= 0.05 )>>

-1 0.159 0.232 0.242 0.175
0.159 -1 0.36 0.209 0.23
0.232 0.36 -1 0.456 0.244
0.242 0.209 0.456 -1 0.489
0.175 0.23 0.244 0.489 -1

 empirical projection directions >>

**** cluster 1 and 2
-0.041 0.081 0.996

**** cluster 1 and 3
0.029 -0.5 -0.866

**** cluster 1 and 4
-0.015 0.445 0.896

**** cluster 1 and 5
0.006 -0.911 0.412

**** cluster 2 and 3
0.04 -0.483 -0.875

**** cluster 2 and 4
0.016 0.885 -0.465

**** cluster 2 and 5
0.025 -0.883 -0.469

**** cluster 3 and 4
-0.028 0.705 0.709

**** cluster 3 and 5
0.01 -0.154 0.988

**** cluster 4 and 5
0.016 -0.994 0.11
