
 Log information for the data set datasetJMG3v10nv1out0_3.dat >>

 alpha = 0.05 sepVal = 0.21

 Number of clusters >> 3

 cluster sizes >>
50 50 50

 Number of data points >> 150

 Number of dimensions >> 11

 Number of noisy dimensions >> 1

 noisy variables >>
11

 Number of outliers >> 0

 initial eigenvalues for each cluster >> 
 (rows correspond to clusters)
7.587 2.633 1.606 7.842 9.737 7.946 6.591 7.738 3.142 8.057
1.146 2.073 5.164 8.957 8.071 6.415 7.274 5.066 4.992 2.65
3.885 2.389 6.963 6.739 7.015 1.623 2.908 3.479 3.329 4.363

 Mean vectors and covariance matrices before rotation --- 1th cluster >>

 mean vector (mu'=Q*mu)>>
-6.314 0 0 0 0 0 0 0 0 0 1.083

 covariance matrix (Sigma'=Q*Sigma*t(Q))>>

6.809 1.367 0.658 -0.328 -0.309 -0.124 0.165 -0.256 0.946 -0.479 0
1.367 3.287 0.283 0.374 0.057 0.122 0.458 0.342 0.484 0.409 0
0.658 0.283 1.727 0.182 0.033 0.06 0.213 0.166 0.21 0.201 0
-0.328 0.374 0.182 7.717 -0.098 -0.046 0.02 -0.101 0.256 -0.173 0
-0.309 0.057 0.033 -0.098 9.692 -0.034 -0.053 -0.084 0.035 -0.122 0
-0.124 0.122 0.06 -0.046 -0.034 7.929 0.003 -0.037 0.084 -0.063 0
0.165 0.458 0.213 0.02 -0.053 0.003 6.739 0.028 0.325 -0.004 0
-0.256 0.342 0.166 -0.101 -0.084 -0.037 0.028 7.658 0.236 -0.142 0
0.946 0.484 0.21 0.256 0.035 0.084 0.325 0.236 3.499 0.279 0
-0.479 0.409 0.201 -0.173 -0.122 -0.063 -0.004 -0.142 0.279 7.824 0
0 0 0 0 0 0 0 0 0 0 21.121

 Mean vectors and covariance matrices before rotation --- 2th cluster >>

 mean vector (mu'=Q*mu)>>
6.314 0 0 0 0 0 0 0 0 0 1.083

 covariance matrix (Sigma'=Q*Sigma*t(Q))>>

3.418 0.332 -1.021 -1.063 -0.999 -0.612 -0.32 -0.763 -0.019 0.033 0
0.332 2.025 -0.497 -0.431 -0.413 -0.27 -0.136 -0.376 -0.009 -0.125 0
-1.021 -0.497 4.373 -0.511 -0.512 -0.374 -0.176 -0.606 -0.015 -0.482 0
-1.063 -0.431 -0.511 8.672 -0.293 -0.227 -0.104 -0.394 -0.01 -0.385 0
-0.999 -0.413 -0.512 -0.293 7.771 -0.23 -0.105 -0.394 -0.01 -0.374 0
-0.612 -0.27 -0.374 -0.227 -0.23 6.243 -0.08 -0.287 -0.007 -0.252 0
-0.32 -0.136 -0.176 -0.104 -0.105 -0.08 7.237 -0.136 -0.003 -0.124 0
-0.763 -0.376 -0.606 -0.394 -0.394 -0.287 -0.136 4.601 -0.012 -0.366 0
-0.019 -0.009 -0.015 -0.01 -0.01 -0.007 -0.003 -0.012 4.992 -0.009 0
0.033 -0.125 -0.482 -0.385 -0.374 -0.252 -0.124 -0.366 -0.009 2.476 0
0 0 0 0 0 0 0 0 0 0 21.121

 Mean vectors and covariance matrices before rotation --- 3th cluster >>

 mean vector (mu'=Q*mu)>>
0 10.936 0 0 0 0 0 0 0 0 1.083

 covariance matrix (Sigma'=Q*Sigma*t(Q))>>

7.538 0.902 -1.171 -0.569 -1.501 0.185 0.707 0.36 1.083 0.389 0
0.902 3.818 -0.061 -0.018 -0.084 0.056 0.255 0.151 0.433 0.282 0
-1.171 -0.061 9.215 -0.549 -1.323 0.005 -0.123 -0.135 -0.334 -0.557 0
-0.569 -0.018 -0.549 9.646 -0.693 0.005 -0.052 -0.063 -0.154 -0.277 0
-1.501 -0.084 -1.323 -0.693 8.669 0.005 -0.161 -0.174 -0.432 -0.71 0
0.185 0.056 0.005 0.005 0.005 2.403 0.049 0.03 0.085 0.061 0
0.707 0.255 -0.123 -0.052 -0.161 0.049 4.5 0.123 0.355 0.208 0
0.36 0.151 -0.135 -0.063 -0.174 0.03 0.123 5.194 0.196 0.094 0
1.083 0.433 -0.334 -0.154 -0.432 0.085 0.355 0.196 5.48 0.294 0
0.389 0.282 -0.557 -0.277 -0.71 0.061 0.208 0.094 0.294 6.463 0
0 0 0 0 0 0 0 0 0 0 21.121

 Final eigenvalues for each cluster >> 
 (rows correspond to clusters)
21.121 9.737 8.057 7.946 7.842 7.738 7.587 6.591 3.142 2.633 1.606
21.121 8.957 8.071 7.274 6.415 5.164 5.066 4.992 2.65 2.073 1.146
21.121 10.339 10.263 9.932 6.431 5.726 5.128 4.907 4.286 3.52 2.393

 *************************************************

 ********************* rotation ******************

 *************************************************


 The orthogonal matrix Q >>
0.195 0.145 0.481 0.226 0.172 0.201 0.421 0.372 0.502 0.142
0.145 -0.982 0.058 0.028 0.021 0.024 0.051 0.045 0.061 0.017
0.481 0.058 -0.806 0.091 0.069 0.081 0.17 0.15 0.202 0.057
0.226 0.028 0.091 -0.957 0.033 0.038 0.08 0.07 0.095 0.027
0.172 0.021 0.069 0.033 -0.975 0.029 0.061 0.053 0.072 0.02
0.201 0.024 0.081 0.038 0.029 -0.966 0.071 0.063 0.085 0.024
0.421 0.051 0.17 0.08 0.061 0.071 -0.851 0.131 0.177 0.05
0.372 0.045 0.15 0.07 0.053 0.063 0.131 -0.884 0.156 0.044
0.502 0.061 0.202 0.095 0.072 0.085 0.177 0.156 -0.789 0.06
0.142 0.017 0.057 0.027 0.02 0.024 0.05 0.044 0.06 -0.983

 Mean vectors and covariance matrices after rotation --- 1th cluster >>

 mean vector (mu'=Q*mu)>>
-1.271 -0.917 -1.085 -1.429 -2.661 -3.037 -1.231 -0.899 -3.172 -2.346 1.083

 covariance matrix (Sigma'=Q*Sigma*t(Q))>>

7.91 -0.212 -0.043 -0.044 -0.077 0.28 -0.234 -0.017 0.093 -0.067 0
-0.212 2.813 -0.223 0.014 -0.272 -0.325 -0.619 0.215 -0.311 -0.272 0
-0.043 -0.223 9.69 -0.088 -0.107 0.238 -0.361 -0.078 0.06 -0.097 0
-0.044 0.014 -0.088 7.746 -0.02 0.486 -0.312 -0.106 0.325 -0.091 0
-0.077 -0.272 -0.107 -0.02 6.488 0.579 -0.303 0.063 0.244 -0.108 0
0.28 -0.325 0.238 0.486 0.579 2.889 1.973 0.498 0.896 0.586 0
-0.234 -0.619 -0.361 -0.312 -0.303 1.973 6.17 -0.207 1.006 -0.427 0
-0.017 0.215 -0.078 -0.106 0.063 0.498 -0.207 7.897 0.432 -0.054 0
0.093 -0.311 0.06 0.325 0.244 0.896 1.006 0.432 3.662 0.266 0
-0.067 -0.272 -0.097 -0.091 -0.108 0.586 -0.427 -0.054 0.266 7.613 0
0 0 0 0 0 0 0 0 0 0 21.121

 Mean vectors and covariance matrices after rotation --- 2th cluster >>

 mean vector (mu'=Q*mu)>>
1.271 0.917 1.085 1.429 2.661 3.037 1.231 0.899 3.172 2.346 1.083

 covariance matrix (Sigma'=Q*Sigma*t(Q))>>

6.386 -0.164 -0.013 -0.065 -0.177 -0.043 -0.176 -0.103 -0.049 -0.032 0
-0.164 2.103 -0.255 -0.311 -0.2 -0.252 0.662 -0.016 -0.033 -0.186 0
-0.013 -0.255 8.036 -0.049 0.008 -0.005 -0.071 -0.181 0.188 -0.003 0
-0.065 -0.311 -0.049 8.854 -0.212 -0.138 -0.571 -0.218 -0.056 -0.106 0
-0.177 -0.2 0.008 -0.212 6.202 -0.433 -1.768 -0.095 -1.084 -0.335 0
-0.043 -0.252 -0.005 -0.138 -0.433 5.136 -0.051 -0.136 -0.145 -0.018 0
-0.176 0.662 -0.071 -0.571 -1.768 -0.051 3.533 0.619 -1.307 -0.015 0
-0.103 -0.016 -0.181 -0.218 -0.095 -0.136 0.619 2.614 0.078 -0.099 0
-0.049 -0.033 0.188 -0.056 -1.084 -0.145 -1.307 0.078 3.888 -0.113 0
-0.032 -0.186 -0.003 -0.106 -0.335 -0.018 -0.015 -0.099 -0.113 5.056 0
0 0 0 0 0 0 0 0 0 0 21.121

 Mean vectors and covariance matrices after rotation --- 3th cluster >>

 mean vector (mu'=Q*mu)>>
0.268 -10.743 0.229 0.301 0.56 0.639 1.589 0.189 0.668 0.494 1.083

 covariance matrix (Sigma'=Q*Sigma*t(Q))>>

2.615 -0.033 0.564 0.234 0.28 0.443 0.685 0.095 0.257 0.259 0
-0.033 3.579 0.112 -0.126 -0.086 -0.325 -0.177 0.135 -0.048 -0.131 0
0.564 0.112 9.468 -0.073 0.827 -0.047 1.169 -0.414 0.657 0.719 0
0.234 -0.126 -0.073 9.893 0.187 -0.079 -0.062 -0.246 0.015 0.177 0
0.28 -0.086 0.827 0.187 4.536 0.283 0.487 0.128 0.181 0.208 0
0.443 -0.325 -0.047 -0.079 0.283 10.094 -0.387 -0.525 -0.097 0.284 0
0.685 -0.177 1.169 -0.062 0.487 -0.387 6.004 0.053 0.208 0.319 0
0.095 0.135 -0.414 -0.246 0.128 -0.525 0.053 6.404 0.126 0.041 0
0.257 -0.048 0.657 0.015 0.181 -0.097 0.208 0.126 5.015 0.107 0
0.259 -0.131 0.719 0.177 0.208 0.284 0.319 0.041 0.107 5.317 0
0 0 0 0 0 0 0 0 0 0 21.121

 Final eigenvalues for each cluster >> 
 (rows correspond to clusters)
21.121 9.737 8.057 7.946 7.842 7.738 7.587 6.591 3.142 2.633 1.606
21.121 8.957 8.071 7.274 6.415 5.164 5.066 4.992 2.65 2.073 1.146
21.121 10.339 10.263 9.932 6.431 5.726 5.128 4.907 4.286 3.52 2.393

 theoretical Separation index matrix >>

-1 0.21 0.21
0.21 -1 0.314
0.21 0.314 -1

 theoretical projection directions >>

**** cluster 1 and 2
0.139 0.395 0.088 0.132 0.402 0.369 0.277 0.077 0.588 0.27 0

**** cluster 1 and 3
0.049 -0.953 0.02 0.052 0.135 0.096 0.05 0.065 0.209 0.096 0

**** cluster 2 and 3
-0.059 -0.965 -0.02 -0.052 -0.121 -0.113 0.041 -0.039 -0.142 -0.108 0

 empirical Separation index matrix (alpha= 0.05 )>>

-1 0.245 0.218
0.245 -1 0.37
0.218 0.37 -1

 empirical projection directions >>

**** cluster 1 and 2
0.093 -0.982 0.008 0.038 0.094 0.04 0.02 0.101 0.058 0.043 0

**** cluster 1 and 3
0.118 0.416 0.11 0.156 0.348 0.478 0.193 0.073 0.544 0.295 -0.023

**** cluster 2 and 3
0.016 0.937 0.079 -0.062 0.225 0.093 -0.095 0.079 0.16 0.067 -0.091
