
 Log information for the data set datasetJHG3v5nv0out0_1.dat >>

 alpha = 0.05 sepVal = 0.34

 Number of clusters >> 3

 cluster sizes >>
50 50 50

 Number of data points >> 150

 Number of dimensions >> 5

 Number of noisy dimensions >> 0

 noisy variables >>
0

 Number of outliers >> 0

 initial eigenvalues for each cluster >> 
 (rows correspond to clusters)
4.492 4.285 7.311 6.421 2.557
1.731 2.256 2.761 4.981 3.619
7.541 9.765 4.362 4.647 7.904

 Mean vectors and covariance matrices before rotation --- 1th cluster >>

 mean vector (mu'=Q*mu)>>
-9.871 0 0 0 0

 covariance matrix (Sigma'=Q*Sigma*t(Q))>>

4.614 0.131 -0.82 -0.866 1.04
0.131 4.354 -0.233 -0.236 0.352
-0.82 -0.233 6.971 -0.446 -0.084
-0.866 -0.236 -0.446 5.855 0.015
1.04 0.352 -0.084 0.015 3.271

 Mean vectors and covariance matrices before rotation --- 2th cluster >>

 mean vector (mu'=Q*mu)>>
9.871 0 0 0 0

 covariance matrix (Sigma'=Q*Sigma*t(Q))>>

6.576 1.295 0.283 -1.586 -0.164
1.295 4.59 0.039 -1.18 -0.385
0.283 0.039 5.097 -0.556 -0.253
-1.586 -1.18 -0.556 6.589 -1.848
-0.164 -0.385 -0.253 -1.848 5.638

 Mean vectors and covariance matrices before rotation --- 3th cluster >>

 mean vector (mu'=Q*mu)>>
0 17.097 0 0 0

 covariance matrix (Sigma'=Q*Sigma*t(Q))>>

5.641 -0.356 1.489 0.404 -0.128
-0.356 9.727 -0.011 -0.008 -0.02
1.489 -0.011 6.148 0.534 0.063
0.404 -0.008 0.534 4.806 0.016
-0.128 -0.02 0.063 0.016 7.896

 Final eigenvalues for each cluster >> 
 (rows correspond to clusters)
7.311 6.421 4.492 4.285 2.557
9.246 6.719 5.125 4.187 3.213
9.765 7.904 7.541 4.647 4.362

 *************************************************

 ********************* rotation ******************

 *************************************************


 The orthogonal matrix Q >>
0.418 0.146 0.401 0.588 0.545
0.146 -0.985 0.041 0.061 0.056
0.401 0.041 -0.887 0.166 0.154
0.588 0.061 0.166 -0.756 0.226
0.545 0.056 0.154 0.226 -0.79

 Mean vectors and covariance matrices after rotation --- 1th cluster >>

 mean vector (mu'=Q*mu)>>
-1.446 -5.803 -5.383 -3.957 -4.128

 covariance matrix (Sigma'=Q*Sigma*t(Q))>>

4.326 -0.232 0.209 -0.222 -0.008
-0.232 6.343 -0.123 -0.081 -0.29
0.209 -0.123 2.597 -0.147 0.152
-0.222 -0.081 -0.147 7.243 -0.347
-0.008 -0.29 0.152 -0.347 4.557

 Mean vectors and covariance matrices after rotation --- 2th cluster >>

 mean vector (mu'=Q*mu)>>
1.446 5.803 5.383 3.957 4.128

 covariance matrix (Sigma'=Q*Sigma*t(Q))>>

4.408 -1.265 -0.608 -0.209 0.256
-1.265 8.853 -0.325 0.227 0.528
-0.608 -0.325 6.515 0.08 0.404
-0.209 0.227 0.08 5.112 -0.11
0.256 0.528 0.404 -0.11 3.602

 Mean vectors and covariance matrices after rotation --- 3th cluster >>

 mean vector (mu'=Q*mu)>>
-16.839 1.038 0.963 0.708 2.505

 covariance matrix (Sigma'=Q*Sigma*t(Q))>>

9.742 0.053 -0.047 -0.223 -0.208
0.053 5.045 -0.093 -0.321 0.989
-0.047 -0.093 7.488 -0.956 -0.384
-0.223 -0.321 -0.956 4.872 -0.567
-0.208 0.989 -0.384 -0.567 7.072

 Final eigenvalues for each cluster >> 
 (rows correspond to clusters)
7.311 6.421 4.492 4.285 2.557
9.246 6.719 5.125 4.187 3.213
9.765 7.904 7.541 4.647 4.362

 theoretical Separation index matrix >>

-1 0.377 0.34
0.377 -1 0.34
0.34 0.34 -1

 theoretical projection directions >>

**** cluster 1 and 2
0.267 0.43 0.631 0.349 0.473

**** cluster 1 and 3
-0.684 0.343 0.464 0.272 0.354

**** cluster 2 and 3
-0.885 -0.286 -0.261 -0.252 -0.054

 empirical Separation index matrix (alpha= 0.05 )>>

-1 0.326 0.373
0.326 -1 0.411
0.373 0.411 -1

 empirical projection directions >>

**** cluster 1 and 2
0.612 -0.288 -0.551 -0.332 -0.359

**** cluster 1 and 3
0.858 0.366 0.174 0.175 0.261

**** cluster 2 and 3
0.331 0.457 0.506 0.261 0.597
