
 Log information for the data set datasetJLG2v10nv10out0_3.dat >>

 alpha = 0.05 sepVal = 0.01

 Number of clusters >> 2

 cluster sizes >>
50 50

 Number of data points >> 100

 Number of dimensions >> 20

 Number of noisy dimensions >> 10

 noisy variables >>
3 7 8 9 10 12 13 14 15 20

 Number of outliers >> 0

 initial eigenvalues for each cluster >> 
 (rows correspond to clusters)
7.537 8.95 1.537 6.989 5.736 5.769 9.929 8.048 1.966 9.085
5.064 2.424 1.535 1.483 2.01 9.191 4.79 1.679 5.305 2.095

 Mean vectors and covariance matrices before rotation --- 1th cluster >>

 mean vector (mu'=Q*mu)>>
-3.927 0 0 0 0 0 0 0 0 0 0 0 0 0 0 0 0 0 0 0

 covariance matrix (Sigma'=Q*Sigma*t(Q))>>

6.597 -0.896 1.649 -0.108 0.446 0.064 -0.953 -0.305 1.394 -1.055 0 0 0 0 0 0 0 0 0 0
-0.896 8.409 0.448 -0.195 -0.102 -0.016 -0.511 -0.228 0.365 -0.624 0 0 0 0 0 0 0 0 0 0
1.649 0.448 2.681 0.518 1.109 0.165 0.246 0.309 1.016 0.48 0 0 0 0 0 0 0 0 0 0
-0.108 -0.195 0.518 7.003 0.205 0.03 -0.226 -0.053 0.442 -0.233 0 0 0 0 0 0 0 0 0 0
0.446 -0.102 1.109 0.205 6.41 0.1 -0.216 0.039 0.96 -0.142 0 0 0 0 0 0 0 0 0 0
0.064 -0.016 0.165 0.03 0.1 5.784 -0.033 0.005 0.143 -0.022 0 0 0 0 0 0 0 0 0 0
-0.953 -0.511 0.246 -0.226 -0.216 -0.033 9.466 -0.229 0.191 -0.585 0 0 0 0 0 0 0 0 0 0
-0.305 -0.228 0.309 -0.053 0.039 0.005 -0.229 7.962 0.259 -0.265 0 0 0 0 0 0 0 0 0 0
1.394 0.365 1.016 0.442 0.96 0.143 0.191 0.259 2.866 0.389 0 0 0 0 0 0 0 0 0 0
-1.055 -0.624 0.48 -0.233 -0.142 -0.022 -0.585 -0.265 0.389 8.367 0 0 0 0 0 0 0 0 0 0
0 0 0 0 0 0 0 0 0 0 11.209 -0.992 -3.325 -0.129 -2.49 1.818 0.095 -0.333 0.262 -0.508
0 0 0 0 0 0 0 0 0 0 -0.992 12.405 -1.568 -0.22 -1.236 -0.44 -0.019 -0.318 -0.654 -1.238
0 0 0 0 0 0 0 0 0 0 -3.325 -1.568 15.359 -0.449 -2.224 -1.24 -0.057 -0.623 -1.437 -2.556
0 0 0 0 0 0 0 0 0 0 -0.129 -0.22 -0.449 11.059 -0.351 -0.081 -0.003 -0.085 -0.16 -0.319
0 0 0 0 0 0 0 0 0 0 -2.49 -1.236 -2.224 -0.351 15.615 -0.941 -0.043 -0.49 -1.117 -1.999
0 0 0 0 0 0 0 0 0 0 1.818 -0.44 -1.24 -0.081 -0.941 5.64 0.022 -0.157 -0.061 -0.393
0 0 0 0 0 0 0 0 0 0 0.095 -0.019 -0.057 -0.003 -0.043 0.022 4.807 -0.007 -0.001 -0.015
0 0 0 0 0 0 0 0 0 0 -0.333 -0.318 -0.623 -0.085 -0.49 -0.157 -0.007 12.442 -0.249 -0.478
0 0 0 0 0 0 0 0 0 0 0.262 -0.654 -1.437 -0.16 -1.117 -0.061 -0.001 -0.249 8.544 -0.871
0 0 0 0 0 0 0 0 0 0 -0.508 -1.238 -2.556 -0.319 -1.999 -0.393 -0.015 -0.478 -0.871 8.881

 Mean vectors and covariance matrices before rotation --- 2th cluster >>

 mean vector (mu'=Q*mu)>>
3.927 0 0 0 0 0 0 0 0 0 0 0 0 0 0 0 0 0 0 0

 covariance matrix (Sigma'=Q*Sigma*t(Q))>>

3.189 0.021 0.917 0.398 0.082 -1.72 -0.153 1.036 -0.606 0.596 0 0 0 0 0 0 0 0 0 0
0.021 2.425 0.03 0.013 0.003 -0.013 0.003 0.035 0.005 0.024 0 0 0 0 0 0 0 0 0 0
0.917 0.03 2.402 0.37 0.092 -0.221 0.104 1.025 0.225 0.695 0 0 0 0 0 0 0 0 0 0
0.398 0.013 0.37 1.641 0.039 -0.091 0.045 0.438 0.098 0.298 0 0 0 0 0 0 0 0 0 0
0.082 0.003 0.092 0.039 2.02 -0.032 0.01 0.109 0.019 0.073 0 0 0 0 0 0 0 0 0 0
-1.72 -0.013 -0.221 -0.091 -0.032 8.473 -0.164 -0.287 -0.498 -0.251 0 0 0 0 0 0 0 0 0 0
-0.153 0.003 0.104 0.045 0.01 -0.164 4.778 0.119 -0.051 0.071 0 0 0 0 0 0 0 0 0 0
1.036 0.035 1.025 0.438 0.109 -0.287 0.119 2.89 0.251 0.82 0 0 0 0 0 0 0 0 0 0
-0.606 0.005 0.225 0.098 0.019 -0.498 -0.051 0.251 5.114 0.139 0 0 0 0 0 0 0 0 0 0
0.596 0.024 0.695 0.298 0.073 -0.251 0.071 0.82 0.139 2.646 0 0 0 0 0 0 0 0 0 0
0 0 0 0 0 0 0 0 0 0 11.209 -0.992 -3.325 -0.129 -2.49 1.818 0.095 -0.333 0.262 -0.508
0 0 0 0 0 0 0 0 0 0 -0.992 12.405 -1.568 -0.22 -1.236 -0.44 -0.019 -0.318 -0.654 -1.238
0 0 0 0 0 0 0 0 0 0 -3.325 -1.568 15.359 -0.449 -2.224 -1.24 -0.057 -0.623 -1.437 -2.556
0 0 0 0 0 0 0 0 0 0 -0.129 -0.22 -0.449 11.059 -0.351 -0.081 -0.003 -0.085 -0.16 -0.319
0 0 0 0 0 0 0 0 0 0 -2.49 -1.236 -2.224 -0.351 15.615 -0.941 -0.043 -0.49 -1.117 -1.999
0 0 0 0 0 0 0 0 0 0 1.818 -0.44 -1.24 -0.081 -0.941 5.64 0.022 -0.157 -0.061 -0.393
0 0 0 0 0 0 0 0 0 0 0.095 -0.019 -0.057 -0.003 -0.043 0.022 4.807 -0.007 -0.001 -0.015
0 0 0 0 0 0 0 0 0 0 -0.333 -0.318 -0.623 -0.085 -0.49 -0.157 -0.007 12.442 -0.249 -0.478
0 0 0 0 0 0 0 0 0 0 0.262 -0.654 -1.437 -0.16 -1.117 -0.061 -0.001 -0.249 8.544 -0.871
0 0 0 0 0 0 0 0 0 0 -0.508 -1.238 -2.556 -0.319 -1.999 -0.393 -0.015 -0.478 -0.871 8.881

 Final eigenvalues for each cluster >> 
 (rows correspond to clusters)
18.153 17.383 13.218 12.566 11.116 10.65 9.929 9.085 8.95 8.938 8.048 7.537 6.989 5.769 5.736 5.226 4.806 3.905 1.966 1.537
18.153 17.383 13.218 12.566 11.116 10.65 9.191 8.938 5.305 5.226 5.064 4.806 4.79 3.905 2.424 2.095 2.01 1.679 1.535 1.483

 *************************************************

 ********************* rotation ******************

 *************************************************


 The orthogonal matrix Q >>
0.344 0.399 0.206 0.171 0.274 0.056 0.517 0.386 0.092 0.385
0.399 -0.882 0.061 0.051 0.081 0.017 0.153 0.114 0.027 0.114
0.206 0.061 -0.969 0.026 0.042 0.009 0.079 0.059 0.014 0.059
0.171 0.051 0.026 -0.978 0.035 0.007 0.066 0.049 0.012 0.049
0.274 0.081 0.042 0.035 -0.944 0.011 0.105 0.079 0.019 0.078
0.056 0.017 0.009 0.007 0.011 -0.998 0.021 0.016 0.004 0.016
0.517 0.153 0.079 0.066 0.105 0.021 -0.801 0.149 0.035 0.148
0.386 0.114 0.059 0.049 0.079 0.016 0.149 -0.889 0.026 0.111
0.092 0.027 0.014 0.012 0.019 0.004 0.035 0.026 -0.994 0.026
0.385 0.114 0.059 0.049 0.078 0.016 0.148 0.111 0.026 -0.89

 Mean vectors and covariance matrices after rotation --- 1th cluster >>

 mean vector (mu'=Q*mu)>>
-1.513 -0.672 0 -0.362 -2.03 -1.565 0 0 0 0 -0.807 0 0 0 0 -1.516 -1.075 -0.219 -1.351 0

 covariance matrix (Sigma'=Q*Sigma*t(Q))>>

9.027 -0.06 0 -0.284 -0.114 -0.047 0 0 0 0 -0.094 0 0 0 0 0.042 -0.15 -0.008 0.141 0
-0.06 7.027 0 0.114 -0.177 -0.062 0 0 0 0 0.2 0 0 0 0 -0.037 0.117 0.019 0.005 0
0 0 15.615 0 0 0 -1.117 -1.236 -2.224 -2.49 0 -0.351 -0.49 -1.999 -0.941 0 0 0 0 -0.043
-0.284 0.114 0 2.507 -0.811 -0.357 0 0 0 0 0.435 0 0 0 0 -0.5 0.368 0.026 -1.218 0
-0.114 -0.177 0 -0.811 9.543 -0.166 0 0 0 0 -0.745 0 0 0 0 -0.231 -0.52 -0.074 -0.793 0
-0.047 -0.062 0 -0.357 -0.166 8.896 0 0 0 0 -0.202 0 0 0 0 -0.016 -0.185 -0.017 -0.029 0
0 0 -1.117 0 0 0 8.544 -0.654 -1.437 0.262 0 -0.16 -0.249 -0.871 -0.061 0 0 0 0 -0.001
0 0 -1.236 0 0 0 -0.654 12.405 -1.568 -0.992 0 -0.22 -0.318 -1.238 -0.44 0 0 0 0 -0.019
0 0 -2.224 0 0 0 -1.437 -1.568 15.359 -3.325 0 -0.449 -0.623 -2.556 -1.24 0 0 0 0 -0.057
0 0 -2.49 0 0 0 0.262 -0.992 -3.325 11.209 0 -0.129 -0.333 -0.508 1.818 0 0 0 0 0.095
-0.094 0.2 0 0.435 -0.745 -0.202 0 0 0 0 1.881 0 0 0 0 -0.454 0.448 0.039 -0.942 0
0 0 -0.351 0 0 0 -0.16 -0.22 -0.449 -0.129 0 11.059 -0.085 -0.319 -0.081 0 0 0 0 -0.003
0 0 -0.49 0 0 0 -0.249 -0.318 -0.623 -0.333 0 -0.085 12.442 -0.478 -0.157 0 0 0 0 -0.007
0 0 -1.999 0 0 0 -0.871 -1.238 -2.556 -0.508 0 -0.319 -0.478 8.881 -0.393 0 0 0 0 -0.015
0 0 -0.941 0 0 0 -0.061 -0.44 -1.24 1.818 0 -0.081 -0.157 -0.393 5.64 0 0 0 0 0.022
0.042 -0.037 0 -0.5 -0.231 -0.016 0 0 0 0 -0.454 0 0 0 0 7.916 -0.22 -0.032 -0.34 0
-0.15 0.117 0 0.368 -0.52 -0.185 0 0 0 0 0.448 0 0 0 0 -0.22 6.066 0.041 -0.367 0
-0.008 0.019 0 0.026 -0.074 -0.017 0 0 0 0 0.039 0 0 0 0 -0.032 0.041 5.774 -0.047 0
0.141 0.005 0 -1.218 -0.793 -0.029 0 0 0 0 -0.942 0 0 0 0 -0.34 -0.367 -0.047 6.909 0
0 0 -0.043 0 0 0 -0.001 -0.019 -0.057 0.095 0 -0.003 -0.007 -0.015 0.022 0 0 0 0 4.807

 Mean vectors and covariance matrices after rotation --- 2th cluster >>

 mean vector (mu'=Q*mu)>>
1.513 0.672 0 0.362 2.03 1.565 0 0 0 0 0.807 0 0 0 0 1.516 1.075 0.219 1.351 0

 covariance matrix (Sigma'=Q*Sigma*t(Q))>>

2.2 0.055 0 0.247 -0.283 -0.023 0 0 0 0 0.092 0 0 0 0 0.137 0.024 0.429 0.008 0
0.055 1.513 0 0.135 -0.171 -0.054 0 0 0 0 0.078 0 0 0 0 0.09 -0.014 0.205 -0.018 0
0 0 15.615 0 0 0 -1.117 -1.236 -2.224 -2.49 0 -0.351 -0.49 -1.999 -0.941 0 0 0 0 -0.043
0.247 0.135 0 5.191 0.153 0.216 0 0 0 0 0.195 0 0 0 0 0.303 0.16 -0.304 0.003 0
-0.283 -0.171 0 0.153 4.634 0.195 0 0 0 0 -0.575 0 0 0 0 -0.551 0.119 0.784 -0.084 0
-0.023 -0.054 0 0.216 0.195 2.807 0 0 0 0 -0.373 0 0 0 0 -0.255 0.248 0.751 0.863 0
0 0 -1.117 0 0 0 8.544 -0.654 -1.437 0.262 0 -0.16 -0.249 -0.871 -0.061 0 0 0 0 -0.001
0 0 -1.236 0 0 0 -0.654 12.405 -1.568 -0.992 0 -0.22 -0.318 -1.238 -0.44 0 0 0 0 -0.019
0 0 -2.224 0 0 0 -1.437 -1.568 15.359 -3.325 0 -0.449 -0.623 -2.556 -1.24 0 0 0 0 -0.057
0 0 -2.49 0 0 0 0.262 -0.992 -3.325 11.209 0 -0.129 -0.333 -0.508 1.818 0 0 0 0 0.095
0.092 0.078 0 0.195 -0.575 -0.373 0 0 0 0 1.885 0 0 0 0 0.294 -0.193 0.089 -0.671 0
0 0 -0.351 0 0 0 -0.16 -0.22 -0.449 -0.129 0 11.059 -0.085 -0.319 -0.081 0 0 0 0 -0.003
0 0 -0.49 0 0 0 -0.249 -0.318 -0.623 -0.333 0 -0.085 12.442 -0.478 -0.157 0 0 0 0 -0.007
0 0 -1.999 0 0 0 -0.871 -1.238 -2.556 -0.508 0 -0.319 -0.478 8.881 -0.393 0 0 0 0 -0.015
0 0 -0.941 0 0 0 -0.061 -0.44 -1.24 1.818 0 -0.081 -0.157 -0.393 5.64 0 0 0 0 0.022
0.137 0.09 0 0.303 -0.551 -0.255 0 0 0 0 0.294 0 0 0 0 1.97 -0.107 0.36 -0.374 0
0.024 -0.014 0 0.16 0.119 0.248 0 0 0 0 -0.193 0 0 0 0 -0.107 2.176 0.49 0.601 0
0.429 0.205 0 -0.304 0.784 0.751 0 0 0 0 0.089 0 0 0 0 0.36 0.49 8.679 0.794 0
0.008 -0.018 0 0.003 -0.084 0.863 0 0 0 0 -0.671 0 0 0 0 -0.374 0.601 0.794 4.523 0
0 0 -0.043 0 0 0 -0.001 -0.019 -0.057 0.095 0 -0.003 -0.007 -0.015 0.022 0 0 0 0 4.807

 Final eigenvalues for each cluster >> 
 (rows correspond to clusters)
18.153 17.383 13.218 12.566 11.116 10.65 9.929 9.085 8.95 8.938 8.048 7.537 6.989 5.769 5.736 5.226 4.806 3.905 1.966 1.537
18.153 17.383 13.218 12.566 11.116 10.65 9.191 8.938 5.305 5.226 5.064 4.806 4.79 3.905 2.424 2.095 2.01 1.679 1.535 1.483

 theoretical Separation index matrix >>

-1 0.01
0.01 -1

 theoretical projection directions >>

**** cluster 1 and 2
0.259 0.141 0 0.072 0.377 0.263 0 0 0 0 0.635 0 0 0 0 0.362 0.234 -0.066 0.321 0

 empirical Separation index matrix (alpha= 0.05 )>>

-1 0.094
0.094 -1

 empirical projection directions >>

**** cluster 1 and 2
-0.282 -0.09 0.033 -0.124 -0.371 -0.327 0.015 -0.023 -0.008 -0.064 -0.603 -0.053 0.123 -0.13 -0.027 -0.35 -0.214 0.021 -0.248 0.128
