
 Log information for the data set datasetJMG3v2nv1out0_3.dat >>

 alpha = 0.05 sepVal = 0.21

 Number of clusters >> 3

 cluster sizes >>
50 50 50

 Number of data points >> 150

 Number of dimensions >> 3

 Number of noisy dimensions >> 1

 noisy variables >>
1

 Number of outliers >> 0

 initial eigenvalues for each cluster >> 
 (rows correspond to clusters)
7.924 1.896
4.517 8.389
7.643 6.712

 Mean vectors and covariance matrices before rotation --- 1th cluster >>

 mean vector (mu'=Q*mu)>>
-8.226 0 4.391

 covariance matrix (Sigma'=Q*Sigma*t(Q))>>

4.205 2.93 0
2.93 5.615 0
0 0 52.098

 Mean vectors and covariance matrices before rotation --- 2th cluster >>

 mean vector (mu'=Q*mu)>>
8.226 0 4.391

 covariance matrix (Sigma'=Q*Sigma*t(Q))>>

5.025 -0.41 0
-0.41 9.221 0
0 0 52.098

 Mean vectors and covariance matrices before rotation --- 3th cluster >>

 mean vector (mu'=Q*mu)>>
0 14.247 4.391

 covariance matrix (Sigma'=Q*Sigma*t(Q))>>

7.425 0.394 0
0.394 6.93 0
0 0 52.098

 Final eigenvalues for each cluster >> 
 (rows correspond to clusters)
52.098 7.924 1.896
52.098 9.26 4.986
52.098 7.643 6.712

 *************************************************

 ********************* rotation ******************

 *************************************************


 The orthogonal matrix Q >>
0.963 0.27
0.27 -0.963

 Mean vectors and covariance matrices after rotation --- 1th cluster >>

 mean vector (mu'=Q*mu)>>
4.391 -2.223 -7.919

 covariance matrix (Sigma'=Q*Sigma*t(Q))>>

52.098 0 0
0 3.987 -2.869
0 -2.869 5.833

 Mean vectors and covariance matrices after rotation --- 2th cluster >>

 mean vector (mu'=Q*mu)>>
4.391 2.223 7.919

 covariance matrix (Sigma'=Q*Sigma*t(Q))>>

52.098 0 0
0 9.127 -0.742
0 -0.742 5.119

 Mean vectors and covariance matrices after rotation --- 3th cluster >>

 mean vector (mu'=Q*mu)>>
4.391 -13.717 3.851

 covariance matrix (Sigma'=Q*Sigma*t(Q))>>

52.098 0 0
0 6.761 -0.208
0 -0.208 7.594

 Final eigenvalues for each cluster >> 
 (rows correspond to clusters)
52.098 7.924 1.896
52.098 9.26 4.986
52.098 7.643 6.712

 theoretical Separation index matrix >>

-1 0.337 0.21
0.337 -1 0.21
0.21 0.21 -1

 theoretical projection directions >>

**** cluster 1 and 2
0 0.46 0.888

**** cluster 1 and 3
0 -0.791 0.612

**** cluster 2 and 3
0 -0.935 -0.354

 empirical Separation index matrix (alpha= 0.05 )>>

-1 0.209 0.293
0.209 -1 0.215
0.293 0.215 -1

 empirical projection directions >>

**** cluster 1 and 2
0.086 -0.866 0.492

**** cluster 1 and 3
0.071 0.477 0.876

**** cluster 2 and 3
-0.063 0.971 0.232
