
 Log information for the data set datasetJHG2v2nv0out0_3.dat >>

 alpha = 0.05 sepVal = 0.34

 Number of clusters >> 2

 cluster sizes >>
50 50

 Number of data points >> 100

 Number of dimensions >> 2

 Number of noisy dimensions >> 0

 noisy variables >>
0

 Number of outliers >> 0

 initial eigenvalues for each cluster >> 
 (rows correspond to clusters)
1.32 6.433
5.808 6.874

 Mean vectors and covariance matrices before rotation --- 1th cluster >>

 mean vector (mu'=Q*mu)>>
-9.52 0

 covariance matrix (Sigma'=Q*Sigma*t(Q))>>

5.944 -1.504
-1.504 1.809

 Mean vectors and covariance matrices before rotation --- 2th cluster >>

 mean vector (mu'=Q*mu)>>
9.52 0

 covariance matrix (Sigma'=Q*Sigma*t(Q))>>

5.872 -0.254
-0.254 6.809

 Final eigenvalues for each cluster >> 
 (rows correspond to clusters)
6.433 1.32
6.874 5.808

 *************************************************

 ********************* rotation ******************

 *************************************************


 The orthogonal matrix Q >>
0.867 0.498
0.498 -0.867

 Mean vectors and covariance matrices after rotation --- 1th cluster >>

 mean vector (mu'=Q*mu)>>
-8.258 -4.737

 covariance matrix (Sigma'=Q*Sigma*t(Q))>>

3.622 2.544
2.544 4.131

 Mean vectors and covariance matrices after rotation --- 2th cluster >>

 mean vector (mu'=Q*mu)>>
8.258 4.737

 covariance matrix (Sigma'=Q*Sigma*t(Q))>>

5.885 -0.276
-0.276 6.797

 Final eigenvalues for each cluster >> 
 (rows correspond to clusters)
6.433 1.32
6.874 5.808

 theoretical Separation index matrix >>

-1 0.34
0.34 -1

 theoretical projection directions >>

**** cluster 1 and 2
0.952 0.307

 empirical Separation index matrix (alpha= 0.05 )>>

-1 0.388
0.388 -1

 empirical projection directions >>

**** cluster 1 and 2
0.969 0.247
