
 Log information for the data set datasetJHG3v5nv3out0_1.dat >>

 alpha = 0.05 sepVal = 0.34

 Number of clusters >> 3

 cluster sizes >>
50 50 50

 Number of data points >> 150

 Number of dimensions >> 8

 Number of noisy dimensions >> 3

 noisy variables >>
3 5 6

 Number of outliers >> 0

 initial eigenvalues for each cluster >> 
 (rows correspond to clusters)
4.626 3.361 2.527 8.384 4.018
9.678 5.988 5.42 2.937 6.16
5.308 6.578 3.523 8.814 5.673

 Mean vectors and covariance matrices before rotation --- 1th cluster >>

 mean vector (mu'=Q*mu)>>
-10.302 0 0 0 0 3.825 5.732 5.13

 covariance matrix (Sigma'=Q*Sigma*t(Q))>>

8.483 0.441 0.765 -2.633 0.045 0 0 0
0.441 5.09 0.1 -0.141 0.008 0 0 0
0.765 0.1 3.923 -0.095 0.013 0 0 0
-2.633 -0.141 -0.095 10.754 -0.03 0 0 0
0.045 0.008 0.013 -0.03 6.007 0 0 0
0 0 0 0 0 38.53 13.267 -8.412
0 0 0 0 0 13.267 45.381 13.646
0 0 0 0 0 -8.412 13.646 51.805

 Mean vectors and covariance matrices before rotation --- 2th cluster >>

 mean vector (mu'=Q*mu)>>
10.302 0 0 0 0 3.825 5.732 5.13

 covariance matrix (Sigma'=Q*Sigma*t(Q))>>

5.229 -0.214 0.059 1.409 -0.22 0 0 0
-0.214 7.393 0.565 2.026 0.888 0 0 0
0.059 0.565 5.642 0.759 0.36 0 0 0
1.409 2.026 0.759 5.2 1.313 0 0 0
-0.22 0.888 0.36 1.313 6.72 0 0 0
0 0 0 0 0 38.53 13.267 -8.412
0 0 0 0 0 13.267 45.381 13.646
0 0 0 0 0 -8.412 13.646 51.805

 Mean vectors and covariance matrices before rotation --- 3th cluster >>

 mean vector (mu'=Q*mu)>>
0 17.844 0 0 0 3.825 5.732 5.13

 covariance matrix (Sigma'=Q*Sigma*t(Q))>>

5.804 -0.511 0.444 -0.499 -0.026 0 0 0
-0.511 6.165 0.061 -0.242 -0.264 0 0 0
0.444 0.061 3.635 -0.03 0.137 0 0 0
-0.499 -0.242 -0.03 8.708 -0.208 0 0 0
-0.026 -0.264 0.137 -0.208 5.584 0 0 0
0 0 0 0 0 38.53 13.267 -8.412
0 0 0 0 0 13.267 45.381 13.646
0 0 0 0 0 -8.412 13.646 51.805

 Final eigenvalues for each cluster >> 
 (rows correspond to clusters)
62.785 52.156 20.777 12.533 6.916 6.006 5.024 3.778
62.785 52.156 20.777 9.678 6.16 5.988 5.42 2.937
62.785 52.156 20.777 8.814 6.578 5.673 5.308 3.523

 *************************************************

 ********************* rotation ******************

 *************************************************


 The orthogonal matrix Q >>
0.536 0.547 0.408 0.112 0.484
0.547 -0.805 0.145 0.04 0.172
0.408 0.145 -0.891 0.03 0.129
0.112 0.04 0.03 -0.992 0.035
0.484 0.172 0.129 0.035 -0.847

 Mean vectors and covariance matrices after rotation --- 1th cluster >>

 mean vector (mu'=Q*mu)>>
-5.632 -4.206 3.825 -1.159 5.13 5.732 -4.989 -5.521

 covariance matrix (Sigma'=Q*Sigma*t(Q))>>

5.725 0.495 0 1.3 0 0 0.608 0.976
0.495 4.159 0 0.965 0 0 0.391 0.943
0 0 38.53 0 -8.412 13.267 0 0
1.3 0.965 0 11.321 0 0 1.254 1.159
0 0 -8.412 0 51.805 13.646 0 0
0 0 13.267 0 13.646 45.381 0 0
0.608 0.391 0 1.254 0 0 6.572 0.625
0.976 0.943 0 1.159 0 0 0.625 6.481

 Mean vectors and covariance matrices after rotation --- 2th cluster >>

 mean vector (mu'=Q*mu)>>
5.632 4.206 3.825 1.159 5.13 5.732 4.989 5.521

 covariance matrix (Sigma'=Q*Sigma*t(Q))>>

6.439 0.021 0 0.457 0 0 0.179 -1.136
0.021 5.362 0 -0.378 0 0 -0.021 -0.156
0 0 38.53 0 -8.412 13.267 0 0
0.457 -0.378 0 4.595 0 0 -0.049 -2.636
0 0 -8.412 0 51.805 13.646 0 0
0 0 13.267 0 13.646 45.381 0 0
0.179 -0.021 0 -0.049 0 0 6.211 -0.657
-1.136 -0.156 0 -2.636 0 0 -0.657 7.577

 Mean vectors and covariance matrices after rotation --- 3th cluster >>

 mean vector (mu'=Q*mu)>>
-14.371 2.593 3.825 0.714 5.13 5.732 3.076 9.756

 covariance matrix (Sigma'=Q*Sigma*t(Q))>>

6.563 0.205 0 0.031 0 0 -0.047 -0.053
0.205 3.629 0 0.143 0 0 0.165 0.358
0 0 38.53 0 -8.412 13.267 0 0
0.031 0.143 0 8.804 0 0 0.006 0.133
0 0 -8.412 0 51.805 13.646 0 0
0 0 13.267 0 13.646 45.381 0 0
-0.047 0.165 0 0.006 0 0 5.658 0.003
-0.053 0.358 0 0.133 0 0 0.003 5.243

 Final eigenvalues for each cluster >> 
 (rows correspond to clusters)
62.785 52.156 20.777 12.533 6.916 6.006 5.024 3.778
62.785 52.156 20.777 9.678 6.16 5.988 5.42 2.937
62.785 52.156 20.777 8.814 6.578 5.673 5.308 3.523

 theoretical Separation index matrix >>

-1 0.34 0.371
0.34 -1 0.34
0.371 0.34 -1

 theoretical projection directions >>

**** cluster 1 and 2
0.552 0.479 0 0.051 0 0 0.459 0.503

**** cluster 1 and 3
-0.486 0.39 0 -0.003 0 0 0.337 0.705

**** cluster 2 and 3
-0.983 -0.092 0 0.036 0 0 -0.085 0.127

 empirical Separation index matrix (alpha= 0.05 )>>

-1 0.42 0.332
0.42 -1 0.366
0.332 0.366 -1

 empirical projection directions >>

**** cluster 1 and 2
-0.973 -0.003 0.077 0.043 0.092 -0.077 -0.067 0.164

**** cluster 1 and 3
-0.704 -0.312 0.036 -0.001 0.021 0.005 -0.523 -0.363

**** cluster 2 and 3
0.622 -0.346 0.026 0.087 -0.01 -0.034 -0.47 -0.512
