
 Log information for the data set datasetJHG2v10nv1out0_3.dat >>

 alpha = 0.05 sepVal = 0.34

 Number of clusters >> 2

 cluster sizes >>
50 50

 Number of data points >> 100

 Number of dimensions >> 11

 Number of noisy dimensions >> 1

 noisy variables >>
7

 Number of outliers >> 0

 initial eigenvalues for each cluster >> 
 (rows correspond to clusters)
7.242 6.356 9.44 8.669 3.345 6.062 4.57 8.822 1.609 9.082
6.472 5.474 3.862 7.968 3.252 1.663 8.673 3.614 2.229 7.026

 Mean vectors and covariance matrices before rotation --- 1th cluster >>

 mean vector (mu'=Q*mu)>>
-9.18 0 0 0 0 0 0 0 0 0 0

 covariance matrix (Sigma'=Q*Sigma*t(Q))>>

6.728 0.015 -0.788 -0.333 1.069 0.173 1.292 -1.035 0.089 -0.497 0
0.015 6.357 -0.013 -0.004 0.033 0.009 0.044 -0.014 0.003 -0.007 0
-0.788 -0.013 9.098 -0.172 0.093 -0.074 0.01 -0.513 0.012 -0.231 0
-0.333 -0.004 -0.172 8.585 0.089 -0.02 0.068 -0.251 0.009 -0.115 0
1.069 0.033 0.093 0.089 3.879 0.245 0.83 0.237 0.037 0.087 0
0.173 0.009 -0.074 -0.02 0.245 6.136 0.336 -0.071 0.019 -0.04 0
1.292 0.044 0.01 0.068 0.83 0.336 5.807 0.16 0.059 0.042 0
-1.035 -0.014 -0.513 -0.251 0.237 -0.071 0.16 8.069 0.025 -0.343 0
0.089 0.003 0.012 0.009 0.037 0.019 0.059 0.025 1.612 0.01 0
-0.497 -0.007 -0.231 -0.115 0.087 -0.04 0.042 -0.343 0.01 8.926 0
0 0 0 0 0 0 0 0 0 0 38.604

 Mean vectors and covariance matrices before rotation --- 2th cluster >>

 mean vector (mu'=Q*mu)>>
9.18 0 0 0 0 0 0 0 0 0 0

 covariance matrix (Sigma'=Q*Sigma*t(Q))>>

5.022 -0.093 0.38 -0.916 0.793 0.675 -1.51 0.534 1.171 -0.314 0
-0.093 5.536 0.187 -0.165 0.337 0.242 -0.302 0.245 0.439 -0.04 0
0.38 0.187 4.153 -0.015 0.48 0.302 -0.098 0.366 0.567 0.033 0
-0.916 -0.165 -0.015 7.556 0.052 0.113 -0.631 0.007 0.169 -0.166 0
0.793 0.337 0.48 0.052 4.028 0.474 -0.043 0.599 0.898 0.086 0
0.675 0.242 0.302 0.113 0.474 1.936 0.097 0.372 0.527 0.086 0
-1.51 -0.302 -0.098 -0.631 -0.043 0.097 7.725 -0.084 0.114 -0.265 0
0.534 0.245 0.366 0.007 0.599 0.372 -0.084 4.073 0.701 0.052 0
1.171 0.439 0.567 0.169 0.898 0.527 0.114 0.701 3.239 0.144 0
-0.314 -0.04 0.033 -0.166 0.086 0.086 -0.265 0.052 0.144 6.964 0
0 0 0 0 0 0 0 0 0 0 38.604

 Final eigenvalues for each cluster >> 
 (rows correspond to clusters)
38.604 9.44 9.082 8.822 8.669 7.242 6.356 6.062 4.57 3.345 1.609
38.604 8.673 7.968 7.026 6.472 5.474 3.862 3.614 3.252 2.229 1.663

 *************************************************

 ********************* rotation ******************

 *************************************************


 The orthogonal matrix Q >>
0.365 0.315 0.342 0.275 0.317 0.43 0.322 0.075 0.032 0.425
0.315 -0.928 0.079 0.063 0.073 0.099 0.074 0.017 0.007 0.098
0.342 0.079 -0.914 0.069 0.079 0.108 0.081 0.019 0.008 0.106
0.275 0.063 0.069 -0.945 0.064 0.086 0.065 0.015 0.006 0.085
0.317 0.073 0.079 0.064 -0.926 0.1 0.075 0.017 0.007 0.099
0.43 0.099 0.108 0.086 0.1 -0.865 0.101 0.024 0.01 0.134
0.322 0.074 0.081 0.065 0.075 0.101 -0.924 0.018 0.007 0.1
0.075 0.017 0.019 0.015 0.017 0.024 0.018 -0.996 0.002 0.023
0.032 0.007 0.008 0.006 0.007 0.01 0.007 0.002 -0.999 0.01
0.425 0.098 0.106 0.085 0.099 0.134 0.1 0.023 0.01 -0.868

 Mean vectors and covariance matrices after rotation --- 1th cluster >>

 mean vector (mu'=Q*mu)>>
-2.522 -2.912 -2.887 -0.689 -3.347 -3.944 0 -0.29 -3.139 -2.955 -3.899

 covariance matrix (Sigma'=Q*Sigma*t(Q))>>

8.638 -0.067 0.065 0.085 -0.136 0.03 0 0.012 -0.023 -0.268 -0.07
-0.067 3.446 -0.137 0.567 0.212 -0.039 0 0.015 -0.006 0.186 -0.199
0.065 -0.137 6.446 0.374 0.284 0.08 0 0.007 0.169 -0.33 0.057
0.085 0.567 0.374 8.249 0.62 0.446 0 0.063 -0.071 0.446 0.167
-0.136 0.212 0.284 0.62 7.371 0.316 0 0.096 -0.129 -0.454 -0.38
0.03 -0.039 0.08 0.446 0.316 6.163 0 0.02 0.119 -0.228 -0.022
0 0 0 0 0 0 38.604 0 0 0 0
0.012 0.015 0.007 0.063 0.096 0.02 0 1.612 0.026 0.017 0.01
-0.023 -0.006 0.169 -0.071 -0.129 0.119 0 0.026 9.389 -0.31 -0.047
-0.268 0.186 -0.33 0.446 -0.454 -0.228 0 0.017 -0.31 4.947 -0.521
-0.07 -0.199 0.057 0.167 -0.38 -0.022 0 0.01 -0.047 -0.521 8.937

 Mean vectors and covariance matrices after rotation --- 2th cluster >>

 mean vector (mu'=Q*mu)>>
2.522 2.912 2.887 0.689 3.347 3.944 0 0.29 3.139 2.955 3.899

 covariance matrix (Sigma'=Q*Sigma*t(Q))>>

7.888 -0.027 -0.01 -0.195 -0.053 0.362 0 -0.332 0.075 -0.117 0.025
-0.027 3.406 -0.012 0.24 -0.5 0.04 0 0.267 0.011 0.01 -0.406
-0.01 -0.012 5.457 -0.047 -0.219 0.176 0 -0.16 0.011 0.024 -0.168
-0.195 0.24 -0.047 3.938 -0.681 -0.017 0 0.531 0.027 -0.285 -0.347
-0.053 -0.5 -0.219 -0.681 5.419 0.684 0 -1.405 -0.145 0.127 -0.574
0.362 0.04 0.176 -0.017 0.684 1.903 0 -0.287 0.108 0.585 -0.032
0 0 0 0 0 0 38.604 0 0 0 0
-0.332 0.267 -0.16 0.531 -1.405 -0.287 0 3.12 -0.092 -0.457 -0.666
0.075 0.011 0.011 0.027 -0.145 0.108 0 -0.092 3.866 0.165 -0.226
-0.117 0.01 0.024 -0.285 0.127 0.585 0 -0.457 0.165 8.475 0.154
0.025 -0.406 -0.168 -0.347 -0.574 -0.032 0 -0.666 -0.226 0.154 6.764

 Final eigenvalues for each cluster >> 
 (rows correspond to clusters)
38.604 9.44 9.082 8.822 8.669 7.242 6.356 6.062 4.57 3.345 1.609
38.604 8.673 7.968 7.026 6.472 5.474 3.862 3.614 3.252 2.229 1.663

 theoretical Separation index matrix >>

-1 0.34
0.34 -1

 theoretical projection directions >>

**** cluster 1 and 2
0.169 0.493 0.266 0.008 0.33 0.482 0 0.261 0.272 0.243 0.338

 empirical Separation index matrix (alpha= 0.05 )>>

-1 0.383
0.383 -1

 empirical projection directions >>

**** cluster 1 and 2
-0.221 -0.674 -0.121 -0.125 -0.343 -0.361 -0.003 -0.185 -0.245 -0.23 -0.267
