
 Log information for the data set datasetJMG3v5nv1out0_3.dat >>

 alpha = 0.05 sepVal = 0.21

 Number of clusters >> 3

 cluster sizes >>
50 50 50

 Number of data points >> 150

 Number of dimensions >> 6

 Number of noisy dimensions >> 1

 noisy variables >>
5

 Number of outliers >> 0

 initial eigenvalues for each cluster >> 
 (rows correspond to clusters)
8.791 3.398 3.196 4.342 2.787
6.474 8.26 2.434 3.728 8.34
7.899 1.491 5.019 2.149 7.431

 Mean vectors and covariance matrices before rotation --- 1th cluster >>

 mean vector (mu'=Q*mu)>>
-6.712 0 0 0 0 1.577

 covariance matrix (Sigma'=Q*Sigma*t(Q))>>

4.44 0.77 0.098 0.536 2.26 0
0.77 3.918 0.063 0.517 1.317 0
0.098 0.063 3.204 0.063 0.158 0
0.536 0.517 0.063 4.847 1.323 0
2.26 1.317 0.158 1.323 6.106 0
0 0 0 0 0 20.395

 Mean vectors and covariance matrices before rotation --- 2th cluster >>

 mean vector (mu'=Q*mu)>>
6.712 0 0 0 0 1.577

 covariance matrix (Sigma'=Q*Sigma*t(Q))>>

6.293 -1.333 0.159 1.693 -0.635 0
-1.333 6.631 0.055 0.332 -0.762 0
0.159 0.055 2.447 0.167 0.024 0
1.693 0.332 0.167 5.882 0.137 0
-0.635 -0.762 0.024 0.137 7.983 0
0 0 0 0 0 20.395

 Mean vectors and covariance matrices before rotation --- 3th cluster >>

 mean vector (mu'=Q*mu)>>
0 11.625 0 0 0 1.577

 covariance matrix (Sigma'=Q*Sigma*t(Q))>>

7.089 3.176 0.326 1.951 -1.079 0
3.176 4.668 0.805 1.771 1.358 0
0.326 0.805 7.067 0.527 0.183 0
1.951 1.771 0.527 4.135 0.847 0
-1.079 1.358 0.183 0.847 9.903 0
0 0 0 0 0 20.395

 Final eigenvalues for each cluster >> 
 (rows correspond to clusters)
20.395 8.791 4.342 3.398 3.196 2.787
20.395 8.34 8.26 6.474 3.728 2.434
20.395 10.82 10.179 6.876 2.944 2.043

 *************************************************

 ********************* rotation ******************

 *************************************************


 The orthogonal matrix Q >>
0.214 0.565 0.459 0.285 0.585
0.565 -0.737 0.214 0.133 0.273
0.459 0.214 -0.826 0.108 0.221
0.285 0.133 0.108 -0.933 0.137
0.585 0.273 0.221 0.137 -0.718

 Mean vectors and covariance matrices after rotation --- 1th cluster >>

 mean vector (mu'=Q*mu)>>
-3.795 -1.437 -3.929 -3.081 1.577 -1.91

 covariance matrix (Sigma'=Q*Sigma*t(Q))>>

3.859 1.318 -0.268 0.756 0 -0.008
1.318 7.067 -0.443 2.133 0 -0.252
-0.268 -0.443 2.888 -0.361 0 0.012
0.756 2.133 -0.361 4.367 0 0.009
0 0 0 0 20.395 0
-0.008 -0.252 0.012 0.009 0 4.333

 Mean vectors and covariance matrices after rotation --- 2th cluster >>

 mean vector (mu'=Q*mu)>>
3.795 1.437 3.929 3.081 1.577 1.91

 covariance matrix (Sigma'=Q*Sigma*t(Q))>>

7.872 -0.156 -0.247 1.089 0 -0.518
-0.156 5.625 -1.07 1.171 0 -0.88
-0.247 -1.07 7.72 0.47 0 -1.13
1.089 1.171 0.47 3.308 0 -0.509
0 0 0 0 20.395 0
-0.518 -0.88 -1.13 -0.509 0 4.712

 Mean vectors and covariance matrices after rotation --- 3th cluster >>

 mean vector (mu'=Q*mu)>>
-8.563 6.574 3.17 2.486 1.577 1.541

 covariance matrix (Sigma'=Q*Sigma*t(Q))>>

2.292 1.359 0.235 -0.064 0 0.028
1.359 10.241 -0.088 1.126 0 -0.139
0.235 -0.088 10.126 0.37 0 -0.285
-0.064 1.126 0.37 7.222 0 -0.355
0 0 0 0 20.395 0
0.028 -0.139 -0.285 -0.355 0 2.981

 Final eigenvalues for each cluster >> 
 (rows correspond to clusters)
20.395 8.791 4.342 3.398 3.196 2.787
20.395 8.34 8.26 6.474 3.728 2.434
20.395 10.82 10.179 6.876 2.944 2.043

 theoretical Separation index matrix >>

-1 0.21 0.21
0.21 -1 0.229
0.21 0.229 -1

 theoretical projection directions >>

**** cluster 1 and 2
0.445 0.107 0.637 0.442 0 0.435

**** cluster 1 and 3
-0.703 0.389 0.393 0.266 0 0.358

**** cluster 2 and 3
-0.959 0.278 -0.007 -0.034 0 -0.049

 empirical Separation index matrix (alpha= 0.05 )>>

-1 0.182 0.238
0.182 -1 0.215
0.238 0.215 -1

 empirical projection directions >>

**** cluster 1 and 2
-0.889 0.244 -0.002 -0.081 -0.06 -0.375

**** cluster 1 and 3
-0.356 -0.239 -0.652 -0.486 -0.019 -0.393

**** cluster 2 and 3
0.691 -0.389 -0.421 -0.281 0.068 -0.333
