
 Log information for the data set datasetJLG3v2nv0out0_3.dat >>

 alpha = 0.05 sepVal = 0.01

 Number of clusters >> 3

 cluster sizes >>
50 50 50

 Number of data points >> 150

 Number of dimensions >> 2

 Number of noisy dimensions >> 0

 noisy variables >>
0

 Number of outliers >> 0

 initial eigenvalues for each cluster >> 
 (rows correspond to clusters)
2.92 7.107
3.319 7.18
6.834 1.422

 Mean vectors and covariance matrices before rotation --- 1th cluster >>

 mean vector (mu'=Q*mu)>>
-4.696 0

 covariance matrix (Sigma'=Q*Sigma*t(Q))>>

5.455 -2.046
-2.046 4.572

 Mean vectors and covariance matrices before rotation --- 2th cluster >>

 mean vector (mu'=Q*mu)>>
4.696 0

 covariance matrix (Sigma'=Q*Sigma*t(Q))>>

6.853 -1.075
-1.075 3.646

 Mean vectors and covariance matrices before rotation --- 3th cluster >>

 mean vector (mu'=Q*mu)>>
0 8.134

 covariance matrix (Sigma'=Q*Sigma*t(Q))>>

6.177 3.77
3.77 5.387

 Final eigenvalues for each cluster >> 
 (rows correspond to clusters)
7.107 2.92
7.18 3.319
9.573 1.991

 *************************************************

 ********************* rotation ******************

 *************************************************


 The orthogonal matrix Q >>
0.47 0.883
0.883 -0.47

 Mean vectors and covariance matrices after rotation --- 1th cluster >>

 mean vector (mu'=Q*mu)>>
-4.146 -2.206

 covariance matrix (Sigma'=Q*Sigma*t(Q))>>

6.957 -0.777
-0.777 3.069

 Mean vectors and covariance matrices after rotation --- 2th cluster >>

 mean vector (mu'=Q*mu)>>
4.146 2.206

 covariance matrix (Sigma'=Q*Sigma*t(Q))>>

7.037 0.73
0.73 3.462

 Mean vectors and covariance matrices after rotation --- 3th cluster >>

 mean vector (mu'=Q*mu)>>
-3.821 7.18

 covariance matrix (Sigma'=Q*Sigma*t(Q))>>

2.876 2.434
2.434 8.688

 Final eigenvalues for each cluster >> 
 (rows correspond to clusters)
7.107 2.92
7.18 3.319
9.573 1.991

 theoretical Separation index matrix >>

-1 0.01 0.01
0.01 -1 0.11
0.01 0.11 -1

 theoretical projection directions >>

**** cluster 1 and 2
0.654 0.757

**** cluster 1 and 3
-0.048 0.999

**** cluster 2 and 3
-0.861 0.509

 empirical Separation index matrix (alpha= 0.05 )>>

-1 0.098 0.032
0.098 -1 -0.009
0.032 -0.009 -1

 empirical projection directions >>

**** cluster 1 and 2
-0.894 0.447

**** cluster 1 and 3
-0.7 -0.715

**** cluster 2 and 3
0.013 -1
