
 Log information for the data set datasetJLG2v2nv3out0_2.dat >>

 alpha = 0.05 sepVal = 0.01

 Number of clusters >> 2

 cluster sizes >>
50 50

 Number of data points >> 100

 Number of dimensions >> 5

 Number of noisy dimensions >> 3

 noisy variables >>
1 2 4

 Number of outliers >> 0

 initial eigenvalues for each cluster >> 
 (rows correspond to clusters)
1.634 4.021
3.678 3.991

 Mean vectors and covariance matrices before rotation --- 1th cluster >>

 mean vector (mu'=Q*mu)>>
-3.42 0 0 0 0

 covariance matrix (Sigma'=Q*Sigma*t(Q))>>

2.473 -1.139 0 0 0
-1.139 3.183 0 0 0
0 0 4.868 -0.2 -1.407
0 0 -0.2 5.164 -0.279
0 0 -1.407 -0.279 8.07

 Mean vectors and covariance matrices before rotation --- 2th cluster >>

 mean vector (mu'=Q*mu)>>
3.42 0 0 0 0

 covariance matrix (Sigma'=Q*Sigma*t(Q))>>

3.704 -0.087 0 0 0
-0.087 3.965 0 0 0
0 0 4.868 -0.2 -1.407
0 0 -0.2 5.164 -0.279
0 0 -1.407 -0.279 8.07

 Final eigenvalues for each cluster >> 
 (rows correspond to clusters)
8.611 5.244 4.248 4.021 1.634
8.611 5.244 4.248 3.991 3.678

 *************************************************

 ********************* rotation ******************

 *************************************************


 The orthogonal matrix Q >>
0.967 0.253
0.253 -0.967

 Mean vectors and covariance matrices after rotation --- 1th cluster >>

 mean vector (mu'=Q*mu)>>
0 0 -3.308 0 -0.866

 covariance matrix (Sigma'=Q*Sigma*t(Q))>>

4.868 -0.2 0 -1.407 0
-0.2 5.164 0 -0.279 0
0 0 1.96 0 0.819
-1.407 -0.279 0 8.07 0
0 0 0.819 0 3.696

 Mean vectors and covariance matrices after rotation --- 2th cluster >>

 mean vector (mu'=Q*mu)>>
0 0 3.308 0 0.866

 covariance matrix (Sigma'=Q*Sigma*t(Q))>>

4.868 -0.2 0 -1.407 0
-0.2 5.164 0 -0.279 0
0 0 3.678 0 0.012
-1.407 -0.279 0 8.07 0
0 0 0.012 0 3.991

 Final eigenvalues for each cluster >> 
 (rows correspond to clusters)
8.611 5.244 4.248 4.021 1.634
8.611 5.244 4.248 3.991 3.678

 theoretical Separation index matrix >>

-1 0.01
0.01 -1

 theoretical projection directions >>

**** cluster 1 and 2
0 0 0.998 0 0.063

 empirical Separation index matrix (alpha= 0.05 )>>

-1 -0.058
-0.058 -1

 empirical projection directions >>

**** cluster 1 and 2
0.003 -0.018 -0.997 0.075 0.01
