
 Log information for the data set datasetJHG5v10nv3out0_3.dat >>

 alpha = 0.05 sepVal = 0.34

 Number of clusters >> 5

 cluster sizes >>
50 50 50 50 50

 Number of data points >> 250

 Number of dimensions >> 13

 Number of noisy dimensions >> 3

 noisy variables >>
2 3 4

 Number of outliers >> 0

 initial eigenvalues for each cluster >> 
 (rows correspond to clusters)
7.874 1.774 2.745 2.064 4.212 7.603 4.305 4.364 6.773 4.07
4.546 8.207 8.064 4.789 3.041 6.318 8.375 3.508 4.892 8.116
8.768 3.351 6.112 6.278 2.163 8.264 9.347 1.296 1.771 9.801
9.173 6.032 7.006 6.428 5.332 5.781 5.459 6.401 8.769 2.253
8.95 2.44 8.892 4.019 6.913 7.431 2.905 2.084 3.232 5.192

 Mean vectors and covariance matrices before rotation --- 1th cluster >>

 mean vector (mu'=Q*mu)>>
-10.675 0 0 0 0 0 0 0 0 0 1.687 1.001 0.173

 covariance matrix (Sigma'=Q*Sigma*t(Q))>>

6.596 1.192 1.093 0.691 0.103 -0.237 0.039 0.018 -1.505 0.206 0 0 0
1.192 3.889 1.363 0.663 0.956 0.056 0.753 1.08 0.622 1.095 0 0 0
1.093 1.363 6.127 0.856 1.178 0.055 0.925 1.325 0.67 1.355 0 0 0
0.691 0.663 0.856 3.718 0.594 0.033 0.468 0.671 0.374 0.682 0 0 0
0.103 0.956 1.178 0.594 7.47 0.011 0.575 0.82 0.27 0.857 0 0 0
-0.237 0.056 0.055 0.033 0.011 12.145 0.007 0.008 -0.057 0.016 0 0 0
0.039 0.753 0.925 0.468 0.575 0.007 7.331 0.639 0.2 0.669 0 0 0
0.018 1.08 1.325 0.671 0.82 0.008 0.639 7.887 0.276 0.954 0 0 0
-1.505 0.622 0.67 0.374 0.27 -0.057 0.2 0.276 10.53 0.336 0 0 0
0.206 1.095 1.355 0.682 0.857 0.016 0.669 0.954 0.336 7.501 0 0 0
0 0 0 0 0 0 0 0 0 0 26.647 -10.019 -3.588
0 0 0 0 0 0 0 0 0 0 -10.019 37.031 -5.167
0 0 0 0 0 0 0 0 0 0 -3.588 -5.167 25.86

 Mean vectors and covariance matrices before rotation --- 2th cluster >>

 mean vector (mu'=Q*mu)>>
10.675 0 0 0 0 0 0 0 0 0 1.687 1.001 0.173

 covariance matrix (Sigma'=Q*Sigma*t(Q))>>

5.744 -0.482 -0.192 0.052 0.19 -0.4 -1.287 0.055 0.25 -0.032 0 0 0
-0.482 8.087 -0.049 -0.033 -0.012 -0.206 -0.31 -0.006 -0.202 -0.008 0 0 0
-0.192 -0.049 8.044 -0.013 -0.005 -0.084 -0.127 -0.002 -0.081 -0.003 0 0 0
0.052 -0.033 -0.013 4.791 0.011 -0.031 -0.088 0.003 0.007 -0.002 0 0 0
0.19 -0.012 -0.005 0.011 3.058 0.011 -0.035 0.005 0.06 -0.001 0 0 0
-0.4 -0.206 -0.084 -0.031 0.011 6.022 -0.538 0 -0.202 -0.014 0 0 0
-1.287 -0.31 -0.127 -0.088 -0.035 -0.538 7.572 -0.017 -0.535 -0.021 0 0 0
0.055 -0.006 -0.002 0.003 0.005 0 -0.017 3.509 0.017 0 0 0 0
0.25 -0.202 -0.081 0.007 0.06 -0.202 -0.535 0.017 4.911 -0.014 0 0 0
-0.032 -0.008 -0.003 -0.002 -0.001 -0.014 -0.021 0 -0.014 8.116 0 0 0
0 0 0 0 0 0 0 0 0 0 26.647 -10.019 -3.588
0 0 0 0 0 0 0 0 0 0 -10.019 37.031 -5.167
0 0 0 0 0 0 0 0 0 0 -3.588 -5.167 25.86

 Mean vectors and covariance matrices before rotation --- 3th cluster >>

 mean vector (mu'=Q*mu)>>
0 18.489 0 0 0 0 0 0 0 0 1.687 1.001 0.173

 covariance matrix (Sigma'=Q*Sigma*t(Q))>>

8.213 1.376 -0.422 -0.093 2.01 -2.139 -1.529 0.937 2.163 -1.381 0 0 0
1.376 7.168 1.195 0.201 2.051 0.77 0.233 0.832 2.062 0.132 0 0 0
-0.422 1.195 10.118 0.08 1.394 -0.043 -0.186 0.59 1.43 -0.206 0 0 0
-0.093 0.201 0.08 9.892 0.236 -0.016 -0.037 0.1 0.243 -0.039 0 0 0
2.01 2.051 1.394 0.236 5.58 1.047 0.386 0.874 2.178 0.26 0 0 0
-2.139 0.77 -0.043 -0.016 1.047 12.212 -0.601 0.474 1.111 -0.552 0 0 0
-1.529 0.233 -0.186 -0.037 0.386 -0.601 14.299 0.188 0.425 -0.365 0 0 0
0.937 0.832 0.59 0.1 0.874 0.474 0.188 2.387 0.871 0.133 0 0 0
2.163 2.062 1.43 0.243 2.178 1.111 0.425 0.871 4.962 0.293 0 0 0
-1.381 0.132 -0.206 -0.039 0.26 -0.552 -0.365 0.133 0.293 15.102 0 0 0
0 0 0 0 0 0 0 0 0 0 26.647 -10.019 -3.588
0 0 0 0 0 0 0 0 0 0 -10.019 37.031 -5.167
0 0 0 0 0 0 0 0 0 0 -3.588 -5.167 25.86

 Mean vectors and covariance matrices before rotation --- 4th cluster >>

 mean vector (mu'=Q*mu)>>
0 6.163 17.432 0 0 0 0 0 0 0 1.687 1.001 0.173

 covariance matrix (Sigma'=Q*Sigma*t(Q))>>

6.759 0.945 0.083 0.179 0.582 0.663 0.14 0.205 -0.33 0.326 0 0 0
0.945 7.374 0.28 0.318 0.644 0.847 0.161 0.359 0.217 0.235 0 0 0
0.083 0.28 7.06 0.065 0.139 0.179 0.035 0.073 0.027 0.055 0 0 0
0.179 0.318 0.065 6.503 0.154 0.202 0.039 0.084 0.044 0.058 0 0 0
0.582 0.644 0.139 0.154 5.635 0.403 0.076 0.174 0.124 0.106 0 0 0
0.663 0.847 0.179 0.202 0.403 6.313 0.101 0.227 0.147 0.145 0 0 0
0.14 0.161 0.035 0.039 0.076 0.101 5.478 0.043 0.03 0.027 0 0 0
0.205 0.359 0.073 0.084 0.174 0.227 0.043 6.497 0.051 0.065 0 0 0
-0.33 0.217 0.027 0.044 0.124 0.147 0.03 0.051 8.729 0.063 0 0 0
0.326 0.235 0.055 0.058 0.106 0.145 0.027 0.065 0.063 2.286 0 0 0
0 0 0 0 0 0 0 0 0 0 26.647 -10.019 -3.588
0 0 0 0 0 0 0 0 0 0 -10.019 37.031 -5.167
0 0 0 0 0 0 0 0 0 0 -3.588 -5.167 25.86

 Mean vectors and covariance matrices before rotation --- 5th cluster >>

 mean vector (mu'=Q*mu)>>
0 6.163 4.358 16.878 0 0 0 0 0 0 1.687 1.001 0.173

 covariance matrix (Sigma'=Q*Sigma*t(Q))>>

7.833 2.576 -0.098 1.082 -0.051 -0.049 0.432 1.355 1.27 1.163 0 0 0
2.576 5.223 0.054 1.004 0.526 0.115 0.319 0.889 0.992 1.654 0 0 0
-0.098 0.054 12.57 0.023 -0.001 -0.001 0.009 0.029 0.027 0.025 0 0 0
1.082 1.004 0.023 6.235 0.262 0.055 0.179 0.507 0.555 0.882 0 0 0
-0.051 0.526 -0.001 0.262 9.853 0.013 0.092 0.27 0.278 0.373 0 0 0
-0.049 0.115 -0.001 0.055 0.013 10.509 0.02 0.059 0.06 0.076 0 0 0
0.432 0.319 0.009 0.179 0.092 0.02 4.165 0.16 0.178 0.293 0 0 0
1.355 0.889 0.029 0.507 0.27 0.059 0.16 3.392 0.499 0.839 0 0 0
1.27 0.992 0.027 0.555 0.278 0.06 0.178 0.499 5.122 0.901 0 0 0
1.163 1.654 0.025 0.882 0.373 0.076 0.293 0.839 0.901 8.705 0 0 0
0 0 0 0 0 0 0 0 0 0 26.647 -10.019 -3.588
0 0 0 0 0 0 0 0 0 0 -10.019 37.031 -5.167
0 0 0 0 0 0 0 0 0 0 -3.588 -5.167 25.86

 Final eigenvalues for each cluster >> 
 (rows correspond to clusters)
43.525 29.212 16.802 12.587 12.154 10.827 6.977 6.883 6.733 6.507 4.389 3.3 2.836
43.525 29.212 16.802 8.375 8.207 8.116 8.064 6.318 4.892 4.789 4.546 3.508 3.041
43.525 29.212 16.802 15.424 14.709 13.798 13.005 9.879 9.618 5.273 3.403 2.786 2.039
43.525 29.212 16.802 9.173 8.769 7.006 6.428 6.401 6.032 5.781 5.459 5.332 2.253
43.525 29.212 16.802 12.655 12.572 10.507 9.775 7.341 5.682 4.57 4.108 3.45 2.946

 *************************************************

 ********************* rotation ******************

 *************************************************


 The orthogonal matrix Q >>
0.516 0.216 0.345 0.508 0.05 0.005 0.342 0.078 0.015 0.428
0.216 -0.969 0.049 0.073 0.007 0.001 0.049 0.011 0.002 0.061
0.345 0.049 -0.921 0.116 0.011 0.001 0.078 0.018 0.003 0.098
0.508 0.073 0.116 -0.83 0.017 0.002 0.115 0.026 0.005 0.144
0.05 0.007 0.011 0.017 -0.998 0 0.011 0.003 0 0.014
0.005 0.001 0.001 0.002 0 -1 0.001 0 0 0.001
0.342 0.049 0.078 0.115 0.011 0.001 -0.923 0.018 0.003 0.097
0.078 0.011 0.018 0.026 0.003 0 0.018 -0.996 0.001 0.022
0.015 0.002 0.003 0.005 0 0 0.003 0.001 -1 0.004
0.428 0.061 0.098 0.144 0.014 0.001 0.097 0.022 0.004 -0.879

 Mean vectors and covariance matrices after rotation --- 1th cluster >>

 mean vector (mu'=Q*mu)>>
-0.534 0.173 1.001 1.687 -3.651 -0.158 -2.31 -0.051 -0.836 -5.425 -4.572 -5.509 -3.687

 covariance matrix (Sigma'=Q*Sigma*t(Q))>>

7.361 0 0 0 0.174 0.302 0.636 0.015 0.678 0.048 0.343 -1.506 0.711
0 25.86 -5.167 -3.588 0 0 0 0 0 0 0 0 0
0 -5.167 37.031 -10.019 0 0 0 0 0 0 0 0 0
0 -3.588 -10.019 26.647 0 0 0 0 0 0 0 0 0
0.174 0 0 0 6.968 0.519 0.069 0.068 0.215 0.27 0.135 -0.414 0.134
0.302 0 0 0 0.519 10.558 0.804 -0.05 0.334 0.862 0.731 -0.044 0.973
0.636 0 0 0 0.069 0.804 3.169 0.089 0.708 -0.137 0.189 -1.107 0.404
0.015 0 0 0 0.068 -0.05 0.089 12.147 0.018 0.129 0.092 0.051 0.111
0.678 0 0 0 0.215 0.334 0.708 0.018 7.712 0.119 0.405 -1.598 0.8
0.048 0 0 0 0.27 0.862 -0.137 0.129 0.119 3.931 0.316 1.532 0.024
0.343 0 0 0 0.135 0.731 0.189 0.092 0.405 0.316 6.733 -0.713 0.284
-1.506 0 0 0 -0.414 -0.044 -1.107 0.051 -1.598 1.532 -0.713 9.717 -1.247
0.711 0 0 0 0.134 0.973 0.404 0.111 0.8 0.024 0.284 -1.247 4.899

 Mean vectors and covariance matrices after rotation --- 2th cluster >>

 mean vector (mu'=Q*mu)>>
0.534 0.173 1.001 1.687 3.651 0.158 2.31 0.051 0.836 5.425 4.572 5.509 3.687

 covariance matrix (Sigma'=Q*Sigma*t(Q))>>

3.047 0 0 0 -0.027 0.055 -0.026 0.04 -0.001 -0.036 -0.084 0.027 -0.061
0 25.86 -5.167 -3.588 0 0 0 0 0 0 0 0 0
0 -5.167 37.031 -10.019 0 0 0 0 0 0 0 0 0
0 -3.588 -10.019 26.647 0 0 0 0 0 0 0 0 0
-0.027 0 0 0 8.193 -0.548 -0.048 -0.334 0.07 0.431 0.115 0.09 0.057
0.055 0 0 0 -0.548 4.909 -0.216 -0.193 0.011 -0.03 -0.058 0.131 -0.113
-0.026 0 0 0 -0.048 -0.216 8.17 -0.079 0.019 0.101 -0.086 -0.191 -0.064
0.04 0 0 0 -0.334 -0.193 -0.079 6.028 0.046 0.266 0.233 0.485 0.116
-0.001 0 0 0 0.07 0.011 0.019 0.046 3.516 0.039 -0.039 0.124 -0.016
-0.036 0 0 0 0.431 -0.03 0.101 0.266 0.039 4.962 -0.305 0.31 -0.146
-0.084 0 0 0 0.115 -0.058 -0.086 0.233 -0.039 -0.305 7.485 -1.147 -0.419
0.027 0 0 0 0.09 0.131 -0.191 0.485 0.124 0.31 -1.147 5.761 -0.76
-0.061 0 0 0 0.057 -0.113 -0.064 0.116 -0.016 -0.146 -0.419 -0.76 7.784

 Mean vectors and covariance matrices after rotation --- 3th cluster >>

 mean vector (mu'=Q*mu)>>
0.132 0.173 1.001 1.687 0.903 0.039 -17.918 0.013 0.207 1.341 1.13 4.002 0.912

 covariance matrix (Sigma'=Q*Sigma*t(Q))>>

5.296 0 0 0 -0.57 1.979 1.348 1.146 0.6 -1.229 -0.977 -2.26 0.406
0 25.86 -5.167 -3.588 0 0 0 0 0 0 0 0 0
0 -5.167 37.031 -10.019 0 0 0 0 0 0 0 0 0
0 -3.588 -10.019 26.647 0 0 0 0 0 0 0 0 0
-0.57 0 0 0 14.495 -0.642 -0.311 0.171 -0.143 -0.051 -0.386 -0.865 -0.145
1.979 0 0 0 -0.642 4.869 1.358 1.129 0.611 -1.355 -1.054 -2.574 0.346
1.348 0 0 0 -0.311 1.358 6.402 1.25 0.47 -0.8 -0.717 -1.162 0.547
1.146 0 0 0 0.171 1.129 1.25 12.234 0.646 1.127 0.412 1.281 0.734
0.6 0 0 0 -0.143 0.611 0.47 0.646 2.226 -0.462 -0.343 -0.578 0.219
-1.229 0 0 0 -0.051 -1.355 -0.8 1.127 -0.462 9.417 -0.453 -0.46 -0.167
-0.977 0 0 0 -0.386 -1.054 -0.717 0.412 -0.343 -0.453 14.743 -1.73 -0.423
-2.26 0 0 0 -0.865 -2.574 -1.162 1.281 -0.578 -0.46 -1.73 10.251 -0.445
0.406 0 0 0 -0.145 0.346 0.547 0.734 0.219 -0.167 -0.423 -0.445 10.002

 Mean vectors and covariance matrices after rotation --- 4th cluster >>

 mean vector (mu'=Q*mu)>>
0.242 0.173 1.001 1.687 1.659 0.072 -5.113 0.023 0.38 2.465 2.077 7.354 -15.757

 covariance matrix (Sigma'=Q*Sigma*t(Q))>>

5.558 0 0 0 -0.178 0.124 0.413 0.351 0.099 -0.239 -0.175 -0.582 -0.134
0 25.86 -5.167 -3.588 0 0 0 0 0 0 0 0 0
0 -5.167 37.031 -10.019 0 0 0 0 0 0 0 0 0
0 -3.588 -10.019 26.647 0 0 0 0 0 0 0 0 0
-0.178 0 0 0 5.595 0.112 -0.247 -0.233 -0.048 0.1 0.427 0.392 0.036
0.124 0 0 0 0.112 8.736 0.248 0.134 0.064 0.16 0.176 0.019 0.105
0.413 0 0 0 -0.247 0.248 6.811 0.629 0.191 -0.359 -0.115 -1.032 -0.205
0.351 0 0 0 -0.233 0.134 0.629 6.304 0.149 -0.296 -0.27 -0.823 -0.16
0.099 0 0 0 -0.048 0.064 0.191 0.149 6.449 -0.076 0.01 -0.259 -0.045
-0.239 0 0 0 0.1 0.16 -0.359 -0.296 -0.076 6.43 0.513 0.06 -0.045
-0.175 0 0 0 0.427 0.176 -0.115 -0.27 0.01 0.513 3.105 1.768 0.314
-0.582 0 0 0 0.392 0.019 -1.032 -0.823 -0.259 0.06 1.768 6.702 -0.176
-0.134 0 0 0 0.036 0.105 -0.205 -0.16 -0.045 -0.045 0.314 -0.176 6.945

 Mean vectors and covariance matrices after rotation --- 5th cluster >>

 mean vector (mu'=Q*mu)>>
0.376 0.173 1.001 1.687 2.576 0.111 -4.533 0.036 0.59 -13.052 3.225 11.416 -1.757

 covariance matrix (Sigma'=Q*Sigma*t(Q))>>

9.828 0 0 0 0.041 0.18 0.33 0.011 0.17 0.122 0.194 -0.378 -0.112
0 25.86 -5.167 -3.588 0 0 0 0 0 0 0 0 0
0 -5.167 37.031 -10.019 0 0 0 0 0 0 0 0 0
0 -3.588 -10.019 26.647 0 0 0 0 0 0 0 0 0
0.041 0 0 0 4.636 -0.457 -0.507 0.017 -0.334 0.43 0.09 1.811 0.073
0.18 0 0 0 -0.457 5.067 0.542 0.051 0.328 -0.408 0.072 -1.574 -0.632
0.33 0 0 0 -0.507 0.542 3.989 0.098 0.319 -0.507 0.118 -1.533 -1.04
0.011 0 0 0 0.017 0.051 0.098 10.509 0.05 0.046 0.062 -0.07 -0.009
0.17 0 0 0 -0.334 0.328 0.319 0.05 3.141 -0.33 0.039 -0.997 -0.564
0.122 0 0 0 0.43 -0.408 -0.507 0.046 -0.33 5.942 0.019 1.146 -0.334
0.194 0 0 0 0.09 0.072 0.118 0.062 0.039 0.019 7.457 -0.623 -0.695
-0.378 0 0 0 1.811 -1.574 -1.533 -0.07 -0.997 1.146 -0.623 10.818 -0.526
-0.112 0 0 0 0.073 -0.632 -1.04 -0.009 -0.564 -0.334 -0.695 -0.526 12.22

 Final eigenvalues for each cluster >> 
 (rows correspond to clusters)
43.525 29.212 16.802 12.587 12.154 10.827 6.977 6.883 6.733 6.507 4.389 3.3 2.836
43.525 29.212 16.802 8.375 8.207 8.116 8.064 6.318 4.892 4.789 4.546 3.508 3.041
43.525 29.212 16.802 15.424 14.709 13.798 13.005 9.879 9.618 5.273 3.403 2.786 2.039
43.525 29.212 16.802 9.173 8.769 7.006 6.428 6.401 6.032 5.781 5.459 5.332 2.253
43.525 29.212 16.802 12.655 12.572 10.507 9.775 7.341 5.682 4.57 4.108 3.45 2.946

 theoretical Separation index matrix >>

-1 0.381 0.386 0.34 0.366
0.381 -1 0.354 0.34 0.399
0.386 0.354 -1 0.34 0.368
0.34 0.34 0.34 -1 0.34
0.366 0.399 0.368 0.34 -1

 theoretical projection directions >>

**** cluster 1 and 2
0.068 0 0 0 0.233 -0.073 0.257 -0.034 0.071 0.568 0.414 0.467 0.389

**** cluster 1 and 3
0.196 0 0 0 0.117 0.106 -0.865 -0.004 0.147 0.205 0.154 0.238 0.212

**** cluster 1 and 4
0.135 0 0 0 0.254 -0.003 -0.088 0.027 0.128 0.391 0.382 0.412 -0.651

**** cluster 1 and 5
0.077 0 0 0 0.256 0.054 -0.054 0.003 0.176 -0.633 0.364 0.588 0.114

**** cluster 2 and 3
-0.006 0 0 0 -0.095 -0.018 -0.914 0.113 -0.044 -0.246 -0.172 -0.201 -0.099

**** cluster 2 and 4
-0.039 0 0 0 -0.086 -0.002 -0.354 0.008 -0.029 -0.191 -0.167 0.014 -0.895

**** cluster 2 and 5
0.012 0 0 0 -0.025 -0.016 -0.302 0.013 -0.031 -0.912 -0.05 0.212 -0.168

**** cluster 3 and 4
-0.009 0 0 0 0.045 -0.002 0.714 -0.061 0.007 0.097 0.063 0.203 -0.655

**** cluster 3 and 5
-0.035 0 0 0 0.076 -0.072 0.795 -0.029 -0.025 -0.501 0.092 0.306 -0.036

**** cluster 4 and 5
0.017 0 0 0 0.05 0.025 0.077 0.003 0.035 -0.831 0.102 0.233 0.484

 empirical Separation index matrix (alpha= 0.05 )>>

-1 0.408 0.403 0.388 0.421
0.408 -1 0.353 0.38 0.409
0.403 0.353 -1 0.329 0.357
0.388 0.38 0.329 -1 0.428
0.421 0.409 0.357 0.428 -1

 empirical projection directions >>

**** cluster 1 and 2
-0.001 -0.055 -0.019 0.003 -0.358 -0.093 0.117 -0.079 -0.164 0.63 -0.408 -0.496 -0.051

**** cluster 1 and 3
-0.126 0.044 -0.016 -0.019 0.072 -0.072 0.003 -0.084 0.058 0.757 -0.173 -0.192 -0.566

**** cluster 1 and 4
0.026 0.043 -0.081 -0.056 0.036 0.085 -0.784 0.047 -0.146 0.432 -0.163 -0.312 -0.173

**** cluster 1 and 5
-0.1 -0.077 -0.028 0.024 -0.083 -0.133 0.383 0.008 0.059 0.872 0.014 -0.143 0.163

**** cluster 2 and 3
0.032 0.02 0.001 0.028 0.116 0.185 0.092 0.049 0.03 0.477 0.342 0.35 -0.687

**** cluster 2 and 4
0.133 -0.021 0.005 -0.043 0.324 0.139 -0.845 0.149 -0.029 0.127 0.04 0.305 0.093

**** cluster 2 and 5
0.084 0.015 0.024 0.066 0.015 0.042 0.357 -0.012 0.035 0.559 0.403 0.495 0.371

**** cluster 3 and 4
0.052 -0.091 -0.002 -0.031 0.091 -0.111 -0.65 0.174 -0.043 -0.258 -0.108 -0.11 0.65

**** cluster 3 and 5
0.042 -0.039 0.024 0.063 -0.007 0.007 0.398 0.038 -0.068 0.173 0.232 0.241 0.828

**** cluster 4 and 5
0.262 -0.055 0.061 0.061 -0.023 0.13 0.748 -0.201 0.142 0.224 0.279 0.275 0.282
