
 Log information for the data set datasetJLG5v10nv1out0_3.dat >>

 alpha = 0.05 sepVal = 0.01

 Number of clusters >> 5

 cluster sizes >>
50 50 50 50 50

 Number of data points >> 250

 Number of dimensions >> 11

 Number of noisy dimensions >> 1

 noisy variables >>
10

 Number of outliers >> 0

 initial eigenvalues for each cluster >> 
 (rows correspond to clusters)
1.381 8.899 8.797 8.562 6.506 7.718 6.472 8.855 6.567 7.782
1.656 2.992 3.554 4.205 7.773 9.417 3.507 2.793 2.277 5.941
6.144 6.905 7.711 9.712 9.628 5.832 4.067 1.271 8.95 3.505
2.717 7.558 5.257 4.227 5.707 9.578 6.871 3.682 2.081 1.568
5.767 7.371 8.017 9.167 3.694 7.228 1.349 7.319 4.988 6.86

 Mean vectors and covariance matrices before rotation --- 1th cluster >>

 mean vector (mu'=Q*mu)>>
-5.781 0 0 0 0 0 0 0 0 0 0.3

 covariance matrix (Sigma'=Q*Sigma*t(Q))>>

10.346 -1.277 -0.701 -0.311 0.322 -0.319 0.178 -0.863 0.154 -0.125 0
-1.277 8.747 -1.728 -0.864 -1.876 -1.833 -0.973 -2.07 -1.014 -0.658 0
-0.701 -1.728 10.625 -0.497 -1.074 -1.052 -0.557 -1.19 -0.581 -0.378 0
-0.311 -0.864 -0.497 11.06 -0.532 -0.524 -0.276 -0.595 -0.288 -0.188 0
0.322 -1.876 -1.074 -0.532 7.56 -1.087 -0.534 -1.29 -0.56 -0.391 0
-0.319 -1.833 -1.052 -0.524 -1.087 9.098 -0.563 -1.262 -0.589 -0.393 0
0.178 -0.973 -0.557 -0.276 -0.534 -0.563 8.271 -0.669 -0.29 -0.203 0
-0.863 -2.07 -1.19 -0.595 -1.29 -1.262 -0.669 10.269 -0.697 -0.453 0
0.154 -1.014 -0.581 -0.288 -0.56 -0.589 -0.29 -0.697 8.368 -0.212 0
-0.125 -0.658 -0.378 -0.188 -0.391 -0.393 -0.203 -0.453 -0.212 10.137 0
0 0 0 0 0 0 0 0 0 0 8.661

 Mean vectors and covariance matrices before rotation --- 2th cluster >>

 mean vector (mu'=Q*mu)>>
5.781 0 0 0 0 0 0 0 0 0 0.3

 covariance matrix (Sigma'=Q*Sigma*t(Q))>>

7.665 -0.166 -0.432 -1.715 -0.094 -1.987 -0.826 -0.078 0.169 -0.675 0
-0.166 6.996 -0.201 -0.581 -0.021 -0.425 -0.398 -0.279 -0.06 -0.17 0
-0.432 -0.201 8.308 -0.587 -0.019 -0.383 -0.424 -0.328 -0.083 -0.161 0
-1.715 -0.581 -0.587 8.521 -0.047 -0.917 -1.174 -0.972 -0.266 -0.404 0
-0.094 -0.021 -0.019 -0.047 18.634 -0.02 -0.039 -0.037 -0.012 -0.011 0
-1.987 -0.425 -0.383 -0.917 -0.02 22.208 -0.772 -0.746 -0.238 -0.197 0
-0.826 -0.398 -0.424 -1.174 -0.039 -0.772 7.562 -0.65 -0.162 -0.324 0
-0.078 -0.279 -0.328 -0.972 -0.037 -0.746 -0.65 6.266 -0.084 -0.293 0
0.169 -0.06 -0.083 -0.266 -0.012 -0.238 -0.162 -0.084 5.452 -0.088 0
-0.675 -0.17 -0.161 -0.404 -0.011 -0.197 -0.324 -0.293 -0.088 14.146 0
0 0 0 0 0 0 0 0 0 0 8.661

 Mean vectors and covariance matrices before rotation --- 3th cluster >>

 mean vector (mu'=Q*mu)>>
0 10.012 0 0 0 0 0 0 0 0 0.3

 covariance matrix (Sigma'=Q*Sigma*t(Q))>>

5.362 -0.078 -0.182 -0.948 -1.596 -0.098 0.193 1.907 -0.082 0.913 0
-0.078 6.9 -0.01 -0.047 -0.079 -0.018 0.004 0.065 -0.004 0.024 0
-0.182 -0.01 7.692 -0.078 -0.133 -0.046 0 0.073 -0.007 0.014 0
-0.948 -0.047 -0.078 9.428 -0.482 -0.26 -0.041 0.054 -0.027 -0.102 0
-1.596 -0.079 -0.133 -0.482 8.809 -0.437 -0.067 0.103 -0.046 -0.166 0
-0.098 -0.018 -0.046 -0.26 -0.437 5.842 0.069 0.607 -0.022 0.311 0
0.193 0.004 0 -0.041 -0.067 0.069 4.106 0.247 -0.003 0.159 0
1.907 0.065 0.073 0.054 0.103 0.607 0.247 2.509 0.011 0.927 0
-0.082 -0.004 -0.007 -0.027 -0.046 -0.022 -0.003 0.011 8.947 -0.005 0
0.913 0.024 0.014 -0.102 -0.166 0.311 0.159 0.927 -0.005 4.128 0
0 0 0 0 0 0 0 0 0 0 8.661

 Mean vectors and covariance matrices before rotation --- 4th cluster >>

 mean vector (mu'=Q*mu)>>
0 3.337 9.44 0 0 0 0 0 0 0 0.3

 covariance matrix (Sigma'=Q*Sigma*t(Q))>>

6.932 -1.879 -0.255 -0.012 -0.378 -1.028 -2.148 0.198 1.028 0.751 0
-1.879 10.559 -0.281 -0.051 -0.332 -0.447 -1.335 -0.773 -0.38 -0.18 0
-0.255 -0.281 7.994 -0.011 -0.081 -0.131 -0.352 -0.144 -0.032 -0.004 0
-0.012 -0.051 -0.011 6.48 -0.013 -0.025 -0.062 -0.017 0.004 0.005 0
-0.378 -0.332 -0.081 -0.013 8.652 -0.152 -0.42 -0.19 -0.059 -0.018 0
-1.028 -0.447 -0.131 -0.025 -0.152 14.497 -0.59 -0.391 -0.224 -0.115 0
-2.148 -1.335 -0.352 -0.062 -0.42 -0.59 8.817 -0.927 -0.413 -0.183 0
0.198 -0.773 -0.144 -0.017 -0.19 -0.391 -0.927 5.482 0.162 0.145 0
1.028 -0.38 -0.032 0.004 -0.059 -0.224 -0.413 0.162 3.529 0.234 0
0.751 -0.18 -0.004 0.005 -0.018 -0.115 -0.183 0.145 0.234 2.561 0
0 0 0 0 0 0 0 0 0 0 8.661

 Mean vectors and covariance matrices before rotation --- 5th cluster >>

 mean vector (mu'=Q*mu)>>
0 3.337 2.36 9.14 0 0 0 0 0 0 0.3

 covariance matrix (Sigma'=Q*Sigma*t(Q))>>

7.027 -0.235 -0.256 -0.771 0.416 -0.136 0.924 -0.011 0.716 0.022 0
-0.235 6.737 -0.353 -0.728 0.116 -0.522 0.361 -0.032 0.073 -0.178 0
-0.256 -0.353 7.832 -0.359 0.03 -0.296 0.128 -0.018 -0.023 -0.107 0
-0.771 -0.728 -0.359 8.517 -0.006 -0.622 0.121 -0.037 -0.172 -0.237 0
0.416 0.116 0.03 -0.006 3.776 0.112 0.153 0.006 0.177 0.057 0
-0.136 -0.522 -0.296 -0.622 0.112 6.8 0.331 -0.026 0.09 -0.143 0
0.924 0.361 0.128 0.121 0.153 0.331 1.606 0.019 0.362 0.153 0
-0.011 -0.032 -0.018 -0.037 0.006 -0.026 0.019 7.317 0.004 -0.009 0
0.716 0.073 -0.023 -0.172 0.177 0.09 0.362 0.004 5.332 0.066 0
0.022 -0.178 -0.107 -0.237 0.057 -0.143 0.153 -0.009 0.066 6.816 0
0 0 0 0 0 0 0 0 0 0 8.661

 Final eigenvalues for each cluster >> 
 (rows correspond to clusters)
11.753 11.695 11.618 11.308 10.278 10.192 8.672 8.661 8.592 8.548 1.824
22.575 18.636 14.242 10.08 8.661 8.521 8.407 7.173 6.697 5.459 3.97
9.712 9.628 8.95 8.661 7.711 6.905 6.144 5.832 4.067 3.505 1.271
14.684 11.588 10.535 8.75 8.661 8.06 6.481 5.645 4.165 3.191 2.404
9.167 8.661 8.017 7.371 7.319 7.228 6.86 5.767 4.988 3.694 1.349

 *************************************************

 ********************* rotation ******************

 *************************************************


 The orthogonal matrix Q >>
0.471 0.137 0.443 0.203 0.334 0.334 0.112 0.449 0.119 0.266
0.137 -0.987 0.041 0.019 0.031 0.031 0.01 0.042 0.011 0.025
0.443 0.041 -0.867 0.061 0.101 0.101 0.034 0.135 0.036 0.08
0.203 0.019 0.061 -0.972 0.046 0.046 0.015 0.062 0.016 0.037
0.334 0.031 0.101 0.046 -0.924 0.076 0.025 0.102 0.027 0.061
0.334 0.031 0.101 0.046 0.076 -0.924 0.025 0.102 0.027 0.06
0.112 0.01 0.034 0.015 0.025 0.025 -0.992 0.034 0.009 0.02
0.449 0.042 0.135 0.062 0.102 0.102 0.034 -0.863 0.036 0.081
0.119 0.011 0.036 0.016 0.027 0.027 0.009 0.036 -0.99 0.022
0.266 0.025 0.08 0.037 0.061 0.06 0.02 0.081 0.022 -0.952

 Mean vectors and covariance matrices after rotation --- 1th cluster >>

 mean vector (mu'=Q*mu)>>
-1.54 -1.173 -0.687 -1.93 -1.932 -0.792 -0.645 -2.559 -2.598 0.3 -2.72

 covariance matrix (Sigma'=Q*Sigma*t(Q))>>

10.271 0.021 -0.01 0.058 -0.013 0.33 -0.016 0.023 0.063 0 -0.263
0.021 11.3 -0.087 -0.047 -0.111 -0.057 -0.089 -0.014 -0.022 0 0.172
-0.01 -0.087 8.521 -0.21 -0.214 -0.5 -0.147 -0.167 -0.228 0 0.874
0.058 -0.047 -0.21 10.019 -0.258 -0.449 -0.21 -0.079 -0.137 0 1.071
-0.013 -0.111 -0.214 -0.258 8.297 -0.529 -0.212 -0.223 -0.289 0 1.305
0.33 -0.057 -0.5 -0.449 -0.529 9.728 -0.492 0.005 -0.255 0 3.724
-0.016 -0.089 -0.147 -0.21 -0.212 -0.492 8.404 -0.172 -0.232 0 0.843
0.023 -0.014 -0.167 -0.079 -0.223 0.005 -0.172 11.586 -0.033 0 0.05
0.063 -0.022 -0.228 -0.137 -0.289 -0.255 -0.232 -0.033 11.627 0 0.501
0 0 0 0 0 0 0 0 0 8.661 0
-0.263 0.172 0.874 1.071 1.305 3.724 0.843 0.05 0.501 0 4.727

 Mean vectors and covariance matrices after rotation --- 2th cluster >>

 mean vector (mu'=Q*mu)>>
1.54 1.173 0.687 1.93 1.932 0.792 0.645 2.559 2.598 0.3 2.72

 covariance matrix (Sigma'=Q*Sigma*t(Q))>>

13.938 0.153 -0.106 -0.572 -0.832 -0.083 0.043 -0.256 -0.271 0 -1.239
0.153 9.491 0.039 -0.305 0.225 -0.147 -0.595 0.531 0.253 0 1.808
-0.106 0.039 5.477 -0.311 -0.284 0.017 0.033 0 0.052 0 0.331
-0.572 -0.305 -0.311 21.596 -1.192 -0.374 -0.36 -0.689 -0.908 0 -3.318
-0.832 0.225 -0.284 -1.192 16.902 -0.2 0.186 -1.068 -0.953 0 -3.889
-0.083 -0.147 0.017 -0.374 -0.2 7.141 -0.129 0.074 0.061 0 0.617
0.043 -0.595 0.033 -0.36 0.186 -0.129 7.905 0.29 0.125 0 1.442
-0.256 0.531 0 -0.689 -1.068 0.074 0.29 8.57 0.135 0 0.024
-0.271 0.253 0.052 -0.908 -0.953 0.061 0.125 0.135 6.936 0 1.038
0 0 0 0 0 0 0 0 0 8.661 0
-1.239 1.808 0.331 -3.318 -3.889 0.617 1.442 0.024 1.038 0 7.803

 Mean vectors and covariance matrices after rotation --- 3th cluster >>

 mean vector (mu'=Q*mu)>>
0.248 0.189 0.111 0.311 0.312 -9.884 0.104 0.413 0.419 0.3 1.372

 covariance matrix (Sigma'=Q*Sigma*t(Q))>>

3.639 -0.113 -0.154 0.007 -0.167 -0.105 0.014 -0.483 0.177 0 -0.351
-0.113 9.696 0.021 -0.038 -0.028 0.042 0.001 0.145 0.094 0 0.089
-0.154 0.021 8.912 -0.07 0.041 -0.026 -0.038 -0.113 -0.205 0 -0.26
0.007 -0.038 -0.07 5.849 -0.051 -0.02 0.017 -0.155 0.189 0 0.024
-0.167 -0.028 0.041 -0.051 9.577 0.075 0.008 0.262 0.196 0 0.201
-0.105 0.042 -0.026 -0.02 0.075 6.897 -0.019 -0.062 -0.113 0 -0.05
0.014 0.001 -0.038 0.017 0.008 -0.019 4.071 -0.108 0.034 0 -0.004
-0.483 0.145 -0.113 -0.155 0.262 -0.062 -0.108 7.392 -0.639 0 -0.536
0.177 0.094 -0.205 0.189 0.196 -0.113 0.034 -0.639 1.372 0 0.193
0 0 0 0 0 0 0 0 0 8.661 0
-0.351 0.089 -0.26 0.024 0.201 -0.05 -0.004 -0.536 0.193 0 6.321

 Mean vectors and covariance matrices after rotation --- 4th cluster >>

 mean vector (mu'=Q*mu)>>
0.84 0.64 0.375 1.053 1.054 -2.906 0.352 -8.044 1.417 0.3 4.635

 covariance matrix (Sigma'=Q*Sigma*t(Q))>>

2.512 -0.013 0.019 -0.288 -0.046 0.378 0.544 -0.08 0.185 0 0.545
-0.013 6.48 -0.151 -0.133 -0.011 0.384 0.499 -0.038 0.045 0 -0.066
0.019 -0.151 3.348 -0.542 -0.313 -0.23 -0.169 -0.386 -0.145 0 -0.126
-0.288 -0.133 -0.542 14.142 -0.326 0.196 0.276 -0.411 -0.528 0 -1.899
-0.046 -0.011 -0.313 -0.326 8.66 0.386 0.507 -0.12 -0.083 0 -0.449
0.378 0.384 -0.23 0.196 0.386 11.146 -0.716 0.65 0.232 0 1.236
0.544 0.499 -0.169 0.276 0.507 -0.716 9.435 0.859 0.351 0 1.893
-0.08 -0.038 -0.386 -0.411 -0.12 0.65 0.859 7.877 -0.069 0 -0.568
0.185 0.045 -0.145 -0.528 -0.083 0.232 0.351 -0.069 5.756 0 0.526
0 0 0 0 0 0 0 0 0 8.661 0
0.545 -0.066 -0.126 -1.899 -0.449 1.236 1.893 -0.568 0.526 0 6.148

 Mean vectors and covariance matrices after rotation --- 5th cluster >>

 mean vector (mu'=Q*mu)>>
0.608 -8.677 0.271 0.762 0.763 -3.025 0.255 -1.35 1.026 0.3 3.356

 covariance matrix (Sigma'=Q*Sigma*t(Q))>>

6.851 0.02 -0.106 -0.03 0.13 -0.022 -0.05 -0.048 -0.012 0 0.067
0.02 8.888 -0.199 -0.247 0.339 -0.491 0.063 0.068 0.349 0 0.535
-0.106 -0.199 5.172 -0.094 -0.025 0.047 0.193 -0.308 -0.313 0 -0.297
-0.03 -0.247 -0.094 7.027 0.29 -0.292 0.106 -0.108 0.085 0 0.3
0.13 0.339 -0.025 0.29 3.906 0.327 -0.089 0.153 0.052 0 0.636
-0.022 -0.491 0.047 -0.292 0.327 6.888 0.314 -0.094 0.199 0 0.548
-0.05 0.063 0.193 0.106 -0.089 0.314 1.43 -0.209 -0.349 0 -0.259
-0.048 0.068 -0.308 -0.108 0.153 -0.094 -0.209 7.931 -0.022 0 -0.176
-0.012 0.349 -0.313 0.085 0.052 0.199 -0.349 -0.022 7.207 0 -0.278
0 0 0 0 0 0 0 0 0 8.661 0
0.067 0.535 -0.297 0.3 0.636 0.548 -0.259 -0.176 -0.278 0 6.461

 Final eigenvalues for each cluster >> 
 (rows correspond to clusters)
11.753 11.695 11.618 11.308 10.278 10.192 8.672 8.661 8.592 8.548 1.824
22.575 18.636 14.242 10.08 8.661 8.521 8.407 7.173 6.697 5.459 3.97
9.712 9.628 8.95 8.661 7.711 6.905 6.144 5.832 4.067 3.505 1.271
14.684 11.588 10.535 8.75 8.661 8.06 6.481 5.645 4.165 3.191 2.404
9.167 8.661 8.017 7.371 7.319 7.228 6.86 5.767 4.988 3.694 1.349

 theoretical Separation index matrix >>

-1 0.01 0.073 0.066 0.051
0.01 -1 0.061 0.01 0.01
0.073 0.061 -1 0.015 0.01
0.066 0.01 0.015 -1 0.027
0.051 0.01 0.01 0.027 -1

 theoretical projection directions >>

**** cluster 1 and 2
0.241 0.072 0.113 0.261 0.346 -0.004 0.022 0.382 0.373 0 0.671

**** cluster 1 and 3
0.173 0.059 0.012 0.082 0.062 -0.704 -0.002 0.185 0.186 0 0.626

**** cluster 1 and 4
0.193 0.11 0.03 0.16 0.145 -0.309 -0.092 -0.249 0.195 0 0.836

**** cluster 1 and 5
0.158 -0.463 0.045 0.1 0.143 -0.351 0.076 0.08 0.223 0 0.737

**** cluster 2 and 3
-0.128 -0.043 -0.059 -0.12 -0.116 -0.887 -0.046 -0.187 -0.336 0 -0.116

**** cluster 2 and 4
-0.076 -0.032 -0.115 -0.054 -0.075 -0.268 -0.001 -0.919 -0.157 0 0.173

**** cluster 2 and 5
-0.059 -0.786 -0.08 -0.079 -0.049 -0.436 -0.121 -0.312 -0.135 0 0.208

**** cluster 3 and 4
0.028 0.029 0.026 0.052 0.053 0.559 0.057 -0.781 0.085 0 0.245

**** cluster 3 and 5
0.049 -0.673 0.017 0.04 0.031 0.679 0.02 -0.13 0.12 0 0.221

**** cluster 4 and 5
-0.021 -0.82 -0.011 -0.025 -0.01 -0.022 0.009 0.565 -0.011 0 -0.074

 empirical Separation index matrix (alpha= 0.05 )>>

-1 0.083 0.135 0.038 0.104
0.083 -1 0.078 0.14 0.14
0.135 0.078 -1 0.073 0.029
0.038 0.14 0.073 -1 0.064
0.104 0.14 0.029 0.064 -1

 empirical projection directions >>

**** cluster 1 and 2
-0.087 0.653 -0.129 -0.002 0.028 -0.549 -0.03 0.348 -0.114 -0.16 -0.294

**** cluster 1 and 3
-0.331 0.555 -0.023 -0.013 -0.072 0.326 0.085 0.002 -0.337 0.105 -0.581

**** cluster 1 and 4
-0.113 0.843 0.025 -0.02 -0.024 0.029 -0.053 -0.443 -0.263 -0.031 0.079

**** cluster 1 and 5
-0.075 0.751 0.152 0.091 -0.008 0.357 0.138 0.459 0.053 -0.053 -0.19

**** cluster 2 and 3
-0.196 0.032 0.045 0.07 -0.056 0.691 0.145 -0.207 -0.238 -0.129 -0.58

**** cluster 2 and 4
-0.271 -0.082 0.132 0.09 0.029 0.466 0.049 -0.732 0.021 0.161 0.335

**** cluster 2 and 5
0.219 0.032 0.074 0.147 0.043 0.868 0.152 0.053 0.293 -0.08 0.224

**** cluster 3 and 4
0.248 0.14 -0.028 0.11 0.197 -0.324 -0.153 -0.322 0.152 0.106 0.775

**** cluster 3 and 5
0.263 0.024 -0.035 0.144 0.434 0.016 -0.113 0.363 0.283 0.02 0.704

**** cluster 4 and 5
0.021 0.097 0.188 0.148 -0.023 0.245 -0.028 0.904 0.189 -0.098 -0.095
