
 Log information for the data set datasetJLG3v2nv10out0_3.dat >>

 alpha = 0.05 sepVal = 0.01

 Number of clusters >> 3

 cluster sizes >>
50 50 50

 Number of data points >> 150

 Number of dimensions >> 12

 Number of noisy dimensions >> 10

 noisy variables >>
3 4 5 6 7 8 9 10 11 12

 Number of outliers >> 0

 initial eigenvalues for each cluster >> 
 (rows correspond to clusters)
9.809 3.73
7.758 1.093
9.218 7.432

 Mean vectors and covariance matrices before rotation --- 1th cluster >>

 mean vector (mu'=Q*mu)>>
-6.078 0 3.092 2.251 2.745 3.383 1.379 3.139 2.909 2.299 0.951 0.828

 covariance matrix (Sigma'=Q*Sigma*t(Q))>>

4.716 2.241 0 0 0 0 0 0 0 0 0 0
2.241 8.822 0 0 0 0 0 0 0 0 0 0
0 0 39.615 -1.621 0.05 1.295 -0.035 -3.281 0.187 -1.048 -0.394 -0.866
0 0 -1.621 42.965 -0.014 -0.405 -0.035 -1.368 -0.203 -0.645 -0.382 -0.879
0 0 0.05 -0.014 34.82 0.015 0 -0.03 0.003 -0.009 -0.003 -0.006
0 0 1.295 -0.405 0.015 35.357 -0.008 -0.835 0.065 -0.254 -0.087 -0.189
0 0 -0.035 -0.035 0 -0.008 40.228 -0.063 -0.006 -0.027 -0.015 -0.034
0 0 -3.281 -1.368 -0.03 -0.835 -0.063 43.292 -0.389 -1.127 -0.682 -1.572
0 0 0.187 -0.203 0.003 0.065 -0.006 -0.389 36.921 -0.144 -0.067 -0.151
0 0 -1.048 -0.645 -0.009 -0.254 -0.027 -1.127 -0.144 41.599 -0.296 -0.68
0 0 -0.394 -0.382 -0.003 -0.087 -0.015 -0.682 -0.067 -0.296 40.159 -0.375
0 0 -0.866 -0.879 -0.006 -0.189 -0.034 -1.572 -0.151 -0.68 -0.375 39.351

 Mean vectors and covariance matrices before rotation --- 2th cluster >>

 mean vector (mu'=Q*mu)>>
6.078 0 3.092 2.251 2.745 3.383 1.379 3.139 2.909 2.299 0.951 0.828

 covariance matrix (Sigma'=Q*Sigma*t(Q))>>

14.011 15.516 0 0 0 0 0 0 0 0 0 0
15.516 38.428 0 0 0 0 0 0 0 0 0 0
0 0 39.615 -1.621 0.05 1.295 -0.035 -3.281 0.187 -1.048 -0.394 -0.866
0 0 -1.621 42.965 -0.014 -0.405 -0.035 -1.368 -0.203 -0.645 -0.382 -0.879
0 0 0.05 -0.014 34.82 0.015 0 -0.03 0.003 -0.009 -0.003 -0.006
0 0 1.295 -0.405 0.015 35.357 -0.008 -0.835 0.065 -0.254 -0.087 -0.189
0 0 -0.035 -0.035 0 -0.008 40.228 -0.063 -0.006 -0.027 -0.015 -0.034
0 0 -3.281 -1.368 -0.03 -0.835 -0.063 43.292 -0.389 -1.127 -0.682 -1.572
0 0 0.187 -0.203 0.003 0.065 -0.006 -0.389 36.921 -0.144 -0.067 -0.151
0 0 -1.048 -0.645 -0.009 -0.254 -0.027 -1.127 -0.144 41.599 -0.296 -0.68
0 0 -0.394 -0.382 -0.003 -0.087 -0.015 -0.682 -0.067 -0.296 40.159 -0.375
0 0 -0.866 -0.879 -0.006 -0.189 -0.034 -1.572 -0.151 -0.68 -0.375 39.351

 Mean vectors and covariance matrices before rotation --- 3th cluster >>

 mean vector (mu'=Q*mu)>>
0 10.527 3.092 2.251 2.745 3.383 1.379 3.139 2.909 2.299 0.951 0.828

 covariance matrix (Sigma'=Q*Sigma*t(Q))>>

8.787 0.764 0 0 0 0 0 0 0 0 0 0
0.764 7.863 0 0 0 0 0 0 0 0 0 0
0 0 39.615 -1.621 0.05 1.295 -0.035 -3.281 0.187 -1.048 -0.394 -0.866
0 0 -1.621 42.965 -0.014 -0.405 -0.035 -1.368 -0.203 -0.645 -0.382 -0.879
0 0 0.05 -0.014 34.82 0.015 0 -0.03 0.003 -0.009 -0.003 -0.006
0 0 1.295 -0.405 0.015 35.357 -0.008 -0.835 0.065 -0.254 -0.087 -0.189
0 0 -0.035 -0.035 0 -0.008 40.228 -0.063 -0.006 -0.027 -0.015 -0.034
0 0 -3.281 -1.368 -0.03 -0.835 -0.063 43.292 -0.389 -1.127 -0.682 -1.572
0 0 0.187 -0.203 0.003 0.065 -0.006 -0.389 36.921 -0.144 -0.067 -0.151
0 0 -1.048 -0.645 -0.009 -0.254 -0.027 -1.127 -0.144 41.599 -0.296 -0.68
0 0 -0.394 -0.382 -0.003 -0.087 -0.015 -0.682 -0.067 -0.296 40.159 -0.375
0 0 -0.866 -0.879 -0.006 -0.189 -0.034 -1.572 -0.151 -0.68 -0.375 39.351

 Final eigenvalues for each cluster >> 
 (rows correspond to clusters)
45.613 43.761 42.113 40.323 40.229 40.209 36.926 35.345 34.97 34.819 9.809 3.73
45.963 45.613 43.761 42.113 40.323 40.229 40.209 36.926 35.345 34.97 34.819 6.477
45.613 43.761 42.113 40.323 40.229 40.209 36.926 35.345 34.97 34.819 9.218 7.432

 *************************************************

 ********************* rotation ******************

 *************************************************


 The orthogonal matrix Q >>
0.181 0.983
0.983 -0.181

 Mean vectors and covariance matrices after rotation --- 1th cluster >>

 mean vector (mu'=Q*mu)>>
-1.102 -5.977 3.139 3.092 2.745 3.383 0.951 2.299 0.828 1.379 2.909 2.251

 covariance matrix (Sigma'=Q*Sigma*t(Q))>>

9.486 1.362 0 0 0 0 0 0 0 0 0 0
1.362 4.052 0 0 0 0 0 0 0 0 0 0
0 0 43.292 -3.281 -0.03 -0.835 -0.682 -1.127 -1.572 -0.063 -0.389 -1.368
0 0 -3.281 39.615 0.05 1.295 -0.394 -1.048 -0.866 -0.035 0.187 -1.621
0 0 -0.03 0.05 34.82 0.015 -0.003 -0.009 -0.006 0 0.003 -0.014
0 0 -0.835 1.295 0.015 35.357 -0.087 -0.254 -0.189 -0.008 0.065 -0.405
0 0 -0.682 -0.394 -0.003 -0.087 40.159 -0.296 -0.375 -0.015 -0.067 -0.382
0 0 -1.127 -1.048 -0.009 -0.254 -0.296 41.599 -0.68 -0.027 -0.144 -0.645
0 0 -1.572 -0.866 -0.006 -0.189 -0.375 -0.68 39.351 -0.034 -0.151 -0.879
0 0 -0.063 -0.035 0 -0.008 -0.015 -0.027 -0.034 40.228 -0.006 -0.035
0 0 -0.389 0.187 0.003 0.065 -0.067 -0.144 -0.151 -0.006 36.921 -0.203
0 0 -1.368 -1.621 -0.014 -0.405 -0.382 -0.645 -0.879 -0.035 -0.203 42.965

 Mean vectors and covariance matrices after rotation --- 2th cluster >>

 mean vector (mu'=Q*mu)>>
1.102 5.977 3.139 3.092 2.745 3.383 0.951 2.299 0.828 1.379 2.909 2.251

 covariance matrix (Sigma'=Q*Sigma*t(Q))>>

43.157 10.144 0 0 0 0 0 0 0 0 0 0
10.144 9.282 0 0 0 0 0 0 0 0 0 0
0 0 43.292 -3.281 -0.03 -0.835 -0.682 -1.127 -1.572 -0.063 -0.389 -1.368
0 0 -3.281 39.615 0.05 1.295 -0.394 -1.048 -0.866 -0.035 0.187 -1.621
0 0 -0.03 0.05 34.82 0.015 -0.003 -0.009 -0.006 0 0.003 -0.014
0 0 -0.835 1.295 0.015 35.357 -0.087 -0.254 -0.189 -0.008 0.065 -0.405
0 0 -0.682 -0.394 -0.003 -0.087 40.159 -0.296 -0.375 -0.015 -0.067 -0.382
0 0 -1.127 -1.048 -0.009 -0.254 -0.296 41.599 -0.68 -0.027 -0.144 -0.645
0 0 -1.572 -0.866 -0.006 -0.189 -0.375 -0.68 39.351 -0.034 -0.151 -0.879
0 0 -0.063 -0.035 0 -0.008 -0.015 -0.027 -0.034 40.228 -0.006 -0.035
0 0 -0.389 0.187 0.003 0.065 -0.067 -0.144 -0.151 -0.006 36.921 -0.203
0 0 -1.368 -1.621 -0.014 -0.405 -0.382 -0.645 -0.879 -0.035 -0.203 42.965

 Mean vectors and covariance matrices after rotation --- 3th cluster >>

 mean vector (mu'=Q*mu)>>
10.353 -1.908 3.139 3.092 2.745 3.383 0.951 2.299 0.828 1.379 2.909 2.251

 covariance matrix (Sigma'=Q*Sigma*t(Q))>>

8.166 0.879 0 0 0 0 0 0 0 0 0 0
0.879 8.484 0 0 0 0 0 0 0 0 0 0
0 0 43.292 -3.281 -0.03 -0.835 -0.682 -1.127 -1.572 -0.063 -0.389 -1.368
0 0 -3.281 39.615 0.05 1.295 -0.394 -1.048 -0.866 -0.035 0.187 -1.621
0 0 -0.03 0.05 34.82 0.015 -0.003 -0.009 -0.006 0 0.003 -0.014
0 0 -0.835 1.295 0.015 35.357 -0.087 -0.254 -0.189 -0.008 0.065 -0.405
0 0 -0.682 -0.394 -0.003 -0.087 40.159 -0.296 -0.375 -0.015 -0.067 -0.382
0 0 -1.127 -1.048 -0.009 -0.254 -0.296 41.599 -0.68 -0.027 -0.144 -0.645
0 0 -1.572 -0.866 -0.006 -0.189 -0.375 -0.68 39.351 -0.034 -0.151 -0.879
0 0 -0.063 -0.035 0 -0.008 -0.015 -0.027 -0.034 40.228 -0.006 -0.035
0 0 -0.389 0.187 0.003 0.065 -0.067 -0.144 -0.151 -0.006 36.921 -0.203
0 0 -1.368 -1.621 -0.014 -0.405 -0.382 -0.645 -0.879 -0.035 -0.203 42.965

 Final eigenvalues for each cluster >> 
 (rows correspond to clusters)
45.613 43.761 42.113 40.323 40.229 40.209 36.926 35.345 34.97 34.819 9.809 3.73
45.963 45.613 43.761 42.113 40.323 40.229 40.209 36.926 35.345 34.97 34.819 6.477
45.613 43.761 42.113 40.323 40.229 40.209 36.926 35.345 34.97 34.819 9.218 7.432

 theoretical Separation index matrix >>

-1 0.122 0.01
0.122 -1 0.01
0.01 0.01 -1

 theoretical projection directions >>

**** cluster 1 and 2
-0.17 0.985 0 0 0 0 0 0 0 0 0 0

**** cluster 1 and 3
0.947 0.322 0 0 0 0 0 0 0 0 0 0

**** cluster 2 and 3
0.445 -0.895 0 0 0 0 0 0 0 0 0 0

 empirical Separation index matrix (alpha= 0.05 )>>

-1 0.071 0.243
0.071 -1 0.048
0.243 0.048 -1

 empirical projection directions >>

**** cluster 1 and 2
0.464 -0.869 -0.097 0.019 0.088 -0.012 -0.035 0.022 -0.061 0.042 -0.055 0.045

**** cluster 1 and 3
0.147 -0.98 0.004 0 -0.035 -0.055 -0.059 -0.02 -0.081 -0.063 0.006 0.008

**** cluster 2 and 3
-0.97 -0.18 0.091 0.02 -0.065 -0.062 0.032 0.091 0.004 0.016 0.017 -0.013
