
 Log information for the data set datasetJHG5v10nv3out0_2.dat >>

 alpha = 0.05 sepVal = 0.34

 Number of clusters >> 5

 cluster sizes >>
50 50 50 50 50

 Number of data points >> 250

 Number of dimensions >> 13

 Number of noisy dimensions >> 3

 noisy variables >>
1 8 11

 Number of outliers >> 0

 initial eigenvalues for each cluster >> 
 (rows correspond to clusters)
6.962 7.01 8.114 2.014 5.182 1.956 7.374 5.58 1.257 2.422
1.567 6.57 4.09 7.73 8.543 5.41 5.222 9.692 6.408 8.277
7.509 8.254 8.291 3.154 5.062 9.62 7.196 1.027 1.646 1.205
1.94 2.323 3.277 1.035 4.435 1.697 6.79 6.448 7.483 2.781
6.745 4.36 1.234 1.624 7.967 6.935 5.508 8.71 6.343 4.527

 Mean vectors and covariance matrices before rotation --- 1th cluster >>

 mean vector (mu'=Q*mu)>>
-10.396 0 0 0 0 0 0 0 0 0 5.508 1.74 2.966

 covariance matrix (Sigma'=Q*Sigma*t(Q))>>

5.429 -0.056 -1.507 0.776 0.173 1.299 -0.289 0.002 1.25 0.407 0 0 0
-0.056 7.008 -0.054 0.027 0.005 0.045 -0.01 -0.001 0.044 0.014 0 0 0
-1.507 -0.054 6.94 0.281 -0.172 0.474 -0.254 -0.233 0.491 0.138 0 0 0
0.776 0.027 0.281 2.375 0.448 0.599 0.1 0.367 0.523 0.203 0 0 0
0.173 0.005 -0.172 0.448 5.543 0.746 0 0.261 0.68 0.245 0 0 0
1.299 0.045 0.474 0.599 0.746 2.95 0.167 0.612 0.866 0.337 0 0 0
-0.289 -0.01 -0.254 0.1 0 0.167 7.322 -0.022 0.164 0.051 0 0 0
0.002 -0.001 -0.233 0.367 0.261 0.612 -0.022 5.76 0.562 0.199 0 0 0
1.25 0.044 0.491 0.523 0.68 0.866 0.164 0.562 2.008 0.296 0 0 0
0.407 0.014 0.138 0.203 0.245 0.337 0.051 0.199 0.296 2.536 0 0 0
0 0 0 0 0 0 0 0 0 0 36.886 0.022 -5.058
0 0 0 0 0 0 0 0 0 0 0.022 21.064 -11.339
0 0 0 0 0 0 0 0 0 0 -5.058 -11.339 37.292

 Mean vectors and covariance matrices before rotation --- 2th cluster >>

 mean vector (mu'=Q*mu)>>
10.396 0 0 0 0 0 0 0 0 0 5.508 1.74 2.966

 covariance matrix (Sigma'=Q*Sigma*t(Q))>>

5.859 -0.19 0.002 -1.066 -0.718 -0.249 -0.11 -0.891 -0.231 -0.43 0 0 0
-0.19 6.492 -0.001 -0.296 -0.169 -0.328 -0.262 -0.18 -0.103 -0.106 0 0 0
0.002 -0.001 4.09 -0.003 -0.002 -0.003 -0.002 -0.002 -0.001 -0.001 0 0 0
-1.066 -0.296 -0.003 6.637 -0.618 -1.279 -1.028 -0.648 -0.392 -0.39 0 0 0
-0.718 -0.169 -0.002 -0.618 8.196 -0.745 -0.601 -0.361 -0.225 -0.219 0 0 0
-0.249 -0.328 -0.003 -1.279 -0.745 4.099 -1.036 -0.807 -0.431 -0.466 0 0 0
-0.11 -0.262 -0.002 -1.028 -0.601 -1.036 4.405 -0.653 -0.344 -0.375 0 0 0
-0.891 -0.18 -0.002 -0.648 -0.361 -0.807 -0.653 9.32 -0.24 -0.229 0 0 0
-0.231 -0.103 -0.001 -0.392 -0.225 -0.431 -0.344 -0.24 6.271 -0.141 0 0 0
-0.43 -0.106 -0.001 -0.39 -0.219 -0.466 -0.375 -0.229 -0.141 8.138 0 0 0
0 0 0 0 0 0 0 0 0 0 36.886 0.022 -5.058
0 0 0 0 0 0 0 0 0 0 0.022 21.064 -11.339
0 0 0 0 0 0 0 0 0 0 -5.058 -11.339 37.292

 Mean vectors and covariance matrices before rotation --- 3th cluster >>

 mean vector (mu'=Q*mu)>>
0 18.007 0 0 0 0 0 0 0 0 5.508 1.74 2.966

 covariance matrix (Sigma'=Q*Sigma*t(Q))>>

4.967 -0.128 -0.809 0.717 0.29 -0.331 -0.605 0.67 2.064 0.023 0 0 0
-0.128 8.248 -0.037 0.018 -0.002 -0.014 -0.032 0.02 0.06 0.001 0 0 0
-0.809 -0.037 8.056 0.11 -0.018 -0.089 -0.204 0.124 0.371 0.004 0 0 0
0.717 0.018 0.11 3.557 0.487 0.007 0.231 0.268 0.885 0.009 0 0 0
0.29 -0.002 -0.018 0.487 5.562 -0.043 0.126 0.352 1.142 0.012 0 0 0
-0.331 -0.014 -0.089 0.007 -0.043 9.589 -0.087 0.022 0.059 0.001 0 0 0
-0.605 -0.032 -0.204 0.231 0.126 -0.087 7.058 0.205 0.637 0.007 0 0 0
0.67 0.02 0.124 0.268 0.352 0.022 0.205 1.195 0.562 0.006 0 0 0
2.064 0.06 0.371 0.885 1.142 0.059 0.637 0.562 3.526 0.02 0 0 0
0.023 0.001 0.004 0.009 0.012 0.001 0.007 0.006 0.02 1.205 0 0 0
0 0 0 0 0 0 0 0 0 0 36.886 0.022 -5.058
0 0 0 0 0 0 0 0 0 0 0.022 21.064 -11.339
0 0 0 0 0 0 0 0 0 0 -5.058 -11.339 37.292

 Mean vectors and covariance matrices before rotation --- 4th cluster >>

 mean vector (mu'=Q*mu)>>
0 6.002 16.977 0 0 0 0 0 0 0 5.508 1.74 2.966

 covariance matrix (Sigma'=Q*Sigma*t(Q))>>

4.063 -0.24 -0.202 1.136 -0.247 0.397 -0.522 -0.546 -2.663 -0.2 0 0 0
-0.24 4.256 -0.109 0.294 -0.118 -0.004 -0.232 -0.244 -1.171 -0.126 0 0 0
-0.202 -0.109 6.323 -0.024 -0.028 -0.074 -0.049 -0.052 -0.241 -0.042 0 0 0
1.136 0.294 -0.024 3.015 -0.072 0.645 -0.2 -0.206 -1.052 0.026 0 0 0
-0.247 -0.118 -0.028 -0.072 8.575 -0.102 -0.036 -0.039 -0.176 -0.041 0 0 0
0.397 -0.004 -0.074 0.645 -0.102 3.591 -0.228 -0.237 -1.17 -0.06 0 0 0
-0.522 -0.232 -0.049 -0.2 -0.036 -0.228 13.112 -0.055 -0.242 -0.075 0 0 0
-0.546 -0.244 -0.052 -0.206 -0.039 -0.237 -0.055 12.441 -0.264 -0.079 0 0 0
-2.663 -1.171 -0.241 -1.052 -0.176 -1.17 -0.242 -0.264 13.359 -0.374 0 0 0
-0.2 -0.126 -0.042 0.026 -0.041 -0.06 -0.075 -0.079 -0.374 5.338 0 0 0
0 0 0 0 0 0 0 0 0 0 36.886 0.022 -5.058
0 0 0 0 0 0 0 0 0 0 0.022 21.064 -11.339
0 0 0 0 0 0 0 0 0 0 -5.058 -11.339 37.292

 Mean vectors and covariance matrices before rotation --- 5th cluster >>

 mean vector (mu'=Q*mu)>>
0 6.002 4.244 16.438 0 0 0 0 0 0 5.508 1.74 2.966

 covariance matrix (Sigma'=Q*Sigma*t(Q))>>

13.364 0.501 3.832 4.537 -0.663 -0.713 -0.046 -3.517 -0.924 0.277 0 0 0
0.501 11.731 0.779 0.956 -0.004 0.058 0.33 -0.121 0.206 0.127 0 0 0
3.832 0.779 5.551 2.866 0.207 0.509 1.537 0.637 1.266 0.494 0 0 0
4.537 0.956 2.866 7.875 0.235 0.599 1.862 0.688 1.512 0.605 0 0 0
-0.663 -0.004 0.207 0.235 20.984 -0.099 -0.104 -0.368 -0.168 -0.006 0 0 0
-0.713 0.058 0.509 0.599 -0.099 18.221 -0.035 -0.517 -0.156 0.031 0 0 0
-0.046 0.33 1.537 1.862 -0.104 -0.035 14.962 -0.676 0.118 0.199 0 0 0
-3.517 -0.121 0.637 0.688 -0.368 -0.517 -0.676 21.271 -0.93 -0.094 0 0 0
-0.924 0.206 1.266 1.512 -0.168 -0.156 0.118 -0.93 16.616 0.119 0 0 0
0.277 0.127 0.494 0.605 -0.006 0.031 0.199 -0.094 0.119 12.045 0 0 0
0 0 0 0 0 0 0 0 0 0 36.886 0.022 -5.058
0 0 0 0 0 0 0 0 0 0 0.022 21.064 -11.339
0 0 0 0 0 0 0 0 0 0 -5.058 -11.339 37.292

 Final eigenvalues for each cluster >> 
 (rows correspond to clusters)
45.523 34.733 14.987 8.114 7.374 7.01 6.962 5.58 5.182 2.422 2.014 1.956 1.257
45.523 34.733 14.987 9.692 8.543 8.277 7.73 6.57 6.408 5.41 5.222 4.09 1.567
45.523 34.733 14.987 9.62 8.291 8.254 7.509 7.196 5.062 3.154 1.646 1.205 1.027
45.523 34.733 14.987 14.506 13.163 12.501 8.598 6.354 5.391 4.504 3.761 3.29 2.006
45.523 34.733 23.025 21.059 18.333 17.831 16.767 14.987 14.56 11.966 11.526 4.293 3.262

 *************************************************

 ********************* rotation ******************

 *************************************************


 The orthogonal matrix Q >>
0.147 0.187 0.206 0.279 0.468 0.334 0.457 0.316 0.127 0.411
0.187 -0.969 0.034 0.046 0.076 0.054 0.075 0.052 0.021 0.067
0.206 0.034 -0.963 0.05 0.084 0.06 0.082 0.057 0.023 0.074
0.279 0.046 0.05 -0.932 0.114 0.081 0.111 0.077 0.031 0.1
0.468 0.076 0.084 0.114 -0.809 0.136 0.186 0.129 0.052 0.167
0.334 0.054 0.06 0.081 0.136 -0.903 0.133 0.092 0.037 0.119
0.457 0.075 0.082 0.111 0.186 0.133 -0.818 0.126 0.05 0.163
0.316 0.052 0.057 0.077 0.129 0.092 0.126 -0.913 0.035 0.113
0.127 0.021 0.023 0.031 0.052 0.037 0.05 0.035 -0.986 0.045
0.411 0.067 0.074 0.1 0.167 0.119 0.163 0.113 0.045 -0.853

 Mean vectors and covariance matrices after rotation --- 1th cluster >>

 mean vector (mu'=Q*mu)>>
5.508 -3.283 -4.747 -4.864 -2.898 -1.948 -4.268 2.966 -1.317 -1.529 1.74 -2.144 -3.468

 covariance matrix (Sigma'=Q*Sigma*t(Q))>>

36.886 0 0 0 0 0 0 -5.058 0 0 0.022 0 0
0 5.59 -0.182 0.03 0.144 -0.068 0.281 0 -0.052 -0.151 0 0.139 0.119
0 -0.182 7.217 -0.208 -0.147 -0.056 0.283 0 -0.69 -0.196 0 0.34 -0.454
0 0.03 -0.208 5.229 0.135 -0.082 0.393 0 -0.222 0.019 0 0.392 0.038
0 0.144 -0.147 0.135 2.113 -0.076 0.181 0 -0.049 0.374 0 0.562 0.086
0 -0.068 -0.056 -0.082 -0.076 6.988 0.107 0 -0.307 -0.025 0 0.188 -0.212
0 0.281 0.283 0.393 0.181 0.107 3.037 0 -0.382 1.309 0 0.82 0.017
-5.058 0 0 0 0 0 0 37.292 0 0 -11.339 0 0
0 -0.052 -0.69 -0.222 -0.049 -0.307 -0.382 0 1.543 -0.796 0 0.283 0.092
0 -0.151 -0.196 0.019 0.374 -0.025 1.309 0 -0.796 6.557 0 0.146 0
0.022 0 0 0 0 0 0 -11.339 0 0 21.064 0 0
0 0.139 0.34 0.392 0.562 0.188 0.82 0 0.283 0.146 0 7.498 0.663
0 0.119 -0.454 0.038 0.086 -0.212 0.017 0 0.092 0 0 0.663 2.098

 Mean vectors and covariance matrices after rotation --- 2th cluster >>

 mean vector (mu'=Q*mu)>>
5.508 3.283 4.747 4.864 2.898 1.948 4.268 2.966 1.317 1.529 1.74 2.144 3.468

 covariance matrix (Sigma'=Q*Sigma*t(Q))>>

36.886 0 0 0 0 0 0 -5.058 0 0 0.022 0 0
0 9.487 -0.219 -0.334 -0.012 -0.079 -0.315 0 -0.041 -0.937 0 0.027 -0.204
0 -0.219 5.313 -0.275 0.062 -0.001 -0.248 0 0.021 0.528 0 0.167 0.041
0 -0.334 -0.275 7.91 0.129 -0.15 -0.633 0 -0.019 -1.583 0 -0.102 -0.084
0 -0.012 0.062 0.129 7.63 0.083 0.169 0 -0.021 0.669 0 0.342 -0.23
0 -0.079 -0.001 -0.15 0.083 6.553 -0.155 0 0.015 -0.209 0 0.018 0.033
0 -0.315 -0.248 -0.633 0.169 -0.155 7.632 0 -0.005 -1.589 0 -0.161 -0.001
-5.058 0 0 0 0 0 0 37.292 0 0 -11.339 0 0
0 -0.041 0.021 -0.019 -0.021 0.015 -0.005 0 6.404 0.23 0 0.097 -0.05
0 -0.937 0.528 -1.583 0.669 -0.209 -1.589 0 0.23 3.335 0 -0.316 1.255
0.022 0 0 0 0 0 0 -11.339 0 0 21.064 0 0
0 0.027 0.167 -0.102 0.342 0.018 -0.161 0 0.097 -0.316 0 4.057 0.307
0 -0.204 0.041 -0.084 -0.23 0.033 -0.001 0 -0.05 1.255 0 0.307 5.188

 Mean vectors and covariance matrices after rotation --- 3th cluster >>

 mean vector (mu'=Q*mu)>>
5.508 0.929 1.343 1.376 0.82 -17.456 1.208 2.966 0.373 3.374 1.74 0.607 0.981

 covariance matrix (Sigma'=Q*Sigma*t(Q))>>

36.886 0 0 0 0 0 0 -5.058 0 0 0.022 0 0
0 1.295 0.233 0.222 0.088 -0.043 0.557 0 -0.373 0.99 0 0.28 -0.168
0 0.233 6.93 -0.237 -0.131 -0.193 0.652 0 -0.761 -0.568 0 -0.057 -0.486
0 0.222 -0.237 4.955 -0.026 -0.262 0.466 0 -0.355 -0.252 0 0.029 -0.62
0 0.088 -0.131 -0.026 3.163 -0.197 0.148 0 -0.047 0.026 0 0.072 -0.444
0 -0.043 -0.193 -0.262 -0.197 8.137 0.168 0 -0.544 -0.385 0 -0.026 -0.257
0 0.557 0.652 0.466 0.148 0.168 2.469 0 -1.027 1.967 0 0.481 0.198
-5.058 0 0 0 0 0 0 37.292 0 0 -11.339 0 0
0 -0.373 -0.761 -0.355 -0.047 -0.544 -1.027 0 2.76 -1.35 0 -0.203 -1.047
0 0.99 -0.568 -0.252 0.026 -0.385 1.967 0 -1.35 5.964 0 -0.276 -1.069
0.022 0 0 0 0 0 0 -11.339 0 0 21.064 0 0
0 0.28 -0.057 0.029 0.072 -0.026 0.481 0 -0.203 -0.276 0 8.216 -0.118
0 -0.168 -0.486 -0.62 -0.444 -0.257 0.198 0 -1.047 -1.069 0 -0.118 9.075

 Mean vectors and covariance matrices after rotation --- 4th cluster >>

 mean vector (mu'=Q*mu)>>
5.508 1.274 1.842 1.887 1.124 -5.247 1.656 2.966 0.511 4.626 1.74 -16.145 1.345

 covariance matrix (Sigma'=Q*Sigma*t(Q))>>

36.886 0 0 0 0 0 0 -5.058 0 0 0.022 0 0
0 11.645 -1.418 -0.98 -0.756 -0.265 -0.534 0 0.504 -1.56 0 -0.286 -0.596
0 -1.418 10.835 -1.71 -1.183 -0.388 -1.007 0 0.783 -2.757 0 -0.525 -0.97
0 -0.98 -1.71 7.534 -0.678 -0.008 -0.404 0 1.057 -0.883 0 -0.219 -0.381
0 -0.756 -1.183 -0.678 2.664 0.365 -0.177 0 -0.313 0.793 0 -0.131 0.489
0 -0.265 -0.388 -0.008 0.365 4.511 0.191 0 -0.535 0.797 0 0.046 0.259
0 -0.534 -1.007 -0.404 -0.177 0.191 5.501 0 0.857 0.591 0 0.033 0.087
-5.058 0 0 0 0 0 0 37.292 0 0 -11.339 0 0
0 0.504 0.783 1.057 -0.313 -0.535 0.857 0 14.102 0.878 0 0.375 -0.166
0 -1.56 -2.757 -0.883 0.793 0.797 0.591 0 0.878 7.201 0 0.174 1.078
0.022 0 0 0 0 0 0 -11.339 0 0 21.064 0 0
0 -0.286 -0.525 -0.219 -0.131 0.046 0.033 0 0.375 0.174 0 6.356 -0.007
0 -0.596 -0.97 -0.381 0.489 0.259 0.087 0 -0.166 1.078 0 -0.007 3.722

 Mean vectors and covariance matrices after rotation --- 5th cluster >>

 mean vector (mu'=Q*mu)>>
5.508 1.812 2.62 2.685 -14.838 -4.927 2.356 2.966 0.727 6.582 1.74 -3.061 1.914

 covariance matrix (Sigma'=Q*Sigma*t(Q))>>

36.886 0 0 0 0 0 0 -5.058 0 0 0.022 0 0
0 22.785 0.313 0.299 -0.197 0.194 1.099 0 -0.48 -0.195 0 -0.191 0.252
0 0.313 14.658 -0.917 -0.477 0.073 0.365 0 0.286 0.402 0 -0.443 -0.19
0 0.299 -0.917 19.637 -2.468 -0.473 -0.288 0 -0.134 -1.463 0 -2.049 -0.624
0 -0.197 -0.477 -2.468 5.133 -0.085 -1.23 0 1.018 -0.598 0 0.684 -1.069
0 0.194 0.073 -0.473 -0.085 11.572 0.077 0 0.239 0.354 0 -0.094 -0.102
0 1.099 0.365 -0.288 -1.23 0.077 12.588 0 0.393 1.782 0 -1.089 0.212
-5.058 0 0 0 0 0 0 37.292 0 0 -11.339 0 0
0 -0.48 0.286 -0.134 1.018 0.239 0.393 0 16.733 -0.164 0 0.831 -0.014
0 -0.195 0.402 -1.463 -0.598 0.354 1.782 0 -0.164 17.535 0 -0.596 -0.217
0.022 0 0 0 0 0 0 -11.339 0 0 21.064 0 0
0 -0.191 -0.443 -2.049 0.684 -0.094 -1.089 0 0.831 -0.596 0 3.823 -0.908
0 0.252 -0.19 -0.624 -1.069 -0.102 0.212 0 -0.014 -0.217 0 -0.908 18.157

 Final eigenvalues for each cluster >> 
 (rows correspond to clusters)
45.523 34.733 14.987 8.114 7.374 7.01 6.962 5.58 5.182 2.422 2.014 1.956 1.257
45.523 34.733 14.987 9.692 8.543 8.277 7.73 6.57 6.408 5.41 5.222 4.09 1.567
45.523 34.733 14.987 9.62 8.291 8.254 7.509 7.196 5.062 3.154 1.646 1.205 1.027
45.523 34.733 14.987 14.506 13.163 12.501 8.598 6.354 5.391 4.504 3.761 3.29 2.006
45.523 34.733 23.025 21.059 18.333 17.831 16.767 14.987 14.56 11.966 11.526 4.293 3.262

 theoretical Separation index matrix >>

-1 0.395 0.371 0.422 0.34
0.395 -1 0.34 0.398 0.357
0.371 0.34 -1 0.34 0.384
0.422 0.398 0.34 -1 0.45
0.34 0.357 0.384 0.45 -1

 theoretical projection directions >>

**** cluster 1 and 2
0 0.248 0.415 0.412 0.264 0.167 0.405 0 0.268 0.159 0 0.045 0.485

**** cluster 1 and 3
0 0.225 0.269 0.296 0.298 -0.428 0.354 0 0.53 0.189 0 0.016 0.275

**** cluster 1 and 4
0 0.2 0.306 0.326 0.449 -0.12 0.319 0 0.039 0.198 0 -0.473 0.421

**** cluster 1 and 5
0 0.108 0.178 0.138 -0.906 -0.092 0.153 0 0.148 0.198 0 0.045 0.146

**** cluster 2 and 3
0 -0.157 -0.213 -0.225 -0.135 -0.869 -0.195 0 -0.189 0.022 0 -0.065 -0.165

**** cluster 2 and 4
0 -0.086 -0.154 -0.145 -0.089 -0.324 -0.13 0 0.005 0.093 0 -0.891 -0.127

**** cluster 2 and 5
0 -0.024 -0.098 -0.156 -0.865 -0.226 -0.135 0 0.044 0.107 0 -0.351 -0.104

**** cluster 3 and 4
0 0.037 0.031 0.036 0.014 0.649 0.04 0 0.053 0.038 0 -0.754 0.022

**** cluster 3 and 5
0 0.02 0.003 -0.06 -0.943 0.296 -0.043 0 0.064 0.05 0 -0.099 -0.031

**** cluster 4 and 5
0 -0.01 -0.027 -0.044 -0.854 0.021 -0.03 0 0.004 0.041 0 0.515 0.005

 empirical Separation index matrix (alpha= 0.05 )>>

-1 0.44 0.548 0.353 0.439
0.44 -1 0.349 0.392 0.388
0.548 0.349 -1 0.398 0.449
0.353 0.392 0.398 -1 0.364
0.439 0.388 0.449 0.364 -1

 empirical projection directions >>

**** cluster 1 and 2
-0.02 0.047 -0.011 0.043 0.959 -0.25 -0.069 -0.035 -0.022 0.048 -0.05 0.018 -0.025

**** cluster 1 and 3
-0.041 0.003 0.039 0.064 0.911 -0.06 -0.049 0.028 0.04 -0.006 -0.008 -0.391 -0.028

**** cluster 1 and 4
0.055 -0.053 0.032 0.185 0.903 0.204 0.05 -0.04 0.058 -0.133 -0.096 0.26 -0.003

**** cluster 1 and 5
-0.028 -0.023 -0.177 0.015 0.909 0.046 -0.242 -0.025 0.008 -0.089 -0.039 -0.187 -0.188

**** cluster 2 and 3
-0.044 0.054 0.046 0.1 0.217 0.566 0.046 0.108 -0.005 0.125 0.124 -0.741 0.147

**** cluster 2 and 4
0.094 -0.077 0.236 0.183 0.107 0.72 0.408 0.095 0.32 -0.236 0.005 0.135 0.122

**** cluster 2 and 5
0.059 -0.361 -0.32 -0.475 -0.325 0.448 -0.135 0.035 -0.166 -0.22 0.032 -0.096 -0.355

**** cluster 3 and 4
0.028 -0.044 0.121 0.037 0.025 0.304 0.114 0.02 0.137 -0.218 -0.039 0.898 0.022

**** cluster 3 and 5
0.054 -0.178 -0.2 -0.362 -0.593 0.123 -0.169 -0.018 0.032 -0.227 -0.048 0.473 -0.348

**** cluster 4 and 5
-0.04 -0.203 -0.423 -0.454 -0.184 -0.072 -0.333 0.005 -0.394 -0.179 0.092 -0.207 -0.429
