
 Log information for the data set datasetJMG2v2nv10out0_3.dat >>

 alpha = 0.05 sepVal = 0.21

 Number of clusters >> 2

 cluster sizes >>
50 50

 Number of data points >> 100

 Number of dimensions >> 12

 Number of noisy dimensions >> 10

 noisy variables >>
1 2 4 5 6 7 9 10 11 12

 Number of outliers >> 0

 initial eigenvalues for each cluster >> 
 (rows correspond to clusters)
5.293 1.701
2.609 6.465

 Mean vectors and covariance matrices before rotation --- 1th cluster >>

 mean vector (mu'=Q*mu)>>
-6.028 0 0 0 0 0 0 0 0 0 0 0

 covariance matrix (Sigma'=Q*Sigma*t(Q))>>

5.243 0.42 0 0 0 0 0 0 0 0 0 0
0.42 1.75 0 0 0 0 0 0 0 0 0 0
0 0 30.372 -0.892 -0.957 1.842 5.719 0.159 -0.231 -2.411 1.368 0.621
0 0 -0.892 32.746 -0.322 0.644 1.983 0.062 -0.076 -0.799 0.482 0.239
0 0 -0.957 -0.322 39.454 0.053 0.314 -0.051 -0.053 -0.479 0.003 -0.193
0 0 1.842 0.644 0.053 21.889 1.33 0.224 0.072 0.52 0.543 0.851
0 0 5.719 1.983 0.314 1.33 15.534 0.61 0.243 1.886 1.314 2.317
0 0 0.159 0.062 -0.051 0.224 0.61 29.807 -0.002 -0.058 0.187 0.196
0 0 -0.231 -0.076 -0.053 0.072 0.243 -0.002 34.786 -0.151 0.048 -0.005
0 0 -2.411 -0.799 -0.479 0.52 1.886 -0.058 -0.151 34.349 0.318 -0.214
0 0 1.368 0.482 0.003 0.543 1.314 0.187 0.048 0.318 25.013 0.713
0 0 0.621 0.239 -0.193 0.851 2.317 0.196 -0.005 -0.214 0.713 30.467

 Mean vectors and covariance matrices before rotation --- 2th cluster >>

 mean vector (mu'=Q*mu)>>
6.028 0 0 0 0 0 0 0 0 0 0 0

 covariance matrix (Sigma'=Q*Sigma*t(Q))>>

3.116 -1.304 0 0 0 0 0 0 0 0 0 0
-1.304 5.958 0 0 0 0 0 0 0 0 0 0
0 0 30.372 -0.892 -0.957 1.842 5.719 0.159 -0.231 -2.411 1.368 0.621
0 0 -0.892 32.746 -0.322 0.644 1.983 0.062 -0.076 -0.799 0.482 0.239
0 0 -0.957 -0.322 39.454 0.053 0.314 -0.051 -0.053 -0.479 0.003 -0.193
0 0 1.842 0.644 0.053 21.889 1.33 0.224 0.072 0.52 0.543 0.851
0 0 5.719 1.983 0.314 1.33 15.534 0.61 0.243 1.886 1.314 2.317
0 0 0.159 0.062 -0.051 0.224 0.61 29.807 -0.002 -0.058 0.187 0.196
0 0 -0.231 -0.076 -0.053 0.072 0.243 -0.002 34.786 -0.151 0.048 -0.005
0 0 -2.411 -0.799 -0.479 0.52 1.886 -0.058 -0.151 34.349 0.318 -0.214
0 0 1.368 0.482 0.003 0.543 1.314 0.187 0.048 0.318 25.013 0.713
0 0 0.621 0.239 -0.193 0.851 2.317 0.196 -0.005 -0.214 0.713 30.467

 Final eigenvalues for each cluster >> 
 (rows correspond to clusters)
39.595 35.784 34.801 33.193 33.026 29.756 29.717 24.517 21.313 12.715 5.293 1.701
39.595 35.784 34.801 33.193 33.026 29.756 29.717 24.517 21.313 12.715 6.465 2.609

 *************************************************

 ********************* rotation ******************

 *************************************************


 The orthogonal matrix Q >>
0.591 0.807
0.807 -0.591

 Mean vectors and covariance matrices after rotation --- 1th cluster >>

 mean vector (mu'=Q*mu)>>
0 0 -4.864 0 0 0 0 -3.562 0 0 0 0

 covariance matrix (Sigma'=Q*Sigma*t(Q))>>

30.372 -0.957 0 1.368 5.719 -2.411 -0.892 0 0.159 0.621 -0.231 1.842
-0.957 39.454 0 0.003 0.314 -0.479 -0.322 0 -0.051 -0.193 -0.053 0.053
0 0 3.623 0 0 0 0 1.791 0 0 0 0
1.368 0.003 0 25.013 1.314 0.318 0.482 0 0.187 0.713 0.048 0.543
5.719 0.314 0 1.314 15.534 1.886 1.983 0 0.61 2.317 0.243 1.33
-2.411 -0.479 0 0.318 1.886 34.349 -0.799 0 -0.058 -0.214 -0.151 0.52
-0.892 -0.322 0 0.482 1.983 -0.799 32.746 0 0.062 0.239 -0.076 0.644
0 0 1.791 0 0 0 0 3.37 0 0 0 0
0.159 -0.051 0 0.187 0.61 -0.058 0.062 0 29.807 0.196 -0.002 0.224
0.621 -0.193 0 0.713 2.317 -0.214 0.239 0 0.196 30.467 -0.005 0.851
-0.231 -0.053 0 0.048 0.243 -0.151 -0.076 0 -0.002 -0.005 34.786 0.072
1.842 0.053 0 0.543 1.33 0.52 0.644 0 0.224 0.851 0.072 21.889

 Mean vectors and covariance matrices after rotation --- 2th cluster >>

 mean vector (mu'=Q*mu)>>
0 0 4.864 0 0 0 0 3.562 0 0 0 0

 covariance matrix (Sigma'=Q*Sigma*t(Q))>>

30.372 -0.957 0 1.368 5.719 -2.411 -0.892 0 0.159 0.621 -0.231 1.842
-0.957 39.454 0 0.003 0.314 -0.479 -0.322 0 -0.051 -0.193 -0.053 0.053
0 0 5.351 0 0 0 0 -1.748 0 0 0 0
1.368 0.003 0 25.013 1.314 0.318 0.482 0 0.187 0.713 0.048 0.543
5.719 0.314 0 1.314 15.534 1.886 1.983 0 0.61 2.317 0.243 1.33
-2.411 -0.479 0 0.318 1.886 34.349 -0.799 0 -0.058 -0.214 -0.151 0.52
-0.892 -0.322 0 0.482 1.983 -0.799 32.746 0 0.062 0.239 -0.076 0.644
0 0 -1.748 0 0 0 0 3.723 0 0 0 0
0.159 -0.051 0 0.187 0.61 -0.058 0.062 0 29.807 0.196 -0.002 0.224
0.621 -0.193 0 0.713 2.317 -0.214 0.239 0 0.196 30.467 -0.005 0.851
-0.231 -0.053 0 0.048 0.243 -0.151 -0.076 0 -0.002 -0.005 34.786 0.072
1.842 0.053 0 0.543 1.33 0.52 0.644 0 0.224 0.851 0.072 21.889

 Final eigenvalues for each cluster >> 
 (rows correspond to clusters)
39.595 35.784 34.801 33.193 33.026 29.756 29.717 24.517 21.313 12.715 5.293 1.701
39.595 35.784 34.801 33.193 33.026 29.756 29.717 24.517 21.313 12.715 6.465 2.609

 theoretical Separation index matrix >>

-1 0.21
0.21 -1

 theoretical projection directions >>

**** cluster 1 and 2
0 0 0.719 0 0 0 0 0.695 0 0 0 0

 empirical Separation index matrix (alpha= 0.05 )>>

-1 0.309
0.309 -1

 empirical projection directions >>

**** cluster 1 and 2
-0.014 -0.033 0.839 0.024 -0.035 0.01 0.036 0.531 -0.085 0.001 0.047 0.022
