
 Log information for the data set datasetJMG5v5nv10out0_3.dat >>

 alpha = 0.05 sepVal = 0.21

 Number of clusters >> 5

 cluster sizes >>
50 50 50 50 50

 Number of data points >> 250

 Number of dimensions >> 15

 Number of noisy dimensions >> 10

 noisy variables >>
1 2 3 6 7 8 9 10 11 15

 Number of outliers >> 0

 initial eigenvalues for each cluster >> 
 (rows correspond to clusters)
5.788 6.003 4.999 7.017 1.916
5.728 4.718 7.143 4.974 4.831
4.48 4.198 9.433 7.344 6.903
9.93 7.502 6.589 6.152 8.395
9.688 1.234 7.088 1.907 1.714

 Mean vectors and covariance matrices before rotation --- 1th cluster >>

 mean vector (mu'=Q*mu)>>
-7.776 0 0 0 0 1.495 1.711 4.011 1.415 1.523 1.755 2.017 0.044 1.366 1.074

 covariance matrix (Sigma'=Q*Sigma*t(Q))>>

4.77 -0.093 0.088 -0.176 1.244 0 0 0 0 0 0 0 0 0 0
-0.093 5.995 -0.005 -0.014 0.081 0 0 0 0 0 0 0 0 0 0
0.088 -0.005 5.337 -0.051 0.77 0 0 0 0 0 0 0 0 0 0
-0.176 -0.014 -0.051 6.999 0.047 0 0 0 0 0 0 0 0 0 0
1.244 0.081 0.77 0.047 2.621 0 0 0 0 0 0 0 0 0 0
0 0 0 0 0 20.887 1.657 2.481 -0.854 0.836 -3.175 3.578 1.119 0.008 4.124
0 0 0 0 0 1.657 7.477 0.441 0.643 0.413 0.464 0.631 0.188 0.002 0.984
0 0 0 0 0 2.481 0.441 7.799 0.962 0.618 0.695 0.943 0.281 0.003 1.471
0 0 0 0 0 -0.854 0.643 0.962 23.673 0.407 -0.909 1.386 0.43 0.003 1.678
0 0 0 0 0 0.836 0.413 0.618 0.407 18.952 0.011 0.887 0.27 0.002 1.223
0 0 0 0 0 -3.175 0.464 0.695 -0.909 0.011 26.622 1.007 0.323 0.002 0.944
0 0 0 0 0 3.578 0.631 0.943 1.386 0.887 1.007 8.267 0.401 0.004 2.107
0 0 0 0 0 1.119 0.188 0.281 0.43 0.27 0.323 0.401 5.553 0.001 0.633
0 0 0 0 0 0.008 0.002 0.003 0.003 0.002 0.002 0.004 0.001 13.383 0.006
0 0 0 0 0 4.124 0.984 1.471 1.678 1.223 0.944 2.107 0.633 0.006 16.018

 Mean vectors and covariance matrices before rotation --- 2th cluster >>

 mean vector (mu'=Q*mu)>>
7.776 0 0 0 0 1.495 1.711 4.011 1.415 1.523 1.755 2.017 0.044 1.366 1.074

 covariance matrix (Sigma'=Q*Sigma*t(Q))>>

5.504 0.525 -0.663 0.218 0.086 0 0 0 0 0 0 0 0 0 0
0.525 5.161 -0.091 0.226 0.078 0 0 0 0 0 0 0 0 0 0
-0.663 -0.091 6.798 -0.079 -0.021 0 0 0 0 0 0 0 0 0 0
0.218 0.226 -0.079 5.086 0.04 0 0 0 0 0 0 0 0 0 0
0.086 0.078 -0.021 0.04 4.845 0 0 0 0 0 0 0 0 0 0
0 0 0 0 0 20.887 1.657 2.481 -0.854 0.836 -3.175 3.578 1.119 0.008 4.124
0 0 0 0 0 1.657 7.477 0.441 0.643 0.413 0.464 0.631 0.188 0.002 0.984
0 0 0 0 0 2.481 0.441 7.799 0.962 0.618 0.695 0.943 0.281 0.003 1.471
0 0 0 0 0 -0.854 0.643 0.962 23.673 0.407 -0.909 1.386 0.43 0.003 1.678
0 0 0 0 0 0.836 0.413 0.618 0.407 18.952 0.011 0.887 0.27 0.002 1.223
0 0 0 0 0 -3.175 0.464 0.695 -0.909 0.011 26.622 1.007 0.323 0.002 0.944
0 0 0 0 0 3.578 0.631 0.943 1.386 0.887 1.007 8.267 0.401 0.004 2.107
0 0 0 0 0 1.119 0.188 0.281 0.43 0.27 0.323 0.401 5.553 0.001 0.633
0 0 0 0 0 0.008 0.002 0.003 0.003 0.002 0.002 0.004 0.001 13.383 0.006
0 0 0 0 0 4.124 0.984 1.471 1.678 1.223 0.944 2.107 0.633 0.006 16.018

 Mean vectors and covariance matrices before rotation --- 3th cluster >>

 mean vector (mu'=Q*mu)>>
0 13.469 0 0 0 1.495 1.711 4.011 1.415 1.523 1.755 2.017 0.044 1.366 1.074

 covariance matrix (Sigma'=Q*Sigma*t(Q))>>

10.477 0.029 -1.779 0.074 0.486 0 0 0 0 0 0 0 0 0 0
0.029 5.266 -0.008 0.001 0.004 0 0 0 0 0 0 0 0 0 0
-1.779 -0.008 7.586 -0.777 -1.813 0 0 0 0 0 0 0 0 0 0
0.074 0.001 -0.777 9.098 -0.243 0 0 0 0 0 0 0 0 0 0
0.486 0.004 -1.813 -0.243 8.162 0 0 0 0 0 0 0 0 0 0
0 0 0 0 0 20.887 1.657 2.481 -0.854 0.836 -3.175 3.578 1.119 0.008 4.124
0 0 0 0 0 1.657 7.477 0.441 0.643 0.413 0.464 0.631 0.188 0.002 0.984
0 0 0 0 0 2.481 0.441 7.799 0.962 0.618 0.695 0.943 0.281 0.003 1.471
0 0 0 0 0 -0.854 0.643 0.962 23.673 0.407 -0.909 1.386 0.43 0.003 1.678
0 0 0 0 0 0.836 0.413 0.618 0.407 18.952 0.011 0.887 0.27 0.002 1.223
0 0 0 0 0 -3.175 0.464 0.695 -0.909 0.011 26.622 1.007 0.323 0.002 0.944
0 0 0 0 0 3.578 0.631 0.943 1.386 0.887 1.007 8.267 0.401 0.004 2.107
0 0 0 0 0 1.119 0.188 0.281 0.43 0.27 0.323 0.401 5.553 0.001 0.633
0 0 0 0 0 0.008 0.002 0.003 0.003 0.002 0.002 0.004 0.001 13.383 0.006
0 0 0 0 0 4.124 0.984 1.471 1.678 1.223 0.944 2.107 0.633 0.006 16.018

 Mean vectors and covariance matrices before rotation --- 4th cluster >>

 mean vector (mu'=Q*mu)>>
0 4.49 12.698 0 0 1.495 1.711 4.011 1.415 1.523 1.755 2.017 0.044 1.366 1.074

 covariance matrix (Sigma'=Q*Sigma*t(Q))>>

7.654 0.294 0.136 1.657 0.022 0 0 0 0 0 0 0 0 0 0
0.294 7.7 0.06 0.653 0.133 0 0 0 0 0 0 0 0 0 0
0.136 0.06 6.606 0.186 0.043 0 0 0 0 0 0 0 0 0 0
1.657 0.653 0.186 8.136 0.483 0 0 0 0 0 0 0 0 0 0
0.022 0.133 0.043 0.483 8.473 0 0 0 0 0 0 0 0 0 0
0 0 0 0 0 20.887 1.657 2.481 -0.854 0.836 -3.175 3.578 1.119 0.008 4.124
0 0 0 0 0 1.657 7.477 0.441 0.643 0.413 0.464 0.631 0.188 0.002 0.984
0 0 0 0 0 2.481 0.441 7.799 0.962 0.618 0.695 0.943 0.281 0.003 1.471
0 0 0 0 0 -0.854 0.643 0.962 23.673 0.407 -0.909 1.386 0.43 0.003 1.678
0 0 0 0 0 0.836 0.413 0.618 0.407 18.952 0.011 0.887 0.27 0.002 1.223
0 0 0 0 0 -3.175 0.464 0.695 -0.909 0.011 26.622 1.007 0.323 0.002 0.944
0 0 0 0 0 3.578 0.631 0.943 1.386 0.887 1.007 8.267 0.401 0.004 2.107
0 0 0 0 0 1.119 0.188 0.281 0.43 0.27 0.323 0.401 5.553 0.001 0.633
0 0 0 0 0 0.008 0.002 0.003 0.003 0.002 0.002 0.004 0.001 13.383 0.006
0 0 0 0 0 4.124 0.984 1.471 1.678 1.223 0.944 2.107 0.633 0.006 16.018

 Mean vectors and covariance matrices before rotation --- 5th cluster >>

 mean vector (mu'=Q*mu)>>
0 4.49 3.175 12.295 0 1.495 1.711 4.011 1.415 1.523 1.755 2.017 0.044 1.366 1.074

 covariance matrix (Sigma'=Q*Sigma*t(Q))>>

6.222 0.193 -0.512 3.67 1.745 0 0 0 0 0 0 0 0 0 0
0.193 1.577 0.111 0.221 0.102 0 0 0 0 0 0 0 0 0 0
-0.512 0.111 9.487 2.221 1.04 0 0 0 0 0 0 0 0 0 0
3.67 0.221 2.221 7.003 2.122 0 0 0 0 0 0 0 0 0 0
1.745 0.102 1.04 2.122 3.158 0 0 0 0 0 0 0 0 0 0
0 0 0 0 0 20.887 1.657 2.481 -0.854 0.836 -3.175 3.578 1.119 0.008 4.124
0 0 0 0 0 1.657 7.477 0.441 0.643 0.413 0.464 0.631 0.188 0.002 0.984
0 0 0 0 0 2.481 0.441 7.799 0.962 0.618 0.695 0.943 0.281 0.003 1.471
0 0 0 0 0 -0.854 0.643 0.962 23.673 0.407 -0.909 1.386 0.43 0.003 1.678
0 0 0 0 0 0.836 0.413 0.618 0.407 18.952 0.011 0.887 0.27 0.002 1.223
0 0 0 0 0 -3.175 0.464 0.695 -0.909 0.011 26.622 1.007 0.323 0.002 0.944
0 0 0 0 0 3.578 0.631 0.943 1.386 0.887 1.007 8.267 0.401 0.004 2.107
0 0 0 0 0 1.119 0.188 0.281 0.43 0.27 0.323 0.401 5.553 0.001 0.633
0 0 0 0 0 0.008 0.002 0.003 0.003 0.002 0.002 0.004 0.001 13.383 0.006
0 0 0 0 0 4.124 0.984 1.471 1.678 1.223 0.944 2.107 0.633 0.006 16.018

 Final eigenvalues for each cluster >> 
 (rows correspond to clusters)
28.378 25.019 23.756 18.537 13.383 12.883 7.182 7.14 7.017 6.918 6.003 5.788 5.434 4.999 1.916
28.378 25.019 23.756 18.537 13.383 12.883 7.182 7.143 7.14 6.918 5.728 5.434 4.974 4.831 4.718
28.378 25.019 23.756 18.537 13.383 12.883 11.832 9.212 8.659 7.182 7.14 6.918 5.62 5.434 5.265
28.378 25.019 23.756 18.537 13.383 12.883 9.93 8.395 7.502 7.182 7.14 6.918 6.589 6.152 5.434
28.378 25.019 23.756 18.537 13.383 12.883 12.293 8.993 7.182 7.14 6.918 5.434 2.42 2.175 1.566

 *************************************************

 ********************* rotation ******************

 *************************************************


 The orthogonal matrix Q >>
0.045 0.59 0.084 0.57 0.563
0.59 -0.666 0.047 0.322 0.318
0.084 0.047 -0.993 0.046 0.045
0.57 0.322 0.046 -0.689 0.307
0.563 0.318 0.045 0.307 -0.697

 Mean vectors and covariance matrices after rotation --- 1th cluster >>

 mean vector (mu'=Q*mu)>>
0.044 1.495 1.074 -0.349 -4.379 2.017 1.415 4.011 1.755 1.711 1.523 -4.59 -4.436 -0.651 1.366

 covariance matrix (Sigma'=Q*Sigma*t(Q))>>

5.553 1.119 0.633 0 0 0.401 0.43 0.281 0.323 0.188 0.27 0 0 0 0.001
1.119 20.887 4.124 0 0 3.578 -0.854 2.481 -3.175 1.657 0.836 0 0 0 0.008
0.633 4.124 16.018 0 0 2.107 1.678 1.471 0.944 0.984 1.223 0 0 0 0.006
0 0 0 5.436 1.672 0 0 0 0 0 0 -0.068 -0.613 -0.355 0
0 0 0 1.672 2.889 0 0 0 0 0 0 0.134 -0.15 0.536 0
0.401 3.578 2.107 0 0 8.267 1.386 0.943 1.007 0.631 0.887 0 0 0 0.004
0.43 -0.854 1.678 0 0 1.386 23.673 0.962 -0.909 0.643 0.407 0 0 0 0.003
0.281 2.481 1.471 0 0 0.943 0.962 7.799 0.695 0.441 0.618 0 0 0 0.003
0.323 -3.175 0.944 0 0 1.007 -0.909 0.695 26.622 0.464 0.011 0 0 0 0.002
0.188 1.657 0.984 0 0 0.631 0.643 0.441 0.464 7.477 0.413 0 0 0 0.002
0.27 0.836 1.223 0 0 0.887 0.407 0.618 0.011 0.413 18.952 0 0 0 0.002
0 0 0 -0.068 0.134 0 0 0 0 0 0 5.811 -0.452 -0.284 0
0 0 0 -0.613 -0.15 0 0 0 0 0 0 -0.452 6.324 -0.357 0
0 0 0 -0.355 0.536 0 0 0 0 0 0 -0.284 -0.357 5.262 0
0.001 0.008 0.006 0 0 0.004 0.003 0.003 0.002 0.002 0.002 0 0 0 13.383

 Mean vectors and covariance matrices after rotation --- 2th cluster >>

 mean vector (mu'=Q*mu)>>
0.044 1.495 1.074 0.349 4.379 2.017 1.415 4.011 1.755 1.711 1.523 4.59 4.436 0.651 1.366

 covariance matrix (Sigma'=Q*Sigma*t(Q))>>

5.553 1.119 0.633 0 0 0.401 0.43 0.281 0.323 0.188 0.27 0 0 0 0.001
1.119 20.887 4.124 0 0 3.578 -0.854 2.481 -3.175 1.657 0.836 0 0 0 0.008
0.633 4.124 16.018 0 0 2.107 1.678 1.471 0.944 0.984 1.223 0 0 0 0.006
0 0 0 5.298 0.419 0 0 0 0 0 0 0.139 0.201 0.05 0
0 0 0 0.419 5.264 0 0 0 0 0 0 0.121 0.273 0.399 0
0.401 3.578 2.107 0 0 8.267 1.386 0.943 1.007 0.631 0.887 0 0 0 0.004
0.43 -0.854 1.678 0 0 1.386 23.673 0.962 -0.909 0.643 0.407 0 0 0 0.003
0.281 2.481 1.471 0 0 0.943 0.962 7.799 0.695 0.441 0.618 0 0 0 0.003
0.323 -3.175 0.944 0 0 1.007 -0.909 0.695 26.622 0.464 0.011 0 0 0 0.002
0.188 1.657 0.984 0 0 0.631 0.643 0.441 0.464 7.477 0.413 0 0 0 0.002
0.27 0.836 1.223 0 0 0.887 0.407 0.618 0.011 0.413 18.952 0 0 0 0.002
0 0 0 0.139 0.121 0 0 0 0 0 0 4.79 0.068 0.29 0
0 0 0 0.201 0.273 0 0 0 0 0 0 0.068 5.128 0.318 0
0 0 0 0.05 0.399 0 0 0 0 0 0 0.29 0.318 6.914 0
0.001 0.008 0.006 0 0 0.004 0.003 0.003 0.002 0.002 0.002 0 0 0 13.383

 Mean vectors and covariance matrices after rotation --- 3th cluster >>

 mean vector (mu'=Q*mu)>>
0.044 1.495 1.074 7.951 4.284 2.017 1.415 4.011 1.755 1.711 1.523 -8.977 4.341 0.637 1.366

 covariance matrix (Sigma'=Q*Sigma*t(Q))>>

5.553 1.119 0.633 0 0 0.401 0.43 0.281 0.323 0.188 0.27 0 0 0 0.001
1.119 20.887 4.124 0 0 3.578 -0.854 2.481 -3.175 1.657 0.836 0 0 0 0.008
0.633 4.124 16.018 0 0 2.107 1.678 1.471 0.944 0.984 1.223 0 0 0 0.006
0 0 0 7.075 -0.164 0 0 0 0 0 0 1.255 -0.772 1.533 0
0 0 0 -0.164 8.449 0 0 0 0 0 0 1.333 -0.053 0.067 0
0.401 3.578 2.107 0 0 8.267 1.386 0.943 1.007 0.631 0.887 0 0 0 0.004
0.43 -0.854 1.678 0 0 1.386 23.673 0.962 -0.909 0.643 0.407 0 0 0 0.003
0.281 2.481 1.471 0 0 0.943 0.962 7.799 0.695 0.441 0.618 0 0 0 0.003
0.323 -3.175 0.944 0 0 1.007 -0.909 0.695 26.622 0.464 0.011 0 0 0 0.002
0.188 1.657 0.984 0 0 0.631 0.643 0.441 0.464 7.477 0.413 0 0 0 0.002
0.27 0.836 1.223 0 0 0.887 0.407 0.618 0.011 0.413 18.952 0 0 0 0.002
0 0 0 1.255 1.333 0 0 0 0 0 0 7.737 1.242 2.115 0
0 0 0 -0.772 -0.053 0 0 0 0 0 0 1.242 9.188 1.112 0
0 0 0 1.533 0.067 0 0 0 0 0 0 2.115 1.112 8.138 0
0.001 0.008 0.006 0 0 0.004 0.003 0.003 0.002 0.002 0.002 0 0 0 13.383

 Mean vectors and covariance matrices after rotation --- 4th cluster >>

 mean vector (mu'=Q*mu)>>
0.044 1.495 1.074 3.713 2.001 2.017 1.415 4.011 1.755 1.711 1.523 -2.392 2.027 -12.401 1.366

 covariance matrix (Sigma'=Q*Sigma*t(Q))>>

5.553 1.119 0.633 0 0 0.401 0.43 0.281 0.323 0.188 0.27 0 0 0 0.001
1.119 20.887 4.124 0 0 3.578 -0.854 2.481 -3.175 1.657 0.836 0 0 0 0.008
0.633 4.124 16.018 0 0 2.107 1.678 1.471 0.944 0.984 1.223 0 0 0 0.006
0 0 0 9.048 0.547 0 0 0 0 0 0 0.941 0.362 0.119 0
0 0 0 0.547 8.633 0 0 0 0 0 0 0.353 -0.338 0.016 0
0.401 3.578 2.107 0 0 8.267 1.386 0.943 1.007 0.631 0.887 0 0 0 0.004
0.43 -0.854 1.678 0 0 1.386 23.673 0.962 -0.909 0.643 0.407 0 0 0 0.003
0.281 2.481 1.471 0 0 0.943 0.962 7.799 0.695 0.441 0.618 0 0 0 0.003
0.323 -3.175 0.944 0 0 1.007 -0.909 0.695 26.622 0.464 0.011 0 0 0 0.002
0.188 1.657 0.984 0 0 0.631 0.643 0.441 0.464 7.477 0.413 0 0 0 0.002
0.27 0.836 1.223 0 0 0.887 0.407 0.618 0.011 0.413 18.952 0 0 0 0.002
0 0 0 0.941 0.353 0 0 0 0 0 0 7.986 -0.155 0.039 0
0 0 0 0.362 -0.338 0 0 0 0 0 0 -0.155 6.306 0.012 0
0 0 0 0.119 0.016 0 0 0 0 0 0 0.039 0.012 6.594 0
0.001 0.008 0.006 0 0 0.004 0.003 0.003 0.002 0.002 0.002 0 0 0 13.383

 Mean vectors and covariance matrices after rotation --- 5th cluster >>

 mean vector (mu'=Q*mu)>>
0.044 1.495 1.074 9.93 5.351 2.017 1.415 4.011 1.755 1.711 1.523 1.12 -6.874 -2.379 1.366

 covariance matrix (Sigma'=Q*Sigma*t(Q))>>

5.553 1.119 0.633 0 0 0.401 0.43 0.281 0.323 0.188 0.27 0 0 0 0.001
1.119 20.887 4.124 0 0 3.578 -0.854 2.481 -3.175 1.657 0.836 0 0 0 0.008
0.633 4.124 16.018 0 0 2.107 1.678 1.471 0.944 0.984 1.223 0 0 0 0.006
0 0 0 6.093 1.916 0 0 0 0 0 0 4.246 -0.474 -1.927 0
0 0 0 1.916 3.379 0 0 0 0 0 0 2.422 0.02 0.297 0
0.401 3.578 2.107 0 0 8.267 1.386 0.943 1.007 0.631 0.887 0 0 0 0.004
0.43 -0.854 1.678 0 0 1.386 23.673 0.962 -0.909 0.643 0.407 0 0 0 0.003
0.281 2.481 1.471 0 0 0.943 0.962 7.799 0.695 0.441 0.618 0 0 0 0.003
0.323 -3.175 0.944 0 0 1.007 -0.909 0.695 26.622 0.464 0.011 0 0 0 0.002
0.188 1.657 0.984 0 0 0.631 0.643 0.441 0.464 7.477 0.413 0 0 0 0.002
0.27 0.836 1.223 0 0 0.887 0.407 0.618 0.011 0.413 18.952 0 0 0 0.002
0 0 0 4.246 2.422 0 0 0 0 0 0 6.197 0.133 -0.358 0
0 0 0 -0.474 0.02 0 0 0 0 0 0 0.133 2.517 1.122 0
0 0 0 -1.927 0.297 0 0 0 0 0 0 -0.358 1.122 9.261 0
0.001 0.008 0.006 0 0 0.004 0.003 0.003 0.002 0.002 0.002 0 0 0 13.383

 Final eigenvalues for each cluster >> 
 (rows correspond to clusters)
28.378 25.019 23.756 18.537 13.383 12.883 7.182 7.14 7.017 6.918 6.003 5.788 5.434 4.999 1.916
28.378 25.019 23.756 18.537 13.383 12.883 7.182 7.143 7.14 6.918 5.728 5.434 4.974 4.831 4.718
28.378 25.019 23.756 18.537 13.383 12.883 11.832 9.212 8.659 7.182 7.14 6.918 5.62 5.434 5.265
28.378 25.019 23.756 18.537 13.383 12.883 9.93 8.395 7.502 7.182 7.14 6.918 6.589 6.152 5.434
28.378 25.019 23.756 18.537 13.383 12.883 12.293 8.993 7.182 7.14 6.918 5.434 2.42 2.175 1.566

 theoretical Separation index matrix >>

-1 0.28 0.238 0.234 0.21
0.28 -1 0.258 0.21 0.326
0.238 0.258 -1 0.21 0.272
0.234 0.21 0.21 -1 0.249
0.21 0.326 0.272 0.249 -1

 theoretical projection directions >>

**** cluster 1 and 2
0 0 0 -0.077 0.678 0 0 0 0 0 0 0.541 0.491 0.017 0

**** cluster 1 and 3
0 0 0 0.523 0.571 0 0 0 0 0 0 -0.384 0.503 0.026 0

**** cluster 1 and 4
0 0 0 0.131 0.47 0 0 0 0 0 0 0.103 0.395 -0.772 0

**** cluster 1 and 5
0 0 0 0.308 0.937 0 0 0 0 0 0 0.042 -0.134 -0.087 0

**** cluster 2 and 3
0 0 0 0.516 0.067 0 0 0 0 0 0 -0.847 0.081 0.068 0

**** cluster 2 and 4
0 0 0 0.262 -0.126 0 0 0 0 0 0 -0.469 -0.175 -0.815 0

**** cluster 2 and 5
0 0 0 0.553 0.042 0 0 0 0 0 0 -0.395 -0.731 0.047 0

**** cluster 3 and 4
0 0 0 -0.213 -0.161 0 0 0 0 0 0 0.526 -0.116 -0.799 0

**** cluster 3 and 5
0 0 0 -0.27 -0.127 0 0 0 0 0 0 0.639 -0.706 -0.063 0

**** cluster 4 and 5
0 0 0 0.316 0.079 0 0 0 0 0 0 0.037 -0.792 0.516 0

 empirical Separation index matrix (alpha= 0.05 )>>

-1 0.269 0.374 0.378 0.408
0.269 -1 0.257 0.237 0.262
0.374 0.257 -1 0.225 0.318
0.378 0.237 0.225 -1 0.377
0.408 0.262 0.318 0.377 -1

 empirical projection directions >>

**** cluster 1 and 2
0.062 0.031 -0.031 0.082 0.113 -0.039 -0.03 0.035 0.027 -0.089 -0.016 -0.631 0.741 0.095 -0.069

**** cluster 1 and 3
0.016 0.051 0.03 -0.502 -0.273 0.071 -0.018 0.121 -0.026 -0.034 -0.106 0.134 0.559 -0.55 -0.06

**** cluster 1 and 4
-0.046 0.018 -0.042 -0.175 -0.946 0 0.042 0.028 -0.024 0.082 -0.037 -0.094 0.158 0.154 -0.025

**** cluster 1 and 5
-0.07 0.062 0.001 -0.442 -0.141 0.074 -0.04 0.041 -0.012 -0.013 0.012 0.365 0.791 -0.083 0.025

**** cluster 2 and 3
-0.023 -0.059 0.117 -0.155 -0.323 0.162 0.024 -0.037 0.114 -0.04 -0.029 0.506 -0.186 -0.715 -0.093

**** cluster 2 and 4
-0.15 0.051 0.073 -0.469 -0.582 -0.017 0.071 0.019 0.063 -0.119 0.033 0.373 -0.485 0.104 -0.021

**** cluster 2 and 5
0.026 -0.067 0.09 -0.501 -0.168 0.165 0.002 -0.034 -0.011 -0.004 0.067 0.813 -0.073 -0.074 0.048

**** cluster 3 and 4
-0.182 -0.002 -0.017 0.02 -0.562 0.032 -0.096 0.003 -0.053 0.1 0.008 -0.231 -0.379 0.656 0.011

**** cluster 3 and 5
0.13 0.018 0.041 -0.18 0.416 0.004 -0.054 -0.016 -0.032 -0.09 -0.021 0.387 0.408 0.665 0.064

**** cluster 4 and 5
0.246 0.021 0.077 0.015 0.664 -0.007 -0.002 0.054 -0.034 -0.108 -0.065 0.473 0.492 0.076 -0.02
