
 Log information for the data set datasetJMG5v10nv1out0_3.dat >>

 alpha = 0.05 sepVal = 0.21

 Number of clusters >> 5

 cluster sizes >>
50 50 50 50 50

 Number of data points >> 250

 Number of dimensions >> 11

 Number of noisy dimensions >> 1

 noisy variables >>
2

 Number of outliers >> 0

 initial eigenvalues for each cluster >> 
 (rows correspond to clusters)
3.391 7.908 2.383 2.512 1.84 3.825 7.253 1.188 3.84 9.161
3.681 4.1 7.417 3.594 8.888 6.782 1.465 2.467 2.872 3.905
2.363 2.912 8.313 5.841 3.6 4.558 1.163 6.05 8.839 8.746
7.826 7.61 9.272 9.528 8.621 4.566 5.243 7.465 2.915 2.189
4.421 6.703 2.955 7.843 2.51 4.385 6.181 7.861 9.574 4.493

 Mean vectors and covariance matrices before rotation --- 1th cluster >>

 mean vector (mu'=Q*mu)>>
-8.219 0 0 0 0 0 0 0 0 0 2.995

 covariance matrix (Sigma'=Q*Sigma*t(Q))>>

10.751 -2.466 2.275 2.043 1.775 0.072 -2.944 0.98 0.021 -3.538 0
-2.466 16.683 -0.69 -0.695 -0.332 -0.114 -1.993 -0.096 -0.034 -1.794 0
2.275 -0.69 6.807 1.225 0.971 0.074 -0.744 0.507 0.022 -1.099 0
2.043 -0.695 1.225 6.89 0.897 0.065 -0.764 0.471 0.019 -1.089 0
1.775 -0.332 0.971 0.897 4.916 0.061 -0.32 0.353 0.018 -0.58 0
0.072 -0.114 0.074 0.065 0.061 8.784 -0.139 0.035 0 -0.158 0
-2.944 -1.993 -0.744 -0.764 -0.32 -0.139 13.979 -0.067 -0.041 -2.457 0
0.98 -0.096 0.507 0.471 0.353 0.035 -0.067 2.905 0.01 -0.203 0
0.021 -0.034 0.022 0.019 0.018 0 -0.041 0.01 8.816 -0.047 0
-3.538 -1.794 -1.099 -1.089 -0.58 -0.158 -2.457 -0.203 -0.047 18.888 0
0 0 0 0 0 0 0 0 0 0 14.174

 Mean vectors and covariance matrices before rotation --- 2th cluster >>

 mean vector (mu'=Q*mu)>>
8.219 0 0 0 0 0 0 0 0 0 2.995

 covariance matrix (Sigma'=Q*Sigma*t(Q))>>

5.232 0.129 -1.29 0.172 -1.915 -0.112 1.805 0.579 0.095 0.238 0
0.129 4.108 -0.19 0.015 -0.268 -0.017 0.2 0.061 0.009 0.018 0
-1.29 -0.19 6.106 -0.129 -1.515 -0.136 -0.062 -0.125 -0.032 -0.264 0
0.172 0.015 -0.129 3.613 -0.194 -0.011 0.192 0.062 0.01 0.027 0
-1.915 -0.268 -1.515 -0.194 7.201 -0.161 -0.352 -0.25 -0.056 -0.38 0
-0.112 -0.017 -0.136 -0.011 -0.161 6.768 0.009 -0.007 -0.002 -0.023 0
1.805 0.2 -0.062 0.192 -0.352 0.009 2.696 0.458 0.082 0.317 0
0.579 0.061 -0.125 0.062 -0.25 -0.007 0.458 2.63 0.028 0.099 0
0.095 0.009 -0.032 0.01 -0.056 -0.002 0.082 0.028 2.877 0.016 0
0.238 0.018 -0.264 0.027 -0.38 -0.023 0.317 0.099 0.016 3.94 0
0 0 0 0 0 0 0 0 0 0 14.174

 Mean vectors and covariance matrices before rotation --- 3th cluster >>

 mean vector (mu'=Q*mu)>>
0 14.236 0 0 0 0 0 0 0 0 2.995

 covariance matrix (Sigma'=Q*Sigma*t(Q))>>

4.289 0.106 -0.604 -0.247 -0.114 -0.72 1.352 -0.068 -1.69 -1.548 0
0.106 3.386 -0.107 -0.048 -0.055 -0.167 0.162 -0.013 -0.297 -0.273 0
-0.604 -0.107 9.581 -0.063 -0.198 -0.32 -0.18 -0.017 -0.267 -0.247 0
-0.247 -0.048 -0.063 6.766 -0.097 -0.17 -0.051 -0.01 -0.17 -0.157 0
-0.114 -0.055 -0.198 -0.097 4.028 -0.379 0.152 -0.026 -0.543 -0.499 0
-0.72 -0.167 -0.32 -0.17 -0.379 4.57 -0.007 -0.046 -0.869 -0.8 0
1.352 0.162 -0.18 -0.051 0.152 -0.007 2.179 -0.015 -0.519 -0.473 0
-0.068 -0.013 -0.017 -0.01 -0.026 -0.046 -0.015 7.044 -0.045 -0.041 0
-1.69 -0.297 -0.267 -0.17 -0.543 -0.869 -0.519 -0.045 9.587 -0.655 0
-1.548 -0.273 -0.247 -0.157 -0.499 -0.8 -0.473 -0.041 -0.655 9.581 0
0 0 0 0 0 0 0 0 0 0 14.174

 Mean vectors and covariance matrices before rotation --- 4th cluster >>

 mean vector (mu'=Q*mu)>>
0 4.745 13.422 0 0 0 0 0 0 0 2.995

 covariance matrix (Sigma'=Q*Sigma*t(Q))>>

6.595 -0.256 -1.295 -0.659 -0.173 0.69 0.368 -0.346 1.589 0.929 0
-0.256 7.559 -0.306 -0.157 -0.04 0.196 0.109 -0.064 0.433 0.251 0
-1.295 -0.306 8.342 -0.458 -0.139 0.103 0.002 -0.462 0.451 0.29 0
-0.659 -0.157 -0.458 9.303 -0.069 0.03 -0.013 -0.239 0.186 0.123 0
-0.173 -0.04 -0.139 -0.069 8.601 0.036 0.014 -0.058 0.103 0.063 0
0.69 0.196 0.103 0.03 0.036 5.078 0.35 0.335 0.869 0.47 0
0.368 0.109 0.002 -0.013 0.014 0.35 5.478 0.191 0.614 0.336 0
-0.346 -0.064 -0.462 -0.239 -0.058 0.335 0.191 7.389 0.722 0.417 0
1.589 0.433 0.451 0.186 0.103 0.869 0.614 0.722 4.309 0.741 0
0.929 0.251 0.29 0.123 0.063 0.47 0.336 0.417 0.741 2.581 0
0 0 0 0 0 0 0 0 0 0 14.174

 Mean vectors and covariance matrices before rotation --- 5th cluster >>

 mean vector (mu'=Q*mu)>>
0 4.745 3.356 12.996 0 0 0 0 0 0 2.995

 covariance matrix (Sigma'=Q*Sigma*t(Q))>>

5.449 -0.159 0.136 -0.072 1.965 0.233 -0.176 -0.167 -2.565 0.142 0
-0.159 6.775 0 -0.013 0.034 -0.036 -0.061 -0.031 -0.388 -0.027 0
0.136 0 3.016 -0.002 0.157 0.032 0.006 -0.004 -0.088 0.021 0
-0.072 -0.013 -0.002 7.97 -0.012 -0.017 -0.021 -0.01 -0.114 -0.012 0
1.965 0.034 0.157 -0.012 4.663 0.467 0.123 -0.028 -0.905 0.311 0
0.233 -0.036 0.032 -0.017 0.467 4.516 -0.04 -0.039 -0.597 0.035 0
-0.176 -0.061 0.006 -0.021 0.123 -0.04 6.195 -0.048 -0.625 -0.031 0
-0.167 -0.031 -0.004 -0.01 -0.028 -0.039 -0.048 7.971 -0.265 -0.028 0
-2.565 -0.388 -0.088 -0.114 -0.905 -0.597 -0.625 -0.265 6.738 -0.423 0
0.142 -0.027 0.021 -0.012 0.311 0.035 -0.031 -0.028 -0.423 4.589 0
0 0 0 0 0 0 0 0 0 0 14.174

 Final eigenvalues for each cluster >> 
 (rows correspond to clusters)
21.033 18.156 16.654 14.174 8.816 8.783 7.785 5.768 5.472 4.225 2.728
14.174 8.888 7.417 6.782 4.1 3.905 3.681 3.594 2.872 2.467 1.465
14.174 10.295 10.186 9.682 7.047 6.802 5.309 4.193 3.391 2.752 1.355
14.174 9.528 9.272 8.621 7.826 7.61 7.465 5.243 4.566 2.915 2.189
14.174 9.735 7.993 7.974 6.815 6.284 4.568 4.495 4.459 3.005 2.552

 *************************************************

 ********************* rotation ******************

 *************************************************


 The orthogonal matrix Q >>
0.357 0.307 0.461 0.409 0.351 0.077 0.396 0.2 0.005 0.269
0.307 -0.93 0.104 0.093 0.08 0.017 0.09 0.045 0.001 0.061
0.461 0.104 -0.844 0.139 0.119 0.026 0.134 0.068 0.002 0.091
0.409 0.093 0.139 -0.876 0.106 0.023 0.119 0.06 0.001 0.081
0.351 0.08 0.119 0.106 -0.909 0.02 0.103 0.052 0.001 0.07
0.077 0.017 0.026 0.023 0.02 -0.996 0.022 0.011 0 0.015
0.396 0.09 0.134 0.119 0.103 0.022 -0.884 0.058 0.001 0.078
0.2 0.045 0.068 0.06 0.052 0.011 0.058 -0.971 0.001 0.04
0.005 0.001 0.002 0.001 0.001 0 0.001 0.001 -1 0.001
0.269 0.061 0.091 0.081 0.07 0.015 0.078 0.04 0.001 -0.947

 Mean vectors and covariance matrices after rotation --- 1th cluster >>

 mean vector (mu'=Q*mu)>>
-3.365 2.995 -2.207 -0.629 -0.039 -2.935 -1.644 -3.787 -3.256 -2.525 -2.887

 covariance matrix (Sigma'=Q*Sigma*t(Q))>>

5.786 0 0.071 -0.035 0.009 -0.202 0.071 0.018 0.009 -0.146 0.042
0 14.174 0 0 0 0 0 0 0 0 0
0.071 0 20.885 0.128 -0.031 1.231 0.454 0.229 -0.128 -0.021 0.476
-0.035 0 0.128 8.785 0 0.003 0.012 -0.033 0.107 0.068 -0.008
0.009 0 -0.031 0 8.816 0.005 0.007 0.011 -0.029 -0.025 0.01
-0.202 0 1.231 0.003 0.005 7.986 0.345 -0.138 0.981 0.413 0.153
0.071 0 0.454 0.012 0.007 0.345 2.778 0.074 0.445 0.277 0.055
0.018 0 0.229 -0.033 0.011 -0.138 0.074 5.488 0.159 -0.046 0.039
0.009 0 -0.128 0.107 -0.029 0.981 0.445 0.159 16.506 -0.081 0.432
-0.146 0 -0.021 0.068 -0.025 0.413 0.277 -0.046 -0.081 18.128 0.209
0.042 0 0.476 -0.008 0.01 0.153 0.055 0.039 0.432 0.209 4.261

 Mean vectors and covariance matrices after rotation --- 2th cluster >>

 mean vector (mu'=Q*mu)>>
3.365 2.995 2.207 0.629 0.039 2.935 1.644 3.787 3.256 2.525 2.887

 covariance matrix (Sigma'=Q*Sigma*t(Q))>>

3.706 0 0.033 0.031 -0.03 0.102 -0.072 0.46 -0.338 0.056 0.692
0 14.174 0 0 0 0 0 0 0 0 0
0.033 0 3.908 -0.006 -0.011 0.011 -0.016 0.061 -0.084 0.004 0.155
0.031 0 -0.006 6.781 -0.01 -0.043 -0.02 0.002 -0.067 0.009 0.026
-0.03 0 -0.011 -0.01 2.876 -0.043 0.007 -0.072 0.036 -0.021 -0.081
0.102 0 0.011 -0.043 -0.043 3.753 -0.05 0.239 -0.316 -0.016 0.702
-0.072 0 -0.016 -0.02 0.007 -0.05 2.477 -0.039 0.026 -0.054 0.029
0.46 0 0.061 0.002 -0.072 0.239 -0.039 7.315 -0.189 0.22 -0.1
-0.338 0 -0.084 -0.067 0.036 -0.316 0.026 -0.189 1.584 -0.224 -0.025
0.056 0 0.004 0.009 -0.021 -0.016 -0.054 0.22 -0.224 4.118 0.374
0.692 0 0.155 0.026 -0.081 0.702 0.029 -0.1 -0.025 0.374 8.655

 Mean vectors and covariance matrices after rotation --- 3th cluster >>

 mean vector (mu'=Q*mu)>>
1.319 2.995 0.866 0.247 0.015 4.374 0.644 1.485 1.277 -13.246 1.132

 covariance matrix (Sigma'=Q*Sigma*t(Q))>>

6.453 0 0.156 0.28 0.793 -0.659 -0.21 -0.638 -0.462 -0.09 -0.078
0 14.174 0 0 0 0 0 0 0 0 0
0.156 0 10.127 -0.408 -0.016 -0.099 0.081 -0.04 -0.241 0.089 -0.042
0.28 0 -0.408 4.75 -0.683 0.889 0.165 0.145 0.408 0.207 0.061
0.793 0 -0.016 -0.683 9.609 1.511 0.426 0.814 0.412 0.428 0.287
-0.659 0 -0.099 0.889 1.511 4.999 -0.427 -1.803 0.593 0.437 0.486
-0.21 0 0.081 0.165 0.426 -0.427 6.923 -0.351 -0.262 -0.069 -0.058
-0.638 0 -0.04 0.145 0.814 -1.803 -0.351 8.685 -0.858 -0.321 -0.367
-0.462 0 -0.241 0.408 0.412 0.593 -0.262 -0.858 1.676 0.039 0.077
-0.09 0 0.089 0.207 0.428 0.437 -0.069 -0.321 0.039 3.499 0.125
-0.078 0 -0.042 0.061 0.287 0.486 -0.058 -0.367 0.077 0.125 4.29

 Mean vectors and covariance matrices after rotation --- 4th cluster >>

 mean vector (mu'=Q*mu)>>
2.305 2.995 1.512 0.431 0.027 7.642 1.126 -10.828 2.231 -3.015 1.978

 covariance matrix (Sigma'=Q*Sigma*t(Q))>>

9.258 0 -0.141 -0.372 -0.796 -0.707 -0.139 -0.15 -0.157 -0.163 -0.245
0 14.174 0 0 0 0 0 0 0 0 0
-0.141 0 2.253 0.163 0.094 0.119 0.367 0.228 0.014 0.071 -0.254
-0.372 0 0.163 4.929 0.681 -0.624 0.161 -0.283 -0.058 -0.101 -0.335
-0.796 0 0.094 0.681 4.286 -1.664 0.244 -0.649 -0.337 -0.303 -0.741
-0.707 0 0.119 -0.624 -1.664 6.768 0.033 -0.16 -0.011 -0.202 -0.668
-0.139 0 0.367 0.161 0.244 0.033 7.497 -0.174 0.238 0.024 -0.04
-0.15 0 0.228 -0.283 -0.649 -0.16 -0.174 9.093 0.187 -0.044 -0.029
-0.157 0 0.014 -0.058 -0.337 -0.011 0.238 0.187 5.241 0.028 -0.242
-0.163 0 0.071 -0.101 -0.303 -0.202 0.024 -0.044 0.028 7.575 -0.148
-0.245 0 -0.254 -0.335 -0.741 -0.668 -0.04 -0.029 -0.242 -0.148 8.334

 Mean vectors and covariance matrices after rotation --- 5th cluster >>

 mean vector (mu'=Q*mu)>>
-10.485 2.995 1.647 0.47 0.029 8.324 1.227 -0.529 2.43 -2.861 2.155

 covariance matrix (Sigma'=Q*Sigma*t(Q))>>

7.59 0 -0.096 -0.154 1.23 -0.606 -0.128 0.143 -0.138 -0.139 -0.895
0 14.174 0 0 0 0 0 0 0 0 0
-0.096 0 4.642 -0.024 0.46 0.339 -0.025 0.302 0.052 0.014 -0.127
-0.154 0 -0.024 4.478 -0.347 -0.086 -0.093 -0.015 -0.126 -0.109 0.246
1.23 0 0.46 -0.347 6.769 1.899 0.392 1.431 0.679 0.623 0.242
-0.606 0 0.339 -0.086 1.899 6.081 -0.205 1.432 0.137 -0.032 -0.339
-0.128 0 -0.025 -0.093 0.392 -0.205 7.946 0.143 -0.041 -0.042 -0.401
0.143 0 0.302 -0.015 1.431 1.432 0.143 3.824 0.428 0.288 -0.345
-0.138 0 0.052 -0.126 0.679 0.137 -0.041 0.428 6.324 0.005 -0.516
-0.139 0 0.014 -0.109 0.623 -0.032 -0.042 0.288 0.005 6.799 -0.492
-0.895 0 -0.127 0.246 0.242 -0.339 -0.401 -0.345 -0.516 -0.492 3.428

 Final eigenvalues for each cluster >> 
 (rows correspond to clusters)
21.033 18.156 16.654 14.174 8.816 8.783 7.785 5.768 5.472 4.225 2.728
14.174 8.888 7.417 6.782 4.1 3.905 3.681 3.594 2.872 2.467 1.465
14.174 10.295 10.186 9.682 7.047 6.802 5.309 4.193 3.391 2.752 1.355
14.174 9.528 9.272 8.621 7.826 7.61 7.465 5.243 4.566 2.915 2.189
14.174 9.735 7.993 7.974 6.815 6.284 4.568 4.495 4.459 3.005 2.552

 theoretical Separation index matrix >>

-1 0.225 0.232 0.21 0.21
0.225 -1 0.374 0.21 0.284
0.232 0.374 -1 0.21 0.249
0.21 0.21 0.21 -1 0.217
0.21 0.284 0.249 0.217 -1

 theoretical projection directions >>

**** cluster 1 and 2
0.541 0 0.118 0.064 0.013 0.348 0.436 0.428 0.308 0.179 0.259

**** cluster 1 and 3
0.361 0 0.057 -0.02 -0.1 0.549 0.202 0.387 0.21 -0.457 0.333

**** cluster 1 and 4
0.385 0 0.108 0.102 0.115 0.659 0.184 -0.406 0.203 -0.02 0.378

**** cluster 1 and 5
-0.361 0 0.08 0.059 -0.095 0.639 0.222 0.225 0.181 -0.019 0.556

**** cluster 2 and 3
-0.119 0 -0.039 0.016 0.049 0.093 -0.071 -0.091 -0.391 -0.898 -0.03

**** cluster 2 and 4
-0.045 0 -0.066 -0.016 -0.018 0.399 -0.06 -0.798 -0.142 -0.414 -0.053

**** cluster 2 and 5
-0.822 0 -0.055 -0.014 0.093 0.351 -0.043 -0.235 -0.138 -0.33 -0.065

**** cluster 3 and 4
0.053 0 0.042 -0.005 0 0.129 0.015 -0.568 0.049 0.807 0.045

**** cluster 3 and 5
-0.613 0 0.037 0.005 0.006 0.157 0.028 -0.129 0.038 0.76 0.046

**** cluster 4 and 5
-0.663 0 -0.053 -0.019 -0.015 -0.112 -0.008 0.734 -0.044 -0.023 -0.05

 empirical Separation index matrix (alpha= 0.05 )>>

-1 0.294 0.425 0.329 0.246
0.294 -1 0.267 0.22 0.228
0.425 0.267 -1 0.317 0.219
0.329 0.22 0.317 -1 0.21
0.246 0.228 0.219 0.21 -1

 empirical projection directions >>

**** cluster 1 and 2
-0.232 -0.033 -0.029 0.041 0.151 -0.41 -0.305 -0.343 -0.173 0.545 -0.462

**** cluster 1 and 3
0.251 0.064 0.092 0.063 0.075 0.027 0.021 0.064 0.44 0.845 0.036

**** cluster 1 and 4
-0.542 0.083 0.072 0.245 0.077 0.081 0.069 -0.267 -0.168 0.716 0.074

**** cluster 1 and 5
0.14 0.131 0.095 0.133 0.173 0.108 0.013 -0.398 -0.009 0.854 0.077

**** cluster 2 and 3
0.762 0.023 0.127 0.021 -0.034 0.286 0.292 0.381 0.239 0.125 0.124

**** cluster 2 and 4
-0.252 -0.032 0.012 -0.183 -0.184 0.495 0.366 0.356 0.026 -0.18 0.573

**** cluster 2 and 5
0.506 -0.13 0.011 0.01 0.028 0.618 0.164 -0.369 0.172 -0.123 0.368

**** cluster 3 and 4
-0.801 -0.021 -0.21 -0.029 0.208 0.264 -0.078 -0.247 -0.242 -0.271 -0.04

**** cluster 3 and 5
-0.159 -0.221 -0.325 -0.008 0.007 0.334 0.004 -0.67 0.099 -0.5 -0.009

**** cluster 4 and 5
0.677 -0.035 0.074 0.142 0.149 0.05 -0.033 -0.631 0.159 0.024 0.255
