
 Log information for the data set datasetJMG5v2nv1out0_2.dat >>

 alpha = 0.05 sepVal = 0.21

 Number of clusters >> 5

 cluster sizes >>
50 50 50 50 50

 Number of data points >> 250

 Number of dimensions >> 3

 Number of noisy dimensions >> 1

 noisy variables >>
2

 Number of outliers >> 0

 initial eigenvalues for each cluster >> 
 (rows correspond to clusters)
8.429 6.294
4.657 2
7.27 2.547
8.519 7.048
8.028 2.641

 Mean vectors and covariance matrices before rotation --- 1th cluster >>

 mean vector (mu'=Q*mu)>>
-7.737 0 6.007

 covariance matrix (Sigma'=Q*Sigma*t(Q))>>

7.478 1.061 0
1.061 7.245 0
0 0 111.333

 Mean vectors and covariance matrices before rotation --- 2th cluster >>

 mean vector (mu'=Q*mu)>>
7.737 0 6.007

 covariance matrix (Sigma'=Q*Sigma*t(Q))>>

3.988 1.153 0
1.153 2.67 0
0 0 111.333

 Mean vectors and covariance matrices before rotation --- 3th cluster >>

 mean vector (mu'=Q*mu)>>
0 13.401 6.007

 covariance matrix (Sigma'=Q*Sigma*t(Q))>>

6.188 1.984 0
1.984 3.628 0
0 0 111.333

 Mean vectors and covariance matrices before rotation --- 4th cluster >>

 mean vector (mu'=Q*mu)>>
23.212 0 6.007

 covariance matrix (Sigma'=Q*Sigma*t(Q))>>

10.024 0.086 0
0.086 8.3 0
0 0 111.333

 Mean vectors and covariance matrices before rotation --- 5th cluster >>

 mean vector (mu'=Q*mu)>>
15.475 13.401 6.007

 covariance matrix (Sigma'=Q*Sigma*t(Q))>>

4.919 2.869 0
2.869 8.785 0
0 0 111.333

 Final eigenvalues for each cluster >> 
 (rows correspond to clusters)
111.333 8.429 6.294
111.333 4.657 2
111.333 7.27 2.547
111.333 10.028 8.296
111.333 10.312 3.392

 *************************************************

 ********************* rotation ******************

 *************************************************


 The orthogonal matrix Q >>
0.528 0.849
0.849 -0.528

 Mean vectors and covariance matrices after rotation --- 1th cluster >>

 mean vector (mu'=Q*mu)>>
-4.084 6.007 -6.571

 covariance matrix (Sigma'=Q*Sigma*t(Q))>>

8.261 0 0.574
0 111.333 0
0.574 0 6.462

 Mean vectors and covariance matrices after rotation --- 2th cluster >>

 mean vector (mu'=Q*mu)>>
4.084 6.007 6.571

 covariance matrix (Sigma'=Q*Sigma*t(Q))>>

4.071 0 1.102
0 111.333 0
1.102 0 2.587

 Mean vectors and covariance matrices after rotation --- 3th cluster >>

 mean vector (mu'=Q*mu)>>
11.382 6.007 -7.074

 covariance matrix (Sigma'=Q*Sigma*t(Q))>>

6.12 0 2.026
0 111.333 0
2.026 0 3.696

 Mean vectors and covariance matrices after rotation --- 4th cluster >>

 mean vector (mu'=Q*mu)>>
12.253 6.007 19.714

 covariance matrix (Sigma'=Q*Sigma*t(Q))>>

8.858 0 0.811
0 111.333 0
0.811 0 9.467

 Mean vectors and covariance matrices after rotation --- 5th cluster >>

 mean vector (mu'=Q*mu)>>
19.551 6.007 6.069

 covariance matrix (Sigma'=Q*Sigma*t(Q))>>

10.281 0 -0.463
0 111.333 0
-0.463 0 3.424

 Final eigenvalues for each cluster >> 
 (rows correspond to clusters)
111.333 8.429 6.294
111.333 4.657 2
111.333 7.27 2.547
111.333 10.028 8.296
111.333 10.312 3.392

 theoretical Separation index matrix >>

-1 0.263 0.21 0.457 0.42
0.263 -1 0.448 0.214 0.21
0.21 0.448 -1 0.474 0.297
0.457 0.214 0.474 -1 0.21
0.42 0.21 0.297 0.21 -1

 theoretical projection directions >>

**** cluster 1 and 2
0.31 0 0.951

**** cluster 1 and 3
0.95 0 -0.311

**** cluster 1 and 4
0.459 0 0.888

**** cluster 1 and 5
0.698 0 0.716

**** cluster 2 and 3
0.479 0 -0.878

**** cluster 2 and 4
0.39 0 0.921

**** cluster 2 and 5
0.97 0 -0.243

**** cluster 3 and 4
-0.194 0 0.981

**** cluster 3 and 5
0.187 0 0.982

**** cluster 4 and 5
0.315 0 -0.949

 empirical Separation index matrix (alpha= 0.05 )>>

-1 0.517 0.334 0.49 0.222
0.517 -1 0.196 0.234 0.448
0.334 0.196 -1 0.195 0.391
0.49 0.234 0.195 -1 0.255
0.222 0.448 0.391 0.255 -1

 empirical projection directions >>

**** cluster 1 and 2
-0.151 -0.012 0.988

**** cluster 1 and 3
0.125 0.016 0.992

**** cluster 1 and 4
-0.387 -0.011 0.922

**** cluster 1 and 5
-0.924 -0.011 0.382

**** cluster 2 and 3
0.255 -0.029 -0.966

**** cluster 2 and 4
-0.438 -0.002 -0.899

**** cluster 2 and 5
-0.473 0.015 -0.881

**** cluster 3 and 4
-0.989 0.009 0.146

**** cluster 3 and 5
-0.765 -0.007 -0.644

**** cluster 4 and 5
-0.376 0.038 -0.926
