
 Log information for the data set datasetJLG2v2nv0out0_2.dat >>

 alpha = 0.05 sepVal = 0.01

 Number of clusters >> 2

 cluster sizes >>
50 50

 Number of data points >> 100

 Number of dimensions >> 2

 Number of noisy dimensions >> 0

 noisy variables >>
0

 Number of outliers >> 0

 initial eigenvalues for each cluster >> 
 (rows correspond to clusters)
6.183 3.955
8.671 5.563

 Mean vectors and covariance matrices before rotation --- 1th cluster >>

 mean vector (mu'=Q*mu)>>
-5.219 0

 covariance matrix (Sigma'=Q*Sigma*t(Q))>>

5.829 0.815
0.815 4.31

 Mean vectors and covariance matrices before rotation --- 2th cluster >>

 mean vector (mu'=Q*mu)>>
5.219 0

 covariance matrix (Sigma'=Q*Sigma*t(Q))>>

8.243 1.071
1.071 5.991

 Final eigenvalues for each cluster >> 
 (rows correspond to clusters)
6.183 3.955
8.671 5.563

 *************************************************

 ********************* rotation ******************

 *************************************************


 The orthogonal matrix Q >>
0.642 0.767
0.767 -0.642

 Mean vectors and covariance matrices after rotation --- 1th cluster >>

 mean vector (mu'=Q*mu)>>
-4.002 -3.35

 covariance matrix (Sigma'=Q*Sigma*t(Q))>>

4.401 0.891
0.891 5.738

 Mean vectors and covariance matrices after rotation --- 2th cluster >>

 mean vector (mu'=Q*mu)>>
4.002 3.35

 covariance matrix (Sigma'=Q*Sigma*t(Q))>>

6.261 1.297
1.297 7.973

 Final eigenvalues for each cluster >> 
 (rows correspond to clusters)
6.183 3.955
8.671 5.563

 theoretical Separation index matrix >>

-1 0.01
0.01 -1

 theoretical projection directions >>

**** cluster 1 and 2
0.87 0.493

 empirical Separation index matrix (alpha= 0.05 )>>

-1 0.04
0.04 -1

 empirical projection directions >>

**** cluster 1 and 2
-0.855 -0.519
