
 Log information for the data set datasetJHG3v10nv1out0_3.dat >>

 alpha = 0.05 sepVal = 0.34

 Number of clusters >> 3

 cluster sizes >>
50 50 50

 Number of data points >> 150

 Number of dimensions >> 11

 Number of noisy dimensions >> 1

 noisy variables >>
3

 Number of outliers >> 0

 initial eigenvalues for each cluster >> 
 (rows correspond to clusters)
7.204 9.299 7.347 7.055 1.246 2.123 2.609 4.148 9.08 1.655
8.07 4.809 6.346 2.518 5.994 2.767 9.355 3.442 6.37 2.421
7.859 9.921 6.523 4.528 1.385 8.379 3.98 1.388 6.982 9.227

 Mean vectors and covariance matrices before rotation --- 1th cluster >>

 mean vector (mu'=Q*mu)>>
-10.496 0 0 0 0 0 0 0 0 0 0.08

 covariance matrix (Sigma'=Q*Sigma*t(Q))>>

6.566 -2.878 -0.814 -0.412 0.225 1.332 0.632 0.372 -1.464 2.162 0
-2.878 11.618 -0.604 -0.322 0.036 0.095 -0.007 -0.494 -0.901 0.271 0
-0.814 -0.604 10.382 -0.089 0.044 0.256 0.12 0.054 -0.308 0.419 0
-0.412 -0.322 -0.089 10.092 0.027 0.163 0.078 0.056 -0.163 0.262 0
0.225 0.036 0.044 0.027 1.818 0.2 0.111 0.214 0.023 0.289 0
1.332 0.095 0.256 0.163 0.2 4.478 0.785 1.473 0.076 2.075 0
0.632 -0.007 0.12 0.078 0.111 0.785 4.179 0.79 0.011 1.146 0
0.372 -0.494 0.054 0.056 0.214 1.473 0.79 7.28 -0.227 2.187 0
-1.464 -0.901 -0.308 -0.163 0.023 0.076 0.011 -0.227 12.582 0.18 0
2.162 0.271 0.419 0.262 0.289 2.075 1.146 2.187 0.18 5.386 0
0 0 0 0 0 0 0 0 0 0 79.174

 Mean vectors and covariance matrices before rotation --- 2th cluster >>

 mean vector (mu'=Q*mu)>>
10.496 0 0 0 0 0 0 0 0 0 0.08

 covariance matrix (Sigma'=Q*Sigma*t(Q))>>

4.815 0.462 -0.117 0.601 -0.028 0.964 -0.374 0.512 -0.155 1.686 0
0.462 5.425 0.192 0.377 0.159 0.629 -0.009 0.383 0.241 1.042 0
-0.117 0.192 6.387 0.14 0.039 0.231 -0.029 0.135 0.051 0.39 0
0.601 0.377 0.14 2.72 0.11 0.341 0.027 0.214 0.177 0.558 0
-0.028 0.159 0.039 0.11 6.029 0.183 -0.017 0.108 0.049 0.307 0
0.964 0.629 0.231 0.341 0.183 3.341 0.041 0.36 0.292 0.94 0
-0.374 -0.009 -0.029 0.027 -0.017 0.041 9.318 0.017 -0.038 0.077 0
0.512 0.383 0.135 0.214 0.108 0.36 0.017 3.666 0.171 0.591 0
-0.155 0.241 0.051 0.177 0.049 0.292 -0.038 0.171 6.433 0.492 0
1.686 1.042 0.39 0.558 0.307 0.94 0.077 0.591 0.492 3.957 0
0 0 0 0 0 0 0 0 0 0 79.174

 Mean vectors and covariance matrices before rotation --- 3th cluster >>

 mean vector (mu'=Q*mu)>>
0 18.18 0 0 0 0 0 0 0 0 0.08

 covariance matrix (Sigma'=Q*Sigma*t(Q))>>

6.935 -0.744 0.172 0.999 0.937 -0.4 0.826 0.162 0.108 -0.604 0
-0.744 9.661 -0.073 0.044 0.12 -0.217 0.059 0.021 -0.201 -0.242 0
0.172 -0.073 6.622 0.288 0.221 0.009 0.224 0.038 0.159 -0.04 0
0.999 0.044 0.288 5.151 0.408 0.197 0.466 0.07 0.528 0.105 0
0.937 0.12 0.221 0.408 1.62 0.209 0.296 0.041 0.429 0.155 0
-0.4 -0.217 0.009 0.197 0.209 8.238 0.17 0.036 -0.043 -0.186 0
0.826 0.059 0.224 0.466 0.296 0.17 4.326 0.051 0.419 0.103 0
0.162 0.021 0.038 0.07 0.041 0.036 0.051 1.395 0.074 0.027 0
0.108 -0.201 0.159 0.528 0.429 -0.043 0.419 0.074 7.213 -0.137 0
-0.604 -0.242 -0.04 0.105 0.155 -0.186 0.103 0.027 -0.137 9.008 0
0 0 0 0 0 0 0 0 0 0 79.174

 Final eigenvalues for each cluster >> 
 (rows correspond to clusters)
79.174 13.361 13.046 10.556 10.351 10.137 5.96 3.749 3.051 2.378 1.791
79.174 9.355 8.07 6.37 6.346 5.994 4.809 3.442 2.767 2.518 2.421
79.174 9.921 9.227 8.379 7.859 6.982 6.523 4.528 3.98 1.388 1.385

 *************************************************

 ********************* rotation ******************

 *************************************************


 The orthogonal matrix Q >>
0.052 0.359 0.262 0.331 0.159 0.507 0.303 0.225 0.45 0.253
0.359 -0.877 0.089 0.113 0.054 0.173 0.103 0.077 0.154 0.086
0.262 0.089 -0.935 0.082 0.04 0.126 0.075 0.056 0.112 0.063
0.331 0.113 0.082 -0.896 0.05 0.159 0.095 0.071 0.141 0.08
0.159 0.054 0.04 0.05 -0.976 0.076 0.046 0.034 0.068 0.038
0.507 0.173 0.126 0.159 0.076 -0.756 0.146 0.108 0.217 0.122
0.303 0.103 0.075 0.095 0.046 0.146 -0.913 0.065 0.13 0.073
0.225 0.077 0.056 0.071 0.034 0.108 0.065 -0.952 0.096 0.054
0.45 0.154 0.112 0.141 0.068 0.217 0.13 0.096 -0.807 0.108
0.253 0.086 0.063 0.08 0.038 0.122 0.073 0.054 0.108 -0.939

 Mean vectors and covariance matrices after rotation --- 1th cluster >>

 mean vector (mu'=Q*mu)>>
-1.667 -3.769 0.08 -3.469 -0.542 -2.747 -4.723 -2.361 -3.18 -5.317 -2.656

 covariance matrix (Sigma'=Q*Sigma*t(Q))>>

1.929 0.494 0 0.081 0.815 0.164 0.129 0.04 0.125 0.196 -0.235
0.494 13.125 0 0.235 -0.163 0.011 -0.069 -0.591 0.423 0.753 -0.581
0 0 79.174 0 0 0 0 0 0 0 0
0.081 0.235 0 9.84 -0.347 -0.128 -0.439 -0.555 -0.227 -0.404 -1.108
0.815 -0.163 0 -0.347 9.54 -0.249 -1.158 -0.978 0.458 0.862 -1.531
0.164 0.011 0 -0.128 -0.249 10.479 -0.307 -0.319 0.026 0.055 -0.542
0.129 -0.069 0 -0.439 -1.158 -0.307 12.299 -1.012 -0.342 -0.591 -1.633
0.04 -0.591 0 -0.555 -0.978 -0.319 -1.012 6.567 0.181 0.416 0.919
0.125 0.423 0 -0.227 0.458 0.026 -0.342 0.181 3.832 0.153 -0.166
0.196 0.753 0 -0.404 0.862 0.055 -0.591 0.416 0.153 3.335 -0.162
-0.235 -0.581 0 -1.108 -1.531 -0.542 -1.633 0.919 -0.166 -0.162 3.437

 Mean vectors and covariance matrices after rotation --- 2th cluster >>

 mean vector (mu'=Q*mu)>>
1.667 3.769 0.08 3.469 0.542 2.747 4.723 2.361 3.18 5.317 2.656

 covariance matrix (Sigma'=Q*Sigma*t(Q))>>

5.99 -0.018 0 0.093 0.016 -0.007 -0.012 0.012 -0.103 0.115 -0.111
-0.018 4.819 0 0.149 -0.035 -0.061 -0.152 0.036 -0.376 0.187 -0.046
0 0 79.174 0 0 0 0 0 0 0 0
0.093 0.149 0 2.815 1.11 0.148 0.229 0.102 -0.032 0.401 -0.211
0.016 -0.035 0 1.11 7.1 0.074 0.296 0.297 -0.37 1.473 -0.6
-0.007 -0.061 0 0.148 0.074 6.34 0.001 0.001 -0.137 0.176 -0.27
-0.012 -0.152 0 0.229 0.296 0.001 6.4 -0.034 -0.188 0.256 -0.613
0.012 0.036 0 0.102 0.297 0.001 -0.034 3.47 -0.184 0.131 -0.067
-0.103 -0.376 0 -0.032 -0.37 -0.137 -0.188 -0.184 9.131 -0.128 -0.739
0.115 0.187 0 0.401 1.473 0.176 0.256 0.131 -0.128 3.302 -0.303
-0.111 -0.046 0 -0.211 -0.6 -0.27 -0.613 -0.067 -0.739 -0.303 2.725

 Mean vectors and covariance matrices after rotation --- 3th cluster >>

 mean vector (mu'=Q*mu)>>
0.986 -15.951 0.08 2.052 6.528 1.624 2.793 1.396 1.88 3.145 1.571

 covariance matrix (Sigma'=Q*Sigma*t(Q))>>

1.4 -0.095 0 0.034 0.257 0.008 0.072 0.047 0.01 -0.14 0.041
-0.095 9.811 0 -0.214 -0.412 -0.088 -0.208 0.435 -0.052 -0.105 -0.051
0 0 79.174 0 0 0 0 0 0 0 0
0.034 -0.214 0 4.547 0.141 -0.016 0.024 0.203 0.029 -0.261 0
0.257 -0.412 0 0.141 7.589 0.048 -0.049 1.307 0.411 -0.227 -0.122
0.008 -0.088 0 -0.016 0.048 6.52 -0.002 0.262 0.039 -0.086 0.011
0.072 -0.208 0 0.024 -0.049 -0.002 6.959 0.471 0.115 -0.179 -0.036
0.047 0.435 0 0.203 1.307 0.262 0.471 1.855 0.252 0.558 0.372
0.01 -0.052 0 0.029 0.411 0.039 0.115 0.252 4.033 -0.071 0.096
-0.14 -0.105 0 -0.261 -0.227 -0.086 -0.179 0.558 -0.071 8.254 0.012
0.041 -0.051 0 0 -0.122 0.011 -0.036 0.372 0.096 0.012 9.202

 Final eigenvalues for each cluster >> 
 (rows correspond to clusters)
79.174 13.361 13.046 10.556 10.351 10.137 5.96 3.749 3.051 2.378 1.791
79.174 9.355 8.07 6.37 6.346 5.994 4.809 3.442 2.767 2.518 2.421
79.174 9.921 9.227 8.379 7.859 6.982 6.523 4.528 3.98 1.388 1.385

 theoretical Separation index matrix >>

-1 0.439 0.34
0.439 -1 0.34
0.34 0.34 -1

 theoretical projection directions >>

**** cluster 1 and 2
0.131 0.145 0 0.272 0.018 0.15 0.29 0.148 0.238 0.595 0.59

**** cluster 1 and 3
0.387 -0.323 0 0.292 0.228 0.167 0.302 0.16 0.375 0.481 0.302

**** cluster 2 and 3
-0.07 -0.909 0 -0.17 0.277 -0.067 -0.121 -0.076 -0.098 -0.151 -0.076

 empirical Separation index matrix (alpha= 0.05 )>>

-1 0.419 0.271
0.419 -1 0.349
0.271 0.349 -1

 empirical projection directions >>

**** cluster 1 and 2
-0.161 -0.096 0.012 -0.182 -0.065 -0.071 -0.337 -0.026 -0.148 -0.567 -0.681

**** cluster 1 and 3
-0.23 -0.875 0.026 -0.126 0.271 -0.109 -0.107 -0.029 0.146 -0.187 0.104

**** cluster 2 and 3
0.446 -0.256 -0.058 0.121 0.271 -0.06 0.476 0.119 0.439 0.32 0.322
