
 Log information for the data set datasetJHG3v5nv1out0_3.dat >>

 alpha = 0.05 sepVal = 0.34

 Number of clusters >> 3

 cluster sizes >>
50 50 50

 Number of data points >> 150

 Number of dimensions >> 6

 Number of noisy dimensions >> 1

 noisy variables >>
1

 Number of outliers >> 0

 initial eigenvalues for each cluster >> 
 (rows correspond to clusters)
5.045 5.527 7.908 1.5 2.328
4.796 4.885 5.145 2.43 5.009
7.681 4.954 3.627 1.711 9.154

 Mean vectors and covariance matrices before rotation --- 1th cluster >>

 mean vector (mu'=Q*mu)>>
-8.899 0 0 0 0 5.007

 covariance matrix (Sigma'=Q*Sigma*t(Q))>>

8.149 -1.372 -2.799 3.193 0.888 0
-1.372 9.093 -1.995 1.668 0.427 0
-2.799 -1.995 12.654 0.008 -0.145 0
3.193 1.668 0.008 6.93 1.404 0
0.888 0.427 -0.145 1.404 4.812 0
0 0 0 0 0 51.691

 Mean vectors and covariance matrices before rotation --- 2th cluster >>

 mean vector (mu'=Q*mu)>>
8.899 0 0 0 0 5.007

 covariance matrix (Sigma'=Q*Sigma*t(Q))>>

4.217 -0.268 -0.188 1.028 -0.418 0
-0.268 4.764 -0.081 0.381 -0.184 0
-0.188 -0.081 5.095 0.156 -0.118 0
1.028 0.381 0.156 3.452 0.455 0
-0.418 -0.184 -0.118 0.455 4.736 0
0 0 0 0 0 51.691

 Mean vectors and covariance matrices before rotation --- 3th cluster >>

 mean vector (mu'=Q*mu)>>
0 15.414 0 0 0 5.007

 covariance matrix (Sigma'=Q*Sigma*t(Q))>>

5.425 0.685 0.245 2.174 -1.391 0
0.685 5.991 0.227 1.551 -0.071 0
0.245 0.227 3.674 0.3 0.031 0
2.174 1.551 0.3 3.546 0.464 0
-1.391 -0.071 0.031 0.464 8.492 0
0 0 0 0 0 51.691

 Final eigenvalues for each cluster >> 
 (rows correspond to clusters)
51.691 14.761 10.315 9.417 4.345 2.801
51.691 5.145 5.009 4.885 4.796 2.43
51.691 9.154 7.681 4.954 3.627 1.711

 *************************************************

 ********************* rotation ******************

 *************************************************


 The orthogonal matrix Q >>
0.63 0.245 0.658 0.306 0.131
0.245 -0.963 0.099 0.046 0.02
0.658 0.099 -0.734 0.123 0.053
0.306 0.046 0.123 -0.943 0.025
0.131 0.02 0.053 0.025 -0.989

 Mean vectors and covariance matrices after rotation --- 1th cluster >>

 mean vector (mu'=Q*mu)>>
5.007 -2.176 -5.603 -5.857 -1.167 -2.721

 covariance matrix (Sigma'=Q*Sigma*t(Q))>>

51.691 0 0 0 0 0
0 9.875 1.246 -0.688 0.407 1.314
0 1.246 8.345 -1.058 -0.631 -2.402
0 -0.688 -1.058 14.029 -0.625 -1.94
0 0.407 -0.631 -0.625 4.566 0.666
0 1.314 -2.402 -1.94 0.666 4.824

 Mean vectors and covariance matrices after rotation --- 2th cluster >>

 mean vector (mu'=Q*mu)>>
5.007 2.176 5.603 5.857 1.167 2.721

 covariance matrix (Sigma'=Q*Sigma*t(Q))>>

51.691 0 0 0 0 0
0 4.859 0.087 0.024 -0.065 0.195
0 0.087 4.755 -0.227 0.228 -0.555
0 0.024 -0.227 4.976 0.123 -0.531
0 -0.065 0.228 0.123 4.836 0.44
0 0.195 -0.555 -0.531 0.44 2.839

 Mean vectors and covariance matrices after rotation --- 3th cluster >>

 mean vector (mu'=Q*mu)>>
5.007 -14.849 3.769 1.522 0.303 0.707

 covariance matrix (Sigma'=Q*Sigma*t(Q))>>

51.691 0 0 0 0 0
0 5.481 -0.967 -0.301 0.064 0.723
0 -0.967 6.062 1.432 0.445 -1.161
0 -0.301 1.432 4.529 0.848 -0.872
0 0.064 0.445 0.848 8.783 0.53
0 0.723 -1.161 -0.872 0.53 2.273

 Final eigenvalues for each cluster >> 
 (rows correspond to clusters)
51.691 14.761 10.315 9.417 4.345 2.801
51.691 5.145 5.009 4.885 4.796 2.43
51.691 9.154 7.681 4.954 3.627 1.711

 theoretical Separation index matrix >>

-1 0.353 0.34
0.353 -1 0.34
0.34 0.34 -1

 theoretical projection directions >>

**** cluster 1 and 2
0 0.039 0.594 0.428 0.078 0.676

**** cluster 1 and 3
0 -0.469 0.475 0.256 0.006 0.699

**** cluster 2 and 3
0 -0.923 -0.168 -0.288 0.007 -0.191

 empirical Separation index matrix (alpha= 0.05 )>>

-1 0.351 0.369
0.351 -1 0.36
0.369 0.36 -1

 empirical projection directions >>

**** cluster 1 and 2
-0.002 0.106 0.579 0.46 0.127 0.652

**** cluster 1 and 3
0.011 -0.462 0.481 0.196 -0.041 0.718

**** cluster 2 and 3
0.01 -0.895 -0.137 -0.374 -0.184 -0.079
