
 Log information for the data set datasetJHG2v2nv1out0_1.dat >>

 alpha = 0.05 sepVal = 0.34

 Number of clusters >> 2

 cluster sizes >>
50 50

 Number of data points >> 100

 Number of dimensions >> 3

 Number of noisy dimensions >> 1

 noisy variables >>
2

 Number of outliers >> 0

 initial eigenvalues for each cluster >> 
 (rows correspond to clusters)
8.007 8.13
9.104 2.416

 Mean vectors and covariance matrices before rotation --- 1th cluster >>

 mean vector (mu'=Q*mu)>>
-9.959 0 0

 covariance matrix (Sigma'=Q*Sigma*t(Q))>>

8.031 -0.049 0
-0.049 8.106 0
0 0 10.986

 Mean vectors and covariance matrices before rotation --- 2th cluster >>

 mean vector (mu'=Q*mu)>>
9.959 0 0

 covariance matrix (Sigma'=Q*Sigma*t(Q))>>

5.642 3.342 0
3.342 5.878 0
0 0 10.986

 Final eigenvalues for each cluster >> 
 (rows correspond to clusters)
10.986 8.13 8.007
10.986 9.104 2.416

 *************************************************

 ********************* rotation ******************

 *************************************************


 The orthogonal matrix Q >>
0.525 0.851
0.851 -0.525

 Mean vectors and covariance matrices after rotation --- 1th cluster >>

 mean vector (mu'=Q*mu)>>
-5.231 0 -8.475

 covariance matrix (Sigma'=Q*Sigma*t(Q))>>

8.041 0 -0.055
0 10.986 0
-0.055 0 8.095

 Mean vectors and covariance matrices after rotation --- 2th cluster >>

 mean vector (mu'=Q*mu)>>
5.231 0 8.475

 covariance matrix (Sigma'=Q*Sigma*t(Q))>>

8.8 0 1.392
0 10.986 0
1.392 0 2.719

 Final eigenvalues for each cluster >> 
 (rows correspond to clusters)
10.986 8.13 8.007
10.986 9.104 2.416

 theoretical Separation index matrix >>

-1 0.34
0.34 -1

 theoretical projection directions >>

**** cluster 1 and 2
0.27 0 0.963

 empirical Separation index matrix (alpha= 0.05 )>>

-1 0.321
0.321 -1

 empirical projection directions >>

**** cluster 1 and 2
-0.32 0.035 -0.947
