
 Log information for the data set datasetJHG3v2nv1out0_3.dat >>

 alpha = 0.05 sepVal = 0.34

 Number of clusters >> 3

 cluster sizes >>
50 50 50

 Number of data points >> 150

 Number of dimensions >> 3

 Number of noisy dimensions >> 1

 noisy variables >>
3

 Number of outliers >> 0

 initial eigenvalues for each cluster >> 
 (rows correspond to clusters)
7.687 2.163
6.308 1.24
8.657 1.706

 Mean vectors and covariance matrices before rotation --- 1th cluster >>

 mean vector (mu'=Q*mu)>>
-11.316 0 1.319

 covariance matrix (Sigma'=Q*Sigma*t(Q))>>

3.601 2.424 0
2.424 6.249 0
0 0 93.82

 Mean vectors and covariance matrices before rotation --- 2th cluster >>

 mean vector (mu'=Q*mu)>>
11.316 0 1.319

 covariance matrix (Sigma'=Q*Sigma*t(Q))>>

6.667 0.578 0
0.578 33.849 0
0 0 93.82

 Mean vectors and covariance matrices before rotation --- 3th cluster >>

 mean vector (mu'=Q*mu)>>
0 19.599 1.319

 covariance matrix (Sigma'=Q*Sigma*t(Q))>>

3.985 3.264 0
3.264 6.378 0
0 0 93.82

 Final eigenvalues for each cluster >> 
 (rows correspond to clusters)
93.82 7.687 2.163
93.82 33.861 6.655
93.82 8.657 1.706

 *************************************************

 ********************* rotation ******************

 *************************************************


 The orthogonal matrix Q >>
0.793 0.61
0.61 -0.793

 Mean vectors and covariance matrices after rotation --- 1th cluster >>

 mean vector (mu'=Q*mu)>>
-8.969 -6.899 1.319

 covariance matrix (Sigma'=Q*Sigma*t(Q))>>

6.928 -1.901 0
-1.901 2.922 0
0 0 93.82

 Mean vectors and covariance matrices after rotation --- 2th cluster >>

 mean vector (mu'=Q*mu)>>
8.969 6.899 1.319

 covariance matrix (Sigma'=Q*Sigma*t(Q))>>

17.329 -13.284 0
-13.284 23.186 0
0 0 93.82

 Mean vectors and covariance matrices after rotation --- 3th cluster >>

 mean vector (mu'=Q*mu)>>
11.949 -15.535 1.319

 covariance matrix (Sigma'=Q*Sigma*t(Q))>>

8.029 -1.994 0
-1.994 2.334 0
0 0 93.82

 Final eigenvalues for each cluster >> 
 (rows correspond to clusters)
93.82 7.687 2.163
93.82 33.861 6.655
93.82 8.657 1.706

 theoretical Separation index matrix >>

-1 0.447 0.34
0.447 -1 0.34
0.34 0.34 -1

 theoretical projection directions >>

**** cluster 1 and 2
0.731 0.683 0

**** cluster 1 and 3
0.85 -0.527 0

**** cluster 2 and 3
-0.373 -0.928 0

 empirical Separation index matrix (alpha= 0.05 )>>

-1 0.37 0.453
0.37 -1 0.326
0.453 0.326 -1

 empirical projection directions >>

**** cluster 1 and 2
-0.31 -0.95 0.029

**** cluster 1 and 3
-0.69 -0.724 0.007

**** cluster 2 and 3
-0.663 0.747 0.034
