
 Log information for the data set datasetJLG2v2nv10out0_3.dat >>

 alpha = 0.05 sepVal = 0.01

 Number of clusters >> 2

 cluster sizes >>
50 50

 Number of data points >> 100

 Number of dimensions >> 12

 Number of noisy dimensions >> 10

 noisy variables >>
1 2 4 5 6 7 8 9 10 12

 Number of outliers >> 0

 initial eigenvalues for each cluster >> 
 (rows correspond to clusters)
3.863 4.582
7.006 2.565

 Mean vectors and covariance matrices before rotation --- 1th cluster >>

 mean vector (mu'=Q*mu)>>
-4.468 0 0 0 0 0 0 0 0 0 0 0

 covariance matrix (Sigma'=Q*Sigma*t(Q))>>

3.876 -0.097 0 0 0 0 0 0 0 0 0 0
-0.097 4.569 0 0 0 0 0 0 0 0 0 0
0 0 10.555 3.044 2.678 0.012 -0.009 -1.827 -0.434 -3.288 1.935 1.191
0 0 3.044 7.517 2.668 0.081 0.192 0.001 0.953 0.65 2.013 2.19
0 0 2.678 2.668 8.33 0.077 0.18 -0.048 0.883 0.522 1.941 2.088
0 0 0.012 0.081 0.077 11.34 0.004 -0.014 0.017 -0.012 0.057 0.055
0 0 -0.009 0.192 0.18 0.004 12.202 -0.04 0.034 -0.042 0.134 0.125
0 0 -1.827 0.001 -0.048 -0.014 -0.04 24.178 -0.269 -0.724 -0.051 -0.222
0 0 -0.434 0.953 0.883 0.017 0.034 -0.269 13.746 -0.365 0.653 0.576
0 0 -3.288 0.65 0.522 -0.012 -0.042 -0.724 -0.365 18.408 0.36 0.029
0 0 1.935 2.013 1.941 0.057 0.134 -0.051 0.653 0.36 7.597 1.565
0 0 1.191 2.19 2.088 0.055 0.125 -0.222 0.576 0.029 1.565 10.83

 Mean vectors and covariance matrices before rotation --- 2th cluster >>

 mean vector (mu'=Q*mu)>>
4.468 0 0 0 0 0 0 0 0 0 0 0

 covariance matrix (Sigma'=Q*Sigma*t(Q))>>

6.456 1.463 0 0 0 0 0 0 0 0 0 0
1.463 3.116 0 0 0 0 0 0 0 0 0 0
0 0 10.555 3.044 2.678 0.012 -0.009 -1.827 -0.434 -3.288 1.935 1.191
0 0 3.044 7.517 2.668 0.081 0.192 0.001 0.953 0.65 2.013 2.19
0 0 2.678 2.668 8.33 0.077 0.18 -0.048 0.883 0.522 1.941 2.088
0 0 0.012 0.081 0.077 11.34 0.004 -0.014 0.017 -0.012 0.057 0.055
0 0 -0.009 0.192 0.18 0.004 12.202 -0.04 0.034 -0.042 0.134 0.125
0 0 -1.827 0.001 -0.048 -0.014 -0.04 24.178 -0.269 -0.724 -0.051 -0.222
0 0 -0.434 0.953 0.883 0.017 0.034 -0.269 13.746 -0.365 0.653 0.576
0 0 -3.288 0.65 0.522 -0.012 -0.042 -0.724 -0.365 18.408 0.36 0.029
0 0 1.935 2.013 1.941 0.057 0.134 -0.051 0.653 0.36 7.597 1.565
0 0 1.191 2.19 2.088 0.055 0.125 -0.222 0.576 0.029 1.565 10.83

 Final eigenvalues for each cluster >> 
 (rows correspond to clusters)
24.509 19.843 17.296 13.635 12.194 11.339 9.239 6.135 5.753 4.761 4.582 3.863
24.509 19.843 17.296 13.635 12.194 11.339 9.239 7.006 6.135 5.753 4.761 2.565

 *************************************************

 ********************* rotation ******************

 *************************************************


 The orthogonal matrix Q >>
0.193 0.981
0.981 -0.193

 Mean vectors and covariance matrices after rotation --- 1th cluster >>

 mean vector (mu'=Q*mu)>>
0 0 -4.384 0 0 0 0 0 0 0 -0.862 0

 covariance matrix (Sigma'=Q*Sigma*t(Q))>>

8.33 2.678 0 1.941 0.077 0.18 0.883 -0.048 2.088 0.522 0 2.668
2.678 10.555 0 1.935 0.012 -0.009 -0.434 -1.827 1.191 -3.288 0 3.044
0 0 3.938 0 0 0 0 0 0 0 -0.221 0
1.941 1.935 0 7.597 0.057 0.134 0.653 -0.051 1.565 0.36 0 2.013
0.077 0.012 0 0.057 11.34 0.004 0.017 -0.014 0.055 -0.012 0 0.081
0.18 -0.009 0 0.134 0.004 12.202 0.034 -0.04 0.125 -0.042 0 0.192
0.883 -0.434 0 0.653 0.017 0.034 13.746 -0.269 0.576 -0.365 0 0.953
-0.048 -1.827 0 -0.051 -0.014 -0.04 -0.269 24.178 -0.222 -0.724 0 0.001
2.088 1.191 0 1.565 0.055 0.125 0.576 -0.222 10.83 0.029 0 2.19
0.522 -3.288 0 0.36 -0.012 -0.042 -0.365 -0.724 0.029 18.408 0 0.65
0 0 -0.221 0 0 0 0 0 0 0 4.507 0
2.668 3.044 0 2.013 0.081 0.192 0.953 0.001 2.19 0.65 0 7.517

 Mean vectors and covariance matrices after rotation --- 2th cluster >>

 mean vector (mu'=Q*mu)>>
0 0 4.384 0 0 0 0 0 0 0 0.862 0

 covariance matrix (Sigma'=Q*Sigma*t(Q))>>

8.33 2.678 0 1.941 0.077 0.18 0.883 -0.048 2.088 0.522 0 2.668
2.678 10.555 0 1.935 0.012 -0.009 -0.434 -1.827 1.191 -3.288 0 3.044
0 0 5.778 0 0 0 0 0 0 0 1.987 0
1.941 1.935 0 7.597 0.057 0.134 0.653 -0.051 1.565 0.36 0 2.013
0.077 0.012 0 0.057 11.34 0.004 0.017 -0.014 0.055 -0.012 0 0.081
0.18 -0.009 0 0.134 0.004 12.202 0.034 -0.04 0.125 -0.042 0 0.192
0.883 -0.434 0 0.653 0.017 0.034 13.746 -0.269 0.576 -0.365 0 0.953
-0.048 -1.827 0 -0.051 -0.014 -0.04 -0.269 24.178 -0.222 -0.724 0 0.001
2.088 1.191 0 1.565 0.055 0.125 0.576 -0.222 10.83 0.029 0 2.19
0.522 -3.288 0 0.36 -0.012 -0.042 -0.365 -0.724 0.029 18.408 0 0.65
0 0 1.987 0 0 0 0 0 0 0 3.794 0
2.668 3.044 0 2.013 0.081 0.192 0.953 0.001 2.19 0.65 0 7.517

 Final eigenvalues for each cluster >> 
 (rows correspond to clusters)
24.509 19.843 17.296 13.635 12.194 11.339 9.239 6.135 5.753 4.761 4.582 3.863
24.509 19.843 17.296 13.635 12.194 11.339 9.239 7.006 6.135 5.753 4.761 2.565

 theoretical Separation index matrix >>

-1 0.01
0.01 -1

 theoretical projection directions >>

**** cluster 1 and 2
0 0 0.999 0 0 0 0 0 0 0 0.041 0

 empirical Separation index matrix (alpha= 0.05 )>>

-1 0.07
0.07 -1

 empirical projection directions >>

**** cluster 1 and 2
0.06 -0.02 0.966 0.112 -0.107 -0.018 0.146 -0.02 -0.041 0.027 0.102 -0.065
