
 Log information for the data set datasetJLG5v5nv1out0_2.dat >>

 alpha = 0.05 sepVal = 0.01

 Number of clusters >> 5

 cluster sizes >>
50 50 50 50 50

 Number of data points >> 250

 Number of dimensions >> 6

 Number of noisy dimensions >> 1

 noisy variables >>
4

 Number of outliers >> 0

 initial eigenvalues for each cluster >> 
 (rows correspond to clusters)
1.957 2.77 5.938 4.338 3.833
8.208 4.308 5.09 7.754 7.792
7.905 8.307 3.604 5.586 5.49
1.81 6.059 9.901 9.737 8.452
5.46 4.06 9.216 6.034 7.47

 Mean vectors and covariance matrices before rotation --- 1th cluster >>

 mean vector (mu'=Q*mu)>>
-5.289 0 0 0 0 2.715

 covariance matrix (Sigma'=Q*Sigma*t(Q))>>

9.043 0.246 -2.694 -1.742 -0.311 0
0.246 6.43 -0.539 -0.463 -0.112 0
-2.694 -0.539 11.986 -2.228 -0.655 0
-1.742 -0.463 -2.228 7.712 -0.672 0
-0.311 -0.112 -0.655 -0.672 8.755 0
0 0 0 0 0 12.161

 Mean vectors and covariance matrices before rotation --- 2th cluster >>

 mean vector (mu'=Q*mu)>>
5.289 0 0 0 0 2.715

 covariance matrix (Sigma'=Q*Sigma*t(Q))>>

5.742 1.322 0.92 -0.126 -0.032 0
1.322 5.654 1.244 0.113 0.027 0
0.92 1.244 6.215 0.085 0.021 0
-0.126 0.113 0.085 7.749 -0.001 0
-0.032 0.027 0.021 -0.001 7.792 0
0 0 0 0 0 12.161

 Mean vectors and covariance matrices before rotation --- 3th cluster >>

 mean vector (mu'=Q*mu)>>
0 9.161 0 0 0 2.715

 covariance matrix (Sigma'=Q*Sigma*t(Q))>>

6.475 -0.844 0.429 0.738 0.56 0
-0.844 8.009 0.153 0.191 0.152 0
0.429 0.153 3.775 0.403 0.286 0
0.738 0.191 0.403 6.912 0.887 0
0.56 0.152 0.286 0.887 6.214 0
0 0 0 0 0 12.161

 Mean vectors and covariance matrices before rotation --- 4th cluster >>

 mean vector (mu'=Q*mu)>>
0 3.054 8.637 0 0 2.715

 covariance matrix (Sigma'=Q*Sigma*t(Q))>>

6.655 -0.572 -0.515 -2.944 -0.268 0
-0.572 4.799 -0.393 -2.288 -0.246 0
-0.515 -0.393 9.801 -0.588 -0.067 0
-2.944 -2.288 -0.588 6.296 -0.388 0
-0.268 -0.246 -0.067 -0.388 8.408 0
0 0 0 0 0 12.161

 Mean vectors and covariance matrices before rotation --- 5th cluster >>

 mean vector (mu'=Q*mu)>>
0 3.054 2.159 8.363 0 2.715

 covariance matrix (Sigma'=Q*Sigma*t(Q))>>

6.03 0.573 -0.961 -0.136 -0.261 0
0.573 4.288 -0.125 0.214 -0.008 0
-0.961 -0.125 8.807 -0.618 -0.175 0
-0.136 0.214 -0.618 5.714 -0.194 0
-0.261 -0.008 -0.175 -0.194 7.403 0
0 0 0 0 0 12.161

 Final eigenvalues for each cluster >> 
 (rows correspond to clusters)
13.847 12.161 10.117 8.937 6.46 4.565
12.161 8.208 7.792 7.754 5.09 4.308
12.161 8.439 8.031 5.675 5.578 3.661
12.161 9.901 9.737 8.452 6.059 1.81
12.161 9.216 7.47 6.034 5.46 4.06

 *************************************************

 ********************* rotation ******************

 *************************************************


 The orthogonal matrix Q >>
0.477 0.422 0.175 0.646 0.383
0.422 -0.879 0.05 0.185 0.11
0.175 0.05 -0.979 0.076 0.045
0.646 0.185 0.076 -0.718 0.168
0.383 0.11 0.045 0.168 -0.9

 Mean vectors and covariance matrices after rotation --- 1th cluster >>

 mean vector (mu'=Q*mu)>>
-2.522 -2.028 -2.234 2.715 -0.924 -3.415

 covariance matrix (Sigma'=Q*Sigma*t(Q))>>

5.243 -0.551 -0.125 0 2.048 0.167
-0.551 8.886 0.006 0 0.664 0.151
-0.125 0.006 6.528 0 0.902 0.395
0 0 0 12.161 0 0
2.048 0.664 0.902 0 13.161 0.267
0.167 0.151 0.395 0 0.267 10.107

 Mean vectors and covariance matrices after rotation --- 2th cluster >>

 mean vector (mu'=Q*mu)>>
2.522 2.028 2.234 2.715 0.924 3.415

 covariance matrix (Sigma'=Q*Sigma*t(Q))>>

7.75 -0.101 -0.141 0 -0.798 -0.146
-0.101 7.621 -0.521 0 -0.495 -0.265
-0.141 -0.521 4.654 0 0.512 -0.783
0 0 0 12.161 0 0
-0.798 -0.495 0.512 0 5.781 -0.772
-0.146 -0.265 -0.783 0 -0.772 7.348

 Mean vectors and covariance matrices after rotation --- 3th cluster >>

 mean vector (mu'=Q*mu)>>
3.869 1.005 -8.055 2.715 0.458 1.691

 covariance matrix (Sigma'=Q*Sigma*t(Q))>>

7.945 -0.365 0.084 0 0.055 -0.303
-0.365 5.634 0.019 0 0.035 0.045
0.084 0.019 8.42 0 0.106 0.115
0 0 0 12.161 0 0
0.055 0.035 0.106 0 3.666 0.04
-0.303 0.045 0.115 0 0.04 5.721

 Mean vectors and covariance matrices after rotation --- 4th cluster >>

 mean vector (mu'=Q*mu)>>
2.798 0.727 -2.254 2.715 -8.307 1.223

 covariance matrix (Sigma'=Q*Sigma*t(Q))>>

2.583 -1.842 0.864 0 -0.49 0.052
-1.842 7.865 -0.021 0 -0.121 0.163
0.864 -0.021 5.953 0 -0.079 -0.294
0 0 0 12.161 0 0
-0.49 -0.121 -0.079 0 9.863 -0.013
0.052 0.163 -0.294 0 -0.013 9.694

 Mean vectors and covariance matrices after rotation --- 5th cluster >>

 mean vector (mu'=Q*mu)>>
7.066 1.835 -1.033 2.715 -1.324 -5.274

 covariance matrix (Sigma'=Q*Sigma*t(Q))>>

5.602 -0.383 0.194 0 0.428 0.124
-0.383 7.369 -0.109 0 0.184 -0.132
0.194 -0.109 4.106 0 0.242 0.177
0 0 0 12.161 0 0
0.428 0.184 0.242 0 9.141 0.043
0.124 -0.132 0.177 0 0.043 6.023

 Final eigenvalues for each cluster >> 
 (rows correspond to clusters)
13.847 12.161 10.117 8.937 6.46 4.565
12.161 8.208 7.792 7.754 5.09 4.308
12.161 8.439 8.031 5.675 5.578 3.661
12.161 9.901 9.737 8.452 6.059 1.81
12.161 9.216 7.47 6.034 5.46 4.06

 theoretical Separation index matrix >>

-1 0.01 0.01 0.046 0.082
0.01 -1 0.038 0.012 0.043
0.01 0.038 -1 0.025 0.049
0.046 0.012 0.025 -1 0.01
0.082 0.043 0.049 0.01 -1

 theoretical projection directions >>

**** cluster 1 and 2
0.512 0.361 0.566 0 0.075 0.531

**** cluster 1 and 3
0.656 0.309 -0.528 0 0.036 0.441

**** cluster 1 and 4
0.848 0.296 -0.035 0 -0.377 0.221

**** cluster 1 and 5
0.928 0.294 0.13 0 -0.138 -0.131

**** cluster 2 and 3
0.084 -0.13 -0.966 0 -0.005 -0.208

**** cluster 2 and 4
-0.063 -0.171 -0.541 0 -0.783 -0.246

**** cluster 2 and 5
0.385 -0.045 -0.468 0 -0.176 -0.774

**** cluster 3 and 4
-0.192 -0.059 0.493 0 -0.846 -0.035

**** cluster 3 and 5
0.258 0.088 0.663 0 -0.176 -0.675

**** cluster 4 and 5
0.711 0.196 0.057 0 0.448 -0.502

 empirical Separation index matrix (alpha= 0.05 )>>

-1 -0.034 -0.014 0.031 0.088
-0.034 -1 -0.014 0.141 0.083
-0.014 -0.014 -1 0.059 0
0.031 0.141 0.059 -1 0.047
0.088 0.083 0 0.047 -1

 empirical projection directions >>

**** cluster 1 and 2
0.584 0.195 0.432 -0.105 0.212 0.615

**** cluster 1 and 3
0.812 0.287 -0.17 0.177 -0.278 0.347

**** cluster 1 and 4
0.924 0.349 0.071 -0.003 0.018 -0.137

**** cluster 1 and 5
0.533 0.262 -0.59 0.15 0.302 0.431

**** cluster 2 and 3
0.065 0.017 -0.675 0.246 -0.642 -0.259

**** cluster 2 and 4
0.294 0.057 -0.573 0.027 -0.061 -0.76

**** cluster 2 and 5
0.093 0.018 -0.954 0.075 0.024 -0.273

**** cluster 3 and 4
0.671 0.1 -0.152 -0.126 0.425 -0.567

**** cluster 3 and 5
0.335 0.074 -0.66 -0.062 0.664 -0.034

**** cluster 4 and 5
-0.234 -0.01 -0.723 0.046 0.271 0.59
