
 Log information for the data set datasetJLG2v2nv1out0_3.dat >>

 alpha = 0.05 sepVal = 0.01

 Number of clusters >> 2

 cluster sizes >>
50 50

 Number of data points >> 100

 Number of dimensions >> 3

 Number of noisy dimensions >> 1

 noisy variables >>
3

 Number of outliers >> 0

 initial eigenvalues for each cluster >> 
 (rows correspond to clusters)
9.421 9.63
3.58 4.998

 Mean vectors and covariance matrices before rotation --- 1th cluster >>

 mean vector (mu'=Q*mu)>>
-5.169 0 0

 covariance matrix (Sigma'=Q*Sigma*t(Q))>>

9.614 -0.055 0
-0.055 9.436 0
0 0 16.733

 Mean vectors and covariance matrices before rotation --- 2th cluster >>

 mean vector (mu'=Q*mu)>>
5.169 0 0

 covariance matrix (Sigma'=Q*Sigma*t(Q))>>

4.333 -0.708 0
-0.708 4.244 0
0 0 16.733

 Final eigenvalues for each cluster >> 
 (rows correspond to clusters)
16.733 9.63 9.421
16.733 4.998 3.58

 *************************************************

 ********************* rotation ******************

 *************************************************


 The orthogonal matrix Q >>
0.47 0.883
0.883 -0.47

 Mean vectors and covariance matrices after rotation --- 1th cluster >>

 mean vector (mu'=Q*mu)>>
-4.562 -2.429 0

 covariance matrix (Sigma'=Q*Sigma*t(Q))>>

9.621 0.043 0
0.043 9.43 0
0 0 16.733

 Mean vectors and covariance matrices after rotation --- 2th cluster >>

 mean vector (mu'=Q*mu)>>
4.562 2.429 0

 covariance matrix (Sigma'=Q*Sigma*t(Q))>>

4.901 -0.358 0
-0.358 3.677 0
0 0 16.733

 Final eigenvalues for each cluster >> 
 (rows correspond to clusters)
16.733 9.63 9.421
16.733 4.998 3.58

 theoretical Separation index matrix >>

-1 0.01
0.01 -1

 theoretical projection directions >>

**** cluster 1 and 2
0.847 0.531 0

 empirical Separation index matrix (alpha= 0.05 )>>

-1 -0.042
-0.042 -1

 empirical projection directions >>

**** cluster 1 and 2
-0.852 -0.522 0.027
