
 Log information for the data set datasetJHG2v22nv0out0_1.dat >>

 alpha = 0.05 sepVal = 0.34

 Number of clusters >> 2

 cluster sizes >>
50 50

 Number of data points >> 100

 Number of dimensions >> 22

 Number of noisy dimensions >> 0

 noisy variables >>
0

 Number of outliers >> 0

 initial eigenvalues for each cluster >> 
 (rows correspond to clusters)
2.058 1.886 7.727 4.358 9.554 7.514 4.978 3.142 2.085 9.714 4.031 5.511 9.764 7.037 1.024 6.68 3.372 6.144 1.035 1.691 7.016 1.654
4.413 6.244 2.423 5.613 5.885 6.992 5.978 3.796 8.076 1.035 8.309 6.165 6.482 8.492 6.494 2.074 2.217 2.824 8.619 8.675 8.46 6.311

 Mean vectors and covariance matrices before rotation --- 1th cluster >>

 mean vector (mu'=Q*mu)>>
-8.49 0 0 0 0 0 0 0 0 0 0 0 0 0 0 0 0 0 0 0 0 0

 covariance matrix (Sigma'=Q*Sigma*t(Q))>>

4.554 0.786 -0.833 -0.094 -0.347 -1.165 -0.023 0.009 0.461 -0.842 0.024 -0.022 -0.091 -1.061 0.215 -0.15 0.081 -0.484 0.622 0.269 -0.057 0.623
0.786 2.132 -0.23 -0.009 -0.098 -0.321 -0.005 0.003 0.145 -0.237 0.024 -0.006 -0.026 -0.29 0.066 -0.041 0.029 -0.129 0.191 0.084 -0.016 0.194
-0.833 -0.23 7.325 -0.41 -0.133 -0.584 -0.032 -0.008 -0.157 -0.318 -0.357 -0.021 -0.034 -0.586 -0.034 -0.09 -0.103 -0.344 -0.099 -0.068 -0.032 -0.154
-0.094 -0.009 -0.41 4.076 -0.149 -0.586 -0.025 -0.004 -0.019 -0.357 -0.227 -0.018 -0.039 -0.569 0.016 -0.085 -0.052 -0.31 0.047 0.004 -0.031 0.011
-0.347 -0.098 -0.133 -0.149 9.511 -0.194 -0.011 -0.003 -0.065 -0.103 -0.131 -0.007 -0.011 -0.197 -0.016 -0.031 -0.039 -0.118 -0.047 -0.03 -0.011 -0.067
-1.165 -0.321 -0.584 -0.586 -0.194 6.667 -0.046 -0.011 -0.22 -0.464 -0.511 -0.03 -0.05 -0.848 -0.046 -0.131 -0.146 -0.497 -0.135 -0.095 -0.046 -0.214
-0.023 -0.005 -0.032 -0.025 -0.011 -0.046 4.976 0 -0.004 -0.027 -0.02 -0.001 -0.003 -0.045 0 -0.007 -0.005 -0.025 0.001 -0.001 -0.002 -0.003
0.009 0.003 -0.008 -0.004 -0.003 -0.011 0 3.142 0.002 -0.007 -0.003 0 -0.001 -0.011 0.001 -0.002 0 -0.006 0.003 0.001 -0.001 0.003
0.461 0.145 -0.157 -0.019 -0.065 -0.22 -0.004 0.002 2.171 -0.158 0.003 -0.004 -0.017 -0.2 0.04 -0.028 0.015 -0.092 0.115 0.05 -0.011 0.115
-0.842 -0.237 -0.318 -0.357 -0.103 -0.464 -0.027 -0.007 -0.158 9.47 -0.316 -0.018 -0.026 -0.47 -0.039 -0.073 -0.094 -0.282 -0.114 -0.072 -0.025 -0.163
0.024 0.024 -0.357 -0.227 -0.131 -0.511 -0.02 -0.003 0.003 -0.316 3.852 -0.015 -0.034 -0.493 0.021 -0.073 -0.038 -0.264 0.062 0.014 -0.026 0.034
-0.022 -0.006 -0.021 -0.018 -0.007 -0.03 -0.001 0 -0.004 -0.018 -0.015 5.51 -0.002 -0.03 0 -0.005 -0.004 -0.017 -0.001 -0.001 -0.002 -0.003
-0.091 -0.026 -0.034 -0.039 -0.011 -0.05 -0.003 -0.001 -0.017 -0.026 -0.034 -0.002 9.762 -0.051 -0.004 -0.008 -0.01 -0.031 -0.012 -0.008 -0.003 -0.018
-1.061 -0.29 -0.586 -0.569 -0.197 -0.848 -0.045 -0.011 -0.2 -0.47 -0.493 -0.03 -0.051 6.19 -0.039 -0.13 -0.139 -0.493 -0.115 -0.085 -0.046 -0.191
0.215 0.066 -0.034 0.016 -0.016 -0.046 0 0.001 0.04 -0.039 0.021 0 -0.004 -0.039 1.041 -0.005 0.011 -0.014 0.047 0.022 -0.002 0.051
-0.15 -0.041 -0.09 -0.085 -0.031 -0.131 -0.007 -0.002 -0.028 -0.073 -0.073 -0.005 -0.008 -0.13 -0.005 6.661 -0.021 -0.075 -0.015 -0.012 -0.007 -0.026
0.081 0.029 -0.103 -0.052 -0.039 -0.146 -0.005 0 0.015 -0.094 -0.038 -0.004 -0.01 -0.139 0.011 -0.021 3.366 -0.072 0.032 0.011 -0.007 0.026
-0.484 -0.129 -0.344 -0.31 -0.118 -0.497 -0.025 -0.006 -0.092 -0.282 -0.264 -0.017 -0.031 -0.493 -0.014 -0.075 -0.072 5.862 -0.04 -0.036 -0.027 -0.081
0.622 0.191 -0.099 0.047 -0.047 -0.135 0.001 0.003 0.115 -0.114 0.062 -0.001 -0.012 -0.115 0.047 -0.015 0.032 -0.04 1.173 0.064 -0.006 0.147
0.269 0.084 -0.068 0.004 -0.03 -0.095 -0.001 0.001 0.05 -0.072 0.014 -0.001 -0.008 -0.085 0.022 -0.012 0.011 -0.036 0.064 1.72 -0.005 0.065
-0.057 -0.016 -0.032 -0.031 -0.011 -0.046 -0.002 -0.001 -0.011 -0.025 -0.026 -0.002 -0.003 -0.046 -0.002 -0.007 -0.007 -0.027 -0.006 -0.005 7.013 -0.01
0.623 0.194 -0.154 0.011 -0.067 -0.214 -0.003 0.003 0.115 -0.163 0.034 -0.003 -0.018 -0.191 0.051 -0.026 0.026 -0.081 0.147 0.065 -0.01 1.806

 Mean vectors and covariance matrices before rotation --- 2th cluster >>

 mean vector (mu'=Q*mu)>>
8.49 0 0 0 0 0 0 0 0 0 0 0 0 0 0 0 0 0 0 0 0 0

 covariance matrix (Sigma'=Q*Sigma*t(Q))>>

5.352 -0.192 0.83 -0.092 -0.033 -0.077 -0.19 0.227 -0.553 1.578 -0.87 -0.031 -0.073 -0.728 -0.249 0.364 0.733 0.419 -1.248 -0.779 -0.231 -0.266
-0.192 6.164 0.042 -0.074 -0.018 -0.023 -0.095 -0.011 -0.136 0.133 -0.209 -0.014 -0.027 -0.171 -0.09 0.023 0.043 0.014 -0.289 -0.179 -0.054 -0.106
0.83 0.042 2.777 0.085 0.015 0.002 0.072 0.137 -0.043 0.579 -0.078 0.008 0.01 -0.072 0.033 0.148 0.304 0.192 -0.13 -0.083 -0.022 0.051
-0.092 -0.074 0.085 5.549 -0.016 -0.023 -0.087 0.006 -0.142 0.203 -0.218 -0.013 -0.026 -0.18 -0.086 0.04 0.079 0.037 -0.305 -0.189 -0.057 -0.1
-0.033 -0.018 0.015 -0.016 5.881 -0.006 -0.022 0 -0.033 0.04 -0.051 -0.003 -0.006 -0.042 -0.021 0.008 0.015 0.006 -0.071 -0.044 -0.013 -0.024
-0.077 -0.023 0.002 -0.023 -0.006 6.985 -0.029 -0.007 -0.037 0.021 -0.056 -0.004 -0.008 -0.046 -0.026 0.002 0.003 -0.001 -0.078 -0.048 -0.015 -0.031
-0.19 -0.095 0.072 -0.087 -0.022 -0.029 5.865 -0.006 -0.17 0.196 -0.261 -0.016 -0.032 -0.214 -0.109 0.036 0.069 0.028 -0.363 -0.225 -0.068 -0.127
0.227 -0.011 0.137 0.006 0 -0.007 -0.006 3.84 -0.059 0.244 -0.094 -0.002 -0.005 -0.08 -0.018 0.059 0.119 0.071 -0.138 -0.086 -0.025 -0.016
-0.553 -0.136 -0.043 -0.142 -0.033 -0.037 -0.17 -0.059 7.877 0.03 -0.301 -0.024 -0.045 -0.244 -0.151 -0.01 -0.027 -0.036 -0.41 -0.254 -0.078 -0.181
1.578 0.133 0.579 0.203 0.04 0.021 0.196 0.244 0.03 1.935 0.023 0.024 0.037 0.005 0.125 0.238 0.492 0.32 -0.006 -0.008 0.002 0.169
-0.87 -0.209 -0.078 -0.218 -0.051 -0.056 -0.261 -0.094 -0.301 0.023 7.856 -0.036 -0.068 -0.367 -0.23 -0.021 -0.053 -0.063 -0.617 -0.382 -0.117 -0.276
-0.031 -0.014 0.008 -0.013 -0.003 -0.004 -0.016 -0.002 -0.024 0.024 -0.036 6.163 -0.005 -0.03 -0.015 0.004 0.008 0.003 -0.05 -0.031 -0.009 -0.018
-0.073 -0.027 0.01 -0.026 -0.006 -0.008 -0.032 -0.005 -0.045 0.037 -0.068 -0.005 6.473 -0.056 -0.03 0.006 0.01 0.002 -0.094 -0.058 -0.018 -0.036
-0.728 -0.171 -0.072 -0.18 -0.042 -0.046 -0.214 -0.08 -0.244 0.005 -0.367 -0.03 -0.056 8.195 -0.188 -0.021 -0.05 -0.055 -0.5 -0.309 -0.095 -0.226
-0.249 -0.09 0.033 -0.086 -0.021 -0.026 -0.109 -0.018 -0.151 0.125 -0.23 -0.015 -0.03 -0.188 6.391 0.019 0.035 0.008 -0.317 -0.197 -0.06 -0.12
0.364 0.023 0.148 0.04 0.008 0.002 0.036 0.059 -0.01 0.238 -0.021 0.004 0.006 -0.021 0.019 2.136 0.127 0.081 -0.038 -0.025 -0.006 0.028
0.733 0.043 0.304 0.079 0.015 0.003 0.069 0.119 -0.027 0.492 -0.053 0.008 0.01 -0.05 0.035 0.127 2.477 0.165 -0.092 -0.059 -0.015 0.052
0.419 0.014 0.192 0.037 0.006 -0.001 0.028 0.071 -0.036 0.32 -0.063 0.003 0.002 -0.055 0.008 0.081 0.165 2.927 -0.098 -0.062 -0.017 0.016
-1.248 -0.289 -0.13 -0.305 -0.071 -0.078 -0.363 -0.138 -0.41 -0.006 -0.617 -0.05 -0.094 -0.5 -0.317 -0.038 -0.092 -0.098 7.781 -0.519 -0.159 -0.382
-0.779 -0.179 -0.083 -0.189 -0.044 -0.048 -0.225 -0.086 -0.254 -0.008 -0.382 -0.031 -0.058 -0.309 -0.197 -0.025 -0.059 -0.062 -0.519 8.354 -0.099 -0.237
-0.231 -0.054 -0.022 -0.057 -0.013 -0.015 -0.068 -0.025 -0.078 0.002 -0.117 -0.009 -0.018 -0.095 -0.06 -0.006 -0.015 -0.017 -0.159 -0.099 8.429 -0.072
-0.266 -0.106 0.051 -0.1 -0.024 -0.031 -0.127 -0.016 -0.181 0.169 -0.276 -0.018 -0.036 -0.226 -0.12 0.028 0.052 0.016 -0.382 -0.237 -0.072 6.17

 Final eigenvalues for each cluster >> 
 (rows correspond to clusters)
9.764 9.714 9.554 7.727 7.514 7.037 7.016 6.68 6.144 5.511 4.978 4.358 4.031 3.372 3.142 2.085 2.058 1.886 1.691 1.654 1.035 1.024
8.675 8.619 8.492 8.46 8.309 8.076 6.992 6.494 6.482 6.311 6.244 6.165 5.978 5.885 5.613 4.413 3.796 2.824 2.423 2.217 2.074 1.035

 *************************************************

 ********************* rotation ******************

 *************************************************


 The orthogonal matrix Q >>
0.331 0.071 0.042 0.074 0.013 0.281 0.112 0.24 0.357 0.193 0.269 0.026 0.351 0.17 0.305 0.054 0.028 0.233 0.242 0.044 0.05 0.353
0.071 -0.996 0.002 0.004 0.001 0.015 0.006 0.013 0.019 0.01 0.014 0.001 0.019 0.009 0.016 0.003 0.001 0.012 0.013 0.002 0.003 0.019
0.042 0.002 -0.999 0.002 0 0.009 0.004 0.008 0.011 0.006 0.009 0.001 0.011 0.005 0.01 0.002 0.001 0.007 0.008 0.001 0.002 0.011
0.074 0.004 0.002 -0.996 0.001 0.016 0.006 0.013 0.02 0.011 0.015 0.001 0.02 0.009 0.017 0.003 0.002 0.013 0.014 0.002 0.003 0.02
0.013 0.001 0 0.001 -1 0.003 0.001 0.002 0.003 0.002 0.003 0 0.003 0.002 0.003 0.001 0 0.002 0.002 0 0 0.003
0.281 0.015 0.009 0.016 0.003 -0.941 0.024 0.051 0.075 0.041 0.057 0.006 0.074 0.036 0.064 0.011 0.006 0.049 0.051 0.009 0.01 0.074
0.112 0.006 0.004 0.006 0.001 0.024 -0.991 0.02 0.03 0.016 0.023 0.002 0.03 0.014 0.026 0.005 0.002 0.02 0.02 0.004 0.004 0.03
0.24 0.013 0.008 0.013 0.002 0.051 0.02 -0.957 0.064 0.035 0.048 0.005 0.063 0.031 0.055 0.01 0.005 0.042 0.044 0.008 0.009 0.064
0.357 0.019 0.011 0.02 0.003 0.075 0.03 0.064 -0.904 0.052 0.072 0.007 0.094 0.046 0.082 0.015 0.007 0.062 0.065 0.012 0.013 0.095
0.193 0.01 0.006 0.011 0.002 0.041 0.016 0.035 0.052 -0.972 0.039 0.004 0.051 0.025 0.044 0.008 0.004 0.034 0.035 0.006 0.007 0.051
0.269 0.014 0.009 0.015 0.003 0.057 0.023 0.048 0.072 0.039 -0.946 0.005 0.071 0.034 0.062 0.011 0.006 0.047 0.049 0.009 0.01 0.071
0.026 0.001 0.001 0.001 0 0.006 0.002 0.005 0.007 0.004 0.005 -0.999 0.007 0.003 0.006 0.001 0.001 0.005 0.005 0.001 0.001 0.007
0.351 0.019 0.011 0.02 0.003 0.074 0.03 0.063 0.094 0.051 0.071 0.007 -0.907 0.045 0.081 0.014 0.007 0.061 0.064 0.012 0.013 0.093
0.17 0.009 0.005 0.009 0.002 0.036 0.014 0.031 0.046 0.025 0.034 0.003 0.045 -0.978 0.039 0.007 0.004 0.03 0.031 0.006 0.006 0.045
0.305 0.016 0.01 0.017 0.003 0.064 0.026 0.055 0.082 0.044 0.062 0.006 0.081 0.039 -0.93 0.012 0.006 0.053 0.056 0.01 0.011 0.081
0.054 0.003 0.002 0.003 0.001 0.011 0.005 0.01 0.015 0.008 0.011 0.001 0.014 0.007 0.012 -0.998 0.001 0.01 0.01 0.002 0.002 0.014
0.028 0.001 0.001 0.002 0 0.006 0.002 0.005 0.007 0.004 0.006 0.001 0.007 0.004 0.006 0.001 -0.999 0.005 0.005 0.001 0.001 0.007
0.233 0.012 0.007 0.013 0.002 0.049 0.02 0.042 0.062 0.034 0.047 0.005 0.061 0.03 0.053 0.01 0.005 -0.959 0.042 0.008 0.009 0.062
0.242 0.013 0.008 0.014 0.002 0.051 0.02 0.044 0.065 0.035 0.049 0.005 0.064 0.031 0.056 0.01 0.005 0.042 -0.956 0.008 0.009 0.064
0.044 0.002 0.001 0.002 0 0.009 0.004 0.008 0.012 0.006 0.009 0.001 0.012 0.006 0.01 0.002 0.001 0.008 0.008 -0.999 0.002 0.012
0.05 0.003 0.002 0.003 0 0.01 0.004 0.009 0.013 0.007 0.01 0.001 0.013 0.006 0.011 0.002 0.001 0.009 0.009 0.002 -0.998 0.013
0.353 0.019 0.011 0.02 0.003 0.074 0.03 0.064 0.095 0.051 0.071 0.007 0.093 0.045 0.081 0.014 0.007 0.062 0.064 0.012 0.013 -0.906

 Mean vectors and covariance matrices after rotation --- 1th cluster >>

 mean vector (mu'=Q*mu)>>
-3.03 -1.444 -2.034 -1.639 -0.462 -2.283 -0.422 -2.983 -2.59 -0.631 -0.111 -0.224 -2.812 -0.95 -0.235 -2.384 -1.977 -2.057 -2.998 -0.376 -0.606 -0.357

 covariance matrix (Sigma'=Q*Sigma*t(Q))>>

2.223 0.328 0.071 0.032 0.031 0.121 -0.013 -0.486 0.219 0.15 0.112 0.003 0.402 -0.006 0.018 0.235 0.113 0.08 0.134 -0.017 -0.084 0.3
0.328 6.682 0.36 -0.108 -0.025 -0.058 0.024 0.221 0.476 -0.384 -0.094 0.011 0.787 0.112 -0.099 -0.236 -0.067 0.21 0.316 -0.054 -0.299 -0.308
0.071 0.36 3.211 0.139 0.043 0.102 0.003 -0.282 0.15 0.117 0.117 0.007 0.096 0.009 0.005 0.32 0.154 0.002 0.049 -0.04 -0.144 0.303
0.032 -0.108 0.139 9.66 -0.016 -0.13 -0.004 -0.121 0.196 -0.231 -0.001 -0.002 -0.271 0.023 -0.08 -0.091 -0.066 -0.024 0.007 -0.088 -0.328 -0.052
0.031 -0.025 0.043 -0.016 6.677 -0.017 0 -0.029 0.066 -0.049 -0.002 0 0.033 0.009 -0.016 -0.021 -0.01 0.014 0.027 -0.016 -0.065 -0.014
0.121 -0.058 0.102 -0.13 -0.017 4 -0.017 -0.31 0.224 -0.083 0.005 -0.003 0.273 0.003 -0.03 -0.107 -0.059 0.088 0.125 -0.027 -0.133 -0.004
-0.013 0.024 0.003 -0.004 0 -0.017 7.012 -0.077 0.015 -0.009 0.014 -0.001 -0.099 -0.006 -0.008 0.01 -0.004 -0.017 -0.017 -0.015 -0.049 0.031
-0.486 0.221 -0.282 -0.121 -0.029 -0.31 -0.077 8.787 -0.273 0.02 0.145 -0.033 -2.092 -0.168 -0.047 -0.013 -0.169 -0.401 -0.515 -0.138 -0.355 0.354
0.219 0.476 0.15 0.196 0.066 0.224 0.015 -0.273 1.308 0.189 0.141 0.016 0.664 0.041 0.025 0.448 0.249 0.108 0.199 -0.019 -0.103 0.372
0.15 -0.384 0.117 -0.231 -0.049 -0.083 -0.009 0.02 0.189 4.144 -0.106 -0.004 0.485 0.025 -0.039 -0.367 -0.163 0.147 0.172 0.009 -0.025 -0.296
0.112 -0.094 0.117 -0.001 -0.002 0.005 0.014 0.145 0.141 -0.106 9.524 0.006 0.305 0.044 -0.025 -0.04 0.004 0.071 0.107 -0.01 -0.071 -0.096
0.003 0.011 0.007 -0.002 0 -0.003 -0.001 -0.033 0.016 -0.004 0.006 5.511 -0.013 0 -0.003 0.006 0.001 -0.001 0.002 -0.006 -0.022 0.013
0.402 0.787 0.096 -0.271 0.033 0.273 -0.099 -2.092 0.664 0.485 0.305 -0.013 3.382 -0.11 0.074 0.329 0.113 0.317 0.44 -0.012 -0.119 0.841
-0.006 0.112 0.009 0.023 0.009 0.003 -0.006 -0.168 0.041 0.025 0.044 0 -0.11 4.97 -0.005 0.082 0.027 -0.023 -0.015 -0.024 -0.081 0.109
0.018 -0.099 0.005 -0.08 -0.016 -0.03 -0.008 -0.047 0.025 -0.039 -0.025 -0.003 0.074 -0.005 3.366 -0.112 -0.057 0.029 0.027 0.006 0.011 -0.068
0.235 -0.236 0.32 -0.091 -0.021 -0.107 0.01 -0.013 0.448 -0.367 -0.04 0.006 0.329 0.082 -0.112 7.35 -0.067 0.117 0.209 -0.096 -0.419 -0.175
0.113 -0.067 0.154 -0.066 -0.01 -0.059 -0.004 -0.169 0.249 -0.163 0.004 0.001 0.113 0.027 -0.057 -0.067 6.107 0.053 0.1 -0.059 -0.244 -0.026
0.08 0.21 0.002 -0.024 0.014 0.088 -0.017 -0.401 0.108 0.147 0.071 -0.001 0.317 -0.023 0.029 0.117 0.053 1.101 0.089 0.009 0.021 0.202
0.134 0.316 0.049 0.007 0.027 0.125 -0.017 -0.515 0.199 0.172 0.107 0.002 0.44 -0.015 0.027 0.209 0.1 0.089 1.791 -0.005 -0.04 0.294
-0.017 -0.054 -0.04 -0.088 -0.016 -0.027 -0.015 -0.138 -0.019 0.009 -0.01 -0.006 -0.012 -0.024 0.006 -0.096 -0.059 0.009 -0.005 1.702 0.041 -0.02
-0.084 -0.299 -0.144 -0.328 -0.065 -0.133 -0.049 -0.355 -0.103 -0.025 -0.071 -0.022 -0.119 -0.081 0.011 -0.419 -0.244 0.021 -0.04 0.041 2.038 -0.167
0.3 -0.308 0.303 -0.052 -0.014 -0.004 0.031 0.354 0.372 -0.296 -0.096 0.013 0.841 0.109 -0.068 -0.175 -0.026 0.202 0.294 -0.02 -0.167 7.432

 Mean vectors and covariance matrices after rotation --- 2th cluster >>

 mean vector (mu'=Q*mu)>>
3.03 1.444 2.034 1.639 0.462 2.283 0.422 2.983 2.59 0.631 0.111 0.224 2.812 0.95 0.235 2.384 1.977 2.057 2.998 0.376 0.606 0.357

 covariance matrix (Sigma'=Q*Sigma*t(Q))>>

7.894 0.016 -0.069 -0.484 -0.126 -0.037 0.01 -0.153 -0.114 -0.054 -0.008 -0.009 -0.587 -0.047 -0.318 -0.153 -0.082 0.073 -0.127 0.156 -0.019 -0.362
0.016 8.439 0.085 -0.103 -0.037 -0.052 -0.018 0.141 0.045 -0.085 -0.02 -0.004 0.196 -0.076 -0.169 0.097 0.087 -0.098 0.049 -0.082 -0.065 -0.194
-0.069 0.085 3.818 -0.112 -0.022 0.066 0.03 -0.099 -0.012 0.06 0.016 0.007 0.123 0.071 -0.078 -0.102 0.026 0.172 -0.002 0.186 0.064 -0.08
-0.484 -0.103 -0.112 1.375 0.096 -0.229 -0.023 -0.536 -0.302 0.141 0.035 -0.007 -0.391 0.099 0.294 -0.453 -0.046 -0.099 -0.32 0.15 0.092 0.345
-0.126 -0.037 -0.022 0.096 2.1 -0.07 -0.01 -0.127 -0.077 0.029 0.007 -0.002 -0.084 0.018 0.073 -0.109 -0.004 -0.045 -0.081 0.023 0.017 0.085
-0.037 -0.052 0.066 -0.229 -0.07 8.243 -0.016 0.097 0.012 -0.1 -0.022 -0.007 0.037 -0.089 -0.252 0.053 0.066 -0.083 0.012 -0.042 -0.07 -0.289
0.01 -0.018 0.03 -0.023 -0.01 -0.016 8.453 0.051 0.018 -0.027 -0.007 -0.001 0.081 -0.024 -0.049 0.036 0.032 -0.034 0.02 -0.031 -0.021 -0.057
-0.153 0.141 -0.099 -0.536 -0.127 0.097 0.051 6.244 -0.101 0.034 0.014 0 -0.573 0.05 -0.286 -0.22 -0.124 0.297 -0.107 0.33 0.064 -0.319
-0.114 0.045 -0.012 -0.302 -0.077 0.012 0.018 -0.101 6.442 -0.007 0.002 -0.001 -0.196 0.003 -0.212 -0.108 -0.017 0.111 -0.053 0.157 0.015 -0.238
-0.054 -0.085 0.06 0.141 0.029 -0.1 -0.027 0.034 -0.007 5.585 -0.008 -0.003 0.213 -0.035 0.025 0.019 0.082 -0.147 -0.006 -0.094 -0.033 0.028
-0.008 -0.02 0.016 0.035 0.007 -0.022 -0.007 0.014 0.002 -0.008 5.883 -0.001 0.058 -0.009 0.006 0.01 0.021 -0.036 0.002 -0.026 -0.009 0.007
-0.009 -0.004 0.007 -0.007 -0.002 -0.007 -0.001 0 -0.001 -0.003 -0.001 6.165 0.016 -0.003 -0.013 -0.002 0.008 -0.005 -0.001 0.001 -0.002 -0.014
-0.587 0.196 0.123 -0.391 -0.084 0.037 0.081 -0.573 -0.196 0.213 0.058 0.016 4.858 0.241 -0.361 -0.587 0.184 0.488 -0.165 0.739 0.227 -0.373
-0.047 -0.076 0.071 0.099 0.018 -0.089 -0.024 0.05 0.003 -0.035 -0.009 -0.003 0.241 5.941 -0.013 0.028 0.091 -0.131 0.006 -0.082 -0.035 -0.014
-0.318 -0.169 -0.078 0.294 0.073 -0.252 -0.049 -0.286 -0.212 0.025 0.006 -0.013 -0.361 -0.013 2.432 -0.236 -0.029 -0.253 -0.233 -0.063 -0.007 0.244
-0.153 0.097 -0.102 -0.453 -0.109 0.053 0.036 -0.22 -0.108 0.019 0.01 -0.002 -0.587 0.028 -0.236 6.792 -0.122 0.215 -0.117 0.259 0.043 -0.265
-0.082 0.087 0.026 -0.046 -0.004 0.066 0.032 -0.124 -0.017 0.082 0.021 0.008 0.184 0.091 -0.029 -0.122 2.86 0.178 -0.006 0.198 0.08 -0.023
0.073 -0.098 0.172 -0.099 -0.045 -0.083 -0.034 0.297 0.111 -0.147 -0.036 -0.005 0.488 -0.131 -0.253 0.215 0.178 8.429 0.121 -0.182 -0.115 -0.291
-0.127 0.049 -0.002 -0.32 -0.081 0.012 0.02 -0.107 -0.053 -0.006 0.002 -0.001 -0.165 0.006 -0.233 -0.117 -0.006 0.121 6.258 0.173 0.018 -0.26
0.156 -0.082 0.186 0.15 0.023 -0.042 -0.031 0.33 0.157 -0.094 -0.026 0.001 0.739 -0.082 -0.063 0.259 0.198 -0.182 0.173 8.456 -0.083 -0.074
-0.019 -0.065 0.064 0.092 0.017 -0.07 -0.021 0.064 0.015 -0.033 -0.009 -0.002 0.227 -0.035 -0.007 0.043 0.08 -0.115 0.018 -0.083 6.211 -0.008
-0.362 -0.194 -0.08 0.345 0.085 -0.289 -0.057 -0.319 -0.238 0.028 0.007 -0.014 -0.373 -0.014 0.244 -0.265 -0.023 -0.291 -0.26 -0.074 -0.008 2.702

 Final eigenvalues for each cluster >> 
 (rows correspond to clusters)
9.764 9.714 9.554 7.727 7.514 7.037 7.016 6.68 6.144 5.511 4.978 4.358 4.031 3.372 3.142 2.085 2.058 1.886 1.691 1.654 1.035 1.024
8.675 8.619 8.492 8.46 8.309 8.076 6.992 6.494 6.482 6.311 6.244 6.165 5.978 5.885 5.613 4.413 3.796 2.824 2.423 2.217 2.074 1.035

 theoretical Separation index matrix >>

-1 0.34
0.34 -1

 theoretical projection directions >>

**** cluster 1 and 2
0.348 0.037 0.273 0.238 0.07 0.188 0.03 0.354 0.3 0.03 -0.017 0.021 0.427 0.086 0.147 0.186 0.209 0.166 0.393 -0.016 0.128 0.011

 empirical Separation index matrix (alpha= 0.05 )>>

-1 0.427
0.427 -1

 empirical projection directions >>

**** cluster 1 and 2
0.449 -0.027 0.274 0.086 0.053 0.207 0.2 0.392 0.215 0.035 0.016 -0.007 0.439 0.009 0.253 0.154 0.132 0.16 0.189 -0.063 0.1 0.235
