
 Log information for the data set datasetJHG2v26nv0out0_2.dat >>

 alpha = 0.05 sepVal = 0.34

 Number of clusters >> 2

 cluster sizes >>
50 50

 Number of data points >> 100

 Number of dimensions >> 26

 Number of noisy dimensions >> 0

 noisy variables >>
0

 Number of outliers >> 0

 initial eigenvalues for each cluster >> 
 (rows correspond to clusters)
1.818 4.649 1.447 6.89 6.016 4.781 2.261 8.237 3.652 6.153 4.41 6.869 3.591 1.383 2.593 2.937 8.541 2.887 1.096 8.41 3.026 3.513 9.655 4.47 8.573 4.229
7.572 6.718 4.897 5.212 6.787 7.199 3.036 5.742 5.916 4.442 8.523 3.448 3.224 5.085 7.783 9.805 8.073 2.918 7.358 4.22 2.588 9.342 9.868 6.7 1.977 3.935

 Mean vectors and covariance matrices before rotation --- 1th cluster >>

 mean vector (mu'=Q*mu)>>
-8.246 0 0 0 0 0 0 0 0 0 0 0 0 0 0 0 0 0 0 0 0 0 0 0 0 0

 covariance matrix (Sigma'=Q*Sigma*t(Q))>>

4.197 -0.137 0.614 -0.295 -0.654 -0.177 0.407 -0.386 0.028 -0.5 -0.12 -0.161 0.046 0.725 0.192 0.156 -0.498 0.168 0.847 -1.295 0.029 0.01 -0.958 -0.004 -1.05 -0.103
-0.137 4.563 -0.016 -0.08 -0.21 -0.098 -0.046 -0.089 -0.062 -0.155 -0.098 -0.044 -0.073 -0.016 -0.035 -0.048 -0.112 -0.048 -0.004 -0.294 -0.01 -0.011 -0.2 -0.003 -0.235 -0.115
0.614 -0.016 1.602 -0.056 -0.118 -0.024 0.11 -0.077 0.02 -0.092 -0.01 -0.031 0.026 0.182 0.055 0.048 -0.1 0.051 0.21 -0.259 0.009 0.005 -0.195 0 -0.211 -0.002
-0.295 -0.08 -0.056 6.827 -0.176 -0.091 -0.074 -0.067 -0.066 -0.129 -0.094 -0.035 -0.078 -0.063 -0.049 -0.06 -0.084 -0.06 -0.059 -0.221 -0.013 -0.012 -0.145 -0.003 -0.176 -0.113
-0.654 -0.21 -0.118 -0.176 5.536 -0.24 -0.173 -0.19 -0.167 -0.353 -0.246 -0.097 -0.199 -0.131 -0.117 -0.147 -0.237 -0.147 -0.115 -0.624 -0.031 -0.031 -0.415 -0.008 -0.498 -0.295
-0.177 -0.098 -0.024 -0.091 -0.24 4.668 -0.057 -0.101 -0.072 -0.177 -0.113 -0.05 -0.085 -0.024 -0.042 -0.057 -0.127 -0.057 -0.011 -0.333 -0.012 -0.013 -0.226 -0.004 -0.267 -0.134
0.407 -0.046 0.11 -0.074 -0.173 -0.057 2.325 -0.093 -0.01 -0.13 -0.046 -0.041 -0.009 0.13 0.027 0.017 -0.12 0.019 0.156 -0.311 0.003 -0.001 -0.226 -0.002 -0.252 -0.047
-0.386 -0.089 -0.077 -0.067 -0.19 -0.101 -0.093 8.167 -0.076 -0.139 -0.106 -0.037 -0.091 -0.087 -0.06 -0.072 -0.087 -0.073 -0.085 -0.229 -0.015 -0.014 -0.149 -0.004 -0.182 -0.128
0.028 -0.062 0.02 -0.066 -0.167 -0.072 -0.01 -0.076 3.614 -0.124 -0.069 -0.036 -0.044 0.025 -0.013 -0.023 -0.096 -0.022 0.039 -0.252 -0.005 -0.007 -0.175 -0.002 -0.203 -0.079
-0.5 -0.155 -0.092 -0.129 -0.353 -0.177 -0.13 -0.139 -0.124 5.894 -0.182 -0.071 -0.148 -0.102 -0.088 -0.11 -0.173 -0.11 -0.09 -0.456 -0.023 -0.023 -0.302 -0.006 -0.363 -0.218
-0.12 -0.098 -0.01 -0.094 -0.246 -0.113 -0.046 -0.106 -0.069 -0.182 4.299 -0.051 -0.081 -0.008 -0.037 -0.052 -0.133 -0.051 0.007 -0.349 -0.011 -0.012 -0.238 -0.004 -0.279 -0.131
-0.161 -0.044 -0.031 -0.035 -0.097 -0.05 -0.041 -0.037 -0.036 -0.071 -0.051 6.85 -0.043 -0.035 -0.027 -0.033 -0.046 -0.033 -0.032 -0.122 -0.007 -0.007 -0.08 -0.002 -0.097 -0.062
0.046 -0.073 0.026 -0.078 -0.199 -0.085 -0.009 -0.091 -0.044 -0.148 -0.081 -0.043 3.54 0.033 -0.014 -0.026 -0.115 -0.025 0.05 -0.301 -0.006 -0.008 -0.21 -0.003 -0.242 -0.093
0.725 -0.016 0.182 -0.063 -0.131 -0.024 0.13 -0.087 0.025 -0.102 -0.008 -0.035 0.033 1.597 0.065 0.058 -0.113 0.062 0.246 -0.293 0.011 0.006 -0.222 0 -0.239 0.002
0.192 -0.035 0.055 -0.049 -0.117 -0.042 0.027 -0.06 -0.013 -0.088 -0.037 -0.027 -0.014 0.065 2.602 0.003 -0.076 0.004 0.08 -0.199 0 -0.002 -0.143 -0.001 -0.161 -0.039
0.156 -0.048 0.048 -0.06 -0.147 -0.057 0.017 -0.072 -0.023 -0.11 -0.052 -0.033 -0.026 0.058 0.003 2.931 -0.092 -0.005 0.074 -0.239 -0.002 -0.004 -0.17 -0.002 -0.193 -0.058
-0.498 -0.112 -0.1 -0.084 -0.237 -0.127 -0.12 -0.087 -0.096 -0.173 -0.133 -0.046 -0.115 -0.113 -0.076 -0.092 8.433 -0.092 -0.11 -0.284 -0.019 -0.018 -0.184 -0.004 -0.226 -0.161
0.168 -0.048 0.051 -0.06 -0.147 -0.057 0.019 -0.073 -0.022 -0.11 -0.051 -0.033 -0.025 0.062 0.004 -0.005 -0.092 2.884 0.078 -0.241 -0.001 -0.004 -0.171 -0.002 -0.194 -0.057
0.847 -0.004 0.21 -0.059 -0.115 -0.011 0.156 -0.085 0.039 -0.09 0.007 -0.032 0.05 0.246 0.08 0.074 -0.11 0.078 1.376 -0.285 0.014 0.008 -0.22 0 -0.233 0.021
-1.295 -0.294 -0.259 -0.221 -0.624 -0.333 -0.311 -0.229 -0.252 -0.456 -0.349 -0.122 -0.301 -0.293 -0.199 -0.239 -0.284 -0.241 -0.285 7.659 -0.05 -0.047 -0.486 -0.012 -0.597 -0.423
0.029 -0.01 0.009 -0.013 -0.031 -0.012 0.003 -0.015 -0.005 -0.023 -0.011 -0.007 -0.006 0.011 0 -0.002 -0.019 -0.001 0.014 -0.05 3.026 -0.001 -0.035 0 -0.04 -0.013
0.01 -0.011 0.005 -0.012 -0.031 -0.013 -0.001 -0.014 -0.007 -0.023 -0.012 -0.007 -0.008 0.006 -0.002 -0.004 -0.018 -0.004 0.008 -0.047 -0.001 3.511 -0.033 0 -0.038 -0.014
-0.958 -0.2 -0.195 -0.145 -0.415 -0.226 -0.226 -0.149 -0.175 -0.302 -0.238 -0.08 -0.21 -0.222 -0.143 -0.17 -0.184 -0.171 -0.22 -0.486 -0.035 -0.033 9.344 -0.008 -0.386 -0.29
-0.004 -0.003 0 -0.003 -0.008 -0.004 -0.002 -0.004 -0.002 -0.006 -0.004 -0.002 -0.003 0 -0.001 -0.002 -0.004 -0.002 0 -0.012 0 0 -0.008 4.47 -0.009 -0.004
-1.05 -0.235 -0.211 -0.176 -0.498 -0.267 -0.252 -0.182 -0.203 -0.363 -0.279 -0.097 -0.242 -0.239 -0.161 -0.193 -0.226 -0.194 -0.233 -0.597 -0.04 -0.038 -0.386 -0.009 8.098 -0.339
-0.103 -0.115 -0.002 -0.113 -0.295 -0.134 -0.047 -0.128 -0.079 -0.218 -0.131 -0.062 -0.093 0.002 -0.039 -0.058 -0.161 -0.057 0.021 -0.423 -0.013 -0.014 -0.29 -0.004 -0.339 4.075

 Mean vectors and covariance matrices before rotation --- 2th cluster >>

 mean vector (mu'=Q*mu)>>
8.246 0 0 0 0 0 0 0 0 0 0 0 0 0 0 0 0 0 0 0 0 0 0 0 0 0

 covariance matrix (Sigma'=Q*Sigma*t(Q))>>

5.622 -0.196 0.133 0.005 -0.349 -0.011 0.907 0.026 -0.014 0.363 -0.023 0.68 0.77 0.188 -0.222 -1.028 -0.119 0.359 -0.363 0.098 0.396 -0.793 -0.11 -0.091 0.433 0.198
-0.196 6.718 0.05 0.002 -0.005 -0.001 0.237 0.042 0.041 0.116 -0.003 0.184 0.204 0.079 -0.025 -0.161 -0.015 0.093 -0.031 0.03 0.1 -0.12 -0.017 0 0.106 0.057
0.133 0.05 4.958 0.003 0.08 0.001 0.214 0.073 0.081 0.127 0 0.174 0.188 0.102 0.011 -0.04 0.003 0.083 0.035 0.031 0.087 -0.022 -0.004 0.024 0.089 0.057
0.005 0.002 0.003 5.212 0.004 0 0.011 0.003 0.004 0.006 0 0.009 0.009 0.005 0 -0.003 0 0.004 0.001 0.002 0.004 -0.002 0 0.001 0.005 0.003
-0.349 -0.005 0.08 0.004 6.769 -0.002 0.384 0.065 0.062 0.186 -0.005 0.298 0.331 0.126 -0.043 -0.273 -0.026 0.151 -0.057 0.048 0.163 -0.203 -0.029 -0.002 0.172 0.092
-0.011 -0.001 0.001 0 -0.002 7.199 0.008 0.001 0.001 0.003 0 0.006 0.007 0.002 -0.001 -0.007 -0.001 0.003 -0.002 0.001 0.003 -0.005 -0.001 0 0.004 0.002
0.907 0.237 0.214 0.011 0.384 0.008 3.701 0.282 0.321 0.428 0.005 0.551 0.59 0.363 0.085 0.043 0.035 0.257 0.208 0.104 0.266 0.068 0.004 0.114 0.264 0.187
0.026 0.042 0.073 0.003 0.065 0.001 0.282 5.821 0.085 0.157 -0.001 0.226 0.246 0.119 -0.002 -0.104 -0.004 0.11 0.015 0.039 0.116 -0.071 -0.011 0.02 0.12 0.073
-0.014 0.041 0.081 0.004 0.062 0.001 0.321 0.085 6.006 0.175 -0.002 0.255 0.279 0.132 -0.007 -0.133 -0.007 0.125 0.009 0.044 0.133 -0.093 -0.014 0.02 0.138 0.082
0.363 0.116 0.127 0.006 0.186 0.003 0.428 0.157 0.175 4.702 0.001 0.35 0.377 0.212 0.031 -0.047 0.011 0.166 0.089 0.064 0.173 -0.018 -0.005 0.056 0.175 0.116
-0.023 -0.003 0 0 -0.005 0 0.005 -0.001 -0.002 0.001 8.523 0.003 0.004 0 -0.003 -0.01 -0.001 0.002 -0.005 0 0.002 -0.008 -0.001 -0.002 0.003 0.001
0.68 0.184 0.174 0.009 0.298 0.006 0.551 0.226 0.255 0.35 0.003 3.903 0.488 0.294 0.063 0.012 0.025 0.213 0.157 0.085 0.221 0.036 0.001 0.089 0.22 0.154
0.77 0.204 0.188 0.009 0.331 0.007 0.59 0.246 0.279 0.377 0.004 0.488 3.746 0.318 0.072 0.027 0.03 0.228 0.177 0.091 0.236 0.051 0.002 0.098 0.235 0.165
0.188 0.079 0.102 0.005 0.126 0.002 0.363 0.119 0.132 0.212 0 0.294 0.318 5.253 0.014 -0.081 0.003 0.141 0.051 0.052 0.148 -0.048 -0.009 0.038 0.151 0.097
-0.222 -0.025 0.011 0 -0.043 -0.001 0.085 -0.002 -0.007 0.031 -0.003 0.063 0.072 0.014 7.759 -0.11 -0.013 0.034 -0.042 0.009 0.037 -0.085 -0.012 -0.012 0.041 0.018
-1.028 -0.161 -0.04 -0.003 -0.273 -0.007 0.043 -0.104 -0.133 -0.047 -0.01 0.012 0.027 -0.081 -0.11 9.437 -0.055 0.02 -0.207 -0.008 0.029 -0.298 -0.039 -0.077 0.042 -0.007
-0.119 -0.015 0.003 0 -0.026 -0.001 0.035 -0.004 -0.007 0.011 -0.001 0.025 0.03 0.003 -0.013 -0.055 8.066 0.014 -0.023 0.003 0.016 -0.043 -0.006 -0.007 0.018 0.007
0.359 0.093 0.083 0.004 0.151 0.003 0.257 0.11 0.125 0.166 0.002 0.213 0.228 0.141 0.034 0.02 0.014 3.018 0.082 0.04 0.103 0.029 0.002 0.045 0.102 0.072
-0.363 -0.031 0.035 0.001 -0.057 -0.002 0.208 0.015 0.009 0.089 -0.005 0.157 0.177 0.051 -0.042 -0.207 -0.023 0.082 7.292 0.024 0.09 -0.158 -0.022 -0.015 0.097 0.047
0.098 0.03 0.031 0.002 0.048 0.001 0.104 0.039 0.044 0.064 0 0.085 0.091 0.052 0.009 -0.008 0.003 0.04 0.024 4.236 0.042 -0.002 -0.001 0.014 0.042 0.028
0.396 0.1 0.087 0.004 0.163 0.003 0.266 0.116 0.133 0.173 0.002 0.221 0.236 0.148 0.037 0.029 0.016 0.103 0.09 0.042 2.694 0.036 0.003 0.048 0.105 0.075
-0.793 -0.12 -0.022 -0.002 -0.203 -0.005 0.068 -0.071 -0.093 -0.018 -0.008 0.036 0.051 -0.048 -0.085 -0.298 -0.043 0.029 -0.158 -0.002 0.036 9.103 -0.032 -0.057 0.047 0.003
-0.11 -0.017 -0.004 0 -0.029 -0.001 0.004 -0.011 -0.014 -0.005 -0.001 0.001 0.002 -0.009 -0.012 -0.039 -0.006 0.002 -0.022 -0.001 0.003 -0.032 9.864 -0.008 0.004 -0.001
-0.091 0 0.024 0.001 -0.002 0 0.114 0.02 0.02 0.056 -0.002 0.089 0.098 0.038 -0.012 -0.077 -0.007 0.045 -0.015 0.014 0.048 -0.057 -0.008 6.7 0.051 0.028
0.433 0.106 0.089 0.005 0.172 0.004 0.264 0.12 0.138 0.175 0.003 0.22 0.235 0.151 0.041 0.042 0.018 0.102 0.097 0.042 0.105 0.047 0.004 0.051 2.08 0.076
0.198 0.057 0.057 0.003 0.092 0.002 0.187 0.073 0.082 0.116 0.001 0.154 0.165 0.097 0.018 -0.007 0.007 0.072 0.047 0.028 0.075 0.003 -0.001 0.028 0.076 3.986

 Final eigenvalues for each cluster >> 
 (rows correspond to clusters)
9.655 8.573 8.541 8.41 8.237 6.89 6.869 6.153 6.016 4.781 4.649 4.47 4.41 4.229 3.652 3.591 3.513 3.026 2.937 2.887 2.593 2.261 1.818 1.447 1.383 1.096
9.868 9.805 9.342 8.523 8.073 7.783 7.572 7.358 7.199 6.787 6.718 6.7 5.916 5.742 5.212 5.085 4.897 4.442 4.22 3.935 3.448 3.224 3.036 2.918 2.588 1.977

 *************************************************

 ********************* rotation ******************

 *************************************************


 The orthogonal matrix Q >>
0.279 0.275 0.097 0.097 0.334 0.086 0.01 0.009 0.192 0.235 0.238 0.14 0.08 0.192 0.274 0.066 0.168 0.118 0.011 0.34 0.175 0.228 0.339 0.086 0.201 0.126
0.275 -0.941 0.021 0.021 0.072 0.019 0.002 0.002 0.041 0.05 0.051 0.03 0.017 0.041 0.059 0.014 0.036 0.025 0.002 0.073 0.038 0.049 0.073 0.018 0.043 0.027
0.097 0.021 -0.993 0.007 0.025 0.007 0.001 0.001 0.015 0.018 0.018 0.011 0.006 0.015 0.021 0.005 0.013 0.009 0.001 0.026 0.013 0.017 0.026 0.007 0.015 0.01
0.097 0.021 0.007 -0.993 0.025 0.007 0.001 0.001 0.015 0.018 0.018 0.011 0.006 0.015 0.021 0.005 0.013 0.009 0.001 0.026 0.013 0.017 0.026 0.006 0.015 0.01
0.334 0.072 0.025 0.025 -0.913 0.023 0.003 0.002 0.05 0.061 0.062 0.037 0.021 0.05 0.072 0.017 0.044 0.031 0.003 0.089 0.046 0.06 0.088 0.022 0.052 0.033
0.086 0.019 0.007 0.007 0.023 -0.994 0.001 0.001 0.013 0.016 0.016 0.009 0.005 0.013 0.019 0.004 0.011 0.008 0.001 0.023 0.012 0.015 0.023 0.006 0.014 0.009
0.01 0.002 0.001 0.001 0.003 0.001 -1 0 0.002 0.002 0.002 0.001 0.001 0.002 0.002 0.001 0.001 0.001 0 0.003 0.001 0.002 0.003 0.001 0.002 0.001
0.009 0.002 0.001 0.001 0.002 0.001 0 -1 0.001 0.002 0.002 0.001 0.001 0.001 0.002 0 0.001 0.001 0 0.002 0.001 0.002 0.002 0.001 0.001 0.001
0.192 0.041 0.015 0.015 0.05 0.013 0.002 0.001 -0.971 0.035 0.036 0.021 0.012 0.029 0.041 0.01 0.025 0.018 0.002 0.051 0.026 0.034 0.051 0.013 0.03 0.019
0.235 0.05 0.018 0.018 0.061 0.016 0.002 0.002 0.035 -0.957 0.044 0.026 0.015 0.035 0.05 0.012 0.031 0.022 0.002 0.062 0.032 0.042 0.062 0.016 0.037 0.023
0.238 0.051 0.018 0.018 0.062 0.016 0.002 0.002 0.036 0.044 -0.956 0.026 0.015 0.036 0.051 0.012 0.031 0.022 0.002 0.063 0.033 0.042 0.063 0.016 0.037 0.023
0.14 0.03 0.011 0.011 0.037 0.009 0.001 0.001 0.021 0.026 0.026 -0.985 0.009 0.021 0.03 0.007 0.018 0.013 0.001 0.037 0.019 0.025 0.037 0.009 0.022 0.014
0.08 0.017 0.006 0.006 0.021 0.005 0.001 0.001 0.012 0.015 0.015 0.009 -0.995 0.012 0.017 0.004 0.01 0.007 0.001 0.021 0.011 0.014 0.021 0.005 0.013 0.008
0.192 0.041 0.015 0.015 0.05 0.013 0.002 0.001 0.029 0.035 0.036 0.021 0.012 -0.971 0.041 0.01 0.025 0.018 0.002 0.051 0.026 0.034 0.051 0.013 0.03 0.019
0.274 0.059 0.021 0.021 0.072 0.019 0.002 0.002 0.041 0.05 0.051 0.03 0.017 0.041 -0.941 0.014 0.036 0.025 0.002 0.073 0.038 0.049 0.073 0.018 0.043 0.027
0.066 0.014 0.005 0.005 0.017 0.004 0.001 0 0.01 0.012 0.012 0.007 0.004 0.01 0.014 -0.997 0.009 0.006 0.001 0.018 0.009 0.012 0.018 0.004 0.01 0.007
0.168 0.036 0.013 0.013 0.044 0.011 0.001 0.001 0.025 0.031 0.031 0.018 0.01 0.025 0.036 0.009 -0.978 0.015 0.001 0.045 0.023 0.03 0.044 0.011 0.026 0.017
0.118 0.025 0.009 0.009 0.031 0.008 0.001 0.001 0.018 0.022 0.022 0.013 0.007 0.018 0.025 0.006 0.015 -0.989 0.001 0.031 0.016 0.021 0.031 0.008 0.018 0.012
0.011 0.002 0.001 0.001 0.003 0.001 0 0 0.002 0.002 0.002 0.001 0.001 0.002 0.002 0.001 0.001 0.001 -1 0.003 0.001 0.002 0.003 0.001 0.002 0.001
0.34 0.073 0.026 0.026 0.089 0.023 0.003 0.002 0.051 0.062 0.063 0.037 0.021 0.051 0.073 0.018 0.045 0.031 0.003 -0.91 0.047 0.061 0.09 0.023 0.053 0.033
0.175 0.038 0.013 0.013 0.046 0.012 0.001 0.001 0.026 0.032 0.033 0.019 0.011 0.026 0.038 0.009 0.023 0.016 0.001 0.047 -0.976 0.031 0.046 0.012 0.028 0.017
0.228 0.049 0.017 0.017 0.06 0.015 0.002 0.002 0.034 0.042 0.042 0.025 0.014 0.034 0.049 0.012 0.03 0.021 0.002 0.061 0.031 -0.959 0.06 0.015 0.036 0.022
0.339 0.073 0.026 0.026 0.088 0.023 0.003 0.002 0.051 0.062 0.063 0.037 0.021 0.051 0.073 0.018 0.044 0.031 0.003 0.09 0.046 0.06 -0.91 0.023 0.053 0.033
0.086 0.018 0.007 0.006 0.022 0.006 0.001 0.001 0.013 0.016 0.016 0.009 0.005 0.013 0.018 0.004 0.011 0.008 0.001 0.023 0.012 0.015 0.023 -0.994 0.013 0.008
0.201 0.043 0.015 0.015 0.052 0.014 0.002 0.001 0.03 0.037 0.037 0.022 0.013 0.03 0.043 0.01 0.026 0.018 0.002 0.053 0.028 0.036 0.053 0.013 -0.968 0.02
0.126 0.027 0.01 0.01 0.033 0.009 0.001 0.001 0.019 0.023 0.023 0.014 0.008 0.019 0.027 0.007 0.017 0.012 0.001 0.033 0.017 0.022 0.033 0.008 0.02 -0.988

 Mean vectors and covariance matrices after rotation --- 1th cluster >>

 mean vector (mu'=Q*mu)>>
-1.656 -0.656 -0.086 -1.88 -2.265 -1.959 -1.58 -2.801 -2.792 -1.58 -0.713 -1.447 -0.546 -0.801 -0.078 -0.969 -0.705 -1.037 -1.385 -1.153 -1.937 -0.088 -0.8 -2.261 -2.754 -2.297

 covariance matrix (Sigma'=Q*Sigma*t(Q))>>

8.509 -0.115 -0.268 0.17 0.058 0.005 0.012 -0.071 -0.069 -0.117 -0.088 0.131 -0.112 -0.185 -0.034 -0.065 0.056 -0.121 -0.024 0.019 -0.028 -0.361 -0.019 0.118 -0.033 0.125
-0.115 3.576 -0.018 0.034 -0.006 -0.011 0.006 -0.154 -0.145 0.047 -0.03 0.03 -0.006 0.019 -0.034 0.005 0.008 -0.029 -0.065 -0.022 -0.057 -0.003 -0.033 0.047 -0.074 0.282
-0.268 -0.018 2.322 -0.033 -0.083 -0.076 -0.035 -0.348 -0.274 0.1 -0.064 -0.021 0.009 0.093 -0.087 0.004 -0.014 -0.06 -0.141 -0.061 -0.157 0.147 -0.084 -0.01 -0.211 0.226
0.17 0.034 -0.033 3.453 -0.033 0.004 -0.01 0.113 -0.11 -0.103 0.078 -0.033 0.003 -0.091 0.143 -0.009 -0.036 0.072 -0.005 -0.055 0.055 -0.151 0.041 -0.039 0.067 -0.305
0.058 -0.006 -0.083 -0.033 4.595 -0.028 -0.025 -0.03 -0.222 -0.107 0.03 -0.012 -0.026 -0.112 0.102 -0.029 -0.028 0.015 -0.061 -0.073 -0.012 -0.194 0.004 -0.023 -0.022 -0.248
0.005 -0.011 -0.076 0.004 -0.028 4.396 -0.008 -0.068 -0.205 -0.057 0.011 0.015 -0.023 -0.077 0.061 -0.017 -0.012 0.001 -0.063 -0.055 -0.021 -0.155 -0.006 0.017 -0.032 -0.018
0.012 0.006 -0.035 -0.01 -0.025 -0.008 3.649 -0.05 -0.173 -0.028 0.022 0.003 -0.005 -0.042 0.058 -0.003 -0.015 0.018 -0.052 -0.049 -0.012 -0.093 -0.002 0.01 -0.019 0.018
-0.071 -0.154 -0.348 0.113 -0.03 -0.068 -0.05 8.264 -0.236 -0.249 -0.103 0.092 -0.158 -0.297 0.015 -0.122 0.028 -0.159 -0.084 -0.043 -0.086 -0.511 -0.038 0.041 -0.118 -0.384
-0.069 -0.145 -0.274 -0.11 -0.222 -0.205 -0.173 -0.236 9.242 -0.376 -0.087 -0.076 -0.158 -0.334 0.085 -0.175 -0.058 -0.157 -0.158 -0.146 -0.177 -0.456 -0.063 -0.188 -0.257 -1.377
-0.117 0.047 0.1 -0.103 -0.107 -0.057 -0.028 -0.249 -0.376 1.455 0.03 -0.062 0.046 0.076 0.042 0.026 -0.053 0.041 -0.147 -0.112 -0.098 0.109 -0.045 -0.039 -0.137 0.124
-0.088 -0.03 -0.064 0.078 0.03 0.011 0.022 -0.103 -0.087 0.03 4.745 0.063 -0.022 -0.012 -0.037 0 0.025 -0.038 -0.038 0.001 -0.031 -0.067 -0.022 0.08 -0.037 0.339
0.131 0.03 -0.021 -0.033 -0.012 0.015 0.003 0.092 -0.076 -0.062 0.063 3.011 0.007 -0.059 0.106 0.001 -0.023 0.061 0 -0.036 0.05 -0.108 0.034 -0.013 0.063 -0.141
-0.112 -0.006 0.009 0.003 -0.026 -0.023 -0.005 -0.158 -0.158 0.046 -0.022 0.007 2.939 0.03 -0.025 0.006 -0.003 -0.02 -0.071 -0.033 -0.063 0.029 -0.035 0.02 -0.084 0.195
-0.185 0.019 0.093 -0.091 -0.112 -0.077 -0.042 -0.297 -0.334 0.076 -0.012 -0.059 0.03 1.531 -0.013 0.012 -0.042 -0.004 -0.147 -0.095 -0.132 0.138 -0.064 -0.047 -0.181 0.081
-0.034 -0.034 -0.087 0.143 0.102 0.061 0.058 0.015 0.085 0.042 -0.037 0.106 -0.025 -0.013 8.18 0.009 0.055 -0.037 0.031 0.059 0.029 -0.084 0.003 0.13 0.047 0.494
-0.065 0.005 0.004 -0.009 -0.029 -0.017 -0.003 -0.122 -0.175 0.026 0 0.001 0.006 0.012 0.009 2.894 -0.011 0.001 -0.068 -0.043 -0.044 -0.003 -0.022 0.014 -0.061 0.144
0.056 0.008 -0.014 -0.036 -0.028 -0.012 -0.015 0.028 -0.058 -0.053 0.025 -0.023 -0.003 -0.042 0.055 -0.011 4.452 0.02 -0.01 -0.028 0.009 -0.06 0.011 -0.032 0.008 -0.201
-0.121 -0.029 -0.06 0.072 0.015 0.001 0.018 -0.159 -0.157 0.041 -0.038 0.061 -0.02 -0.004 -0.037 0.001 0.02 4.188 -0.067 -0.016 -0.053 -0.061 -0.033 0.082 -0.068 0.387
-0.024 -0.065 -0.141 -0.005 -0.061 -0.063 -0.052 -0.084 -0.158 -0.147 -0.038 0 -0.071 -0.147 0.031 -0.068 -0.01 -0.067 8.484 -0.048 -0.058 -0.225 -0.021 -0.037 -0.084 -0.419
0.019 -0.022 -0.061 -0.055 -0.073 -0.055 -0.049 -0.043 -0.146 -0.112 0.001 -0.036 -0.033 -0.095 0.059 -0.043 -0.028 -0.016 -0.048 6.813 -0.036 -0.13 -0.008 -0.065 -0.055 -0.426
-0.028 -0.057 -0.157 0.055 -0.012 -0.021 -0.012 -0.086 -0.177 -0.098 -0.031 0.05 -0.063 -0.132 0.029 -0.044 0.009 -0.053 -0.058 -0.036 6.117 -0.248 -0.016 0.04 -0.05 -0.051
-0.361 -0.003 0.147 -0.151 -0.194 -0.155 -0.093 -0.511 -0.456 0.109 -0.067 -0.108 0.029 0.138 -0.084 -0.003 -0.06 -0.061 -0.225 -0.13 -0.248 1.361 -0.123 -0.11 -0.34 -0.046
-0.019 -0.033 -0.084 0.041 0.004 -0.006 -0.002 -0.038 -0.063 -0.045 -0.022 0.034 -0.035 -0.064 0.003 -0.022 0.011 -0.033 -0.021 -0.008 -0.016 -0.123 6.882 0.029 -0.021 0.006
0.118 0.047 -0.01 -0.039 -0.023 0.017 0.01 0.041 -0.188 -0.039 0.08 -0.013 0.02 -0.047 0.13 0.014 -0.032 0.082 -0.037 -0.065 0.04 -0.11 0.029 2.596 0.048 -0.006
-0.033 -0.074 -0.211 0.067 -0.022 -0.032 -0.019 -0.118 -0.257 -0.137 -0.037 0.063 -0.084 -0.181 0.047 -0.061 0.008 -0.068 -0.084 -0.055 -0.05 -0.34 -0.021 0.048 5.946 -0.092
0.125 0.282 0.226 -0.305 -0.248 -0.018 0.018 -0.384 -1.377 0.124 0.339 -0.141 0.195 0.081 0.494 0.144 -0.201 0.387 -0.419 -0.426 -0.051 -0.046 0.006 -0.006 -0.092 2.488

 Mean vectors and covariance matrices after rotation --- 2th cluster >>

 mean vector (mu'=Q*mu)>>
1.656 0.656 0.086 1.88 2.265 1.959 1.58 2.801 2.792 1.58 0.713 1.447 0.546 0.801 0.078 0.969 0.705 1.037 1.385 1.153 1.937 0.088 0.8 2.261 2.754 2.297

 covariance matrix (Sigma'=Q*Sigma*t(Q))>>

2.058 -0.001 -0.044 0.115 0.088 -0.094 0.099 0.089 -0.185 0.08 -0.014 0.06 0.259 0.042 0.08 0.032 0.048 0.039 -0.016 0.031 0.08 0.163 0.011 0.002 0.164 0.468
-0.001 3.562 0.456 -0.181 -0.114 -0.303 0.047 -0.275 -0.456 0.073 -0.098 0.019 0.038 0.06 0.22 0.067 0 0.008 -0.174 0.254 0.074 0.191 -0.098 -0.254 -0.051 -0.664
-0.044 0.456 3.669 -0.277 -0.184 -0.364 0.026 -0.413 -0.523 0.066 -0.125 -0.005 -0.046 0.063 0.266 0.074 -0.017 -0.007 -0.223 0.327 0.064 0.195 -0.137 -0.336 -0.127 -1.046
0.115 -0.181 -0.277 9.287 -0.012 -0.006 -0.047 0.21 -0.088 -0.039 0.016 0.067 -0.02 -0.029 -0.112 0.004 -0.02 0.02 -0.003 -0.113 -0.015 -0.079 0.051 -0.001 -0.057 -0.156
0.088 -0.114 -0.184 -0.012 6.711 -0.12 0 0.115 -0.254 -0.005 -0.019 0.049 0.14 -0.007 -0.013 0.005 0.003 0.015 -0.05 -0.065 0.002 0.059 0.017 -0.061 0.004 -0.067
-0.094 -0.303 -0.364 -0.006 -0.12 8.326 -0.114 -0.063 -0.342 -0.15 -0.05 -0.112 0.224 -0.088 -0.052 -0.122 -0.034 -0.086 -0.1 -0.269 -0.193 0.069 -0.026 -0.144 -0.132 -0.427
0.099 0.047 0.026 -0.047 0 -0.114 5.953 0.059 -0.224 0.048 -0.023 0.075 0.069 0.028 0.046 0.048 0.01 0.036 -0.053 0.063 0.065 0.07 0.002 -0.067 0.025 -0.09
0.089 -0.275 -0.413 0.21 0.115 -0.063 0.059 4.457 -0.178 0.013 0.008 0.039 0.387 -0.006 -0.025 -0.029 0.046 0.019 0.017 -0.176 0.002 0.139 0.053 0.058 0.174 0.694
-0.185 -0.456 -0.523 -0.088 -0.254 -0.342 -0.224 -0.178 9.291 -0.272 -0.095 -0.205 0.277 -0.155 -0.087 -0.205 -0.077 -0.157 -0.189 -0.423 -0.342 0.081 -0.063 -0.284 -0.295 -1.013
0.08 0.073 0.066 -0.039 -0.005 -0.15 0.048 0.013 -0.272 5.139 -0.035 0.062 0.11 0.034 0.079 0.045 0.015 0.031 -0.07 0.079 0.064 0.111 -0.013 -0.09 0.036 -0.091
-0.014 -0.098 -0.125 0.016 -0.019 -0.05 -0.023 0.008 -0.095 -0.035 7.188 -0.023 0.084 -0.022 -0.017 -0.031 -0.005 -0.019 -0.021 -0.081 -0.046 0.026 -0.001 -0.028 -0.018 -0.044
0.06 0.019 -0.005 0.067 0.049 -0.112 0.075 0.039 -0.205 0.062 -0.023 2.632 0.21 0.034 0.08 0.027 0.035 0.027 -0.035 0.038 0.061 0.146 -0.002 -0.031 0.113 0.263
0.259 0.038 -0.046 -0.02 0.14 0.224 0.069 0.387 0.277 0.11 0.084 0.21 9.582 0.053 -0.107 0.128 0.018 0.121 0.122 0.105 0.184 -0.173 0.108 0.184 0.098 0.412
0.042 0.06 0.063 -0.029 -0.007 -0.088 0.028 -0.006 -0.155 0.034 -0.022 0.034 0.053 4.918 0.052 0.029 0.008 0.017 -0.043 0.058 0.04 0.065 -0.011 -0.057 0.017 -0.075
0.08 0.22 0.266 -0.112 -0.013 -0.052 0.046 -0.025 -0.087 0.079 -0.017 0.08 -0.107 0.052 5.817 0.084 0.004 0.047 -0.038 0.189 0.106 0.016 -0.015 -0.058 -0.001 -0.223
0.032 0.067 0.074 0.004 0.005 -0.122 0.048 -0.029 -0.205 0.045 -0.031 0.027 0.128 0.029 0.084 2.943 0.019 0.015 -0.053 0.063 0.044 0.117 -0.02 -0.067 0.051 0.018
0.048 0 -0.017 -0.02 0.003 -0.034 0.01 0.046 -0.077 0.015 -0.005 0.035 0.018 0.008 0.004 0.019 6.702 0.016 -0.015 0.013 0.024 0.014 0.007 -0.018 0.007 -0.031
0.039 0.008 -0.007 0.02 0.015 -0.086 0.036 0.019 -0.157 0.031 -0.019 0.027 0.121 0.017 0.047 0.015 0.016 3.949 -0.033 0.019 0.031 0.087 -0.004 -0.037 0.05 0.076
-0.016 -0.174 -0.223 -0.003 -0.05 -0.1 -0.053 0.017 -0.189 -0.07 -0.021 -0.035 0.122 -0.043 -0.038 -0.053 -0.015 -0.033 8.026 -0.143 -0.085 0.031 -0.002 -0.066 -0.057 -0.185
0.031 0.254 0.327 -0.113 -0.065 -0.269 0.063 -0.176 -0.423 0.079 -0.081 0.038 0.105 0.058 0.189 0.063 0.013 0.019 -0.143 3.65 0.081 0.194 -0.071 -0.201 0.004 -0.401
0.08 0.074 0.064 -0.015 0.002 -0.193 0.065 0.002 -0.342 0.064 -0.046 0.061 0.184 0.04 0.106 0.044 0.024 0.031 -0.085 0.081 4.511 0.162 -0.019 -0.108 0.063 -0.032
0.163 0.191 0.195 -0.079 0.059 0.069 0.07 0.139 0.081 0.111 0.026 0.146 -0.173 0.065 0.016 0.117 0.014 0.087 0.031 0.194 0.162 7.299 0.034 0.047 0.054 0.064
0.011 -0.098 -0.137 0.051 0.017 -0.026 0.002 0.053 -0.063 -0.013 -0.001 -0.002 0.108 -0.011 -0.015 -0.02 0.007 -0.004 -0.002 -0.071 -0.019 0.034 5.224 0.005 0.028 0.131
0.002 -0.254 -0.336 -0.001 -0.061 -0.144 -0.067 0.058 -0.284 -0.09 -0.028 -0.031 0.184 -0.057 -0.058 -0.067 -0.018 -0.037 -0.066 -0.201 -0.108 0.047 0.005 7.694 -0.069 -0.227
0.164 -0.051 -0.127 -0.057 0.004 -0.132 0.025 0.174 -0.295 0.036 -0.018 0.113 0.098 0.017 -0.001 0.051 0.007 0.05 -0.057 0.004 0.063 0.054 0.028 -0.069 6.803 -0.108
0.468 -0.664 -1.046 -0.156 -0.067 -0.427 -0.09 0.694 -1.013 -0.091 -0.044 0.263 0.412 -0.075 -0.223 0.018 -0.031 0.076 -0.185 -0.401 -0.032 0.064 0.131 -0.227 -0.108 6.974

 Final eigenvalues for each cluster >> 
 (rows correspond to clusters)
9.655 8.573 8.541 8.41 8.237 6.89 6.869 6.153 6.016 4.781 4.649 4.47 4.41 4.229 3.652 3.591 3.513 3.026 2.937 2.887 2.593 2.261 1.818 1.447 1.383 1.096
9.868 9.805 9.342 8.523 8.073 7.783 7.572 7.358 7.199 6.787 6.718 6.7 5.916 5.742 5.212 5.085 4.897 4.442 4.22 3.935 3.448 3.224 3.036 2.918 2.588 1.977

 theoretical Separation index matrix >>

-1 0.34
0.34 -1

 theoretical projection directions >>

**** cluster 1 and 2
0.124 0.148 0.183 0.177 0.241 0.223 0.18 0.237 0.288 0.307 0.062 0.233 -0.005 0.193 -0.027 0.176 0.078 0.112 0.131 0.169 0.201 0.053 0.07 0.273 0.244 0.388

 empirical Separation index matrix (alpha= 0.05 )>>

-1 0.452
0.452 -1

 empirical projection directions >>

**** cluster 1 and 2
0.132 0.104 0.225 0.221 0.296 0.29 0.158 0.16 0.323 0.082 0.131 0.173 -0.056 0.16 -0.075 0.2 0.082 0.158 0.336 0.196 0.03 0.065 0.065 0.302 0.132 0.341
